[2023-08-28T13:50:43.858+0000] {processor.py:157} INFO - Started process (PID=129) to work on /home/airflow/.local/lib/python3.8/site-packages/airflow/example_dags/example_branch_python_dop_operator_3.py
[2023-08-28T13:50:43.919+0000] {processor.py:829} INFO - Processing file /home/airflow/.local/lib/python3.8/site-packages/airflow/example_dags/example_branch_python_dop_operator_3.py for tasks to queue
[2023-08-28T13:50:44.002+0000] {logging_mixin.py:151} INFO - [2023-08-28T13:50:44.001+0000] {dagbag.py:539} INFO - Filling up the DagBag from /home/airflow/.local/lib/python3.8/site-packages/airflow/example_dags/example_branch_python_dop_operator_3.py
[2023-08-28T13:50:44.267+0000] {processor.py:839} INFO - DAG(s) dict_keys(['example_branch_dop_operator_v3']) retrieved from /home/airflow/.local/lib/python3.8/site-packages/airflow/example_dags/example_branch_python_dop_operator_3.py
[2023-08-28T13:50:50.953+0000] {logging_mixin.py:151} INFO - [2023-08-28T13:50:50.722+0000] {manager.py:501} INFO - Created Permission View: can read on DAG:example_branch_dop_operator_v3
[2023-08-28T13:50:55.318+0000] {logging_mixin.py:151} INFO - [2023-08-28T13:50:55.301+0000] {manager.py:501} INFO - Created Permission View: can edit on DAG:example_branch_dop_operator_v3
[2023-08-28T13:50:55.640+0000] {logging_mixin.py:151} INFO - [2023-08-28T13:50:55.639+0000] {manager.py:501} INFO - Created Permission View: can delete on DAG:example_branch_dop_operator_v3
[2023-08-28T13:50:56.697+0000] {logging_mixin.py:151} INFO - [2023-08-28T13:50:56.696+0000] {dag.py:2907} INFO - Sync 1 DAGs
[2023-08-28T13:50:57.220+0000] {logging_mixin.py:151} INFO - [2023-08-28T13:50:57.219+0000] {dag.py:2929} INFO - Creating ORM DAG for example_branch_dop_operator_v3
[2023-08-28T13:50:58.421+0000] {logging_mixin.py:151} INFO - [2023-08-28T13:50:58.415+0000] {dag.py:3677} INFO - Setting next_dagrun for example_branch_dop_operator_v3 to 2023-08-28T13:49:00+00:00, run_after=2023-08-28T13:50:00+00:00
[2023-08-28T13:50:58.845+0000] {processor.py:179} INFO - Processing /home/airflow/.local/lib/python3.8/site-packages/airflow/example_dags/example_branch_python_dop_operator_3.py took 15.251 seconds
[2023-08-28T13:55:33.100+0000] {processor.py:157} INFO - Started process (PID=231) to work on /home/airflow/.local/lib/python3.8/site-packages/airflow/example_dags/example_branch_python_dop_operator_3.py
[2023-08-28T13:55:33.130+0000] {processor.py:829} INFO - Processing file /home/airflow/.local/lib/python3.8/site-packages/airflow/example_dags/example_branch_python_dop_operator_3.py for tasks to queue
[2023-08-28T13:55:33.256+0000] {logging_mixin.py:151} INFO - [2023-08-28T13:55:33.215+0000] {dagbag.py:539} INFO - Filling up the DagBag from /home/airflow/.local/lib/python3.8/site-packages/airflow/example_dags/example_branch_python_dop_operator_3.py
[2023-08-28T13:55:33.388+0000] {processor.py:839} INFO - DAG(s) dict_keys(['example_branch_dop_operator_v3']) retrieved from /home/airflow/.local/lib/python3.8/site-packages/airflow/example_dags/example_branch_python_dop_operator_3.py
[2023-08-28T13:55:34.035+0000] {logging_mixin.py:151} INFO - [2023-08-28T13:55:34.034+0000] {dag.py:2907} INFO - Sync 1 DAGs
[2023-08-28T13:55:34.504+0000] {logging_mixin.py:151} INFO - [2023-08-28T13:55:34.502+0000] {dag.py:3677} INFO - Setting next_dagrun for example_branch_dop_operator_v3 to 2023-08-28T13:54:00+00:00, run_after=2023-08-28T13:55:00+00:00
[2023-08-28T13:55:34.908+0000] {processor.py:179} INFO - Processing /home/airflow/.local/lib/python3.8/site-packages/airflow/example_dags/example_branch_python_dop_operator_3.py took 1.908 seconds
[2023-08-28T13:56:26.457+0000] {processor.py:157} INFO - Started process (PID=283) to work on /home/airflow/.local/lib/python3.8/site-packages/airflow/example_dags/example_branch_python_dop_operator_3.py
[2023-08-28T13:56:26.475+0000] {processor.py:829} INFO - Processing file /home/airflow/.local/lib/python3.8/site-packages/airflow/example_dags/example_branch_python_dop_operator_3.py for tasks to queue
[2023-08-28T13:56:26.525+0000] {logging_mixin.py:151} INFO - [2023-08-28T13:56:26.512+0000] {dagbag.py:539} INFO - Filling up the DagBag from /home/airflow/.local/lib/python3.8/site-packages/airflow/example_dags/example_branch_python_dop_operator_3.py
[2023-08-28T13:56:26.671+0000] {processor.py:839} INFO - DAG(s) dict_keys(['example_branch_dop_operator_v3']) retrieved from /home/airflow/.local/lib/python3.8/site-packages/airflow/example_dags/example_branch_python_dop_operator_3.py
[2023-08-28T13:56:27.481+0000] {logging_mixin.py:151} INFO - [2023-08-28T13:56:27.473+0000] {dag.py:2907} INFO - Sync 1 DAGs
[2023-08-28T13:56:28.162+0000] {logging_mixin.py:151} INFO - [2023-08-28T13:56:28.150+0000] {dag.py:3677} INFO - Setting next_dagrun for example_branch_dop_operator_v3 to 2023-08-28T13:55:00+00:00, run_after=2023-08-28T13:56:00+00:00
[2023-08-28T13:56:28.541+0000] {processor.py:179} INFO - Processing /home/airflow/.local/lib/python3.8/site-packages/airflow/example_dags/example_branch_python_dop_operator_3.py took 2.153 seconds
[2023-08-28T13:57:16.397+0000] {processor.py:157} INFO - Started process (PID=330) to work on /home/airflow/.local/lib/python3.8/site-packages/airflow/example_dags/example_branch_python_dop_operator_3.py
[2023-08-28T13:57:16.413+0000] {processor.py:829} INFO - Processing file /home/airflow/.local/lib/python3.8/site-packages/airflow/example_dags/example_branch_python_dop_operator_3.py for tasks to queue
[2023-08-28T13:57:16.436+0000] {logging_mixin.py:151} INFO - [2023-08-28T13:57:16.434+0000] {dagbag.py:539} INFO - Filling up the DagBag from /home/airflow/.local/lib/python3.8/site-packages/airflow/example_dags/example_branch_python_dop_operator_3.py
[2023-08-28T13:57:16.550+0000] {processor.py:839} INFO - DAG(s) dict_keys(['example_branch_dop_operator_v3']) retrieved from /home/airflow/.local/lib/python3.8/site-packages/airflow/example_dags/example_branch_python_dop_operator_3.py
[2023-08-28T13:57:17.448+0000] {logging_mixin.py:151} INFO - [2023-08-28T13:57:17.447+0000] {dag.py:2907} INFO - Sync 1 DAGs
[2023-08-28T13:57:17.972+0000] {logging_mixin.py:151} INFO - [2023-08-28T13:57:17.972+0000] {dag.py:3677} INFO - Setting next_dagrun for example_branch_dop_operator_v3 to 2023-08-28T13:56:00+00:00, run_after=2023-08-28T13:57:00+00:00
[2023-08-28T13:57:18.320+0000] {processor.py:179} INFO - Processing /home/airflow/.local/lib/python3.8/site-packages/airflow/example_dags/example_branch_python_dop_operator_3.py took 1.956 seconds
[2023-08-28T13:57:59.128+0000] {processor.py:157} INFO - Started process (PID=381) to work on /home/airflow/.local/lib/python3.8/site-packages/airflow/example_dags/example_branch_python_dop_operator_3.py
[2023-08-28T13:57:59.141+0000] {processor.py:829} INFO - Processing file /home/airflow/.local/lib/python3.8/site-packages/airflow/example_dags/example_branch_python_dop_operator_3.py for tasks to queue
[2023-08-28T13:57:59.171+0000] {logging_mixin.py:151} INFO - [2023-08-28T13:57:59.171+0000] {dagbag.py:539} INFO - Filling up the DagBag from /home/airflow/.local/lib/python3.8/site-packages/airflow/example_dags/example_branch_python_dop_operator_3.py
[2023-08-28T13:57:59.261+0000] {processor.py:839} INFO - DAG(s) dict_keys(['example_branch_dop_operator_v3']) retrieved from /home/airflow/.local/lib/python3.8/site-packages/airflow/example_dags/example_branch_python_dop_operator_3.py
[2023-08-28T13:57:59.367+0000] {logging_mixin.py:151} INFO - [2023-08-28T13:57:59.363+0000] {dag.py:2907} INFO - Sync 1 DAGs
[2023-08-28T13:57:59.978+0000] {logging_mixin.py:151} INFO - [2023-08-28T13:57:59.954+0000] {dag.py:3677} INFO - Setting next_dagrun for example_branch_dop_operator_v3 to 2023-08-28T13:56:00+00:00, run_after=2023-08-28T13:57:00+00:00
[2023-08-28T13:58:00.180+0000] {processor.py:179} INFO - Processing /home/airflow/.local/lib/python3.8/site-packages/airflow/example_dags/example_branch_python_dop_operator_3.py took 1.096 seconds
[2023-08-28T13:58:41.357+0000] {processor.py:157} INFO - Started process (PID=436) to work on /home/airflow/.local/lib/python3.8/site-packages/airflow/example_dags/example_branch_python_dop_operator_3.py
[2023-08-28T13:58:41.366+0000] {processor.py:829} INFO - Processing file /home/airflow/.local/lib/python3.8/site-packages/airflow/example_dags/example_branch_python_dop_operator_3.py for tasks to queue
[2023-08-28T13:58:41.388+0000] {logging_mixin.py:151} INFO - [2023-08-28T13:58:41.387+0000] {dagbag.py:539} INFO - Filling up the DagBag from /home/airflow/.local/lib/python3.8/site-packages/airflow/example_dags/example_branch_python_dop_operator_3.py
[2023-08-28T13:58:41.517+0000] {processor.py:839} INFO - DAG(s) dict_keys(['example_branch_dop_operator_v3']) retrieved from /home/airflow/.local/lib/python3.8/site-packages/airflow/example_dags/example_branch_python_dop_operator_3.py
[2023-08-28T13:58:41.635+0000] {logging_mixin.py:151} INFO - [2023-08-28T13:58:41.634+0000] {dag.py:2907} INFO - Sync 1 DAGs
[2023-08-28T13:58:41.794+0000] {logging_mixin.py:151} INFO - [2023-08-28T13:58:41.794+0000] {dag.py:3677} INFO - Setting next_dagrun for example_branch_dop_operator_v3 to 2023-08-28T13:57:00+00:00, run_after=2023-08-28T13:58:00+00:00
[2023-08-28T13:58:41.936+0000] {processor.py:179} INFO - Processing /home/airflow/.local/lib/python3.8/site-packages/airflow/example_dags/example_branch_python_dop_operator_3.py took 0.602 seconds
[2023-08-28T13:59:52.236+0000] {processor.py:157} INFO - Started process (PID=494) to work on /home/airflow/.local/lib/python3.8/site-packages/airflow/example_dags/example_branch_python_dop_operator_3.py
[2023-08-28T13:59:52.258+0000] {processor.py:829} INFO - Processing file /home/airflow/.local/lib/python3.8/site-packages/airflow/example_dags/example_branch_python_dop_operator_3.py for tasks to queue
[2023-08-28T13:59:52.312+0000] {logging_mixin.py:151} INFO - [2023-08-28T13:59:52.307+0000] {dagbag.py:539} INFO - Filling up the DagBag from /home/airflow/.local/lib/python3.8/site-packages/airflow/example_dags/example_branch_python_dop_operator_3.py
[2023-08-28T13:59:54.414+0000] {processor.py:839} INFO - DAG(s) dict_keys(['example_branch_dop_operator_v3']) retrieved from /home/airflow/.local/lib/python3.8/site-packages/airflow/example_dags/example_branch_python_dop_operator_3.py
[2023-08-28T13:59:55.199+0000] {logging_mixin.py:151} INFO - [2023-08-28T13:59:55.199+0000] {dag.py:2907} INFO - Sync 1 DAGs
[2023-08-28T13:59:56.329+0000] {logging_mixin.py:151} INFO - [2023-08-28T13:59:56.329+0000] {dag.py:3677} INFO - Setting next_dagrun for example_branch_dop_operator_v3 to 2023-08-28T13:58:00+00:00, run_after=2023-08-28T13:59:00+00:00
[2023-08-28T13:59:56.700+0000] {processor.py:179} INFO - Processing /home/airflow/.local/lib/python3.8/site-packages/airflow/example_dags/example_branch_python_dop_operator_3.py took 4.605 seconds
[2023-08-28T14:01:04.326+0000] {processor.py:157} INFO - Started process (PID=532) to work on /home/airflow/.local/lib/python3.8/site-packages/airflow/example_dags/example_branch_python_dop_operator_3.py
[2023-08-28T14:01:04.341+0000] {processor.py:829} INFO - Processing file /home/airflow/.local/lib/python3.8/site-packages/airflow/example_dags/example_branch_python_dop_operator_3.py for tasks to queue
[2023-08-28T14:01:04.372+0000] {logging_mixin.py:151} INFO - [2023-08-28T14:01:04.371+0000] {dagbag.py:539} INFO - Filling up the DagBag from /home/airflow/.local/lib/python3.8/site-packages/airflow/example_dags/example_branch_python_dop_operator_3.py
[2023-08-28T14:01:04.457+0000] {processor.py:839} INFO - DAG(s) dict_keys(['example_branch_dop_operator_v3']) retrieved from /home/airflow/.local/lib/python3.8/site-packages/airflow/example_dags/example_branch_python_dop_operator_3.py
[2023-08-28T14:01:04.670+0000] {logging_mixin.py:151} INFO - [2023-08-28T14:01:04.670+0000] {dag.py:2907} INFO - Sync 1 DAGs
[2023-08-28T14:01:05.150+0000] {logging_mixin.py:151} INFO - [2023-08-28T14:01:05.149+0000] {dag.py:3677} INFO - Setting next_dagrun for example_branch_dop_operator_v3 to 2023-08-28T14:00:00+00:00, run_after=2023-08-28T14:01:00+00:00
[2023-08-28T14:01:05.420+0000] {processor.py:179} INFO - Processing /home/airflow/.local/lib/python3.8/site-packages/airflow/example_dags/example_branch_python_dop_operator_3.py took 1.145 seconds
[2023-08-28T14:01:36.782+0000] {processor.py:157} INFO - Started process (PID=588) to work on /home/airflow/.local/lib/python3.8/site-packages/airflow/example_dags/example_branch_python_dop_operator_3.py
[2023-08-28T14:01:36.791+0000] {processor.py:829} INFO - Processing file /home/airflow/.local/lib/python3.8/site-packages/airflow/example_dags/example_branch_python_dop_operator_3.py for tasks to queue
[2023-08-28T14:01:36.813+0000] {logging_mixin.py:151} INFO - [2023-08-28T14:01:36.810+0000] {dagbag.py:539} INFO - Filling up the DagBag from /home/airflow/.local/lib/python3.8/site-packages/airflow/example_dags/example_branch_python_dop_operator_3.py
[2023-08-28T14:01:37.012+0000] {processor.py:839} INFO - DAG(s) dict_keys(['example_branch_dop_operator_v3']) retrieved from /home/airflow/.local/lib/python3.8/site-packages/airflow/example_dags/example_branch_python_dop_operator_3.py
[2023-08-28T14:01:37.241+0000] {logging_mixin.py:151} INFO - [2023-08-28T14:01:37.241+0000] {dag.py:2907} INFO - Sync 1 DAGs
[2023-08-28T14:01:37.598+0000] {logging_mixin.py:151} INFO - [2023-08-28T14:01:37.598+0000] {dag.py:3677} INFO - Setting next_dagrun for example_branch_dop_operator_v3 to 2023-08-28T14:00:00+00:00, run_after=2023-08-28T14:01:00+00:00
[2023-08-28T14:01:37.727+0000] {processor.py:179} INFO - Processing /home/airflow/.local/lib/python3.8/site-packages/airflow/example_dags/example_branch_python_dop_operator_3.py took 1.030 seconds
[2023-08-28T14:02:12.710+0000] {processor.py:157} INFO - Started process (PID=643) to work on /home/airflow/.local/lib/python3.8/site-packages/airflow/example_dags/example_branch_python_dop_operator_3.py
[2023-08-28T14:02:12.715+0000] {processor.py:829} INFO - Processing file /home/airflow/.local/lib/python3.8/site-packages/airflow/example_dags/example_branch_python_dop_operator_3.py for tasks to queue
[2023-08-28T14:02:12.764+0000] {logging_mixin.py:151} INFO - [2023-08-28T14:02:12.764+0000] {dagbag.py:539} INFO - Filling up the DagBag from /home/airflow/.local/lib/python3.8/site-packages/airflow/example_dags/example_branch_python_dop_operator_3.py
[2023-08-28T14:02:12.977+0000] {processor.py:839} INFO - DAG(s) dict_keys(['example_branch_dop_operator_v3']) retrieved from /home/airflow/.local/lib/python3.8/site-packages/airflow/example_dags/example_branch_python_dop_operator_3.py
[2023-08-28T14:02:14.190+0000] {logging_mixin.py:151} INFO - [2023-08-28T14:02:14.189+0000] {dag.py:2907} INFO - Sync 1 DAGs
[2023-08-28T14:02:14.441+0000] {logging_mixin.py:151} INFO - [2023-08-28T14:02:14.440+0000] {dag.py:3677} INFO - Setting next_dagrun for example_branch_dop_operator_v3 to 2023-08-28T14:01:00+00:00, run_after=2023-08-28T14:02:00+00:00
[2023-08-28T14:02:14.593+0000] {processor.py:179} INFO - Processing /home/airflow/.local/lib/python3.8/site-packages/airflow/example_dags/example_branch_python_dop_operator_3.py took 1.971 seconds
[2023-08-28T14:03:34.334+0000] {processor.py:157} INFO - Started process (PID=692) to work on /home/airflow/.local/lib/python3.8/site-packages/airflow/example_dags/example_branch_python_dop_operator_3.py
[2023-08-28T14:03:34.350+0000] {processor.py:829} INFO - Processing file /home/airflow/.local/lib/python3.8/site-packages/airflow/example_dags/example_branch_python_dop_operator_3.py for tasks to queue
[2023-08-28T14:03:34.429+0000] {logging_mixin.py:151} INFO - [2023-08-28T14:03:34.427+0000] {dagbag.py:539} INFO - Filling up the DagBag from /home/airflow/.local/lib/python3.8/site-packages/airflow/example_dags/example_branch_python_dop_operator_3.py
[2023-08-28T14:03:34.682+0000] {processor.py:839} INFO - DAG(s) dict_keys(['example_branch_dop_operator_v3']) retrieved from /home/airflow/.local/lib/python3.8/site-packages/airflow/example_dags/example_branch_python_dop_operator_3.py
[2023-08-28T14:03:36.284+0000] {logging_mixin.py:151} INFO - [2023-08-28T14:03:36.283+0000] {dag.py:2907} INFO - Sync 1 DAGs
[2023-08-28T14:03:36.659+0000] {logging_mixin.py:151} INFO - [2023-08-28T14:03:36.656+0000] {dag.py:3677} INFO - Setting next_dagrun for example_branch_dop_operator_v3 to 2023-08-28T14:02:00+00:00, run_after=2023-08-28T14:03:00+00:00
[2023-08-28T14:03:37.227+0000] {processor.py:179} INFO - Processing /home/airflow/.local/lib/python3.8/site-packages/airflow/example_dags/example_branch_python_dop_operator_3.py took 3.285 seconds
[2023-08-28T14:04:17.957+0000] {processor.py:157} INFO - Started process (PID=747) to work on /home/airflow/.local/lib/python3.8/site-packages/airflow/example_dags/example_branch_python_dop_operator_3.py
[2023-08-28T14:04:17.968+0000] {processor.py:829} INFO - Processing file /home/airflow/.local/lib/python3.8/site-packages/airflow/example_dags/example_branch_python_dop_operator_3.py for tasks to queue
[2023-08-28T14:04:17.982+0000] {logging_mixin.py:151} INFO - [2023-08-28T14:04:17.981+0000] {dagbag.py:539} INFO - Filling up the DagBag from /home/airflow/.local/lib/python3.8/site-packages/airflow/example_dags/example_branch_python_dop_operator_3.py
[2023-08-28T14:04:18.038+0000] {processor.py:839} INFO - DAG(s) dict_keys(['example_branch_dop_operator_v3']) retrieved from /home/airflow/.local/lib/python3.8/site-packages/airflow/example_dags/example_branch_python_dop_operator_3.py
[2023-08-28T14:04:18.098+0000] {logging_mixin.py:151} INFO - [2023-08-28T14:04:18.098+0000] {dag.py:2907} INFO - Sync 1 DAGs
[2023-08-28T14:04:18.199+0000] {logging_mixin.py:151} INFO - [2023-08-28T14:04:18.198+0000] {dag.py:3677} INFO - Setting next_dagrun for example_branch_dop_operator_v3 to 2023-08-28T14:03:00+00:00, run_after=2023-08-28T14:04:00+00:00
[2023-08-28T14:04:18.277+0000] {processor.py:179} INFO - Processing /home/airflow/.local/lib/python3.8/site-packages/airflow/example_dags/example_branch_python_dop_operator_3.py took 0.342 seconds
[2023-08-28T14:05:36.124+0000] {processor.py:157} INFO - Started process (PID=794) to work on /home/airflow/.local/lib/python3.8/site-packages/airflow/example_dags/example_branch_python_dop_operator_3.py
[2023-08-28T14:05:36.147+0000] {processor.py:829} INFO - Processing file /home/airflow/.local/lib/python3.8/site-packages/airflow/example_dags/example_branch_python_dop_operator_3.py for tasks to queue
[2023-08-28T14:05:36.344+0000] {logging_mixin.py:151} INFO - [2023-08-28T14:05:36.336+0000] {dagbag.py:539} INFO - Filling up the DagBag from /home/airflow/.local/lib/python3.8/site-packages/airflow/example_dags/example_branch_python_dop_operator_3.py
[2023-08-28T14:05:37.691+0000] {processor.py:839} INFO - DAG(s) dict_keys(['example_branch_dop_operator_v3']) retrieved from /home/airflow/.local/lib/python3.8/site-packages/airflow/example_dags/example_branch_python_dop_operator_3.py
[2023-08-28T14:05:38.312+0000] {logging_mixin.py:151} INFO - [2023-08-28T14:05:38.311+0000] {dag.py:2907} INFO - Sync 1 DAGs
[2023-08-28T14:05:38.718+0000] {logging_mixin.py:151} INFO - [2023-08-28T14:05:38.711+0000] {dag.py:3677} INFO - Setting next_dagrun for example_branch_dop_operator_v3 to 2023-08-28T14:04:00+00:00, run_after=2023-08-28T14:05:00+00:00
[2023-08-28T14:05:39.113+0000] {processor.py:179} INFO - Processing /home/airflow/.local/lib/python3.8/site-packages/airflow/example_dags/example_branch_python_dop_operator_3.py took 3.207 seconds
[2023-08-28T14:06:16.759+0000] {processor.py:157} INFO - Started process (PID=849) to work on /home/airflow/.local/lib/python3.8/site-packages/airflow/example_dags/example_branch_python_dop_operator_3.py
[2023-08-28T14:06:16.768+0000] {processor.py:829} INFO - Processing file /home/airflow/.local/lib/python3.8/site-packages/airflow/example_dags/example_branch_python_dop_operator_3.py for tasks to queue
[2023-08-28T14:06:16.791+0000] {logging_mixin.py:151} INFO - [2023-08-28T14:06:16.789+0000] {dagbag.py:539} INFO - Filling up the DagBag from /home/airflow/.local/lib/python3.8/site-packages/airflow/example_dags/example_branch_python_dop_operator_3.py
[2023-08-28T14:06:16.829+0000] {processor.py:839} INFO - DAG(s) dict_keys(['example_branch_dop_operator_v3']) retrieved from /home/airflow/.local/lib/python3.8/site-packages/airflow/example_dags/example_branch_python_dop_operator_3.py
[2023-08-28T14:06:16.909+0000] {logging_mixin.py:151} INFO - [2023-08-28T14:06:16.909+0000] {dag.py:2907} INFO - Sync 1 DAGs
[2023-08-28T14:06:17.050+0000] {logging_mixin.py:151} INFO - [2023-08-28T14:06:17.049+0000] {dag.py:3677} INFO - Setting next_dagrun for example_branch_dop_operator_v3 to 2023-08-28T14:05:00+00:00, run_after=2023-08-28T14:06:00+00:00
[2023-08-28T14:06:17.105+0000] {processor.py:179} INFO - Processing /home/airflow/.local/lib/python3.8/site-packages/airflow/example_dags/example_branch_python_dop_operator_3.py took 0.375 seconds
[2023-08-28T14:08:59.412+0000] {processor.py:157} INFO - Started process (PID=925) to work on /home/airflow/.local/lib/python3.8/site-packages/airflow/example_dags/example_branch_python_dop_operator_3.py
[2023-08-28T14:08:59.724+0000] {processor.py:829} INFO - Processing file /home/airflow/.local/lib/python3.8/site-packages/airflow/example_dags/example_branch_python_dop_operator_3.py for tasks to queue
[2023-08-28T14:09:00.995+0000] {logging_mixin.py:151} INFO - [2023-08-28T14:09:00.994+0000] {dagbag.py:539} INFO - Filling up the DagBag from /home/airflow/.local/lib/python3.8/site-packages/airflow/example_dags/example_branch_python_dop_operator_3.py
[2023-08-28T14:09:02.275+0000] {processor.py:839} INFO - DAG(s) dict_keys(['example_branch_dop_operator_v3']) retrieved from /home/airflow/.local/lib/python3.8/site-packages/airflow/example_dags/example_branch_python_dop_operator_3.py
[2023-08-28T14:09:04.714+0000] {logging_mixin.py:151} INFO - [2023-08-28T14:09:04.578+0000] {dag.py:2907} INFO - Sync 1 DAGs
[2023-08-28T14:09:09.904+0000] {logging_mixin.py:151} INFO - [2023-08-28T14:09:08.182+0000] {dag.py:3677} INFO - Setting next_dagrun for example_branch_dop_operator_v3 to 2023-08-28T14:08:00+00:00, run_after=2023-08-28T14:09:00+00:00
[2023-08-28T14:09:18.995+0000] {processor.py:179} INFO - Processing /home/airflow/.local/lib/python3.8/site-packages/airflow/example_dags/example_branch_python_dop_operator_3.py took 20.534 seconds
[2023-08-28T14:16:31.562+0000] {processor.py:157} INFO - Started process (PID=1007) to work on /home/airflow/.local/lib/python3.8/site-packages/airflow/example_dags/example_branch_python_dop_operator_3.py
[2023-08-28T14:16:31.628+0000] {processor.py:829} INFO - Processing file /home/airflow/.local/lib/python3.8/site-packages/airflow/example_dags/example_branch_python_dop_operator_3.py for tasks to queue
[2023-08-28T14:16:31.859+0000] {logging_mixin.py:151} INFO - [2023-08-28T14:16:31.748+0000] {dagbag.py:539} INFO - Filling up the DagBag from /home/airflow/.local/lib/python3.8/site-packages/airflow/example_dags/example_branch_python_dop_operator_3.py
[2023-08-28T14:16:34.145+0000] {processor.py:839} INFO - DAG(s) dict_keys(['example_branch_dop_operator_v3']) retrieved from /home/airflow/.local/lib/python3.8/site-packages/airflow/example_dags/example_branch_python_dop_operator_3.py
[2023-08-28T14:18:43.370+0000] {logging_mixin.py:151} INFO - [2023-08-28T14:18:42.247+0000] {dag.py:2907} INFO - Sync 1 DAGs
[2023-08-28T15:03:46.612+0000] {logging_mixin.py:151} INFO - [2023-08-28T15:03:45.620+0000] {dag.py:3677} INFO - Setting next_dagrun for example_branch_dop_operator_v3 to 2023-08-28T15:02:00+00:00, run_after=2023-08-28T15:03:00+00:00
