[2023-08-28T13:48:30.654+0000] {processor.py:157} INFO - Started process (PID=99) to work on /home/airflow/.local/lib/python3.8/site-packages/airflow/example_dags/example_xcom.py
[2023-08-28T13:48:30.697+0000] {processor.py:829} INFO - Processing file /home/airflow/.local/lib/python3.8/site-packages/airflow/example_dags/example_xcom.py for tasks to queue
[2023-08-28T13:48:30.895+0000] {logging_mixin.py:151} INFO - [2023-08-28T13:48:30.892+0000] {dagbag.py:539} INFO - Filling up the DagBag from /home/airflow/.local/lib/python3.8/site-packages/airflow/example_dags/example_xcom.py
[2023-08-28T13:48:32.575+0000] {processor.py:839} INFO - DAG(s) dict_keys(['example_xcom']) retrieved from /home/airflow/.local/lib/python3.8/site-packages/airflow/example_dags/example_xcom.py
[2023-08-28T13:48:51.795+0000] {logging_mixin.py:151} INFO - [2023-08-28T13:48:51.731+0000] {manager.py:501} INFO - Created Permission View: can read on DAG:example_xcom
[2023-08-28T13:48:52.581+0000] {logging_mixin.py:151} INFO - [2023-08-28T13:48:52.580+0000] {manager.py:501} INFO - Created Permission View: can edit on DAG:example_xcom
[2023-08-28T13:48:52.779+0000] {logging_mixin.py:151} INFO - [2023-08-28T13:48:52.778+0000] {manager.py:501} INFO - Created Permission View: can delete on DAG:example_xcom
[2023-08-28T13:48:53.291+0000] {logging_mixin.py:151} INFO - [2023-08-28T13:48:53.290+0000] {dag.py:2907} INFO - Sync 1 DAGs
[2023-08-28T13:48:53.565+0000] {logging_mixin.py:151} INFO - [2023-08-28T13:48:53.565+0000] {dag.py:2929} INFO - Creating ORM DAG for example_xcom
[2023-08-28T13:48:53.942+0000] {logging_mixin.py:151} INFO - [2023-08-28T13:48:53.925+0000] {dag.py:3677} INFO - Setting next_dagrun for example_xcom to 2021-01-01T00:00:00+00:00, run_after=2021-01-01T00:00:00+00:00
[2023-08-28T13:48:55.138+0000] {processor.py:179} INFO - Processing /home/airflow/.local/lib/python3.8/site-packages/airflow/example_dags/example_xcom.py took 24.906 seconds
[2023-08-28T13:54:59.608+0000] {processor.py:157} INFO - Started process (PID=217) to work on /home/airflow/.local/lib/python3.8/site-packages/airflow/example_dags/example_xcom.py
[2023-08-28T13:54:59.644+0000] {processor.py:829} INFO - Processing file /home/airflow/.local/lib/python3.8/site-packages/airflow/example_dags/example_xcom.py for tasks to queue
[2023-08-28T13:54:59.721+0000] {logging_mixin.py:151} INFO - [2023-08-28T13:54:59.712+0000] {dagbag.py:539} INFO - Filling up the DagBag from /home/airflow/.local/lib/python3.8/site-packages/airflow/example_dags/example_xcom.py
[2023-08-28T13:54:59.963+0000] {processor.py:839} INFO - DAG(s) dict_keys(['example_xcom']) retrieved from /home/airflow/.local/lib/python3.8/site-packages/airflow/example_dags/example_xcom.py
[2023-08-28T13:55:00.840+0000] {logging_mixin.py:151} INFO - [2023-08-28T13:55:00.839+0000] {dag.py:2907} INFO - Sync 1 DAGs
[2023-08-28T13:55:01.268+0000] {logging_mixin.py:151} INFO - [2023-08-28T13:55:01.268+0000] {dag.py:3677} INFO - Setting next_dagrun for example_xcom to 2021-01-01T00:00:00+00:00, run_after=2021-01-01T00:00:00+00:00
[2023-08-28T13:55:01.951+0000] {processor.py:179} INFO - Processing /home/airflow/.local/lib/python3.8/site-packages/airflow/example_dags/example_xcom.py took 2.457 seconds
[2023-08-28T13:56:19.838+0000] {processor.py:157} INFO - Started process (PID=277) to work on /home/airflow/.local/lib/python3.8/site-packages/airflow/example_dags/example_xcom.py
[2023-08-28T13:56:19.856+0000] {processor.py:829} INFO - Processing file /home/airflow/.local/lib/python3.8/site-packages/airflow/example_dags/example_xcom.py for tasks to queue
[2023-08-28T13:56:19.945+0000] {logging_mixin.py:151} INFO - [2023-08-28T13:56:19.944+0000] {dagbag.py:539} INFO - Filling up the DagBag from /home/airflow/.local/lib/python3.8/site-packages/airflow/example_dags/example_xcom.py
[2023-08-28T13:56:20.175+0000] {processor.py:839} INFO - DAG(s) dict_keys(['example_xcom']) retrieved from /home/airflow/.local/lib/python3.8/site-packages/airflow/example_dags/example_xcom.py
[2023-08-28T13:56:20.629+0000] {logging_mixin.py:151} INFO - [2023-08-28T13:56:20.628+0000] {dag.py:2907} INFO - Sync 1 DAGs
[2023-08-28T13:56:21.011+0000] {logging_mixin.py:151} INFO - [2023-08-28T13:56:20.994+0000] {dag.py:3677} INFO - Setting next_dagrun for example_xcom to 2021-01-01T00:00:00+00:00, run_after=2021-01-01T00:00:00+00:00
[2023-08-28T13:56:21.723+0000] {processor.py:179} INFO - Processing /home/airflow/.local/lib/python3.8/site-packages/airflow/example_dags/example_xcom.py took 1.938 seconds
[2023-08-28T13:57:10.828+0000] {processor.py:157} INFO - Started process (PID=324) to work on /home/airflow/.local/lib/python3.8/site-packages/airflow/example_dags/example_xcom.py
[2023-08-28T13:57:10.840+0000] {processor.py:829} INFO - Processing file /home/airflow/.local/lib/python3.8/site-packages/airflow/example_dags/example_xcom.py for tasks to queue
[2023-08-28T13:57:10.857+0000] {logging_mixin.py:151} INFO - [2023-08-28T13:57:10.855+0000] {dagbag.py:539} INFO - Filling up the DagBag from /home/airflow/.local/lib/python3.8/site-packages/airflow/example_dags/example_xcom.py
[2023-08-28T13:57:10.946+0000] {processor.py:839} INFO - DAG(s) dict_keys(['example_xcom']) retrieved from /home/airflow/.local/lib/python3.8/site-packages/airflow/example_dags/example_xcom.py
[2023-08-28T13:57:11.207+0000] {logging_mixin.py:151} INFO - [2023-08-28T13:57:11.206+0000] {dag.py:2907} INFO - Sync 1 DAGs
[2023-08-28T13:57:11.383+0000] {logging_mixin.py:151} INFO - [2023-08-28T13:57:11.380+0000] {dag.py:3677} INFO - Setting next_dagrun for example_xcom to 2021-01-01T00:00:00+00:00, run_after=2021-01-01T00:00:00+00:00
[2023-08-28T13:57:11.636+0000] {processor.py:179} INFO - Processing /home/airflow/.local/lib/python3.8/site-packages/airflow/example_dags/example_xcom.py took 0.937 seconds
[2023-08-28T13:57:53.973+0000] {processor.py:157} INFO - Started process (PID=375) to work on /home/airflow/.local/lib/python3.8/site-packages/airflow/example_dags/example_xcom.py
[2023-08-28T13:57:53.996+0000] {processor.py:829} INFO - Processing file /home/airflow/.local/lib/python3.8/site-packages/airflow/example_dags/example_xcom.py for tasks to queue
[2023-08-28T13:57:54.019+0000] {logging_mixin.py:151} INFO - [2023-08-28T13:57:54.013+0000] {dagbag.py:539} INFO - Filling up the DagBag from /home/airflow/.local/lib/python3.8/site-packages/airflow/example_dags/example_xcom.py
[2023-08-28T13:57:54.116+0000] {processor.py:839} INFO - DAG(s) dict_keys(['example_xcom']) retrieved from /home/airflow/.local/lib/python3.8/site-packages/airflow/example_dags/example_xcom.py
[2023-08-28T13:57:54.698+0000] {logging_mixin.py:151} INFO - [2023-08-28T13:57:54.697+0000] {dag.py:2907} INFO - Sync 1 DAGs
[2023-08-28T13:57:55.148+0000] {logging_mixin.py:151} INFO - [2023-08-28T13:57:55.135+0000] {dag.py:3677} INFO - Setting next_dagrun for example_xcom to 2021-01-01T00:00:00+00:00, run_after=2021-01-01T00:00:00+00:00
[2023-08-28T13:57:55.482+0000] {processor.py:179} INFO - Processing /home/airflow/.local/lib/python3.8/site-packages/airflow/example_dags/example_xcom.py took 1.629 seconds
[2023-08-28T13:58:29.391+0000] {processor.py:157} INFO - Started process (PID=419) to work on /home/airflow/.local/lib/python3.8/site-packages/airflow/example_dags/example_xcom.py
[2023-08-28T13:58:29.402+0000] {processor.py:829} INFO - Processing file /home/airflow/.local/lib/python3.8/site-packages/airflow/example_dags/example_xcom.py for tasks to queue
[2023-08-28T13:58:29.416+0000] {logging_mixin.py:151} INFO - [2023-08-28T13:58:29.415+0000] {dagbag.py:539} INFO - Filling up the DagBag from /home/airflow/.local/lib/python3.8/site-packages/airflow/example_dags/example_xcom.py
[2023-08-28T13:58:29.511+0000] {processor.py:839} INFO - DAG(s) dict_keys(['example_xcom']) retrieved from /home/airflow/.local/lib/python3.8/site-packages/airflow/example_dags/example_xcom.py
[2023-08-28T13:58:29.678+0000] {logging_mixin.py:151} INFO - [2023-08-28T13:58:29.678+0000] {dag.py:2907} INFO - Sync 1 DAGs
[2023-08-28T13:58:30.050+0000] {logging_mixin.py:151} INFO - [2023-08-28T13:58:30.045+0000] {dag.py:3677} INFO - Setting next_dagrun for example_xcom to 2021-01-01T00:00:00+00:00, run_after=2021-01-01T00:00:00+00:00
[2023-08-28T13:58:30.287+0000] {processor.py:179} INFO - Processing /home/airflow/.local/lib/python3.8/site-packages/airflow/example_dags/example_xcom.py took 0.951 seconds
[2023-08-28T13:59:00.863+0000] {processor.py:157} INFO - Started process (PID=474) to work on /home/airflow/.local/lib/python3.8/site-packages/airflow/example_dags/example_xcom.py
[2023-08-28T13:59:00.868+0000] {processor.py:829} INFO - Processing file /home/airflow/.local/lib/python3.8/site-packages/airflow/example_dags/example_xcom.py for tasks to queue
[2023-08-28T13:59:00.907+0000] {logging_mixin.py:151} INFO - [2023-08-28T13:59:00.905+0000] {dagbag.py:539} INFO - Filling up the DagBag from /home/airflow/.local/lib/python3.8/site-packages/airflow/example_dags/example_xcom.py
[2023-08-28T13:59:00.959+0000] {processor.py:839} INFO - DAG(s) dict_keys(['example_xcom']) retrieved from /home/airflow/.local/lib/python3.8/site-packages/airflow/example_dags/example_xcom.py
[2023-08-28T13:59:01.108+0000] {logging_mixin.py:151} INFO - [2023-08-28T13:59:01.108+0000] {dag.py:2907} INFO - Sync 1 DAGs
[2023-08-28T13:59:01.214+0000] {logging_mixin.py:151} INFO - [2023-08-28T13:59:01.214+0000] {dag.py:3677} INFO - Setting next_dagrun for example_xcom to 2021-01-01T00:00:00+00:00, run_after=2021-01-01T00:00:00+00:00
[2023-08-28T13:59:01.286+0000] {processor.py:179} INFO - Processing /home/airflow/.local/lib/python3.8/site-packages/airflow/example_dags/example_xcom.py took 0.459 seconds
[2023-08-28T14:00:51.076+0000] {processor.py:157} INFO - Started process (PID=525) to work on /home/airflow/.local/lib/python3.8/site-packages/airflow/example_dags/example_xcom.py
[2023-08-28T14:00:51.142+0000] {processor.py:829} INFO - Processing file /home/airflow/.local/lib/python3.8/site-packages/airflow/example_dags/example_xcom.py for tasks to queue
[2023-08-28T14:00:51.213+0000] {logging_mixin.py:151} INFO - [2023-08-28T14:00:51.212+0000] {dagbag.py:539} INFO - Filling up the DagBag from /home/airflow/.local/lib/python3.8/site-packages/airflow/example_dags/example_xcom.py
[2023-08-28T14:00:51.387+0000] {processor.py:839} INFO - DAG(s) dict_keys(['example_xcom']) retrieved from /home/airflow/.local/lib/python3.8/site-packages/airflow/example_dags/example_xcom.py
[2023-08-28T14:00:51.688+0000] {logging_mixin.py:151} INFO - [2023-08-28T14:00:51.684+0000] {dag.py:2907} INFO - Sync 1 DAGs
[2023-08-28T14:00:51.977+0000] {logging_mixin.py:151} INFO - [2023-08-28T14:00:51.977+0000] {dag.py:3677} INFO - Setting next_dagrun for example_xcom to 2021-01-01T00:00:00+00:00, run_after=2021-01-01T00:00:00+00:00
[2023-08-28T14:00:52.287+0000] {processor.py:179} INFO - Processing /home/airflow/.local/lib/python3.8/site-packages/airflow/example_dags/example_xcom.py took 1.378 seconds
[2023-08-28T14:01:25.834+0000] {processor.py:157} INFO - Started process (PID=580) to work on /home/airflow/.local/lib/python3.8/site-packages/airflow/example_dags/example_xcom.py
[2023-08-28T14:01:25.838+0000] {processor.py:829} INFO - Processing file /home/airflow/.local/lib/python3.8/site-packages/airflow/example_dags/example_xcom.py for tasks to queue
[2023-08-28T14:01:25.852+0000] {logging_mixin.py:151} INFO - [2023-08-28T14:01:25.844+0000] {dagbag.py:539} INFO - Filling up the DagBag from /home/airflow/.local/lib/python3.8/site-packages/airflow/example_dags/example_xcom.py
[2023-08-28T14:01:25.887+0000] {processor.py:839} INFO - DAG(s) dict_keys(['example_xcom']) retrieved from /home/airflow/.local/lib/python3.8/site-packages/airflow/example_dags/example_xcom.py
[2023-08-28T14:01:25.953+0000] {logging_mixin.py:151} INFO - [2023-08-28T14:01:25.952+0000] {dag.py:2907} INFO - Sync 1 DAGs
[2023-08-28T14:01:26.033+0000] {logging_mixin.py:151} INFO - [2023-08-28T14:01:26.033+0000] {dag.py:3677} INFO - Setting next_dagrun for example_xcom to 2021-01-01T00:00:00+00:00, run_after=2021-01-01T00:00:00+00:00
[2023-08-28T14:01:26.093+0000] {processor.py:179} INFO - Processing /home/airflow/.local/lib/python3.8/site-packages/airflow/example_dags/example_xcom.py took 0.277 seconds
[2023-08-28T14:01:56.543+0000] {processor.py:157} INFO - Started process (PID=632) to work on /home/airflow/.local/lib/python3.8/site-packages/airflow/example_dags/example_xcom.py
[2023-08-28T14:01:56.550+0000] {processor.py:829} INFO - Processing file /home/airflow/.local/lib/python3.8/site-packages/airflow/example_dags/example_xcom.py for tasks to queue
[2023-08-28T14:01:56.561+0000] {logging_mixin.py:151} INFO - [2023-08-28T14:01:56.560+0000] {dagbag.py:539} INFO - Filling up the DagBag from /home/airflow/.local/lib/python3.8/site-packages/airflow/example_dags/example_xcom.py
[2023-08-28T14:01:56.587+0000] {processor.py:839} INFO - DAG(s) dict_keys(['example_xcom']) retrieved from /home/airflow/.local/lib/python3.8/site-packages/airflow/example_dags/example_xcom.py
[2023-08-28T14:01:56.644+0000] {logging_mixin.py:151} INFO - [2023-08-28T14:01:56.643+0000] {dag.py:2907} INFO - Sync 1 DAGs
[2023-08-28T14:01:56.703+0000] {logging_mixin.py:151} INFO - [2023-08-28T14:01:56.702+0000] {dag.py:3677} INFO - Setting next_dagrun for example_xcom to 2021-01-01T00:00:00+00:00, run_after=2021-01-01T00:00:00+00:00
[2023-08-28T14:01:56.753+0000] {processor.py:179} INFO - Processing /home/airflow/.local/lib/python3.8/site-packages/airflow/example_dags/example_xcom.py took 0.238 seconds
[2023-08-28T14:03:08.222+0000] {processor.py:157} INFO - Started process (PID=678) to work on /home/airflow/.local/lib/python3.8/site-packages/airflow/example_dags/example_xcom.py
[2023-08-28T14:03:08.257+0000] {processor.py:829} INFO - Processing file /home/airflow/.local/lib/python3.8/site-packages/airflow/example_dags/example_xcom.py for tasks to queue
[2023-08-28T14:03:08.355+0000] {logging_mixin.py:151} INFO - [2023-08-28T14:03:08.353+0000] {dagbag.py:539} INFO - Filling up the DagBag from /home/airflow/.local/lib/python3.8/site-packages/airflow/example_dags/example_xcom.py
[2023-08-28T14:03:08.595+0000] {processor.py:839} INFO - DAG(s) dict_keys(['example_xcom']) retrieved from /home/airflow/.local/lib/python3.8/site-packages/airflow/example_dags/example_xcom.py
[2023-08-28T14:03:09.900+0000] {logging_mixin.py:151} INFO - [2023-08-28T14:03:09.875+0000] {dag.py:2907} INFO - Sync 1 DAGs
[2023-08-28T14:03:11.247+0000] {logging_mixin.py:151} INFO - [2023-08-28T14:03:11.231+0000] {dag.py:3677} INFO - Setting next_dagrun for example_xcom to 2021-01-01T00:00:00+00:00, run_after=2021-01-01T00:00:00+00:00
[2023-08-28T14:03:11.678+0000] {processor.py:179} INFO - Processing /home/airflow/.local/lib/python3.8/site-packages/airflow/example_dags/example_xcom.py took 3.616 seconds
[2023-08-28T14:04:06.528+0000] {processor.py:157} INFO - Started process (PID=727) to work on /home/airflow/.local/lib/python3.8/site-packages/airflow/example_dags/example_xcom.py
[2023-08-28T14:04:06.534+0000] {processor.py:829} INFO - Processing file /home/airflow/.local/lib/python3.8/site-packages/airflow/example_dags/example_xcom.py for tasks to queue
[2023-08-28T14:04:06.543+0000] {logging_mixin.py:151} INFO - [2023-08-28T14:04:06.542+0000] {dagbag.py:539} INFO - Filling up the DagBag from /home/airflow/.local/lib/python3.8/site-packages/airflow/example_dags/example_xcom.py
[2023-08-28T14:04:06.576+0000] {processor.py:839} INFO - DAG(s) dict_keys(['example_xcom']) retrieved from /home/airflow/.local/lib/python3.8/site-packages/airflow/example_dags/example_xcom.py
[2023-08-28T14:04:06.648+0000] {logging_mixin.py:151} INFO - [2023-08-28T14:04:06.648+0000] {dag.py:2907} INFO - Sync 1 DAGs
[2023-08-28T14:04:06.716+0000] {logging_mixin.py:151} INFO - [2023-08-28T14:04:06.716+0000] {dag.py:3677} INFO - Setting next_dagrun for example_xcom to 2021-01-01T00:00:00+00:00, run_after=2021-01-01T00:00:00+00:00
[2023-08-28T14:04:06.787+0000] {processor.py:179} INFO - Processing /home/airflow/.local/lib/python3.8/site-packages/airflow/example_dags/example_xcom.py took 0.275 seconds
[2023-08-28T14:05:17.159+0000] {processor.py:157} INFO - Started process (PID=787) to work on /home/airflow/.local/lib/python3.8/site-packages/airflow/example_dags/example_xcom.py
[2023-08-28T14:05:17.175+0000] {processor.py:829} INFO - Processing file /home/airflow/.local/lib/python3.8/site-packages/airflow/example_dags/example_xcom.py for tasks to queue
[2023-08-28T14:05:17.207+0000] {logging_mixin.py:151} INFO - [2023-08-28T14:05:17.205+0000] {dagbag.py:539} INFO - Filling up the DagBag from /home/airflow/.local/lib/python3.8/site-packages/airflow/example_dags/example_xcom.py
[2023-08-28T14:05:17.340+0000] {processor.py:839} INFO - DAG(s) dict_keys(['example_xcom']) retrieved from /home/airflow/.local/lib/python3.8/site-packages/airflow/example_dags/example_xcom.py
[2023-08-28T14:05:18.210+0000] {logging_mixin.py:151} INFO - [2023-08-28T14:05:18.202+0000] {dag.py:2907} INFO - Sync 1 DAGs
[2023-08-28T14:05:18.924+0000] {logging_mixin.py:151} INFO - [2023-08-28T14:05:18.896+0000] {dag.py:3677} INFO - Setting next_dagrun for example_xcom to 2021-01-01T00:00:00+00:00, run_after=2021-01-01T00:00:00+00:00
[2023-08-28T14:05:19.189+0000] {processor.py:179} INFO - Processing /home/airflow/.local/lib/python3.8/site-packages/airflow/example_dags/example_xcom.py took 2.130 seconds
[2023-08-28T14:06:13.615+0000] {processor.py:157} INFO - Started process (PID=835) to work on /home/airflow/.local/lib/python3.8/site-packages/airflow/example_dags/example_xcom.py
[2023-08-28T14:06:13.621+0000] {processor.py:829} INFO - Processing file /home/airflow/.local/lib/python3.8/site-packages/airflow/example_dags/example_xcom.py for tasks to queue
[2023-08-28T14:06:13.635+0000] {logging_mixin.py:151} INFO - [2023-08-28T14:06:13.635+0000] {dagbag.py:539} INFO - Filling up the DagBag from /home/airflow/.local/lib/python3.8/site-packages/airflow/example_dags/example_xcom.py
[2023-08-28T14:06:13.665+0000] {processor.py:839} INFO - DAG(s) dict_keys(['example_xcom']) retrieved from /home/airflow/.local/lib/python3.8/site-packages/airflow/example_dags/example_xcom.py
[2023-08-28T14:06:13.743+0000] {logging_mixin.py:151} INFO - [2023-08-28T14:06:13.742+0000] {dag.py:2907} INFO - Sync 1 DAGs
[2023-08-28T14:06:13.831+0000] {logging_mixin.py:151} INFO - [2023-08-28T14:06:13.830+0000] {dag.py:3677} INFO - Setting next_dagrun for example_xcom to 2021-01-01T00:00:00+00:00, run_after=2021-01-01T00:00:00+00:00
[2023-08-28T14:06:13.994+0000] {processor.py:179} INFO - Processing /home/airflow/.local/lib/python3.8/site-packages/airflow/example_dags/example_xcom.py took 0.389 seconds
[2023-08-28T14:07:31.840+0000] {processor.py:157} INFO - Started process (PID=888) to work on /home/airflow/.local/lib/python3.8/site-packages/airflow/example_dags/example_xcom.py
[2023-08-28T14:07:32.042+0000] {processor.py:829} INFO - Processing file /home/airflow/.local/lib/python3.8/site-packages/airflow/example_dags/example_xcom.py for tasks to queue
[2023-08-28T14:07:32.272+0000] {logging_mixin.py:151} INFO - [2023-08-28T14:07:32.271+0000] {dagbag.py:539} INFO - Filling up the DagBag from /home/airflow/.local/lib/python3.8/site-packages/airflow/example_dags/example_xcom.py
[2023-08-28T14:07:32.646+0000] {processor.py:839} INFO - DAG(s) dict_keys(['example_xcom']) retrieved from /home/airflow/.local/lib/python3.8/site-packages/airflow/example_dags/example_xcom.py
[2023-08-28T14:07:35.668+0000] {logging_mixin.py:151} INFO - [2023-08-28T14:07:35.551+0000] {dag.py:2907} INFO - Sync 1 DAGs
[2023-08-28T14:07:38.366+0000] {logging_mixin.py:151} INFO - [2023-08-28T14:07:38.358+0000] {dag.py:3677} INFO - Setting next_dagrun for example_xcom to 2021-01-01T00:00:00+00:00, run_after=2021-01-01T00:00:00+00:00
[2023-08-28T14:07:39.371+0000] {processor.py:179} INFO - Processing /home/airflow/.local/lib/python3.8/site-packages/airflow/example_dags/example_xcom.py took 7.830 seconds
[2023-08-28T14:14:57.134+0000] {processor.py:157} INFO - Started process (PID=1000) to work on /home/airflow/.local/lib/python3.8/site-packages/airflow/example_dags/example_xcom.py
[2023-08-28T14:14:57.161+0000] {processor.py:829} INFO - Processing file /home/airflow/.local/lib/python3.8/site-packages/airflow/example_dags/example_xcom.py for tasks to queue
[2023-08-28T14:14:57.186+0000] {logging_mixin.py:151} INFO - [2023-08-28T14:14:57.174+0000] {dagbag.py:539} INFO - Filling up the DagBag from /home/airflow/.local/lib/python3.8/site-packages/airflow/example_dags/example_xcom.py
[2023-08-28T14:14:57.784+0000] {processor.py:839} INFO - DAG(s) dict_keys(['example_xcom']) retrieved from /home/airflow/.local/lib/python3.8/site-packages/airflow/example_dags/example_xcom.py
[2023-08-28T14:14:58.730+0000] {logging_mixin.py:151} INFO - [2023-08-28T14:14:58.721+0000] {dag.py:2907} INFO - Sync 1 DAGs
[2023-08-28T14:14:59.187+0000] {logging_mixin.py:151} INFO - [2023-08-28T14:14:59.186+0000] {dag.py:3677} INFO - Setting next_dagrun for example_xcom to 2021-01-01T00:00:00+00:00, run_after=2021-01-01T00:00:00+00:00
[2023-08-28T14:14:59.546+0000] {processor.py:179} INFO - Processing /home/airflow/.local/lib/python3.8/site-packages/airflow/example_dags/example_xcom.py took 2.711 seconds
