[2023-08-28T13:52:39.101+0000] {processor.py:157} INFO - Started process (PID=161) to work on /home/airflow/.local/lib/python3.8/site-packages/airflow/example_dags/example_sla_dag.py
[2023-08-28T13:52:39.143+0000] {processor.py:829} INFO - Processing file /home/airflow/.local/lib/python3.8/site-packages/airflow/example_dags/example_sla_dag.py for tasks to queue
[2023-08-28T13:52:39.197+0000] {logging_mixin.py:151} INFO - [2023-08-28T13:52:39.194+0000] {dagbag.py:539} INFO - Filling up the DagBag from /home/airflow/.local/lib/python3.8/site-packages/airflow/example_dags/example_sla_dag.py
[2023-08-28T13:52:39.520+0000] {processor.py:839} INFO - DAG(s) dict_keys(['example_sla_dag']) retrieved from /home/airflow/.local/lib/python3.8/site-packages/airflow/example_dags/example_sla_dag.py
[2023-08-28T13:52:44.558+0000] {logging_mixin.py:151} INFO - [2023-08-28T13:52:44.558+0000] {manager.py:501} INFO - Created Permission View: can read on DAG:example_sla_dag
[2023-08-28T13:52:45.013+0000] {logging_mixin.py:151} INFO - [2023-08-28T13:52:45.012+0000] {manager.py:501} INFO - Created Permission View: can edit on DAG:example_sla_dag
[2023-08-28T13:52:45.041+0000] {logging_mixin.py:151} INFO - [2023-08-28T13:52:45.041+0000] {manager.py:501} INFO - Created Permission View: can delete on DAG:example_sla_dag
[2023-08-28T13:52:45.177+0000] {logging_mixin.py:151} INFO - [2023-08-28T13:52:45.177+0000] {dag.py:2907} INFO - Sync 1 DAGs
[2023-08-28T13:52:45.274+0000] {logging_mixin.py:151} INFO - [2023-08-28T13:52:45.274+0000] {dag.py:2929} INFO - Creating ORM DAG for example_sla_dag
[2023-08-28T13:52:46.356+0000] {logging_mixin.py:151} INFO - [2023-08-28T13:52:46.348+0000] {dag.py:3677} INFO - Setting next_dagrun for example_sla_dag to 2023-08-28T13:50:00+00:00, run_after=2023-08-28T13:52:00+00:00
[2023-08-28T13:52:46.915+0000] {processor.py:179} INFO - Processing /home/airflow/.local/lib/python3.8/site-packages/airflow/example_dags/example_sla_dag.py took 7.902 seconds
[2023-08-28T13:55:59.124+0000] {processor.py:157} INFO - Started process (PID=250) to work on /home/airflow/.local/lib/python3.8/site-packages/airflow/example_dags/example_sla_dag.py
[2023-08-28T13:55:59.143+0000] {processor.py:829} INFO - Processing file /home/airflow/.local/lib/python3.8/site-packages/airflow/example_dags/example_sla_dag.py for tasks to queue
[2023-08-28T13:55:59.187+0000] {logging_mixin.py:151} INFO - [2023-08-28T13:55:59.177+0000] {dagbag.py:539} INFO - Filling up the DagBag from /home/airflow/.local/lib/python3.8/site-packages/airflow/example_dags/example_sla_dag.py
[2023-08-28T13:55:59.274+0000] {processor.py:839} INFO - DAG(s) dict_keys(['example_sla_dag']) retrieved from /home/airflow/.local/lib/python3.8/site-packages/airflow/example_dags/example_sla_dag.py
[2023-08-28T13:55:59.744+0000] {logging_mixin.py:151} INFO - [2023-08-28T13:55:59.743+0000] {dag.py:2907} INFO - Sync 1 DAGs
[2023-08-28T13:56:01.091+0000] {logging_mixin.py:151} INFO - [2023-08-28T13:56:01.090+0000] {dag.py:3677} INFO - Setting next_dagrun for example_sla_dag to 2023-08-28T13:54:00+00:00, run_after=2023-08-28T13:56:00+00:00
[2023-08-28T13:56:01.731+0000] {processor.py:179} INFO - Processing /home/airflow/.local/lib/python3.8/site-packages/airflow/example_dags/example_sla_dag.py took 2.637 seconds
[2023-08-28T13:56:58.164+0000] {processor.py:157} INFO - Started process (PID=311) to work on /home/airflow/.local/lib/python3.8/site-packages/airflow/example_dags/example_sla_dag.py
[2023-08-28T13:56:58.215+0000] {processor.py:829} INFO - Processing file /home/airflow/.local/lib/python3.8/site-packages/airflow/example_dags/example_sla_dag.py for tasks to queue
[2023-08-28T13:56:58.327+0000] {logging_mixin.py:151} INFO - [2023-08-28T13:56:58.298+0000] {dagbag.py:539} INFO - Filling up the DagBag from /home/airflow/.local/lib/python3.8/site-packages/airflow/example_dags/example_sla_dag.py
[2023-08-28T13:56:58.656+0000] {processor.py:839} INFO - DAG(s) dict_keys(['example_sla_dag']) retrieved from /home/airflow/.local/lib/python3.8/site-packages/airflow/example_dags/example_sla_dag.py
[2023-08-28T13:56:59.024+0000] {logging_mixin.py:151} INFO - [2023-08-28T13:56:59.014+0000] {dag.py:2907} INFO - Sync 1 DAGs
[2023-08-28T13:57:00.051+0000] {logging_mixin.py:151} INFO - [2023-08-28T13:57:00.050+0000] {dag.py:3677} INFO - Setting next_dagrun for example_sla_dag to 2023-08-28T13:54:00+00:00, run_after=2023-08-28T13:56:00+00:00
[2023-08-28T13:57:00.728+0000] {processor.py:179} INFO - Processing /home/airflow/.local/lib/python3.8/site-packages/airflow/example_dags/example_sla_dag.py took 3.247 seconds
[2023-08-28T13:58:00.526+0000] {processor.py:157} INFO - Started process (PID=383) to work on /home/airflow/.local/lib/python3.8/site-packages/airflow/example_dags/example_sla_dag.py
[2023-08-28T13:58:00.540+0000] {processor.py:829} INFO - Processing file /home/airflow/.local/lib/python3.8/site-packages/airflow/example_dags/example_sla_dag.py for tasks to queue
[2023-08-28T13:58:00.593+0000] {logging_mixin.py:151} INFO - [2023-08-28T13:58:00.587+0000] {dagbag.py:539} INFO - Filling up the DagBag from /home/airflow/.local/lib/python3.8/site-packages/airflow/example_dags/example_sla_dag.py
[2023-08-28T13:58:00.734+0000] {processor.py:839} INFO - DAG(s) dict_keys(['example_sla_dag']) retrieved from /home/airflow/.local/lib/python3.8/site-packages/airflow/example_dags/example_sla_dag.py
[2023-08-28T13:58:00.990+0000] {logging_mixin.py:151} INFO - [2023-08-28T13:58:00.990+0000] {dag.py:2907} INFO - Sync 1 DAGs
[2023-08-28T13:58:01.686+0000] {logging_mixin.py:151} INFO - [2023-08-28T13:58:01.685+0000] {dag.py:3677} INFO - Setting next_dagrun for example_sla_dag to 2023-08-28T13:56:00+00:00, run_after=2023-08-28T13:58:00+00:00
[2023-08-28T13:58:02.005+0000] {processor.py:179} INFO - Processing /home/airflow/.local/lib/python3.8/site-packages/airflow/example_dags/example_sla_dag.py took 1.535 seconds
[2023-08-28T13:58:42.065+0000] {processor.py:157} INFO - Started process (PID=438) to work on /home/airflow/.local/lib/python3.8/site-packages/airflow/example_dags/example_sla_dag.py
[2023-08-28T13:58:42.075+0000] {processor.py:829} INFO - Processing file /home/airflow/.local/lib/python3.8/site-packages/airflow/example_dags/example_sla_dag.py for tasks to queue
[2023-08-28T13:58:42.099+0000] {logging_mixin.py:151} INFO - [2023-08-28T13:58:42.095+0000] {dagbag.py:539} INFO - Filling up the DagBag from /home/airflow/.local/lib/python3.8/site-packages/airflow/example_dags/example_sla_dag.py
[2023-08-28T13:58:42.174+0000] {processor.py:839} INFO - DAG(s) dict_keys(['example_sla_dag']) retrieved from /home/airflow/.local/lib/python3.8/site-packages/airflow/example_dags/example_sla_dag.py
[2023-08-28T13:58:42.438+0000] {logging_mixin.py:151} INFO - [2023-08-28T13:58:42.438+0000] {dag.py:2907} INFO - Sync 1 DAGs
[2023-08-28T13:58:42.626+0000] {logging_mixin.py:151} INFO - [2023-08-28T13:58:42.626+0000] {dag.py:3677} INFO - Setting next_dagrun for example_sla_dag to 2023-08-28T13:56:00+00:00, run_after=2023-08-28T13:58:00+00:00
[2023-08-28T13:58:42.739+0000] {processor.py:179} INFO - Processing /home/airflow/.local/lib/python3.8/site-packages/airflow/example_dags/example_sla_dag.py took 0.692 seconds
[2023-08-28T13:59:57.781+0000] {processor.py:157} INFO - Started process (PID=496) to work on /home/airflow/.local/lib/python3.8/site-packages/airflow/example_dags/example_sla_dag.py
[2023-08-28T13:59:58.119+0000] {processor.py:829} INFO - Processing file /home/airflow/.local/lib/python3.8/site-packages/airflow/example_dags/example_sla_dag.py for tasks to queue
[2023-08-28T13:59:58.186+0000] {logging_mixin.py:151} INFO - [2023-08-28T13:59:58.173+0000] {dagbag.py:539} INFO - Filling up the DagBag from /home/airflow/.local/lib/python3.8/site-packages/airflow/example_dags/example_sla_dag.py
[2023-08-28T13:59:59.031+0000] {processor.py:839} INFO - DAG(s) dict_keys(['example_sla_dag']) retrieved from /home/airflow/.local/lib/python3.8/site-packages/airflow/example_dags/example_sla_dag.py
[2023-08-28T13:59:59.571+0000] {logging_mixin.py:151} INFO - [2023-08-28T13:59:59.549+0000] {dag.py:2907} INFO - Sync 1 DAGs
[2023-08-28T14:00:00.362+0000] {logging_mixin.py:151} INFO - [2023-08-28T14:00:00.361+0000] {dag.py:3677} INFO - Setting next_dagrun for example_sla_dag to 2023-08-28T13:58:00+00:00, run_after=2023-08-28T14:00:00+00:00
[2023-08-28T14:00:02.358+0000] {processor.py:179} INFO - Processing /home/airflow/.local/lib/python3.8/site-packages/airflow/example_dags/example_sla_dag.py took 4.891 seconds
[2023-08-28T14:01:14.436+0000] {processor.py:157} INFO - Started process (PID=544) to work on /home/airflow/.local/lib/python3.8/site-packages/airflow/example_dags/example_sla_dag.py
[2023-08-28T14:01:14.444+0000] {processor.py:829} INFO - Processing file /home/airflow/.local/lib/python3.8/site-packages/airflow/example_dags/example_sla_dag.py for tasks to queue
[2023-08-28T14:01:14.464+0000] {logging_mixin.py:151} INFO - [2023-08-28T14:01:14.462+0000] {dagbag.py:539} INFO - Filling up the DagBag from /home/airflow/.local/lib/python3.8/site-packages/airflow/example_dags/example_sla_dag.py
[2023-08-28T14:01:14.549+0000] {processor.py:839} INFO - DAG(s) dict_keys(['example_sla_dag']) retrieved from /home/airflow/.local/lib/python3.8/site-packages/airflow/example_dags/example_sla_dag.py
[2023-08-28T14:01:14.675+0000] {logging_mixin.py:151} INFO - [2023-08-28T14:01:14.675+0000] {dag.py:2907} INFO - Sync 1 DAGs
[2023-08-28T14:01:14.817+0000] {logging_mixin.py:151} INFO - [2023-08-28T14:01:14.816+0000] {dag.py:3677} INFO - Setting next_dagrun for example_sla_dag to 2023-08-28T13:58:00+00:00, run_after=2023-08-28T14:00:00+00:00
[2023-08-28T14:01:14.936+0000] {processor.py:179} INFO - Processing /home/airflow/.local/lib/python3.8/site-packages/airflow/example_dags/example_sla_dag.py took 0.535 seconds
[2023-08-28T14:01:45.834+0000] {processor.py:157} INFO - Started process (PID=599) to work on /home/airflow/.local/lib/python3.8/site-packages/airflow/example_dags/example_sla_dag.py
[2023-08-28T14:01:45.843+0000] {processor.py:829} INFO - Processing file /home/airflow/.local/lib/python3.8/site-packages/airflow/example_dags/example_sla_dag.py for tasks to queue
[2023-08-28T14:01:45.857+0000] {logging_mixin.py:151} INFO - [2023-08-28T14:01:45.856+0000] {dagbag.py:539} INFO - Filling up the DagBag from /home/airflow/.local/lib/python3.8/site-packages/airflow/example_dags/example_sla_dag.py
[2023-08-28T14:01:46.006+0000] {processor.py:839} INFO - DAG(s) dict_keys(['example_sla_dag']) retrieved from /home/airflow/.local/lib/python3.8/site-packages/airflow/example_dags/example_sla_dag.py
[2023-08-28T14:01:46.175+0000] {logging_mixin.py:151} INFO - [2023-08-28T14:01:46.174+0000] {dag.py:2907} INFO - Sync 1 DAGs
[2023-08-28T14:01:46.448+0000] {logging_mixin.py:151} INFO - [2023-08-28T14:01:46.448+0000] {dag.py:3677} INFO - Setting next_dagrun for example_sla_dag to 2023-08-28T13:58:00+00:00, run_after=2023-08-28T14:00:00+00:00
[2023-08-28T14:01:46.736+0000] {processor.py:179} INFO - Processing /home/airflow/.local/lib/python3.8/site-packages/airflow/example_dags/example_sla_dag.py took 0.980 seconds
[2023-08-28T14:02:50.500+0000] {processor.py:157} INFO - Started process (PID=661) to work on /home/airflow/.local/lib/python3.8/site-packages/airflow/example_dags/example_sla_dag.py
[2023-08-28T14:02:50.596+0000] {processor.py:829} INFO - Processing file /home/airflow/.local/lib/python3.8/site-packages/airflow/example_dags/example_sla_dag.py for tasks to queue
[2023-08-28T14:02:50.804+0000] {logging_mixin.py:151} INFO - [2023-08-28T14:02:50.788+0000] {dagbag.py:539} INFO - Filling up the DagBag from /home/airflow/.local/lib/python3.8/site-packages/airflow/example_dags/example_sla_dag.py
[2023-08-28T14:02:51.485+0000] {processor.py:839} INFO - DAG(s) dict_keys(['example_sla_dag']) retrieved from /home/airflow/.local/lib/python3.8/site-packages/airflow/example_dags/example_sla_dag.py
[2023-08-28T14:02:52.480+0000] {logging_mixin.py:151} INFO - [2023-08-28T14:02:52.479+0000] {dag.py:2907} INFO - Sync 1 DAGs
[2023-08-28T14:02:53.705+0000] {logging_mixin.py:151} INFO - [2023-08-28T14:02:53.701+0000] {dag.py:3677} INFO - Setting next_dagrun for example_sla_dag to 2023-08-28T14:00:00+00:00, run_after=2023-08-28T14:02:00+00:00
[2023-08-28T14:02:54.380+0000] {processor.py:179} INFO - Processing /home/airflow/.local/lib/python3.8/site-packages/airflow/example_dags/example_sla_dag.py took 5.106 seconds
[2023-08-28T14:04:12.528+0000] {processor.py:157} INFO - Started process (PID=735) to work on /home/airflow/.local/lib/python3.8/site-packages/airflow/example_dags/example_sla_dag.py
[2023-08-28T14:04:12.538+0000] {processor.py:829} INFO - Processing file /home/airflow/.local/lib/python3.8/site-packages/airflow/example_dags/example_sla_dag.py for tasks to queue
[2023-08-28T14:04:12.560+0000] {logging_mixin.py:151} INFO - [2023-08-28T14:04:12.559+0000] {dagbag.py:539} INFO - Filling up the DagBag from /home/airflow/.local/lib/python3.8/site-packages/airflow/example_dags/example_sla_dag.py
[2023-08-28T14:04:12.645+0000] {processor.py:839} INFO - DAG(s) dict_keys(['example_sla_dag']) retrieved from /home/airflow/.local/lib/python3.8/site-packages/airflow/example_dags/example_sla_dag.py
[2023-08-28T14:04:12.753+0000] {logging_mixin.py:151} INFO - [2023-08-28T14:04:12.753+0000] {dag.py:2907} INFO - Sync 1 DAGs
[2023-08-28T14:04:12.960+0000] {logging_mixin.py:151} INFO - [2023-08-28T14:04:12.959+0000] {dag.py:3677} INFO - Setting next_dagrun for example_sla_dag to 2023-08-28T14:02:00+00:00, run_after=2023-08-28T14:04:00+00:00
[2023-08-28T14:04:13.063+0000] {processor.py:179} INFO - Processing /home/airflow/.local/lib/python3.8/site-packages/airflow/example_dags/example_sla_dag.py took 0.555 seconds
[2023-08-28T14:05:56.622+0000] {processor.py:157} INFO - Started process (PID=813) to work on /home/airflow/.local/lib/python3.8/site-packages/airflow/example_dags/example_sla_dag.py
[2023-08-28T14:05:56.659+0000] {processor.py:829} INFO - Processing file /home/airflow/.local/lib/python3.8/site-packages/airflow/example_dags/example_sla_dag.py for tasks to queue
[2023-08-28T14:05:56.724+0000] {logging_mixin.py:151} INFO - [2023-08-28T14:05:56.703+0000] {dagbag.py:539} INFO - Filling up the DagBag from /home/airflow/.local/lib/python3.8/site-packages/airflow/example_dags/example_sla_dag.py
[2023-08-28T14:05:57.031+0000] {processor.py:839} INFO - DAG(s) dict_keys(['example_sla_dag']) retrieved from /home/airflow/.local/lib/python3.8/site-packages/airflow/example_dags/example_sla_dag.py
[2023-08-28T14:05:58.123+0000] {logging_mixin.py:151} INFO - [2023-08-28T14:05:58.122+0000] {dag.py:2907} INFO - Sync 1 DAGs
[2023-08-28T14:05:59.215+0000] {logging_mixin.py:151} INFO - [2023-08-28T14:05:59.215+0000] {dag.py:3677} INFO - Setting next_dagrun for example_sla_dag to 2023-08-28T14:02:00+00:00, run_after=2023-08-28T14:04:00+00:00
[2023-08-28T14:05:59.453+0000] {processor.py:179} INFO - Processing /home/airflow/.local/lib/python3.8/site-packages/airflow/example_dags/example_sla_dag.py took 2.906 seconds
[2023-08-28T14:06:30.564+0000] {processor.py:157} INFO - Started process (PID=868) to work on /home/airflow/.local/lib/python3.8/site-packages/airflow/example_dags/example_sla_dag.py
[2023-08-28T14:06:30.624+0000] {processor.py:829} INFO - Processing file /home/airflow/.local/lib/python3.8/site-packages/airflow/example_dags/example_sla_dag.py for tasks to queue
[2023-08-28T14:06:30.793+0000] {logging_mixin.py:151} INFO - [2023-08-28T14:06:30.792+0000] {dagbag.py:539} INFO - Filling up the DagBag from /home/airflow/.local/lib/python3.8/site-packages/airflow/example_dags/example_sla_dag.py
[2023-08-28T14:06:30.991+0000] {processor.py:839} INFO - DAG(s) dict_keys(['example_sla_dag']) retrieved from /home/airflow/.local/lib/python3.8/site-packages/airflow/example_dags/example_sla_dag.py
[2023-08-28T14:06:31.251+0000] {logging_mixin.py:151} INFO - [2023-08-28T14:06:31.251+0000] {dag.py:2907} INFO - Sync 1 DAGs
[2023-08-28T14:06:31.699+0000] {logging_mixin.py:151} INFO - [2023-08-28T14:06:31.698+0000] {dag.py:3677} INFO - Setting next_dagrun for example_sla_dag to 2023-08-28T14:04:00+00:00, run_after=2023-08-28T14:06:00+00:00
[2023-08-28T14:06:32.025+0000] {processor.py:179} INFO - Processing /home/airflow/.local/lib/python3.8/site-packages/airflow/example_dags/example_sla_dag.py took 1.570 seconds
[2023-08-28T14:11:44.574+0000] {processor.py:157} INFO - Started process (PID=958) to work on /home/airflow/.local/lib/python3.8/site-packages/airflow/example_dags/example_sla_dag.py
[2023-08-28T14:11:44.837+0000] {processor.py:829} INFO - Processing file /home/airflow/.local/lib/python3.8/site-packages/airflow/example_dags/example_sla_dag.py for tasks to queue
[2023-08-28T14:11:45.039+0000] {logging_mixin.py:151} INFO - [2023-08-28T14:11:44.886+0000] {dagbag.py:539} INFO - Filling up the DagBag from /home/airflow/.local/lib/python3.8/site-packages/airflow/example_dags/example_sla_dag.py
[2023-08-28T14:11:50.532+0000] {processor.py:839} INFO - DAG(s) dict_keys(['example_sla_dag']) retrieved from /home/airflow/.local/lib/python3.8/site-packages/airflow/example_dags/example_sla_dag.py
[2023-08-28T14:11:58.085+0000] {logging_mixin.py:151} INFO - [2023-08-28T14:11:57.992+0000] {dag.py:2907} INFO - Sync 1 DAGs
[2023-08-28T14:12:04.545+0000] {logging_mixin.py:151} INFO - [2023-08-28T14:12:04.043+0000] {dag.py:3677} INFO - Setting next_dagrun for example_sla_dag to 2023-08-28T14:10:00+00:00, run_after=2023-08-28T14:12:00+00:00
[2023-08-28T14:12:06.208+0000] {processor.py:179} INFO - Processing /home/airflow/.local/lib/python3.8/site-packages/airflow/example_dags/example_sla_dag.py took 23.109 seconds
