[2023-08-28T13:51:19.678+0000] {processor.py:157} INFO - Started process (PID=138) to work on /home/airflow/.local/lib/python3.8/site-packages/airflow/example_dags/example_setup_teardown.py
[2023-08-28T13:51:19.737+0000] {processor.py:829} INFO - Processing file /home/airflow/.local/lib/python3.8/site-packages/airflow/example_dags/example_setup_teardown.py for tasks to queue
[2023-08-28T13:51:19.797+0000] {logging_mixin.py:151} INFO - [2023-08-28T13:51:19.796+0000] {dagbag.py:539} INFO - Filling up the DagBag from /home/airflow/.local/lib/python3.8/site-packages/airflow/example_dags/example_setup_teardown.py
[2023-08-28T13:51:20.228+0000] {processor.py:839} INFO - DAG(s) dict_keys(['example_setup_teardown']) retrieved from /home/airflow/.local/lib/python3.8/site-packages/airflow/example_dags/example_setup_teardown.py
[2023-08-28T13:51:22.718+0000] {logging_mixin.py:151} INFO - [2023-08-28T13:51:22.717+0000] {manager.py:501} INFO - Created Permission View: can read on DAG:example_setup_teardown
[2023-08-28T13:51:22.856+0000] {logging_mixin.py:151} INFO - [2023-08-28T13:51:22.856+0000] {manager.py:501} INFO - Created Permission View: can edit on DAG:example_setup_teardown
[2023-08-28T13:51:23.051+0000] {logging_mixin.py:151} INFO - [2023-08-28T13:51:23.051+0000] {manager.py:501} INFO - Created Permission View: can delete on DAG:example_setup_teardown
[2023-08-28T13:51:23.491+0000] {logging_mixin.py:151} INFO - [2023-08-28T13:51:23.490+0000] {dag.py:2907} INFO - Sync 1 DAGs
[2023-08-28T13:51:27.392+0000] {logging_mixin.py:151} INFO - [2023-08-28T13:51:27.292+0000] {dag.py:2929} INFO - Creating ORM DAG for example_setup_teardown
[2023-08-28T13:51:28.098+0000] {logging_mixin.py:151} INFO - [2023-08-28T13:51:28.096+0000] {dag.py:3677} INFO - Setting next_dagrun for example_setup_teardown to 2023-08-27T13:51:28.082092+00:00, run_after=2023-08-28T13:51:28.082092+00:00
[2023-08-28T13:51:30.625+0000] {processor.py:179} INFO - Processing /home/airflow/.local/lib/python3.8/site-packages/airflow/example_dags/example_setup_teardown.py took 11.053 seconds
[2023-08-28T13:55:46.806+0000] {processor.py:157} INFO - Started process (PID=240) to work on /home/airflow/.local/lib/python3.8/site-packages/airflow/example_dags/example_setup_teardown.py
[2023-08-28T13:55:46.834+0000] {processor.py:829} INFO - Processing file /home/airflow/.local/lib/python3.8/site-packages/airflow/example_dags/example_setup_teardown.py for tasks to queue
[2023-08-28T13:55:46.960+0000] {logging_mixin.py:151} INFO - [2023-08-28T13:55:46.927+0000] {dagbag.py:539} INFO - Filling up the DagBag from /home/airflow/.local/lib/python3.8/site-packages/airflow/example_dags/example_setup_teardown.py
[2023-08-28T13:55:47.219+0000] {processor.py:839} INFO - DAG(s) dict_keys(['example_setup_teardown']) retrieved from /home/airflow/.local/lib/python3.8/site-packages/airflow/example_dags/example_setup_teardown.py
[2023-08-28T13:55:47.636+0000] {logging_mixin.py:151} INFO - [2023-08-28T13:55:47.635+0000] {dag.py:2907} INFO - Sync 1 DAGs
[2023-08-28T13:55:47.981+0000] {logging_mixin.py:151} INFO - [2023-08-28T13:55:47.981+0000] {dag.py:3677} INFO - Setting next_dagrun for example_setup_teardown to 2023-08-27T13:55:47.980742+00:00, run_after=2023-08-28T13:55:47.980742+00:00
[2023-08-28T13:55:48.136+0000] {processor.py:179} INFO - Processing /home/airflow/.local/lib/python3.8/site-packages/airflow/example_dags/example_setup_teardown.py took 1.505 seconds
[2023-08-28T13:56:49.103+0000] {processor.py:157} INFO - Started process (PID=296) to work on /home/airflow/.local/lib/python3.8/site-packages/airflow/example_dags/example_setup_teardown.py
[2023-08-28T13:56:49.190+0000] {processor.py:829} INFO - Processing file /home/airflow/.local/lib/python3.8/site-packages/airflow/example_dags/example_setup_teardown.py for tasks to queue
[2023-08-28T13:56:49.267+0000] {logging_mixin.py:151} INFO - [2023-08-28T13:56:49.267+0000] {dagbag.py:539} INFO - Filling up the DagBag from /home/airflow/.local/lib/python3.8/site-packages/airflow/example_dags/example_setup_teardown.py
[2023-08-28T13:56:49.514+0000] {processor.py:839} INFO - DAG(s) dict_keys(['example_setup_teardown']) retrieved from /home/airflow/.local/lib/python3.8/site-packages/airflow/example_dags/example_setup_teardown.py
[2023-08-28T13:56:50.458+0000] {logging_mixin.py:151} INFO - [2023-08-28T13:56:50.412+0000] {dag.py:2907} INFO - Sync 1 DAGs
[2023-08-28T13:56:50.845+0000] {logging_mixin.py:151} INFO - [2023-08-28T13:56:50.845+0000] {dag.py:3677} INFO - Setting next_dagrun for example_setup_teardown to 2023-08-27T13:56:50.844578+00:00, run_after=2023-08-28T13:56:50.844578+00:00
[2023-08-28T13:56:51.238+0000] {processor.py:179} INFO - Processing /home/airflow/.local/lib/python3.8/site-packages/airflow/example_dags/example_setup_teardown.py took 2.242 seconds
[2023-08-28T13:57:33.615+0000] {processor.py:157} INFO - Started process (PID=352) to work on /home/airflow/.local/lib/python3.8/site-packages/airflow/example_dags/example_setup_teardown.py
[2023-08-28T13:57:33.631+0000] {processor.py:829} INFO - Processing file /home/airflow/.local/lib/python3.8/site-packages/airflow/example_dags/example_setup_teardown.py for tasks to queue
[2023-08-28T13:57:33.659+0000] {logging_mixin.py:151} INFO - [2023-08-28T13:57:33.658+0000] {dagbag.py:539} INFO - Filling up the DagBag from /home/airflow/.local/lib/python3.8/site-packages/airflow/example_dags/example_setup_teardown.py
[2023-08-28T13:57:33.762+0000] {processor.py:839} INFO - DAG(s) dict_keys(['example_setup_teardown']) retrieved from /home/airflow/.local/lib/python3.8/site-packages/airflow/example_dags/example_setup_teardown.py
[2023-08-28T13:57:33.983+0000] {logging_mixin.py:151} INFO - [2023-08-28T13:57:33.983+0000] {dag.py:2907} INFO - Sync 1 DAGs
[2023-08-28T13:57:34.267+0000] {logging_mixin.py:151} INFO - [2023-08-28T13:57:34.260+0000] {dag.py:3677} INFO - Setting next_dagrun for example_setup_teardown to 2023-08-27T13:57:34.259254+00:00, run_after=2023-08-28T13:57:34.259254+00:00
[2023-08-28T13:57:34.471+0000] {processor.py:179} INFO - Processing /home/airflow/.local/lib/python3.8/site-packages/airflow/example_dags/example_setup_teardown.py took 0.939 seconds
[2023-08-28T13:58:12.950+0000] {processor.py:157} INFO - Started process (PID=396) to work on /home/airflow/.local/lib/python3.8/site-packages/airflow/example_dags/example_setup_teardown.py
[2023-08-28T13:58:12.999+0000] {processor.py:829} INFO - Processing file /home/airflow/.local/lib/python3.8/site-packages/airflow/example_dags/example_setup_teardown.py for tasks to queue
[2023-08-28T13:58:13.065+0000] {logging_mixin.py:151} INFO - [2023-08-28T13:58:13.051+0000] {dagbag.py:539} INFO - Filling up the DagBag from /home/airflow/.local/lib/python3.8/site-packages/airflow/example_dags/example_setup_teardown.py
[2023-08-28T13:58:13.192+0000] {processor.py:839} INFO - DAG(s) dict_keys(['example_setup_teardown']) retrieved from /home/airflow/.local/lib/python3.8/site-packages/airflow/example_dags/example_setup_teardown.py
[2023-08-28T13:58:13.426+0000] {logging_mixin.py:151} INFO - [2023-08-28T13:58:13.425+0000] {dag.py:2907} INFO - Sync 1 DAGs
[2023-08-28T13:58:13.735+0000] {logging_mixin.py:151} INFO - [2023-08-28T13:58:13.735+0000] {dag.py:3677} INFO - Setting next_dagrun for example_setup_teardown to 2023-08-27T13:58:13.734595+00:00, run_after=2023-08-28T13:58:13.734595+00:00
[2023-08-28T13:58:13.931+0000] {processor.py:179} INFO - Processing /home/airflow/.local/lib/python3.8/site-packages/airflow/example_dags/example_setup_teardown.py took 1.061 seconds
[2023-08-28T13:58:49.650+0000] {processor.py:157} INFO - Started process (PID=449) to work on /home/airflow/.local/lib/python3.8/site-packages/airflow/example_dags/example_setup_teardown.py
[2023-08-28T13:58:49.664+0000] {processor.py:829} INFO - Processing file /home/airflow/.local/lib/python3.8/site-packages/airflow/example_dags/example_setup_teardown.py for tasks to queue
[2023-08-28T13:58:49.687+0000] {logging_mixin.py:151} INFO - [2023-08-28T13:58:49.684+0000] {dagbag.py:539} INFO - Filling up the DagBag from /home/airflow/.local/lib/python3.8/site-packages/airflow/example_dags/example_setup_teardown.py
[2023-08-28T13:58:49.752+0000] {processor.py:839} INFO - DAG(s) dict_keys(['example_setup_teardown']) retrieved from /home/airflow/.local/lib/python3.8/site-packages/airflow/example_dags/example_setup_teardown.py
[2023-08-28T13:58:49.845+0000] {logging_mixin.py:151} INFO - [2023-08-28T13:58:49.845+0000] {dag.py:2907} INFO - Sync 1 DAGs
[2023-08-28T13:58:49.988+0000] {logging_mixin.py:151} INFO - [2023-08-28T13:58:49.988+0000] {dag.py:3677} INFO - Setting next_dagrun for example_setup_teardown to 2023-08-27T13:58:49.983011+00:00, run_after=2023-08-28T13:58:49.983011+00:00
[2023-08-28T13:58:50.158+0000] {processor.py:179} INFO - Processing /home/airflow/.local/lib/python3.8/site-packages/airflow/example_dags/example_setup_teardown.py took 0.522 seconds
[2023-08-28T14:01:05.658+0000] {processor.py:157} INFO - Started process (PID=535) to work on /home/airflow/.local/lib/python3.8/site-packages/airflow/example_dags/example_setup_teardown.py
[2023-08-28T14:01:05.672+0000] {processor.py:829} INFO - Processing file /home/airflow/.local/lib/python3.8/site-packages/airflow/example_dags/example_setup_teardown.py for tasks to queue
[2023-08-28T14:01:05.695+0000] {logging_mixin.py:151} INFO - [2023-08-28T14:01:05.693+0000] {dagbag.py:539} INFO - Filling up the DagBag from /home/airflow/.local/lib/python3.8/site-packages/airflow/example_dags/example_setup_teardown.py
[2023-08-28T14:01:05.972+0000] {processor.py:839} INFO - DAG(s) dict_keys(['example_setup_teardown']) retrieved from /home/airflow/.local/lib/python3.8/site-packages/airflow/example_dags/example_setup_teardown.py
[2023-08-28T14:01:06.256+0000] {logging_mixin.py:151} INFO - [2023-08-28T14:01:06.255+0000] {dag.py:2907} INFO - Sync 1 DAGs
[2023-08-28T14:01:06.518+0000] {logging_mixin.py:151} INFO - [2023-08-28T14:01:06.517+0000] {dag.py:3677} INFO - Setting next_dagrun for example_setup_teardown to 2023-08-27T14:01:06.516723+00:00, run_after=2023-08-28T14:01:06.516723+00:00
[2023-08-28T14:01:06.842+0000] {processor.py:179} INFO - Processing /home/airflow/.local/lib/python3.8/site-packages/airflow/example_dags/example_setup_teardown.py took 1.224 seconds
[2023-08-28T14:01:38.733+0000] {processor.py:157} INFO - Started process (PID=590) to work on /home/airflow/.local/lib/python3.8/site-packages/airflow/example_dags/example_setup_teardown.py
[2023-08-28T14:01:38.750+0000] {processor.py:829} INFO - Processing file /home/airflow/.local/lib/python3.8/site-packages/airflow/example_dags/example_setup_teardown.py for tasks to queue
[2023-08-28T14:01:38.772+0000] {logging_mixin.py:151} INFO - [2023-08-28T14:01:38.769+0000] {dagbag.py:539} INFO - Filling up the DagBag from /home/airflow/.local/lib/python3.8/site-packages/airflow/example_dags/example_setup_teardown.py
[2023-08-28T14:01:38.824+0000] {processor.py:839} INFO - DAG(s) dict_keys(['example_setup_teardown']) retrieved from /home/airflow/.local/lib/python3.8/site-packages/airflow/example_dags/example_setup_teardown.py
[2023-08-28T14:01:38.896+0000] {logging_mixin.py:151} INFO - [2023-08-28T14:01:38.896+0000] {dag.py:2907} INFO - Sync 1 DAGs
[2023-08-28T14:01:39.118+0000] {logging_mixin.py:151} INFO - [2023-08-28T14:01:39.117+0000] {dag.py:3677} INFO - Setting next_dagrun for example_setup_teardown to 2023-08-27T14:01:39.116897+00:00, run_after=2023-08-28T14:01:39.116897+00:00
[2023-08-28T14:01:39.249+0000] {processor.py:179} INFO - Processing /home/airflow/.local/lib/python3.8/site-packages/airflow/example_dags/example_setup_teardown.py took 0.553 seconds
[2023-08-28T14:02:16.616+0000] {processor.py:157} INFO - Started process (PID=645) to work on /home/airflow/.local/lib/python3.8/site-packages/airflow/example_dags/example_setup_teardown.py
[2023-08-28T14:02:16.645+0000] {processor.py:829} INFO - Processing file /home/airflow/.local/lib/python3.8/site-packages/airflow/example_dags/example_setup_teardown.py for tasks to queue
[2023-08-28T14:02:16.772+0000] {logging_mixin.py:151} INFO - [2023-08-28T14:02:16.745+0000] {dagbag.py:539} INFO - Filling up the DagBag from /home/airflow/.local/lib/python3.8/site-packages/airflow/example_dags/example_setup_teardown.py
[2023-08-28T14:02:17.045+0000] {processor.py:839} INFO - DAG(s) dict_keys(['example_setup_teardown']) retrieved from /home/airflow/.local/lib/python3.8/site-packages/airflow/example_dags/example_setup_teardown.py
[2023-08-28T14:02:17.748+0000] {logging_mixin.py:151} INFO - [2023-08-28T14:02:17.746+0000] {dag.py:2907} INFO - Sync 1 DAGs
[2023-08-28T14:02:18.071+0000] {logging_mixin.py:151} INFO - [2023-08-28T14:02:18.071+0000] {dag.py:3677} INFO - Setting next_dagrun for example_setup_teardown to 2023-08-27T14:02:18.069073+00:00, run_after=2023-08-28T14:02:18.069073+00:00
[2023-08-28T14:02:18.197+0000] {processor.py:179} INFO - Processing /home/airflow/.local/lib/python3.8/site-packages/airflow/example_dags/example_setup_teardown.py took 1.665 seconds
[2023-08-28T14:03:38.354+0000] {processor.py:157} INFO - Started process (PID=695) to work on /home/airflow/.local/lib/python3.8/site-packages/airflow/example_dags/example_setup_teardown.py
[2023-08-28T14:03:38.359+0000] {processor.py:829} INFO - Processing file /home/airflow/.local/lib/python3.8/site-packages/airflow/example_dags/example_setup_teardown.py for tasks to queue
[2023-08-28T14:03:38.372+0000] {logging_mixin.py:151} INFO - [2023-08-28T14:03:38.370+0000] {dagbag.py:539} INFO - Filling up the DagBag from /home/airflow/.local/lib/python3.8/site-packages/airflow/example_dags/example_setup_teardown.py
[2023-08-28T14:03:38.397+0000] {processor.py:839} INFO - DAG(s) dict_keys(['example_setup_teardown']) retrieved from /home/airflow/.local/lib/python3.8/site-packages/airflow/example_dags/example_setup_teardown.py
[2023-08-28T14:03:38.480+0000] {logging_mixin.py:151} INFO - [2023-08-28T14:03:38.479+0000] {dag.py:2907} INFO - Sync 1 DAGs
[2023-08-28T14:03:38.606+0000] {logging_mixin.py:151} INFO - [2023-08-28T14:03:38.606+0000] {dag.py:3677} INFO - Setting next_dagrun for example_setup_teardown to 2023-08-27T14:03:38.605778+00:00, run_after=2023-08-28T14:03:38.605778+00:00
[2023-08-28T14:03:38.694+0000] {processor.py:179} INFO - Processing /home/airflow/.local/lib/python3.8/site-packages/airflow/example_dags/example_setup_teardown.py took 0.367 seconds
[2023-08-28T14:04:19.539+0000] {processor.py:157} INFO - Started process (PID=750) to work on /home/airflow/.local/lib/python3.8/site-packages/airflow/example_dags/example_setup_teardown.py
[2023-08-28T14:04:19.545+0000] {processor.py:829} INFO - Processing file /home/airflow/.local/lib/python3.8/site-packages/airflow/example_dags/example_setup_teardown.py for tasks to queue
[2023-08-28T14:04:19.618+0000] {logging_mixin.py:151} INFO - [2023-08-28T14:04:19.617+0000] {dagbag.py:539} INFO - Filling up the DagBag from /home/airflow/.local/lib/python3.8/site-packages/airflow/example_dags/example_setup_teardown.py
[2023-08-28T14:04:19.964+0000] {processor.py:839} INFO - DAG(s) dict_keys(['example_setup_teardown']) retrieved from /home/airflow/.local/lib/python3.8/site-packages/airflow/example_dags/example_setup_teardown.py
[2023-08-28T14:04:20.098+0000] {logging_mixin.py:151} INFO - [2023-08-28T14:04:20.098+0000] {dag.py:2907} INFO - Sync 1 DAGs
[2023-08-28T14:04:20.346+0000] {logging_mixin.py:151} INFO - [2023-08-28T14:04:20.345+0000] {dag.py:3677} INFO - Setting next_dagrun for example_setup_teardown to 2023-08-27T14:04:20.345152+00:00, run_after=2023-08-28T14:04:20.345152+00:00
[2023-08-28T14:04:20.495+0000] {processor.py:179} INFO - Processing /home/airflow/.local/lib/python3.8/site-packages/airflow/example_dags/example_setup_teardown.py took 1.023 seconds
[2023-08-28T14:05:41.269+0000] {processor.py:157} INFO - Started process (PID=797) to work on /home/airflow/.local/lib/python3.8/site-packages/airflow/example_dags/example_setup_teardown.py
[2023-08-28T14:05:41.286+0000] {processor.py:829} INFO - Processing file /home/airflow/.local/lib/python3.8/site-packages/airflow/example_dags/example_setup_teardown.py for tasks to queue
[2023-08-28T14:05:41.372+0000] {logging_mixin.py:151} INFO - [2023-08-28T14:05:41.371+0000] {dagbag.py:539} INFO - Filling up the DagBag from /home/airflow/.local/lib/python3.8/site-packages/airflow/example_dags/example_setup_teardown.py
[2023-08-28T14:05:41.639+0000] {processor.py:839} INFO - DAG(s) dict_keys(['example_setup_teardown']) retrieved from /home/airflow/.local/lib/python3.8/site-packages/airflow/example_dags/example_setup_teardown.py
[2023-08-28T14:05:42.224+0000] {logging_mixin.py:151} INFO - [2023-08-28T14:05:42.218+0000] {dag.py:2907} INFO - Sync 1 DAGs
[2023-08-28T14:05:43.434+0000] {logging_mixin.py:151} INFO - [2023-08-28T14:05:43.432+0000] {dag.py:3677} INFO - Setting next_dagrun for example_setup_teardown to 2023-08-27T14:05:43.413544+00:00, run_after=2023-08-28T14:05:43.413544+00:00
[2023-08-28T14:05:43.941+0000] {processor.py:179} INFO - Processing /home/airflow/.local/lib/python3.8/site-packages/airflow/example_dags/example_setup_teardown.py took 2.832 seconds
[2023-08-28T14:06:20.969+0000] {processor.py:157} INFO - Started process (PID=859) to work on /home/airflow/.local/lib/python3.8/site-packages/airflow/example_dags/example_setup_teardown.py
[2023-08-28T14:06:20.988+0000] {processor.py:829} INFO - Processing file /home/airflow/.local/lib/python3.8/site-packages/airflow/example_dags/example_setup_teardown.py for tasks to queue
[2023-08-28T14:06:21.028+0000] {logging_mixin.py:151} INFO - [2023-08-28T14:06:21.022+0000] {dagbag.py:539} INFO - Filling up the DagBag from /home/airflow/.local/lib/python3.8/site-packages/airflow/example_dags/example_setup_teardown.py
[2023-08-28T14:06:21.172+0000] {processor.py:839} INFO - DAG(s) dict_keys(['example_setup_teardown']) retrieved from /home/airflow/.local/lib/python3.8/site-packages/airflow/example_dags/example_setup_teardown.py
[2023-08-28T14:06:21.358+0000] {logging_mixin.py:151} INFO - [2023-08-28T14:06:21.358+0000] {dag.py:2907} INFO - Sync 1 DAGs
[2023-08-28T14:06:21.509+0000] {logging_mixin.py:151} INFO - [2023-08-28T14:06:21.508+0000] {dag.py:3677} INFO - Setting next_dagrun for example_setup_teardown to 2023-08-27T14:06:21.505397+00:00, run_after=2023-08-28T14:06:21.505397+00:00
[2023-08-28T14:06:21.651+0000] {processor.py:179} INFO - Processing /home/airflow/.local/lib/python3.8/site-packages/airflow/example_dags/example_setup_teardown.py took 0.721 seconds
[2023-08-28T14:09:52.775+0000] {processor.py:157} INFO - Started process (PID=935) to work on /home/airflow/.local/lib/python3.8/site-packages/airflow/example_dags/example_setup_teardown.py
[2023-08-28T14:09:52.860+0000] {processor.py:829} INFO - Processing file /home/airflow/.local/lib/python3.8/site-packages/airflow/example_dags/example_setup_teardown.py for tasks to queue
[2023-08-28T14:09:53.017+0000] {logging_mixin.py:151} INFO - [2023-08-28T14:09:53.016+0000] {dagbag.py:539} INFO - Filling up the DagBag from /home/airflow/.local/lib/python3.8/site-packages/airflow/example_dags/example_setup_teardown.py
[2023-08-28T14:09:56.105+0000] {processor.py:839} INFO - DAG(s) dict_keys(['example_setup_teardown']) retrieved from /home/airflow/.local/lib/python3.8/site-packages/airflow/example_dags/example_setup_teardown.py
[2023-08-28T14:09:58.921+0000] {logging_mixin.py:151} INFO - [2023-08-28T14:09:58.917+0000] {dag.py:2907} INFO - Sync 1 DAGs
[2023-08-28T14:10:01.665+0000] {logging_mixin.py:151} INFO - [2023-08-28T14:10:01.658+0000] {dag.py:3677} INFO - Setting next_dagrun for example_setup_teardown to 2023-08-27T14:10:01.617579+00:00, run_after=2023-08-28T14:10:01.617579+00:00
[2023-08-28T14:10:02.705+0000] {processor.py:179} INFO - Processing /home/airflow/.local/lib/python3.8/site-packages/airflow/example_dags/example_setup_teardown.py took 10.556 seconds
