[2023-08-28T13:52:48.061+0000] {processor.py:157} INFO - Started process (PID=163) to work on /home/airflow/.local/lib/python3.8/site-packages/airflow/example_dags/example_trigger_target_dag.py
[2023-08-28T13:52:48.074+0000] {processor.py:829} INFO - Processing file /home/airflow/.local/lib/python3.8/site-packages/airflow/example_dags/example_trigger_target_dag.py for tasks to queue
[2023-08-28T13:52:48.199+0000] {logging_mixin.py:151} INFO - [2023-08-28T13:52:48.198+0000] {dagbag.py:539} INFO - Filling up the DagBag from /home/airflow/.local/lib/python3.8/site-packages/airflow/example_dags/example_trigger_target_dag.py
[2023-08-28T13:52:48.862+0000] {processor.py:839} INFO - DAG(s) dict_keys(['example_trigger_target_dag']) retrieved from /home/airflow/.local/lib/python3.8/site-packages/airflow/example_dags/example_trigger_target_dag.py
[2023-08-28T13:52:53.322+0000] {logging_mixin.py:151} INFO - [2023-08-28T13:52:53.320+0000] {manager.py:501} INFO - Created Permission View: can read on DAG:example_trigger_target_dag
[2023-08-28T13:52:53.742+0000] {logging_mixin.py:151} INFO - [2023-08-28T13:52:53.742+0000] {manager.py:501} INFO - Created Permission View: can edit on DAG:example_trigger_target_dag
[2023-08-28T13:52:53.848+0000] {logging_mixin.py:151} INFO - [2023-08-28T13:52:53.826+0000] {manager.py:501} INFO - Created Permission View: can delete on DAG:example_trigger_target_dag
[2023-08-28T13:52:54.019+0000] {logging_mixin.py:151} INFO - [2023-08-28T13:52:54.009+0000] {dag.py:2907} INFO - Sync 1 DAGs
[2023-08-28T13:52:54.413+0000] {logging_mixin.py:151} INFO - [2023-08-28T13:52:54.413+0000] {dag.py:2929} INFO - Creating ORM DAG for example_trigger_target_dag
[2023-08-28T13:52:54.429+0000] {logging_mixin.py:151} INFO - [2023-08-28T13:52:54.428+0000] {dag.py:3677} INFO - Setting next_dagrun for example_trigger_target_dag to None, run_after=None
[2023-08-28T13:52:54.685+0000] {processor.py:179} INFO - Processing /home/airflow/.local/lib/python3.8/site-packages/airflow/example_dags/example_trigger_target_dag.py took 7.233 seconds
[2023-08-28T13:56:02.127+0000] {processor.py:157} INFO - Started process (PID=252) to work on /home/airflow/.local/lib/python3.8/site-packages/airflow/example_dags/example_trigger_target_dag.py
[2023-08-28T13:56:02.147+0000] {processor.py:829} INFO - Processing file /home/airflow/.local/lib/python3.8/site-packages/airflow/example_dags/example_trigger_target_dag.py for tasks to queue
[2023-08-28T13:56:02.189+0000] {logging_mixin.py:151} INFO - [2023-08-28T13:56:02.184+0000] {dagbag.py:539} INFO - Filling up the DagBag from /home/airflow/.local/lib/python3.8/site-packages/airflow/example_dags/example_trigger_target_dag.py
[2023-08-28T13:56:02.345+0000] {processor.py:839} INFO - DAG(s) dict_keys(['example_trigger_target_dag']) retrieved from /home/airflow/.local/lib/python3.8/site-packages/airflow/example_dags/example_trigger_target_dag.py
[2023-08-28T13:56:02.680+0000] {logging_mixin.py:151} INFO - [2023-08-28T13:56:02.680+0000] {dag.py:2907} INFO - Sync 1 DAGs
[2023-08-28T13:56:02.858+0000] {logging_mixin.py:151} INFO - [2023-08-28T13:56:02.858+0000] {dag.py:3677} INFO - Setting next_dagrun for example_trigger_target_dag to None, run_after=None
[2023-08-28T13:56:03.031+0000] {processor.py:179} INFO - Processing /home/airflow/.local/lib/python3.8/site-packages/airflow/example_dags/example_trigger_target_dag.py took 0.972 seconds
[2023-08-28T13:57:01.160+0000] {processor.py:157} INFO - Started process (PID=313) to work on /home/airflow/.local/lib/python3.8/site-packages/airflow/example_dags/example_trigger_target_dag.py
[2023-08-28T13:57:01.192+0000] {processor.py:829} INFO - Processing file /home/airflow/.local/lib/python3.8/site-packages/airflow/example_dags/example_trigger_target_dag.py for tasks to queue
[2023-08-28T13:57:01.297+0000] {logging_mixin.py:151} INFO - [2023-08-28T13:57:01.282+0000] {dagbag.py:539} INFO - Filling up the DagBag from /home/airflow/.local/lib/python3.8/site-packages/airflow/example_dags/example_trigger_target_dag.py
[2023-08-28T13:57:01.575+0000] {processor.py:839} INFO - DAG(s) dict_keys(['example_trigger_target_dag']) retrieved from /home/airflow/.local/lib/python3.8/site-packages/airflow/example_dags/example_trigger_target_dag.py
[2023-08-28T13:57:01.960+0000] {logging_mixin.py:151} INFO - [2023-08-28T13:57:01.960+0000] {dag.py:2907} INFO - Sync 1 DAGs
[2023-08-28T13:57:02.285+0000] {logging_mixin.py:151} INFO - [2023-08-28T13:57:02.282+0000] {dag.py:3677} INFO - Setting next_dagrun for example_trigger_target_dag to None, run_after=None
[2023-08-28T13:57:02.627+0000] {processor.py:179} INFO - Processing /home/airflow/.local/lib/python3.8/site-packages/airflow/example_dags/example_trigger_target_dag.py took 1.597 seconds
[2023-08-28T13:58:02.521+0000] {processor.py:157} INFO - Started process (PID=385) to work on /home/airflow/.local/lib/python3.8/site-packages/airflow/example_dags/example_trigger_target_dag.py
[2023-08-28T13:58:02.596+0000] {processor.py:829} INFO - Processing file /home/airflow/.local/lib/python3.8/site-packages/airflow/example_dags/example_trigger_target_dag.py for tasks to queue
[2023-08-28T13:58:02.653+0000] {logging_mixin.py:151} INFO - [2023-08-28T13:58:02.648+0000] {dagbag.py:539} INFO - Filling up the DagBag from /home/airflow/.local/lib/python3.8/site-packages/airflow/example_dags/example_trigger_target_dag.py
[2023-08-28T13:58:02.734+0000] {processor.py:839} INFO - DAG(s) dict_keys(['example_trigger_target_dag']) retrieved from /home/airflow/.local/lib/python3.8/site-packages/airflow/example_dags/example_trigger_target_dag.py
[2023-08-28T13:58:03.027+0000] {logging_mixin.py:151} INFO - [2023-08-28T13:58:03.013+0000] {dag.py:2907} INFO - Sync 1 DAGs
[2023-08-28T13:58:03.255+0000] {logging_mixin.py:151} INFO - [2023-08-28T13:58:03.254+0000] {dag.py:3677} INFO - Setting next_dagrun for example_trigger_target_dag to None, run_after=None
[2023-08-28T13:58:03.584+0000] {processor.py:179} INFO - Processing /home/airflow/.local/lib/python3.8/site-packages/airflow/example_dags/example_trigger_target_dag.py took 1.206 seconds
[2023-08-28T13:58:43.002+0000] {processor.py:157} INFO - Started process (PID=440) to work on /home/airflow/.local/lib/python3.8/site-packages/airflow/example_dags/example_trigger_target_dag.py
[2023-08-28T13:58:43.026+0000] {processor.py:829} INFO - Processing file /home/airflow/.local/lib/python3.8/site-packages/airflow/example_dags/example_trigger_target_dag.py for tasks to queue
[2023-08-28T13:58:43.063+0000] {logging_mixin.py:151} INFO - [2023-08-28T13:58:43.054+0000] {dagbag.py:539} INFO - Filling up the DagBag from /home/airflow/.local/lib/python3.8/site-packages/airflow/example_dags/example_trigger_target_dag.py
[2023-08-28T13:58:43.116+0000] {processor.py:839} INFO - DAG(s) dict_keys(['example_trigger_target_dag']) retrieved from /home/airflow/.local/lib/python3.8/site-packages/airflow/example_dags/example_trigger_target_dag.py
[2023-08-28T13:58:43.234+0000] {logging_mixin.py:151} INFO - [2023-08-28T13:58:43.233+0000] {dag.py:2907} INFO - Sync 1 DAGs
[2023-08-28T13:58:43.305+0000] {logging_mixin.py:151} INFO - [2023-08-28T13:58:43.304+0000] {dag.py:3677} INFO - Setting next_dagrun for example_trigger_target_dag to None, run_after=None
[2023-08-28T13:58:43.474+0000] {processor.py:179} INFO - Processing /home/airflow/.local/lib/python3.8/site-packages/airflow/example_dags/example_trigger_target_dag.py took 0.506 seconds
[2023-08-28T14:00:03.344+0000] {processor.py:157} INFO - Started process (PID=498) to work on /home/airflow/.local/lib/python3.8/site-packages/airflow/example_dags/example_trigger_target_dag.py
[2023-08-28T14:00:04.229+0000] {processor.py:829} INFO - Processing file /home/airflow/.local/lib/python3.8/site-packages/airflow/example_dags/example_trigger_target_dag.py for tasks to queue
[2023-08-28T14:00:04.453+0000] {logging_mixin.py:151} INFO - [2023-08-28T14:00:04.452+0000] {dagbag.py:539} INFO - Filling up the DagBag from /home/airflow/.local/lib/python3.8/site-packages/airflow/example_dags/example_trigger_target_dag.py
[2023-08-28T14:00:05.629+0000] {processor.py:839} INFO - DAG(s) dict_keys(['example_trigger_target_dag']) retrieved from /home/airflow/.local/lib/python3.8/site-packages/airflow/example_dags/example_trigger_target_dag.py
[2023-08-28T14:00:08.057+0000] {logging_mixin.py:151} INFO - [2023-08-28T14:00:08.054+0000] {dag.py:2907} INFO - Sync 1 DAGs
[2023-08-28T14:00:08.763+0000] {logging_mixin.py:151} INFO - [2023-08-28T14:00:08.752+0000] {dag.py:3677} INFO - Setting next_dagrun for example_trigger_target_dag to None, run_after=None
[2023-08-28T14:00:09.246+0000] {processor.py:179} INFO - Processing /home/airflow/.local/lib/python3.8/site-packages/airflow/example_dags/example_trigger_target_dag.py took 6.040 seconds
[2023-08-28T14:01:15.160+0000] {processor.py:157} INFO - Started process (PID=546) to work on /home/airflow/.local/lib/python3.8/site-packages/airflow/example_dags/example_trigger_target_dag.py
[2023-08-28T14:01:15.167+0000] {processor.py:829} INFO - Processing file /home/airflow/.local/lib/python3.8/site-packages/airflow/example_dags/example_trigger_target_dag.py for tasks to queue
[2023-08-28T14:01:15.189+0000] {logging_mixin.py:151} INFO - [2023-08-28T14:01:15.186+0000] {dagbag.py:539} INFO - Filling up the DagBag from /home/airflow/.local/lib/python3.8/site-packages/airflow/example_dags/example_trigger_target_dag.py
[2023-08-28T14:01:15.231+0000] {processor.py:839} INFO - DAG(s) dict_keys(['example_trigger_target_dag']) retrieved from /home/airflow/.local/lib/python3.8/site-packages/airflow/example_dags/example_trigger_target_dag.py
[2023-08-28T14:01:15.380+0000] {logging_mixin.py:151} INFO - [2023-08-28T14:01:15.380+0000] {dag.py:2907} INFO - Sync 1 DAGs
[2023-08-28T14:01:15.448+0000] {logging_mixin.py:151} INFO - [2023-08-28T14:01:15.447+0000] {dag.py:3677} INFO - Setting next_dagrun for example_trigger_target_dag to None, run_after=None
[2023-08-28T14:01:15.613+0000] {processor.py:179} INFO - Processing /home/airflow/.local/lib/python3.8/site-packages/airflow/example_dags/example_trigger_target_dag.py took 0.479 seconds
[2023-08-28T14:01:47.734+0000] {processor.py:157} INFO - Started process (PID=601) to work on /home/airflow/.local/lib/python3.8/site-packages/airflow/example_dags/example_trigger_target_dag.py
[2023-08-28T14:01:47.746+0000] {processor.py:829} INFO - Processing file /home/airflow/.local/lib/python3.8/site-packages/airflow/example_dags/example_trigger_target_dag.py for tasks to queue
[2023-08-28T14:01:47.770+0000] {logging_mixin.py:151} INFO - [2023-08-28T14:01:47.769+0000] {dagbag.py:539} INFO - Filling up the DagBag from /home/airflow/.local/lib/python3.8/site-packages/airflow/example_dags/example_trigger_target_dag.py
[2023-08-28T14:01:47.805+0000] {processor.py:839} INFO - DAG(s) dict_keys(['example_trigger_target_dag']) retrieved from /home/airflow/.local/lib/python3.8/site-packages/airflow/example_dags/example_trigger_target_dag.py
[2023-08-28T14:01:47.921+0000] {logging_mixin.py:151} INFO - [2023-08-28T14:01:47.920+0000] {dag.py:2907} INFO - Sync 1 DAGs
[2023-08-28T14:01:47.962+0000] {logging_mixin.py:151} INFO - [2023-08-28T14:01:47.962+0000] {dag.py:3677} INFO - Setting next_dagrun for example_trigger_target_dag to None, run_after=None
[2023-08-28T14:01:48.032+0000] {processor.py:179} INFO - Processing /home/airflow/.local/lib/python3.8/site-packages/airflow/example_dags/example_trigger_target_dag.py took 0.313 seconds
[2023-08-28T14:02:55.638+0000] {processor.py:157} INFO - Started process (PID=669) to work on /home/airflow/.local/lib/python3.8/site-packages/airflow/example_dags/example_trigger_target_dag.py
[2023-08-28T14:02:55.713+0000] {processor.py:829} INFO - Processing file /home/airflow/.local/lib/python3.8/site-packages/airflow/example_dags/example_trigger_target_dag.py for tasks to queue
[2023-08-28T14:02:55.903+0000] {logging_mixin.py:151} INFO - [2023-08-28T14:02:55.894+0000] {dagbag.py:539} INFO - Filling up the DagBag from /home/airflow/.local/lib/python3.8/site-packages/airflow/example_dags/example_trigger_target_dag.py
[2023-08-28T14:02:57.289+0000] {processor.py:839} INFO - DAG(s) dict_keys(['example_trigger_target_dag']) retrieved from /home/airflow/.local/lib/python3.8/site-packages/airflow/example_dags/example_trigger_target_dag.py
[2023-08-28T14:03:00.638+0000] {logging_mixin.py:151} INFO - [2023-08-28T14:03:00.637+0000] {dag.py:2907} INFO - Sync 1 DAGs
[2023-08-28T14:03:01.031+0000] {logging_mixin.py:151} INFO - [2023-08-28T14:03:01.031+0000] {dag.py:3677} INFO - Setting next_dagrun for example_trigger_target_dag to None, run_after=None
[2023-08-28T14:03:01.485+0000] {processor.py:179} INFO - Processing /home/airflow/.local/lib/python3.8/site-packages/airflow/example_dags/example_trigger_target_dag.py took 6.105 seconds
[2023-08-28T14:04:13.170+0000] {processor.py:157} INFO - Started process (PID=737) to work on /home/airflow/.local/lib/python3.8/site-packages/airflow/example_dags/example_trigger_target_dag.py
[2023-08-28T14:04:13.179+0000] {processor.py:829} INFO - Processing file /home/airflow/.local/lib/python3.8/site-packages/airflow/example_dags/example_trigger_target_dag.py for tasks to queue
[2023-08-28T14:04:13.202+0000] {logging_mixin.py:151} INFO - [2023-08-28T14:04:13.199+0000] {dagbag.py:539} INFO - Filling up the DagBag from /home/airflow/.local/lib/python3.8/site-packages/airflow/example_dags/example_trigger_target_dag.py
[2023-08-28T14:04:13.236+0000] {processor.py:839} INFO - DAG(s) dict_keys(['example_trigger_target_dag']) retrieved from /home/airflow/.local/lib/python3.8/site-packages/airflow/example_dags/example_trigger_target_dag.py
[2023-08-28T14:04:13.319+0000] {logging_mixin.py:151} INFO - [2023-08-28T14:04:13.317+0000] {dag.py:2907} INFO - Sync 1 DAGs
[2023-08-28T14:04:13.377+0000] {logging_mixin.py:151} INFO - [2023-08-28T14:04:13.377+0000] {dag.py:3677} INFO - Setting next_dagrun for example_trigger_target_dag to None, run_after=None
[2023-08-28T14:04:13.488+0000] {processor.py:179} INFO - Processing /home/airflow/.local/lib/python3.8/site-packages/airflow/example_dags/example_trigger_target_dag.py took 0.335 seconds
[2023-08-28T14:05:59.717+0000] {processor.py:157} INFO - Started process (PID=815) to work on /home/airflow/.local/lib/python3.8/site-packages/airflow/example_dags/example_trigger_target_dag.py
[2023-08-28T14:05:59.731+0000] {processor.py:829} INFO - Processing file /home/airflow/.local/lib/python3.8/site-packages/airflow/example_dags/example_trigger_target_dag.py for tasks to queue
[2023-08-28T14:05:59.781+0000] {logging_mixin.py:151} INFO - [2023-08-28T14:05:59.779+0000] {dagbag.py:539} INFO - Filling up the DagBag from /home/airflow/.local/lib/python3.8/site-packages/airflow/example_dags/example_trigger_target_dag.py
[2023-08-28T14:05:59.851+0000] {processor.py:839} INFO - DAG(s) dict_keys(['example_trigger_target_dag']) retrieved from /home/airflow/.local/lib/python3.8/site-packages/airflow/example_dags/example_trigger_target_dag.py
[2023-08-28T14:06:00.243+0000] {logging_mixin.py:151} INFO - [2023-08-28T14:06:00.243+0000] {dag.py:2907} INFO - Sync 1 DAGs
[2023-08-28T14:06:00.464+0000] {logging_mixin.py:151} INFO - [2023-08-28T14:06:00.464+0000] {dag.py:3677} INFO - Setting next_dagrun for example_trigger_target_dag to None, run_after=None
[2023-08-28T14:06:00.739+0000] {processor.py:179} INFO - Processing /home/airflow/.local/lib/python3.8/site-packages/airflow/example_dags/example_trigger_target_dag.py took 1.047 seconds
[2023-08-28T14:06:32.331+0000] {processor.py:157} INFO - Started process (PID=870) to work on /home/airflow/.local/lib/python3.8/site-packages/airflow/example_dags/example_trigger_target_dag.py
[2023-08-28T14:06:32.370+0000] {processor.py:829} INFO - Processing file /home/airflow/.local/lib/python3.8/site-packages/airflow/example_dags/example_trigger_target_dag.py for tasks to queue
[2023-08-28T14:06:32.420+0000] {logging_mixin.py:151} INFO - [2023-08-28T14:06:32.416+0000] {dagbag.py:539} INFO - Filling up the DagBag from /home/airflow/.local/lib/python3.8/site-packages/airflow/example_dags/example_trigger_target_dag.py
[2023-08-28T14:06:32.571+0000] {processor.py:839} INFO - DAG(s) dict_keys(['example_trigger_target_dag']) retrieved from /home/airflow/.local/lib/python3.8/site-packages/airflow/example_dags/example_trigger_target_dag.py
[2023-08-28T14:06:32.999+0000] {logging_mixin.py:151} INFO - [2023-08-28T14:06:32.998+0000] {dag.py:2907} INFO - Sync 1 DAGs
[2023-08-28T14:06:33.247+0000] {logging_mixin.py:151} INFO - [2023-08-28T14:06:33.237+0000] {dag.py:3677} INFO - Setting next_dagrun for example_trigger_target_dag to None, run_after=None
[2023-08-28T14:06:33.627+0000] {processor.py:179} INFO - Processing /home/airflow/.local/lib/python3.8/site-packages/airflow/example_dags/example_trigger_target_dag.py took 1.348 seconds
[2023-08-28T14:12:08.772+0000] {processor.py:157} INFO - Started process (PID=961) to work on /home/airflow/.local/lib/python3.8/site-packages/airflow/example_dags/example_trigger_target_dag.py
[2023-08-28T14:12:08.847+0000] {processor.py:829} INFO - Processing file /home/airflow/.local/lib/python3.8/site-packages/airflow/example_dags/example_trigger_target_dag.py for tasks to queue
[2023-08-28T14:12:08.905+0000] {logging_mixin.py:151} INFO - [2023-08-28T14:12:08.862+0000] {dagbag.py:539} INFO - Filling up the DagBag from /home/airflow/.local/lib/python3.8/site-packages/airflow/example_dags/example_trigger_target_dag.py
[2023-08-28T14:12:09.854+0000] {processor.py:839} INFO - DAG(s) dict_keys(['example_trigger_target_dag']) retrieved from /home/airflow/.local/lib/python3.8/site-packages/airflow/example_dags/example_trigger_target_dag.py
[2023-08-28T14:12:23.238+0000] {logging_mixin.py:151} INFO - [2023-08-28T14:12:23.194+0000] {dag.py:2907} INFO - Sync 1 DAGs
[2023-08-28T14:12:29.246+0000] {logging_mixin.py:151} INFO - [2023-08-28T14:12:29.194+0000] {dag.py:3677} INFO - Setting next_dagrun for example_trigger_target_dag to None, run_after=None
[2023-08-28T14:12:31.434+0000] {processor.py:179} INFO - Processing /home/airflow/.local/lib/python3.8/site-packages/airflow/example_dags/example_trigger_target_dag.py took 23.982 seconds
