[2023-08-28T13:54:08.258+0000] {processor.py:157} INFO - Started process (PID=199) to work on /home/airflow/.local/lib/python3.8/site-packages/airflow/example_dags/example_external_task_marker_dag.py
[2023-08-28T13:54:08.325+0000] {processor.py:829} INFO - Processing file /home/airflow/.local/lib/python3.8/site-packages/airflow/example_dags/example_external_task_marker_dag.py for tasks to queue
[2023-08-28T13:54:08.364+0000] {logging_mixin.py:151} INFO - [2023-08-28T13:54:08.363+0000] {dagbag.py:539} INFO - Filling up the DagBag from /home/airflow/.local/lib/python3.8/site-packages/airflow/example_dags/example_external_task_marker_dag.py
[2023-08-28T13:54:08.439+0000] {processor.py:839} INFO - DAG(s) dict_keys(['example_external_task_marker_child', 'example_external_task_marker_parent']) retrieved from /home/airflow/.local/lib/python3.8/site-packages/airflow/example_dags/example_external_task_marker_dag.py
[2023-08-28T13:54:11.122+0000] {logging_mixin.py:151} INFO - [2023-08-28T13:54:11.121+0000] {manager.py:501} INFO - Created Permission View: can read on DAG:example_external_task_marker_child
[2023-08-28T13:54:11.372+0000] {logging_mixin.py:151} INFO - [2023-08-28T13:54:11.371+0000] {manager.py:501} INFO - Created Permission View: can edit on DAG:example_external_task_marker_child
[2023-08-28T13:54:11.575+0000] {logging_mixin.py:151} INFO - [2023-08-28T13:54:11.529+0000] {manager.py:501} INFO - Created Permission View: can delete on DAG:example_external_task_marker_child
[2023-08-28T13:54:12.367+0000] {logging_mixin.py:151} INFO - [2023-08-28T13:54:12.366+0000] {manager.py:501} INFO - Created Permission View: can read on DAG:example_external_task_marker_parent
[2023-08-28T13:54:12.683+0000] {logging_mixin.py:151} INFO - [2023-08-28T13:54:12.671+0000] {manager.py:501} INFO - Created Permission View: can edit on DAG:example_external_task_marker_parent
[2023-08-28T13:54:12.915+0000] {logging_mixin.py:151} INFO - [2023-08-28T13:54:12.914+0000] {manager.py:501} INFO - Created Permission View: can delete on DAG:example_external_task_marker_parent
[2023-08-28T13:54:13.303+0000] {logging_mixin.py:151} INFO - [2023-08-28T13:54:13.286+0000] {dag.py:2907} INFO - Sync 2 DAGs
[2023-08-28T13:54:13.724+0000] {logging_mixin.py:151} INFO - [2023-08-28T13:54:13.724+0000] {dag.py:2929} INFO - Creating ORM DAG for example_external_task_marker_child
[2023-08-28T13:54:13.738+0000] {logging_mixin.py:151} INFO - [2023-08-28T13:54:13.734+0000] {dag.py:2929} INFO - Creating ORM DAG for example_external_task_marker_parent
[2023-08-28T13:54:13.746+0000] {logging_mixin.py:151} INFO - [2023-08-28T13:54:13.744+0000] {dag.py:3677} INFO - Setting next_dagrun for example_external_task_marker_child to None, run_after=None
[2023-08-28T13:54:13.763+0000] {logging_mixin.py:151} INFO - [2023-08-28T13:54:13.760+0000] {dag.py:3677} INFO - Setting next_dagrun for example_external_task_marker_parent to None, run_after=None
[2023-08-28T13:54:13.997+0000] {processor.py:179} INFO - Processing /home/airflow/.local/lib/python3.8/site-packages/airflow/example_dags/example_external_task_marker_dag.py took 5.818 seconds
[2023-08-28T13:56:14.994+0000] {processor.py:157} INFO - Started process (PID=267) to work on /home/airflow/.local/lib/python3.8/site-packages/airflow/example_dags/example_external_task_marker_dag.py
[2023-08-28T13:56:15.013+0000] {processor.py:829} INFO - Processing file /home/airflow/.local/lib/python3.8/site-packages/airflow/example_dags/example_external_task_marker_dag.py for tasks to queue
[2023-08-28T13:56:15.073+0000] {logging_mixin.py:151} INFO - [2023-08-28T13:56:15.063+0000] {dagbag.py:539} INFO - Filling up the DagBag from /home/airflow/.local/lib/python3.8/site-packages/airflow/example_dags/example_external_task_marker_dag.py
[2023-08-28T13:56:15.171+0000] {processor.py:839} INFO - DAG(s) dict_keys(['example_external_task_marker_child', 'example_external_task_marker_parent']) retrieved from /home/airflow/.local/lib/python3.8/site-packages/airflow/example_dags/example_external_task_marker_dag.py
[2023-08-28T13:56:15.701+0000] {logging_mixin.py:151} INFO - [2023-08-28T13:56:15.678+0000] {dag.py:2907} INFO - Sync 2 DAGs
[2023-08-28T13:56:15.960+0000] {logging_mixin.py:151} INFO - [2023-08-28T13:56:15.960+0000] {dag.py:3677} INFO - Setting next_dagrun for example_external_task_marker_child to None, run_after=None
[2023-08-28T13:56:16.092+0000] {logging_mixin.py:151} INFO - [2023-08-28T13:56:16.068+0000] {dag.py:3677} INFO - Setting next_dagrun for example_external_task_marker_parent to None, run_after=None
[2023-08-28T13:56:18.644+0000] {processor.py:179} INFO - Processing /home/airflow/.local/lib/python3.8/site-packages/airflow/example_dags/example_external_task_marker_dag.py took 3.683 seconds
[2023-08-28T13:57:25.693+0000] {processor.py:157} INFO - Started process (PID=345) to work on /home/airflow/.local/lib/python3.8/site-packages/airflow/example_dags/example_external_task_marker_dag.py
[2023-08-28T13:57:25.708+0000] {processor.py:829} INFO - Processing file /home/airflow/.local/lib/python3.8/site-packages/airflow/example_dags/example_external_task_marker_dag.py for tasks to queue
[2023-08-28T13:57:25.747+0000] {logging_mixin.py:151} INFO - [2023-08-28T13:57:25.743+0000] {dagbag.py:539} INFO - Filling up the DagBag from /home/airflow/.local/lib/python3.8/site-packages/airflow/example_dags/example_external_task_marker_dag.py
[2023-08-28T13:57:25.850+0000] {processor.py:839} INFO - DAG(s) dict_keys(['example_external_task_marker_parent', 'example_external_task_marker_child']) retrieved from /home/airflow/.local/lib/python3.8/site-packages/airflow/example_dags/example_external_task_marker_dag.py
[2023-08-28T13:57:26.227+0000] {logging_mixin.py:151} INFO - [2023-08-28T13:57:26.227+0000] {dag.py:2907} INFO - Sync 2 DAGs
[2023-08-28T13:57:26.421+0000] {logging_mixin.py:151} INFO - [2023-08-28T13:57:26.418+0000] {dag.py:3677} INFO - Setting next_dagrun for example_external_task_marker_child to None, run_after=None
[2023-08-28T13:57:26.446+0000] {logging_mixin.py:151} INFO - [2023-08-28T13:57:26.446+0000] {dag.py:3677} INFO - Setting next_dagrun for example_external_task_marker_parent to None, run_after=None
[2023-08-28T13:57:26.544+0000] {processor.py:179} INFO - Processing /home/airflow/.local/lib/python3.8/site-packages/airflow/example_dags/example_external_task_marker_dag.py took 0.897 seconds
[2023-08-28T13:58:22.565+0000] {processor.py:157} INFO - Started process (PID=405) to work on /home/airflow/.local/lib/python3.8/site-packages/airflow/example_dags/example_external_task_marker_dag.py
[2023-08-28T13:58:22.580+0000] {processor.py:829} INFO - Processing file /home/airflow/.local/lib/python3.8/site-packages/airflow/example_dags/example_external_task_marker_dag.py for tasks to queue
[2023-08-28T13:58:22.611+0000] {logging_mixin.py:151} INFO - [2023-08-28T13:58:22.603+0000] {dagbag.py:539} INFO - Filling up the DagBag from /home/airflow/.local/lib/python3.8/site-packages/airflow/example_dags/example_external_task_marker_dag.py
[2023-08-28T13:58:22.697+0000] {processor.py:839} INFO - DAG(s) dict_keys(['example_external_task_marker_child', 'example_external_task_marker_parent']) retrieved from /home/airflow/.local/lib/python3.8/site-packages/airflow/example_dags/example_external_task_marker_dag.py
[2023-08-28T13:58:23.273+0000] {logging_mixin.py:151} INFO - [2023-08-28T13:58:23.270+0000] {dag.py:2907} INFO - Sync 2 DAGs
[2023-08-28T13:58:23.636+0000] {logging_mixin.py:151} INFO - [2023-08-28T13:58:23.636+0000] {dag.py:3677} INFO - Setting next_dagrun for example_external_task_marker_child to None, run_after=None
[2023-08-28T13:58:23.748+0000] {logging_mixin.py:151} INFO - [2023-08-28T13:58:23.747+0000] {dag.py:3677} INFO - Setting next_dagrun for example_external_task_marker_parent to None, run_after=None
[2023-08-28T13:58:24.033+0000] {processor.py:179} INFO - Processing /home/airflow/.local/lib/python3.8/site-packages/airflow/example_dags/example_external_task_marker_dag.py took 1.518 seconds
[2023-08-28T13:58:57.252+0000] {processor.py:157} INFO - Started process (PID=467) to work on /home/airflow/.local/lib/python3.8/site-packages/airflow/example_dags/example_external_task_marker_dag.py
[2023-08-28T13:58:57.286+0000] {processor.py:829} INFO - Processing file /home/airflow/.local/lib/python3.8/site-packages/airflow/example_dags/example_external_task_marker_dag.py for tasks to queue
[2023-08-28T13:58:57.350+0000] {logging_mixin.py:151} INFO - [2023-08-28T13:58:57.341+0000] {dagbag.py:539} INFO - Filling up the DagBag from /home/airflow/.local/lib/python3.8/site-packages/airflow/example_dags/example_external_task_marker_dag.py
[2023-08-28T13:58:57.452+0000] {processor.py:839} INFO - DAG(s) dict_keys(['example_external_task_marker_parent', 'example_external_task_marker_child']) retrieved from /home/airflow/.local/lib/python3.8/site-packages/airflow/example_dags/example_external_task_marker_dag.py
[2023-08-28T13:58:57.586+0000] {logging_mixin.py:151} INFO - [2023-08-28T13:58:57.586+0000] {dag.py:2907} INFO - Sync 2 DAGs
[2023-08-28T13:58:57.695+0000] {logging_mixin.py:151} INFO - [2023-08-28T13:58:57.695+0000] {dag.py:3677} INFO - Setting next_dagrun for example_external_task_marker_child to None, run_after=None
[2023-08-28T13:58:57.725+0000] {logging_mixin.py:151} INFO - [2023-08-28T13:58:57.724+0000] {dag.py:3677} INFO - Setting next_dagrun for example_external_task_marker_parent to None, run_after=None
[2023-08-28T13:58:57.917+0000] {processor.py:179} INFO - Processing /home/airflow/.local/lib/python3.8/site-packages/airflow/example_dags/example_external_task_marker_dag.py took 0.818 seconds
[2023-08-28T14:01:22.027+0000] {processor.py:157} INFO - Started process (PID=564) to work on /home/airflow/.local/lib/python3.8/site-packages/airflow/example_dags/example_external_task_marker_dag.py
[2023-08-28T14:01:22.032+0000] {processor.py:829} INFO - Processing file /home/airflow/.local/lib/python3.8/site-packages/airflow/example_dags/example_external_task_marker_dag.py for tasks to queue
[2023-08-28T14:01:22.047+0000] {logging_mixin.py:151} INFO - [2023-08-28T14:01:22.046+0000] {dagbag.py:539} INFO - Filling up the DagBag from /home/airflow/.local/lib/python3.8/site-packages/airflow/example_dags/example_external_task_marker_dag.py
[2023-08-28T14:01:22.076+0000] {processor.py:839} INFO - DAG(s) dict_keys(['example_external_task_marker_child', 'example_external_task_marker_parent']) retrieved from /home/airflow/.local/lib/python3.8/site-packages/airflow/example_dags/example_external_task_marker_dag.py
[2023-08-28T14:01:22.142+0000] {logging_mixin.py:151} INFO - [2023-08-28T14:01:22.142+0000] {dag.py:2907} INFO - Sync 2 DAGs
[2023-08-28T14:01:22.195+0000] {logging_mixin.py:151} INFO - [2023-08-28T14:01:22.195+0000] {dag.py:3677} INFO - Setting next_dagrun for example_external_task_marker_child to None, run_after=None
[2023-08-28T14:01:22.214+0000] {logging_mixin.py:151} INFO - [2023-08-28T14:01:22.214+0000] {dag.py:3677} INFO - Setting next_dagrun for example_external_task_marker_parent to None, run_after=None
[2023-08-28T14:01:22.263+0000] {processor.py:179} INFO - Processing /home/airflow/.local/lib/python3.8/site-packages/airflow/example_dags/example_external_task_marker_dag.py took 0.251 seconds
[2023-08-28T14:01:52.653+0000] {processor.py:157} INFO - Started process (PID=619) to work on /home/airflow/.local/lib/python3.8/site-packages/airflow/example_dags/example_external_task_marker_dag.py
[2023-08-28T14:01:52.658+0000] {processor.py:829} INFO - Processing file /home/airflow/.local/lib/python3.8/site-packages/airflow/example_dags/example_external_task_marker_dag.py for tasks to queue
[2023-08-28T14:01:52.668+0000] {logging_mixin.py:151} INFO - [2023-08-28T14:01:52.667+0000] {dagbag.py:539} INFO - Filling up the DagBag from /home/airflow/.local/lib/python3.8/site-packages/airflow/example_dags/example_external_task_marker_dag.py
[2023-08-28T14:01:52.685+0000] {processor.py:839} INFO - DAG(s) dict_keys(['example_external_task_marker_parent', 'example_external_task_marker_child']) retrieved from /home/airflow/.local/lib/python3.8/site-packages/airflow/example_dags/example_external_task_marker_dag.py
[2023-08-28T14:01:52.740+0000] {logging_mixin.py:151} INFO - [2023-08-28T14:01:52.740+0000] {dag.py:2907} INFO - Sync 2 DAGs
[2023-08-28T14:01:52.768+0000] {logging_mixin.py:151} INFO - [2023-08-28T14:01:52.767+0000] {dag.py:3677} INFO - Setting next_dagrun for example_external_task_marker_child to None, run_after=None
[2023-08-28T14:01:52.780+0000] {logging_mixin.py:151} INFO - [2023-08-28T14:01:52.780+0000] {dag.py:3677} INFO - Setting next_dagrun for example_external_task_marker_parent to None, run_after=None
[2023-08-28T14:01:52.815+0000] {processor.py:179} INFO - Processing /home/airflow/.local/lib/python3.8/site-packages/airflow/example_dags/example_external_task_marker_dag.py took 0.171 seconds
[2023-08-28T14:03:45.052+0000] {processor.py:157} INFO - Started process (PID=708) to work on /home/airflow/.local/lib/python3.8/site-packages/airflow/example_dags/example_external_task_marker_dag.py
[2023-08-28T14:03:45.071+0000] {processor.py:829} INFO - Processing file /home/airflow/.local/lib/python3.8/site-packages/airflow/example_dags/example_external_task_marker_dag.py for tasks to queue
[2023-08-28T14:03:45.114+0000] {logging_mixin.py:151} INFO - [2023-08-28T14:03:45.113+0000] {dagbag.py:539} INFO - Filling up the DagBag from /home/airflow/.local/lib/python3.8/site-packages/airflow/example_dags/example_external_task_marker_dag.py
[2023-08-28T14:03:45.297+0000] {processor.py:839} INFO - DAG(s) dict_keys(['example_external_task_marker_parent', 'example_external_task_marker_child']) retrieved from /home/airflow/.local/lib/python3.8/site-packages/airflow/example_dags/example_external_task_marker_dag.py
[2023-08-28T14:03:45.805+0000] {logging_mixin.py:151} INFO - [2023-08-28T14:03:45.804+0000] {dag.py:2907} INFO - Sync 2 DAGs
[2023-08-28T14:03:46.132+0000] {logging_mixin.py:151} INFO - [2023-08-28T14:03:46.131+0000] {dag.py:3677} INFO - Setting next_dagrun for example_external_task_marker_child to None, run_after=None
[2023-08-28T14:03:46.205+0000] {logging_mixin.py:151} INFO - [2023-08-28T14:03:46.205+0000] {dag.py:3677} INFO - Setting next_dagrun for example_external_task_marker_parent to None, run_after=None
[2023-08-28T14:03:46.421+0000] {processor.py:179} INFO - Processing /home/airflow/.local/lib/python3.8/site-packages/airflow/example_dags/example_external_task_marker_dag.py took 1.473 seconds
[2023-08-28T14:04:34.095+0000] {processor.py:157} INFO - Started process (PID=764) to work on /home/airflow/.local/lib/python3.8/site-packages/airflow/example_dags/example_external_task_marker_dag.py
[2023-08-28T14:04:34.195+0000] {processor.py:829} INFO - Processing file /home/airflow/.local/lib/python3.8/site-packages/airflow/example_dags/example_external_task_marker_dag.py for tasks to queue
[2023-08-28T14:04:36.038+0000] {logging_mixin.py:151} INFO - [2023-08-28T14:04:35.510+0000] {dagbag.py:539} INFO - Filling up the DagBag from /home/airflow/.local/lib/python3.8/site-packages/airflow/example_dags/example_external_task_marker_dag.py
[2023-08-28T14:04:37.644+0000] {processor.py:839} INFO - DAG(s) dict_keys(['example_external_task_marker_child', 'example_external_task_marker_parent']) retrieved from /home/airflow/.local/lib/python3.8/site-packages/airflow/example_dags/example_external_task_marker_dag.py
[2023-08-28T14:04:39.261+0000] {logging_mixin.py:151} INFO - [2023-08-28T14:04:39.242+0000] {dag.py:2907} INFO - Sync 2 DAGs
[2023-08-28T14:04:39.657+0000] {logging_mixin.py:151} INFO - [2023-08-28T14:04:39.657+0000] {dag.py:3677} INFO - Setting next_dagrun for example_external_task_marker_child to None, run_after=None
[2023-08-28T14:04:39.724+0000] {logging_mixin.py:151} INFO - [2023-08-28T14:04:39.723+0000] {dag.py:3677} INFO - Setting next_dagrun for example_external_task_marker_parent to None, run_after=None
[2023-08-28T14:04:40.654+0000] {processor.py:179} INFO - Processing /home/airflow/.local/lib/python3.8/site-packages/airflow/example_dags/example_external_task_marker_dag.py took 8.049 seconds
[2023-08-28T14:06:10.966+0000] {processor.py:157} INFO - Started process (PID=830) to work on /home/airflow/.local/lib/python3.8/site-packages/airflow/example_dags/example_external_task_marker_dag.py
[2023-08-28T14:06:10.971+0000] {processor.py:829} INFO - Processing file /home/airflow/.local/lib/python3.8/site-packages/airflow/example_dags/example_external_task_marker_dag.py for tasks to queue
[2023-08-28T14:06:10.993+0000] {logging_mixin.py:151} INFO - [2023-08-28T14:06:10.992+0000] {dagbag.py:539} INFO - Filling up the DagBag from /home/airflow/.local/lib/python3.8/site-packages/airflow/example_dags/example_external_task_marker_dag.py
[2023-08-28T14:06:11.007+0000] {processor.py:839} INFO - DAG(s) dict_keys(['example_external_task_marker_parent', 'example_external_task_marker_child']) retrieved from /home/airflow/.local/lib/python3.8/site-packages/airflow/example_dags/example_external_task_marker_dag.py
[2023-08-28T14:06:11.065+0000] {logging_mixin.py:151} INFO - [2023-08-28T14:06:11.065+0000] {dag.py:2907} INFO - Sync 2 DAGs
[2023-08-28T14:06:11.104+0000] {logging_mixin.py:151} INFO - [2023-08-28T14:06:11.103+0000] {dag.py:3677} INFO - Setting next_dagrun for example_external_task_marker_child to None, run_after=None
[2023-08-28T14:06:11.115+0000] {logging_mixin.py:151} INFO - [2023-08-28T14:06:11.114+0000] {dag.py:3677} INFO - Setting next_dagrun for example_external_task_marker_parent to None, run_after=None
[2023-08-28T14:06:11.173+0000] {processor.py:179} INFO - Processing /home/airflow/.local/lib/python3.8/site-packages/airflow/example_dags/example_external_task_marker_dag.py took 0.219 seconds
[2023-08-28T14:07:53.194+0000] {processor.py:157} INFO - Started process (PID=902) to work on /home/airflow/.local/lib/python3.8/site-packages/airflow/example_dags/example_external_task_marker_dag.py
[2023-08-28T14:07:53.221+0000] {processor.py:829} INFO - Processing file /home/airflow/.local/lib/python3.8/site-packages/airflow/example_dags/example_external_task_marker_dag.py for tasks to queue
[2023-08-28T14:07:53.343+0000] {logging_mixin.py:151} INFO - [2023-08-28T14:07:53.322+0000] {dagbag.py:539} INFO - Filling up the DagBag from /home/airflow/.local/lib/python3.8/site-packages/airflow/example_dags/example_external_task_marker_dag.py
[2023-08-28T14:07:53.762+0000] {processor.py:839} INFO - DAG(s) dict_keys(['example_external_task_marker_child', 'example_external_task_marker_parent']) retrieved from /home/airflow/.local/lib/python3.8/site-packages/airflow/example_dags/example_external_task_marker_dag.py
[2023-08-28T14:07:56.774+0000] {logging_mixin.py:151} INFO - [2023-08-28T14:07:56.764+0000] {dag.py:2907} INFO - Sync 2 DAGs
[2023-08-28T14:07:57.073+0000] {logging_mixin.py:151} INFO - [2023-08-28T14:07:57.072+0000] {dag.py:3677} INFO - Setting next_dagrun for example_external_task_marker_child to None, run_after=None
[2023-08-28T14:07:57.139+0000] {logging_mixin.py:151} INFO - [2023-08-28T14:07:57.138+0000] {dag.py:3677} INFO - Setting next_dagrun for example_external_task_marker_parent to None, run_after=None
[2023-08-28T14:07:58.770+0000] {processor.py:179} INFO - Processing /home/airflow/.local/lib/python3.8/site-packages/airflow/example_dags/example_external_task_marker_dag.py took 5.883 seconds
