[2023-08-28T13:53:04.653+0000] {processor.py:157} INFO - Started process (PID=173) to work on /home/airflow/.local/lib/python3.8/site-packages/airflow/example_dags/example_xcomargs.py
[2023-08-28T13:53:04.714+0000] {processor.py:829} INFO - Processing file /home/airflow/.local/lib/python3.8/site-packages/airflow/example_dags/example_xcomargs.py for tasks to queue
[2023-08-28T13:53:04.790+0000] {logging_mixin.py:151} INFO - [2023-08-28T13:53:04.782+0000] {dagbag.py:539} INFO - Filling up the DagBag from /home/airflow/.local/lib/python3.8/site-packages/airflow/example_dags/example_xcomargs.py
[2023-08-28T13:53:04.988+0000] {processor.py:839} INFO - DAG(s) dict_keys(['example_xcom_args', 'example_xcom_args_with_operators']) retrieved from /home/airflow/.local/lib/python3.8/site-packages/airflow/example_dags/example_xcomargs.py
[2023-08-28T13:53:06.685+0000] {logging_mixin.py:151} INFO - [2023-08-28T13:53:06.685+0000] {manager.py:501} INFO - Created Permission View: can read on DAG:example_xcom_args
[2023-08-28T13:53:07.063+0000] {logging_mixin.py:151} INFO - [2023-08-28T13:53:07.055+0000] {manager.py:501} INFO - Created Permission View: can edit on DAG:example_xcom_args
[2023-08-28T13:53:07.484+0000] {logging_mixin.py:151} INFO - [2023-08-28T13:53:07.484+0000] {manager.py:501} INFO - Created Permission View: can delete on DAG:example_xcom_args
[2023-08-28T13:53:09.401+0000] {logging_mixin.py:151} INFO - [2023-08-28T13:53:09.391+0000] {manager.py:501} INFO - Created Permission View: can read on DAG:example_xcom_args_with_operators
[2023-08-28T13:53:09.495+0000] {logging_mixin.py:151} INFO - [2023-08-28T13:53:09.495+0000] {manager.py:501} INFO - Created Permission View: can edit on DAG:example_xcom_args_with_operators
[2023-08-28T13:53:09.708+0000] {logging_mixin.py:151} INFO - [2023-08-28T13:53:09.707+0000] {manager.py:501} INFO - Created Permission View: can delete on DAG:example_xcom_args_with_operators
[2023-08-28T13:53:09.989+0000] {logging_mixin.py:151} INFO - [2023-08-28T13:53:09.986+0000] {dag.py:2907} INFO - Sync 2 DAGs
[2023-08-28T13:53:11.328+0000] {logging_mixin.py:151} INFO - [2023-08-28T13:53:11.316+0000] {dag.py:2929} INFO - Creating ORM DAG for example_xcom_args_with_operators
[2023-08-28T13:53:11.339+0000] {logging_mixin.py:151} INFO - [2023-08-28T13:53:11.337+0000] {dag.py:2929} INFO - Creating ORM DAG for example_xcom_args
[2023-08-28T13:53:11.355+0000] {logging_mixin.py:151} INFO - [2023-08-28T13:53:11.354+0000] {dag.py:3677} INFO - Setting next_dagrun for example_xcom_args to None, run_after=None
[2023-08-28T13:53:11.374+0000] {logging_mixin.py:151} INFO - [2023-08-28T13:53:11.371+0000] {dag.py:3677} INFO - Setting next_dagrun for example_xcom_args_with_operators to None, run_after=None
[2023-08-28T13:53:11.714+0000] {processor.py:179} INFO - Processing /home/airflow/.local/lib/python3.8/site-packages/airflow/example_dags/example_xcomargs.py took 7.183 seconds
[2023-08-28T13:56:03.672+0000] {processor.py:157} INFO - Started process (PID=255) to work on /home/airflow/.local/lib/python3.8/site-packages/airflow/example_dags/example_xcomargs.py
[2023-08-28T13:56:03.691+0000] {processor.py:829} INFO - Processing file /home/airflow/.local/lib/python3.8/site-packages/airflow/example_dags/example_xcomargs.py for tasks to queue
[2023-08-28T13:56:03.746+0000] {logging_mixin.py:151} INFO - [2023-08-28T13:56:03.745+0000] {dagbag.py:539} INFO - Filling up the DagBag from /home/airflow/.local/lib/python3.8/site-packages/airflow/example_dags/example_xcomargs.py
[2023-08-28T13:56:03.861+0000] {processor.py:839} INFO - DAG(s) dict_keys(['example_xcom_args_with_operators', 'example_xcom_args']) retrieved from /home/airflow/.local/lib/python3.8/site-packages/airflow/example_dags/example_xcomargs.py
[2023-08-28T13:56:04.205+0000] {logging_mixin.py:151} INFO - [2023-08-28T13:56:04.205+0000] {dag.py:2907} INFO - Sync 2 DAGs
[2023-08-28T13:56:04.321+0000] {logging_mixin.py:151} INFO - [2023-08-28T13:56:04.321+0000] {dag.py:3677} INFO - Setting next_dagrun for example_xcom_args to None, run_after=None
[2023-08-28T13:56:04.352+0000] {logging_mixin.py:151} INFO - [2023-08-28T13:56:04.352+0000] {dag.py:3677} INFO - Setting next_dagrun for example_xcom_args_with_operators to None, run_after=None
[2023-08-28T13:56:04.733+0000] {processor.py:179} INFO - Processing /home/airflow/.local/lib/python3.8/site-packages/airflow/example_dags/example_xcomargs.py took 1.097 seconds
[2023-08-28T13:57:03.323+0000] {processor.py:157} INFO - Started process (PID=316) to work on /home/airflow/.local/lib/python3.8/site-packages/airflow/example_dags/example_xcomargs.py
[2023-08-28T13:57:03.340+0000] {processor.py:829} INFO - Processing file /home/airflow/.local/lib/python3.8/site-packages/airflow/example_dags/example_xcomargs.py for tasks to queue
[2023-08-28T13:57:03.372+0000] {logging_mixin.py:151} INFO - [2023-08-28T13:57:03.371+0000] {dagbag.py:539} INFO - Filling up the DagBag from /home/airflow/.local/lib/python3.8/site-packages/airflow/example_dags/example_xcomargs.py
[2023-08-28T13:57:03.516+0000] {processor.py:839} INFO - DAG(s) dict_keys(['example_xcom_args_with_operators', 'example_xcom_args']) retrieved from /home/airflow/.local/lib/python3.8/site-packages/airflow/example_dags/example_xcomargs.py
[2023-08-28T13:57:03.923+0000] {logging_mixin.py:151} INFO - [2023-08-28T13:57:03.920+0000] {dag.py:2907} INFO - Sync 2 DAGs
[2023-08-28T13:57:04.079+0000] {logging_mixin.py:151} INFO - [2023-08-28T13:57:04.078+0000] {dag.py:3677} INFO - Setting next_dagrun for example_xcom_args to None, run_after=None
[2023-08-28T13:57:04.110+0000] {logging_mixin.py:151} INFO - [2023-08-28T13:57:04.110+0000] {dag.py:3677} INFO - Setting next_dagrun for example_xcom_args_with_operators to None, run_after=None
[2023-08-28T13:57:04.321+0000] {processor.py:179} INFO - Processing /home/airflow/.local/lib/python3.8/site-packages/airflow/example_dags/example_xcomargs.py took 1.074 seconds
[2023-08-28T13:58:05.389+0000] {processor.py:157} INFO - Started process (PID=388) to work on /home/airflow/.local/lib/python3.8/site-packages/airflow/example_dags/example_xcomargs.py
[2023-08-28T13:58:05.402+0000] {processor.py:829} INFO - Processing file /home/airflow/.local/lib/python3.8/site-packages/airflow/example_dags/example_xcomargs.py for tasks to queue
[2023-08-28T13:58:05.446+0000] {logging_mixin.py:151} INFO - [2023-08-28T13:58:05.424+0000] {dagbag.py:539} INFO - Filling up the DagBag from /home/airflow/.local/lib/python3.8/site-packages/airflow/example_dags/example_xcomargs.py
[2023-08-28T13:58:05.679+0000] {processor.py:839} INFO - DAG(s) dict_keys(['example_xcom_args_with_operators', 'example_xcom_args']) retrieved from /home/airflow/.local/lib/python3.8/site-packages/airflow/example_dags/example_xcomargs.py
[2023-08-28T13:58:06.067+0000] {logging_mixin.py:151} INFO - [2023-08-28T13:58:06.067+0000] {dag.py:2907} INFO - Sync 2 DAGs
[2023-08-28T13:58:06.211+0000] {logging_mixin.py:151} INFO - [2023-08-28T13:58:06.206+0000] {dag.py:3677} INFO - Setting next_dagrun for example_xcom_args to None, run_after=None
[2023-08-28T13:58:06.248+0000] {logging_mixin.py:151} INFO - [2023-08-28T13:58:06.241+0000] {dag.py:3677} INFO - Setting next_dagrun for example_xcom_args_with_operators to None, run_after=None
[2023-08-28T13:58:06.403+0000] {processor.py:179} INFO - Processing /home/airflow/.local/lib/python3.8/site-packages/airflow/example_dags/example_xcomargs.py took 1.041 seconds
[2023-08-28T13:58:44.549+0000] {processor.py:157} INFO - Started process (PID=443) to work on /home/airflow/.local/lib/python3.8/site-packages/airflow/example_dags/example_xcomargs.py
[2023-08-28T13:58:44.563+0000] {processor.py:829} INFO - Processing file /home/airflow/.local/lib/python3.8/site-packages/airflow/example_dags/example_xcomargs.py for tasks to queue
[2023-08-28T13:58:44.592+0000] {logging_mixin.py:151} INFO - [2023-08-28T13:58:44.588+0000] {dagbag.py:539} INFO - Filling up the DagBag from /home/airflow/.local/lib/python3.8/site-packages/airflow/example_dags/example_xcomargs.py
[2023-08-28T13:58:44.657+0000] {processor.py:839} INFO - DAG(s) dict_keys(['example_xcom_args_with_operators', 'example_xcom_args']) retrieved from /home/airflow/.local/lib/python3.8/site-packages/airflow/example_dags/example_xcomargs.py
[2023-08-28T13:58:44.828+0000] {logging_mixin.py:151} INFO - [2023-08-28T13:58:44.827+0000] {dag.py:2907} INFO - Sync 2 DAGs
[2023-08-28T13:58:44.974+0000] {logging_mixin.py:151} INFO - [2023-08-28T13:58:44.973+0000] {dag.py:3677} INFO - Setting next_dagrun for example_xcom_args to None, run_after=None
[2023-08-28T13:58:44.989+0000] {logging_mixin.py:151} INFO - [2023-08-28T13:58:44.988+0000] {dag.py:3677} INFO - Setting next_dagrun for example_xcom_args_with_operators to None, run_after=None
[2023-08-28T13:58:45.147+0000] {processor.py:179} INFO - Processing /home/airflow/.local/lib/python3.8/site-packages/airflow/example_dags/example_xcomargs.py took 0.624 seconds
[2023-08-28T14:00:14.816+0000] {processor.py:157} INFO - Started process (PID=501) to work on /home/airflow/.local/lib/python3.8/site-packages/airflow/example_dags/example_xcomargs.py
[2023-08-28T14:00:14.835+0000] {processor.py:829} INFO - Processing file /home/airflow/.local/lib/python3.8/site-packages/airflow/example_dags/example_xcomargs.py for tasks to queue
[2023-08-28T14:00:15.063+0000] {logging_mixin.py:151} INFO - [2023-08-28T14:00:14.965+0000] {dagbag.py:539} INFO - Filling up the DagBag from /home/airflow/.local/lib/python3.8/site-packages/airflow/example_dags/example_xcomargs.py
[2023-08-28T14:00:16.982+0000] {processor.py:839} INFO - DAG(s) dict_keys(['example_xcom_args', 'example_xcom_args_with_operators']) retrieved from /home/airflow/.local/lib/python3.8/site-packages/airflow/example_dags/example_xcomargs.py
[2023-08-28T14:00:18.139+0000] {logging_mixin.py:151} INFO - [2023-08-28T14:00:18.138+0000] {dag.py:2907} INFO - Sync 2 DAGs
[2023-08-28T14:00:18.476+0000] {logging_mixin.py:151} INFO - [2023-08-28T14:00:18.475+0000] {dag.py:3677} INFO - Setting next_dagrun for example_xcom_args to None, run_after=None
[2023-08-28T14:00:18.587+0000] {logging_mixin.py:151} INFO - [2023-08-28T14:00:18.587+0000] {dag.py:3677} INFO - Setting next_dagrun for example_xcom_args_with_operators to None, run_after=None
[2023-08-28T14:00:18.878+0000] {processor.py:179} INFO - Processing /home/airflow/.local/lib/python3.8/site-packages/airflow/example_dags/example_xcomargs.py took 4.916 seconds
[2023-08-28T14:01:23.521+0000] {processor.py:157} INFO - Started process (PID=572) to work on /home/airflow/.local/lib/python3.8/site-packages/airflow/example_dags/example_xcomargs.py
[2023-08-28T14:01:23.529+0000] {processor.py:829} INFO - Processing file /home/airflow/.local/lib/python3.8/site-packages/airflow/example_dags/example_xcomargs.py for tasks to queue
[2023-08-28T14:01:23.546+0000] {logging_mixin.py:151} INFO - [2023-08-28T14:01:23.544+0000] {dagbag.py:539} INFO - Filling up the DagBag from /home/airflow/.local/lib/python3.8/site-packages/airflow/example_dags/example_xcomargs.py
[2023-08-28T14:01:23.610+0000] {processor.py:839} INFO - DAG(s) dict_keys(['example_xcom_args_with_operators', 'example_xcom_args']) retrieved from /home/airflow/.local/lib/python3.8/site-packages/airflow/example_dags/example_xcomargs.py
[2023-08-28T14:01:23.737+0000] {logging_mixin.py:151} INFO - [2023-08-28T14:01:23.737+0000] {dag.py:2907} INFO - Sync 2 DAGs
[2023-08-28T14:01:23.813+0000] {logging_mixin.py:151} INFO - [2023-08-28T14:01:23.813+0000] {dag.py:3677} INFO - Setting next_dagrun for example_xcom_args to None, run_after=None
[2023-08-28T14:01:23.834+0000] {logging_mixin.py:151} INFO - [2023-08-28T14:01:23.834+0000] {dag.py:3677} INFO - Setting next_dagrun for example_xcom_args_with_operators to None, run_after=None
[2023-08-28T14:01:23.913+0000] {processor.py:179} INFO - Processing /home/airflow/.local/lib/python3.8/site-packages/airflow/example_dags/example_xcomargs.py took 0.404 seconds
[2023-08-28T14:01:54.689+0000] {processor.py:157} INFO - Started process (PID=627) to work on /home/airflow/.local/lib/python3.8/site-packages/airflow/example_dags/example_xcomargs.py
[2023-08-28T14:01:54.697+0000] {processor.py:829} INFO - Processing file /home/airflow/.local/lib/python3.8/site-packages/airflow/example_dags/example_xcomargs.py for tasks to queue
[2023-08-28T14:01:54.732+0000] {logging_mixin.py:151} INFO - [2023-08-28T14:01:54.731+0000] {dagbag.py:539} INFO - Filling up the DagBag from /home/airflow/.local/lib/python3.8/site-packages/airflow/example_dags/example_xcomargs.py
[2023-08-28T14:01:54.771+0000] {processor.py:839} INFO - DAG(s) dict_keys(['example_xcom_args', 'example_xcom_args_with_operators']) retrieved from /home/airflow/.local/lib/python3.8/site-packages/airflow/example_dags/example_xcomargs.py
[2023-08-28T14:01:54.936+0000] {logging_mixin.py:151} INFO - [2023-08-28T14:01:54.935+0000] {dag.py:2907} INFO - Sync 2 DAGs
[2023-08-28T14:01:54.989+0000] {logging_mixin.py:151} INFO - [2023-08-28T14:01:54.988+0000] {dag.py:3677} INFO - Setting next_dagrun for example_xcom_args to None, run_after=None
[2023-08-28T14:01:55.010+0000] {logging_mixin.py:151} INFO - [2023-08-28T14:01:55.008+0000] {dag.py:3677} INFO - Setting next_dagrun for example_xcom_args_with_operators to None, run_after=None
[2023-08-28T14:01:55.079+0000] {processor.py:179} INFO - Processing /home/airflow/.local/lib/python3.8/site-packages/airflow/example_dags/example_xcomargs.py took 0.408 seconds
[2023-08-28T14:03:40.266+0000] {processor.py:157} INFO - Started process (PID=700) to work on /home/airflow/.local/lib/python3.8/site-packages/airflow/example_dags/example_xcomargs.py
[2023-08-28T14:03:40.281+0000] {processor.py:829} INFO - Processing file /home/airflow/.local/lib/python3.8/site-packages/airflow/example_dags/example_xcomargs.py for tasks to queue
[2023-08-28T14:03:40.301+0000] {logging_mixin.py:151} INFO - [2023-08-28T14:03:40.296+0000] {dagbag.py:539} INFO - Filling up the DagBag from /home/airflow/.local/lib/python3.8/site-packages/airflow/example_dags/example_xcomargs.py
[2023-08-28T14:03:40.363+0000] {processor.py:839} INFO - DAG(s) dict_keys(['example_xcom_args', 'example_xcom_args_with_operators']) retrieved from /home/airflow/.local/lib/python3.8/site-packages/airflow/example_dags/example_xcomargs.py
[2023-08-28T14:03:40.903+0000] {logging_mixin.py:151} INFO - [2023-08-28T14:03:40.903+0000] {dag.py:2907} INFO - Sync 2 DAGs
[2023-08-28T14:03:41.138+0000] {logging_mixin.py:151} INFO - [2023-08-28T14:03:41.138+0000] {dag.py:3677} INFO - Setting next_dagrun for example_xcom_args to None, run_after=None
[2023-08-28T14:03:41.176+0000] {logging_mixin.py:151} INFO - [2023-08-28T14:03:41.175+0000] {dag.py:3677} INFO - Setting next_dagrun for example_xcom_args_with_operators to None, run_after=None
[2023-08-28T14:03:41.304+0000] {processor.py:179} INFO - Processing /home/airflow/.local/lib/python3.8/site-packages/airflow/example_dags/example_xcomargs.py took 1.065 seconds
[2023-08-28T14:04:22.921+0000] {processor.py:157} INFO - Started process (PID=755) to work on /home/airflow/.local/lib/python3.8/site-packages/airflow/example_dags/example_xcomargs.py
[2023-08-28T14:04:22.958+0000] {processor.py:829} INFO - Processing file /home/airflow/.local/lib/python3.8/site-packages/airflow/example_dags/example_xcomargs.py for tasks to queue
[2023-08-28T14:04:23.013+0000] {logging_mixin.py:151} INFO - [2023-08-28T14:04:23.011+0000] {dagbag.py:539} INFO - Filling up the DagBag from /home/airflow/.local/lib/python3.8/site-packages/airflow/example_dags/example_xcomargs.py
[2023-08-28T14:04:23.178+0000] {processor.py:839} INFO - DAG(s) dict_keys(['example_xcom_args_with_operators', 'example_xcom_args']) retrieved from /home/airflow/.local/lib/python3.8/site-packages/airflow/example_dags/example_xcomargs.py
[2023-08-28T14:04:23.690+0000] {logging_mixin.py:151} INFO - [2023-08-28T14:04:23.689+0000] {dag.py:2907} INFO - Sync 2 DAGs
[2023-08-28T14:04:23.871+0000] {logging_mixin.py:151} INFO - [2023-08-28T14:04:23.870+0000] {dag.py:3677} INFO - Setting next_dagrun for example_xcom_args to None, run_after=None
[2023-08-28T14:04:23.915+0000] {logging_mixin.py:151} INFO - [2023-08-28T14:04:23.915+0000] {dag.py:3677} INFO - Setting next_dagrun for example_xcom_args_with_operators to None, run_after=None
[2023-08-28T14:04:24.168+0000] {processor.py:179} INFO - Processing /home/airflow/.local/lib/python3.8/site-packages/airflow/example_dags/example_xcomargs.py took 1.314 seconds
[2023-08-28T14:06:01.946+0000] {processor.py:157} INFO - Started process (PID=818) to work on /home/airflow/.local/lib/python3.8/site-packages/airflow/example_dags/example_xcomargs.py
[2023-08-28T14:06:01.966+0000] {processor.py:829} INFO - Processing file /home/airflow/.local/lib/python3.8/site-packages/airflow/example_dags/example_xcomargs.py for tasks to queue
[2023-08-28T14:06:02.045+0000] {logging_mixin.py:151} INFO - [2023-08-28T14:06:02.041+0000] {dagbag.py:539} INFO - Filling up the DagBag from /home/airflow/.local/lib/python3.8/site-packages/airflow/example_dags/example_xcomargs.py
[2023-08-28T14:06:02.305+0000] {processor.py:839} INFO - DAG(s) dict_keys(['example_xcom_args_with_operators', 'example_xcom_args']) retrieved from /home/airflow/.local/lib/python3.8/site-packages/airflow/example_dags/example_xcomargs.py
[2023-08-28T14:06:02.630+0000] {logging_mixin.py:151} INFO - [2023-08-28T14:06:02.629+0000] {dag.py:2907} INFO - Sync 2 DAGs
[2023-08-28T14:06:02.763+0000] {logging_mixin.py:151} INFO - [2023-08-28T14:06:02.763+0000] {dag.py:3677} INFO - Setting next_dagrun for example_xcom_args to None, run_after=None
[2023-08-28T14:06:02.801+0000] {logging_mixin.py:151} INFO - [2023-08-28T14:06:02.799+0000] {dag.py:3677} INFO - Setting next_dagrun for example_xcom_args_with_operators to None, run_after=None
[2023-08-28T14:06:03.039+0000] {processor.py:179} INFO - Processing /home/airflow/.local/lib/python3.8/site-packages/airflow/example_dags/example_xcomargs.py took 1.208 seconds
[2023-08-28T14:06:36.334+0000] {processor.py:157} INFO - Started process (PID=873) to work on /home/airflow/.local/lib/python3.8/site-packages/airflow/example_dags/example_xcomargs.py
[2023-08-28T14:06:36.340+0000] {processor.py:829} INFO - Processing file /home/airflow/.local/lib/python3.8/site-packages/airflow/example_dags/example_xcomargs.py for tasks to queue
[2023-08-28T14:06:36.393+0000] {logging_mixin.py:151} INFO - [2023-08-28T14:06:36.392+0000] {dagbag.py:539} INFO - Filling up the DagBag from /home/airflow/.local/lib/python3.8/site-packages/airflow/example_dags/example_xcomargs.py
[2023-08-28T14:06:36.655+0000] {processor.py:839} INFO - DAG(s) dict_keys(['example_xcom_args', 'example_xcom_args_with_operators']) retrieved from /home/airflow/.local/lib/python3.8/site-packages/airflow/example_dags/example_xcomargs.py
[2023-08-28T14:06:37.285+0000] {logging_mixin.py:151} INFO - [2023-08-28T14:06:37.284+0000] {dag.py:2907} INFO - Sync 2 DAGs
[2023-08-28T14:06:38.497+0000] {logging_mixin.py:151} INFO - [2023-08-28T14:06:38.484+0000] {dag.py:3677} INFO - Setting next_dagrun for example_xcom_args to None, run_after=None
[2023-08-28T14:06:38.946+0000] {logging_mixin.py:151} INFO - [2023-08-28T14:06:38.941+0000] {dag.py:3677} INFO - Setting next_dagrun for example_xcom_args_with_operators to None, run_after=None
[2023-08-28T14:06:39.574+0000] {processor.py:179} INFO - Processing /home/airflow/.local/lib/python3.8/site-packages/airflow/example_dags/example_xcomargs.py took 3.369 seconds
[2023-08-28T14:12:53.462+0000] {processor.py:157} INFO - Started process (PID=971) to work on /home/airflow/.local/lib/python3.8/site-packages/airflow/example_dags/example_xcomargs.py
[2023-08-28T14:12:53.504+0000] {processor.py:829} INFO - Processing file /home/airflow/.local/lib/python3.8/site-packages/airflow/example_dags/example_xcomargs.py for tasks to queue
[2023-08-28T14:12:53.558+0000] {logging_mixin.py:151} INFO - [2023-08-28T14:12:53.532+0000] {dagbag.py:539} INFO - Filling up the DagBag from /home/airflow/.local/lib/python3.8/site-packages/airflow/example_dags/example_xcomargs.py
[2023-08-28T14:12:57.083+0000] {processor.py:839} INFO - DAG(s) dict_keys(['example_xcom_args_with_operators', 'example_xcom_args']) retrieved from /home/airflow/.local/lib/python3.8/site-packages/airflow/example_dags/example_xcomargs.py
[2023-08-28T14:13:11.860+0000] {logging_mixin.py:151} INFO - [2023-08-28T14:13:11.752+0000] {dag.py:2907} INFO - Sync 2 DAGs
[2023-08-28T14:13:13.720+0000] {logging_mixin.py:151} INFO - [2023-08-28T14:13:13.409+0000] {dag.py:3677} INFO - Setting next_dagrun for example_xcom_args to None, run_after=None
[2023-08-28T14:13:14.322+0000] {logging_mixin.py:151} INFO - [2023-08-28T14:13:14.184+0000] {dag.py:3677} INFO - Setting next_dagrun for example_xcom_args_with_operators to None, run_after=None
[2023-08-28T14:13:18.450+0000] {processor.py:179} INFO - Processing /home/airflow/.local/lib/python3.8/site-packages/airflow/example_dags/example_xcomargs.py took 25.542 seconds
