[2023-08-28T13:53:55.747+0000] {processor.py:157} INFO - Started process (PID=189) to work on /home/airflow/.local/lib/python3.8/site-packages/airflow/example_dags/example_setup_teardown_taskflow.py
[2023-08-28T13:53:55.751+0000] {processor.py:829} INFO - Processing file /home/airflow/.local/lib/python3.8/site-packages/airflow/example_dags/example_setup_teardown_taskflow.py for tasks to queue
[2023-08-28T13:53:55.786+0000] {logging_mixin.py:151} INFO - [2023-08-28T13:53:55.786+0000] {dagbag.py:539} INFO - Filling up the DagBag from /home/airflow/.local/lib/python3.8/site-packages/airflow/example_dags/example_setup_teardown_taskflow.py
[2023-08-28T13:53:55.943+0000] {processor.py:839} INFO - DAG(s) dict_keys(['example_setup_teardown_taskflow']) retrieved from /home/airflow/.local/lib/python3.8/site-packages/airflow/example_dags/example_setup_teardown_taskflow.py
[2023-08-28T13:53:58.112+0000] {logging_mixin.py:151} INFO - [2023-08-28T13:53:58.111+0000] {manager.py:501} INFO - Created Permission View: can read on DAG:example_setup_teardown_taskflow
[2023-08-28T13:53:58.374+0000] {logging_mixin.py:151} INFO - [2023-08-28T13:53:58.348+0000] {manager.py:501} INFO - Created Permission View: can edit on DAG:example_setup_teardown_taskflow
[2023-08-28T13:53:58.595+0000] {logging_mixin.py:151} INFO - [2023-08-28T13:53:58.594+0000] {manager.py:501} INFO - Created Permission View: can delete on DAG:example_setup_teardown_taskflow
[2023-08-28T13:53:59.010+0000] {logging_mixin.py:151} INFO - [2023-08-28T13:53:59.010+0000] {dag.py:2907} INFO - Sync 1 DAGs
[2023-08-28T13:53:59.254+0000] {logging_mixin.py:151} INFO - [2023-08-28T13:53:59.254+0000] {dag.py:2929} INFO - Creating ORM DAG for example_setup_teardown_taskflow
[2023-08-28T13:53:59.463+0000] {logging_mixin.py:151} INFO - [2023-08-28T13:53:59.442+0000] {dag.py:3677} INFO - Setting next_dagrun for example_setup_teardown_taskflow to 2023-08-27T13:53:59.441430+00:00, run_after=2023-08-28T13:53:59.441430+00:00
[2023-08-28T13:54:00.101+0000] {processor.py:179} INFO - Processing /home/airflow/.local/lib/python3.8/site-packages/airflow/example_dags/example_setup_teardown_taskflow.py took 4.570 seconds
[2023-08-28T13:56:12.852+0000] {processor.py:157} INFO - Started process (PID=264) to work on /home/airflow/.local/lib/python3.8/site-packages/airflow/example_dags/example_setup_teardown_taskflow.py
[2023-08-28T13:56:12.873+0000] {processor.py:829} INFO - Processing file /home/airflow/.local/lib/python3.8/site-packages/airflow/example_dags/example_setup_teardown_taskflow.py for tasks to queue
[2023-08-28T13:56:12.899+0000] {logging_mixin.py:151} INFO - [2023-08-28T13:56:12.898+0000] {dagbag.py:539} INFO - Filling up the DagBag from /home/airflow/.local/lib/python3.8/site-packages/airflow/example_dags/example_setup_teardown_taskflow.py
[2023-08-28T13:56:13.041+0000] {processor.py:839} INFO - DAG(s) dict_keys(['example_setup_teardown_taskflow']) retrieved from /home/airflow/.local/lib/python3.8/site-packages/airflow/example_dags/example_setup_teardown_taskflow.py
[2023-08-28T13:56:13.267+0000] {logging_mixin.py:151} INFO - [2023-08-28T13:56:13.263+0000] {dag.py:2907} INFO - Sync 1 DAGs
[2023-08-28T13:56:13.569+0000] {logging_mixin.py:151} INFO - [2023-08-28T13:56:13.568+0000] {dag.py:3677} INFO - Setting next_dagrun for example_setup_teardown_taskflow to 2023-08-27T13:56:13.568155+00:00, run_after=2023-08-28T13:56:13.568155+00:00
[2023-08-28T13:56:13.694+0000] {processor.py:179} INFO - Processing /home/airflow/.local/lib/python3.8/site-packages/airflow/example_dags/example_setup_teardown_taskflow.py took 0.883 seconds
[2023-08-28T13:57:23.504+0000] {processor.py:157} INFO - Started process (PID=342) to work on /home/airflow/.local/lib/python3.8/site-packages/airflow/example_dags/example_setup_teardown_taskflow.py
[2023-08-28T13:57:23.531+0000] {processor.py:829} INFO - Processing file /home/airflow/.local/lib/python3.8/site-packages/airflow/example_dags/example_setup_teardown_taskflow.py for tasks to queue
[2023-08-28T13:57:23.555+0000] {logging_mixin.py:151} INFO - [2023-08-28T13:57:23.553+0000] {dagbag.py:539} INFO - Filling up the DagBag from /home/airflow/.local/lib/python3.8/site-packages/airflow/example_dags/example_setup_teardown_taskflow.py
[2023-08-28T13:57:23.673+0000] {processor.py:839} INFO - DAG(s) dict_keys(['example_setup_teardown_taskflow']) retrieved from /home/airflow/.local/lib/python3.8/site-packages/airflow/example_dags/example_setup_teardown_taskflow.py
[2023-08-28T13:57:23.954+0000] {logging_mixin.py:151} INFO - [2023-08-28T13:57:23.951+0000] {dag.py:2907} INFO - Sync 1 DAGs
[2023-08-28T13:57:24.445+0000] {logging_mixin.py:151} INFO - [2023-08-28T13:57:24.444+0000] {dag.py:3677} INFO - Setting next_dagrun for example_setup_teardown_taskflow to 2023-08-27T13:57:24.443714+00:00, run_after=2023-08-28T13:57:24.443714+00:00
[2023-08-28T13:57:24.645+0000] {processor.py:179} INFO - Processing /home/airflow/.local/lib/python3.8/site-packages/airflow/example_dags/example_setup_teardown_taskflow.py took 1.188 seconds
[2023-08-28T13:58:19.850+0000] {processor.py:157} INFO - Started process (PID=402) to work on /home/airflow/.local/lib/python3.8/site-packages/airflow/example_dags/example_setup_teardown_taskflow.py
[2023-08-28T13:58:19.890+0000] {processor.py:829} INFO - Processing file /home/airflow/.local/lib/python3.8/site-packages/airflow/example_dags/example_setup_teardown_taskflow.py for tasks to queue
[2023-08-28T13:58:20.033+0000] {logging_mixin.py:151} INFO - [2023-08-28T13:58:20.010+0000] {dagbag.py:539} INFO - Filling up the DagBag from /home/airflow/.local/lib/python3.8/site-packages/airflow/example_dags/example_setup_teardown_taskflow.py
[2023-08-28T13:58:20.379+0000] {processor.py:839} INFO - DAG(s) dict_keys(['example_setup_teardown_taskflow']) retrieved from /home/airflow/.local/lib/python3.8/site-packages/airflow/example_dags/example_setup_teardown_taskflow.py
[2023-08-28T13:58:20.746+0000] {logging_mixin.py:151} INFO - [2023-08-28T13:58:20.745+0000] {dag.py:2907} INFO - Sync 1 DAGs
[2023-08-28T13:58:21.175+0000] {logging_mixin.py:151} INFO - [2023-08-28T13:58:21.174+0000] {dag.py:3677} INFO - Setting next_dagrun for example_setup_teardown_taskflow to 2023-08-27T13:58:21.173853+00:00, run_after=2023-08-28T13:58:21.173853+00:00
[2023-08-28T13:58:21.519+0000] {processor.py:179} INFO - Processing /home/airflow/.local/lib/python3.8/site-packages/airflow/example_dags/example_setup_teardown_taskflow.py took 1.814 seconds
[2023-08-28T13:58:55.134+0000] {processor.py:157} INFO - Started process (PID=464) to work on /home/airflow/.local/lib/python3.8/site-packages/airflow/example_dags/example_setup_teardown_taskflow.py
[2023-08-28T13:58:55.144+0000] {processor.py:829} INFO - Processing file /home/airflow/.local/lib/python3.8/site-packages/airflow/example_dags/example_setup_teardown_taskflow.py for tasks to queue
[2023-08-28T13:58:55.159+0000] {logging_mixin.py:151} INFO - [2023-08-28T13:58:55.155+0000] {dagbag.py:539} INFO - Filling up the DagBag from /home/airflow/.local/lib/python3.8/site-packages/airflow/example_dags/example_setup_teardown_taskflow.py
[2023-08-28T13:58:55.249+0000] {processor.py:839} INFO - DAG(s) dict_keys(['example_setup_teardown_taskflow']) retrieved from /home/airflow/.local/lib/python3.8/site-packages/airflow/example_dags/example_setup_teardown_taskflow.py
[2023-08-28T13:58:55.443+0000] {logging_mixin.py:151} INFO - [2023-08-28T13:58:55.442+0000] {dag.py:2907} INFO - Sync 1 DAGs
[2023-08-28T13:58:55.687+0000] {logging_mixin.py:151} INFO - [2023-08-28T13:58:55.682+0000] {dag.py:3677} INFO - Setting next_dagrun for example_setup_teardown_taskflow to 2023-08-27T13:58:55.659901+00:00, run_after=2023-08-28T13:58:55.659901+00:00
[2023-08-28T13:58:55.935+0000] {processor.py:179} INFO - Processing /home/airflow/.local/lib/python3.8/site-packages/airflow/example_dags/example_setup_teardown_taskflow.py took 0.828 seconds
[2023-08-28T14:01:19.798+0000] {processor.py:157} INFO - Started process (PID=561) to work on /home/airflow/.local/lib/python3.8/site-packages/airflow/example_dags/example_setup_teardown_taskflow.py
[2023-08-28T14:01:19.805+0000] {processor.py:829} INFO - Processing file /home/airflow/.local/lib/python3.8/site-packages/airflow/example_dags/example_setup_teardown_taskflow.py for tasks to queue
[2023-08-28T14:01:19.838+0000] {logging_mixin.py:151} INFO - [2023-08-28T14:01:19.830+0000] {dagbag.py:539} INFO - Filling up the DagBag from /home/airflow/.local/lib/python3.8/site-packages/airflow/example_dags/example_setup_teardown_taskflow.py
[2023-08-28T14:01:19.994+0000] {processor.py:839} INFO - DAG(s) dict_keys(['example_setup_teardown_taskflow']) retrieved from /home/airflow/.local/lib/python3.8/site-packages/airflow/example_dags/example_setup_teardown_taskflow.py
[2023-08-28T14:01:20.333+0000] {logging_mixin.py:151} INFO - [2023-08-28T14:01:20.332+0000] {dag.py:2907} INFO - Sync 1 DAGs
[2023-08-28T14:01:20.642+0000] {logging_mixin.py:151} INFO - [2023-08-28T14:01:20.642+0000] {dag.py:3677} INFO - Setting next_dagrun for example_setup_teardown_taskflow to 2023-08-27T14:01:20.641219+00:00, run_after=2023-08-28T14:01:20.641219+00:00
[2023-08-28T14:01:20.783+0000] {processor.py:179} INFO - Processing /home/airflow/.local/lib/python3.8/site-packages/airflow/example_dags/example_setup_teardown_taskflow.py took 1.015 seconds
[2023-08-28T14:01:50.996+0000] {processor.py:157} INFO - Started process (PID=616) to work on /home/airflow/.local/lib/python3.8/site-packages/airflow/example_dags/example_setup_teardown_taskflow.py
[2023-08-28T14:01:51.003+0000] {processor.py:829} INFO - Processing file /home/airflow/.local/lib/python3.8/site-packages/airflow/example_dags/example_setup_teardown_taskflow.py for tasks to queue
[2023-08-28T14:01:51.014+0000] {logging_mixin.py:151} INFO - [2023-08-28T14:01:51.012+0000] {dagbag.py:539} INFO - Filling up the DagBag from /home/airflow/.local/lib/python3.8/site-packages/airflow/example_dags/example_setup_teardown_taskflow.py
[2023-08-28T14:01:51.056+0000] {processor.py:839} INFO - DAG(s) dict_keys(['example_setup_teardown_taskflow']) retrieved from /home/airflow/.local/lib/python3.8/site-packages/airflow/example_dags/example_setup_teardown_taskflow.py
[2023-08-28T14:01:51.176+0000] {logging_mixin.py:151} INFO - [2023-08-28T14:01:51.176+0000] {dag.py:2907} INFO - Sync 1 DAGs
[2023-08-28T14:01:51.323+0000] {logging_mixin.py:151} INFO - [2023-08-28T14:01:51.322+0000] {dag.py:3677} INFO - Setting next_dagrun for example_setup_teardown_taskflow to 2023-08-27T14:01:51.321957+00:00, run_after=2023-08-28T14:01:51.321957+00:00
[2023-08-28T14:01:51.404+0000] {processor.py:179} INFO - Processing /home/airflow/.local/lib/python3.8/site-packages/airflow/example_dags/example_setup_teardown_taskflow.py took 0.422 seconds
[2023-08-28T14:03:42.641+0000] {processor.py:157} INFO - Started process (PID=705) to work on /home/airflow/.local/lib/python3.8/site-packages/airflow/example_dags/example_setup_teardown_taskflow.py
[2023-08-28T14:03:42.648+0000] {processor.py:829} INFO - Processing file /home/airflow/.local/lib/python3.8/site-packages/airflow/example_dags/example_setup_teardown_taskflow.py for tasks to queue
[2023-08-28T14:03:42.662+0000] {logging_mixin.py:151} INFO - [2023-08-28T14:03:42.661+0000] {dagbag.py:539} INFO - Filling up the DagBag from /home/airflow/.local/lib/python3.8/site-packages/airflow/example_dags/example_setup_teardown_taskflow.py
[2023-08-28T14:03:42.697+0000] {processor.py:839} INFO - DAG(s) dict_keys(['example_setup_teardown_taskflow']) retrieved from /home/airflow/.local/lib/python3.8/site-packages/airflow/example_dags/example_setup_teardown_taskflow.py
[2023-08-28T14:03:42.781+0000] {logging_mixin.py:151} INFO - [2023-08-28T14:03:42.781+0000] {dag.py:2907} INFO - Sync 1 DAGs
[2023-08-28T14:03:42.939+0000] {logging_mixin.py:151} INFO - [2023-08-28T14:03:42.938+0000] {dag.py:3677} INFO - Setting next_dagrun for example_setup_teardown_taskflow to 2023-08-27T14:03:42.937305+00:00, run_after=2023-08-28T14:03:42.937305+00:00
[2023-08-28T14:03:43.052+0000] {processor.py:179} INFO - Processing /home/airflow/.local/lib/python3.8/site-packages/airflow/example_dags/example_setup_teardown_taskflow.py took 0.433 seconds
[2023-08-28T14:04:26.370+0000] {processor.py:157} INFO - Started process (PID=760) to work on /home/airflow/.local/lib/python3.8/site-packages/airflow/example_dags/example_setup_teardown_taskflow.py
[2023-08-28T14:04:26.401+0000] {processor.py:829} INFO - Processing file /home/airflow/.local/lib/python3.8/site-packages/airflow/example_dags/example_setup_teardown_taskflow.py for tasks to queue
[2023-08-28T14:04:26.523+0000] {logging_mixin.py:151} INFO - [2023-08-28T14:04:26.503+0000] {dagbag.py:539} INFO - Filling up the DagBag from /home/airflow/.local/lib/python3.8/site-packages/airflow/example_dags/example_setup_teardown_taskflow.py
[2023-08-28T14:04:26.736+0000] {processor.py:839} INFO - DAG(s) dict_keys(['example_setup_teardown_taskflow']) retrieved from /home/airflow/.local/lib/python3.8/site-packages/airflow/example_dags/example_setup_teardown_taskflow.py
[2023-08-28T14:04:26.997+0000] {logging_mixin.py:151} INFO - [2023-08-28T14:04:26.968+0000] {dag.py:2907} INFO - Sync 1 DAGs
[2023-08-28T14:04:27.171+0000] {logging_mixin.py:151} INFO - [2023-08-28T14:04:27.170+0000] {dag.py:3677} INFO - Setting next_dagrun for example_setup_teardown_taskflow to 2023-08-27T14:04:27.167528+00:00, run_after=2023-08-28T14:04:27.167528+00:00
[2023-08-28T14:04:27.403+0000] {processor.py:179} INFO - Processing /home/airflow/.local/lib/python3.8/site-packages/airflow/example_dags/example_setup_teardown_taskflow.py took 1.111 seconds
[2023-08-28T14:06:09.611+0000] {processor.py:157} INFO - Started process (PID=827) to work on /home/airflow/.local/lib/python3.8/site-packages/airflow/example_dags/example_setup_teardown_taskflow.py
[2023-08-28T14:06:09.625+0000] {processor.py:829} INFO - Processing file /home/airflow/.local/lib/python3.8/site-packages/airflow/example_dags/example_setup_teardown_taskflow.py for tasks to queue
[2023-08-28T14:06:09.658+0000] {logging_mixin.py:151} INFO - [2023-08-28T14:06:09.654+0000] {dagbag.py:539} INFO - Filling up the DagBag from /home/airflow/.local/lib/python3.8/site-packages/airflow/example_dags/example_setup_teardown_taskflow.py
[2023-08-28T14:06:09.698+0000] {processor.py:839} INFO - DAG(s) dict_keys(['example_setup_teardown_taskflow']) retrieved from /home/airflow/.local/lib/python3.8/site-packages/airflow/example_dags/example_setup_teardown_taskflow.py
[2023-08-28T14:06:09.813+0000] {logging_mixin.py:151} INFO - [2023-08-28T14:06:09.812+0000] {dag.py:2907} INFO - Sync 1 DAGs
[2023-08-28T14:06:09.981+0000] {logging_mixin.py:151} INFO - [2023-08-28T14:06:09.981+0000] {dag.py:3677} INFO - Setting next_dagrun for example_setup_teardown_taskflow to 2023-08-27T14:06:09.979412+00:00, run_after=2023-08-28T14:06:09.979412+00:00
[2023-08-28T14:06:10.083+0000] {processor.py:179} INFO - Processing /home/airflow/.local/lib/python3.8/site-packages/airflow/example_dags/example_setup_teardown_taskflow.py took 0.488 seconds
[2023-08-28T14:07:43.256+0000] {processor.py:157} INFO - Started process (PID=899) to work on /home/airflow/.local/lib/python3.8/site-packages/airflow/example_dags/example_setup_teardown_taskflow.py
[2023-08-28T14:07:43.307+0000] {processor.py:829} INFO - Processing file /home/airflow/.local/lib/python3.8/site-packages/airflow/example_dags/example_setup_teardown_taskflow.py for tasks to queue
[2023-08-28T14:07:43.608+0000] {logging_mixin.py:151} INFO - [2023-08-28T14:07:43.574+0000] {dagbag.py:539} INFO - Filling up the DagBag from /home/airflow/.local/lib/python3.8/site-packages/airflow/example_dags/example_setup_teardown_taskflow.py
[2023-08-28T14:07:43.860+0000] {processor.py:839} INFO - DAG(s) dict_keys(['example_setup_teardown_taskflow']) retrieved from /home/airflow/.local/lib/python3.8/site-packages/airflow/example_dags/example_setup_teardown_taskflow.py
[2023-08-28T14:07:44.781+0000] {logging_mixin.py:151} INFO - [2023-08-28T14:07:44.780+0000] {dag.py:2907} INFO - Sync 1 DAGs
[2023-08-28T14:07:45.389+0000] {logging_mixin.py:151} INFO - [2023-08-28T14:07:45.389+0000] {dag.py:3677} INFO - Setting next_dagrun for example_setup_teardown_taskflow to 2023-08-27T14:07:45.388446+00:00, run_after=2023-08-28T14:07:45.388446+00:00
[2023-08-28T14:07:45.858+0000] {processor.py:179} INFO - Processing /home/airflow/.local/lib/python3.8/site-packages/airflow/example_dags/example_setup_teardown_taskflow.py took 2.702 seconds
