[2023-08-28T13:54:28.164+0000] {processor.py:157} INFO - Started process (PID=202) to work on /home/airflow/.local/lib/python3.8/site-packages/airflow/example_dags/example_branch_day_of_week_operator.py
[2023-08-28T13:54:28.171+0000] {processor.py:829} INFO - Processing file /home/airflow/.local/lib/python3.8/site-packages/airflow/example_dags/example_branch_day_of_week_operator.py for tasks to queue
[2023-08-28T13:54:28.191+0000] {logging_mixin.py:151} INFO - [2023-08-28T13:54:28.187+0000] {dagbag.py:539} INFO - Filling up the DagBag from /home/airflow/.local/lib/python3.8/site-packages/airflow/example_dags/example_branch_day_of_week_operator.py
[2023-08-28T13:54:28.252+0000] {processor.py:839} INFO - DAG(s) dict_keys(['example_weekday_branch_operator']) retrieved from /home/airflow/.local/lib/python3.8/site-packages/airflow/example_dags/example_branch_day_of_week_operator.py
[2023-08-28T13:54:32.008+0000] {logging_mixin.py:151} INFO - [2023-08-28T13:54:32.006+0000] {manager.py:501} INFO - Created Permission View: can read on DAG:example_weekday_branch_operator
[2023-08-28T13:54:32.312+0000] {logging_mixin.py:151} INFO - [2023-08-28T13:54:32.312+0000] {manager.py:501} INFO - Created Permission View: can edit on DAG:example_weekday_branch_operator
[2023-08-28T13:54:32.464+0000] {logging_mixin.py:151} INFO - [2023-08-28T13:54:32.461+0000] {manager.py:501} INFO - Created Permission View: can delete on DAG:example_weekday_branch_operator
[2023-08-28T13:54:32.797+0000] {logging_mixin.py:151} INFO - [2023-08-28T13:54:32.797+0000] {dag.py:2907} INFO - Sync 1 DAGs
[2023-08-28T13:54:39.576+0000] {logging_mixin.py:151} INFO - [2023-08-28T13:54:39.458+0000] {dag.py:2929} INFO - Creating ORM DAG for example_weekday_branch_operator
[2023-08-28T13:54:40.677+0000] {logging_mixin.py:151} INFO - [2023-08-28T13:54:40.677+0000] {dag.py:3677} INFO - Setting next_dagrun for example_weekday_branch_operator to 2023-08-27T00:00:00+00:00, run_after=2023-08-28T00:00:00+00:00
[2023-08-28T13:54:41.426+0000] {processor.py:179} INFO - Processing /home/airflow/.local/lib/python3.8/site-packages/airflow/example_dags/example_branch_day_of_week_operator.py took 13.285 seconds
[2023-08-28T13:56:32.594+0000] {processor.py:157} INFO - Started process (PID=287) to work on /home/airflow/.local/lib/python3.8/site-packages/airflow/example_dags/example_branch_day_of_week_operator.py
[2023-08-28T13:56:32.612+0000] {processor.py:829} INFO - Processing file /home/airflow/.local/lib/python3.8/site-packages/airflow/example_dags/example_branch_day_of_week_operator.py for tasks to queue
[2023-08-28T13:56:32.661+0000] {logging_mixin.py:151} INFO - [2023-08-28T13:56:32.651+0000] {dagbag.py:539} INFO - Filling up the DagBag from /home/airflow/.local/lib/python3.8/site-packages/airflow/example_dags/example_branch_day_of_week_operator.py
[2023-08-28T13:56:32.807+0000] {processor.py:839} INFO - DAG(s) dict_keys(['example_weekday_branch_operator']) retrieved from /home/airflow/.local/lib/python3.8/site-packages/airflow/example_dags/example_branch_day_of_week_operator.py
[2023-08-28T13:56:33.123+0000] {logging_mixin.py:151} INFO - [2023-08-28T13:56:33.123+0000] {dag.py:2907} INFO - Sync 1 DAGs
[2023-08-28T13:56:33.518+0000] {logging_mixin.py:151} INFO - [2023-08-28T13:56:33.518+0000] {dag.py:3677} INFO - Setting next_dagrun for example_weekday_branch_operator to 2023-08-27T00:00:00+00:00, run_after=2023-08-28T00:00:00+00:00
[2023-08-28T13:56:33.760+0000] {processor.py:179} INFO - Processing /home/airflow/.local/lib/python3.8/site-packages/airflow/example_dags/example_branch_day_of_week_operator.py took 1.266 seconds
[2023-08-28T13:57:26.961+0000] {processor.py:157} INFO - Started process (PID=347) to work on /home/airflow/.local/lib/python3.8/site-packages/airflow/example_dags/example_branch_day_of_week_operator.py
[2023-08-28T13:57:26.990+0000] {processor.py:829} INFO - Processing file /home/airflow/.local/lib/python3.8/site-packages/airflow/example_dags/example_branch_day_of_week_operator.py for tasks to queue
[2023-08-28T13:57:27.031+0000] {logging_mixin.py:151} INFO - [2023-08-28T13:57:27.022+0000] {dagbag.py:539} INFO - Filling up the DagBag from /home/airflow/.local/lib/python3.8/site-packages/airflow/example_dags/example_branch_day_of_week_operator.py
[2023-08-28T13:57:27.380+0000] {processor.py:839} INFO - DAG(s) dict_keys(['example_weekday_branch_operator']) retrieved from /home/airflow/.local/lib/python3.8/site-packages/airflow/example_dags/example_branch_day_of_week_operator.py
[2023-08-28T13:57:27.788+0000] {logging_mixin.py:151} INFO - [2023-08-28T13:57:27.788+0000] {dag.py:2907} INFO - Sync 1 DAGs
[2023-08-28T13:57:28.264+0000] {logging_mixin.py:151} INFO - [2023-08-28T13:57:28.261+0000] {dag.py:3677} INFO - Setting next_dagrun for example_weekday_branch_operator to 2023-08-27T00:00:00+00:00, run_after=2023-08-28T00:00:00+00:00
[2023-08-28T13:57:28.925+0000] {processor.py:179} INFO - Processing /home/airflow/.local/lib/python3.8/site-packages/airflow/example_dags/example_branch_day_of_week_operator.py took 2.029 seconds
[2023-08-28T13:58:24.344+0000] {processor.py:157} INFO - Started process (PID=414) to work on /home/airflow/.local/lib/python3.8/site-packages/airflow/example_dags/example_branch_day_of_week_operator.py
[2023-08-28T13:58:24.360+0000] {processor.py:829} INFO - Processing file /home/airflow/.local/lib/python3.8/site-packages/airflow/example_dags/example_branch_day_of_week_operator.py for tasks to queue
[2023-08-28T13:58:24.410+0000] {logging_mixin.py:151} INFO - [2023-08-28T13:58:24.409+0000] {dagbag.py:539} INFO - Filling up the DagBag from /home/airflow/.local/lib/python3.8/site-packages/airflow/example_dags/example_branch_day_of_week_operator.py
[2023-08-28T13:58:24.545+0000] {processor.py:839} INFO - DAG(s) dict_keys(['example_weekday_branch_operator']) retrieved from /home/airflow/.local/lib/python3.8/site-packages/airflow/example_dags/example_branch_day_of_week_operator.py
[2023-08-28T13:58:24.882+0000] {logging_mixin.py:151} INFO - [2023-08-28T13:58:24.881+0000] {dag.py:2907} INFO - Sync 1 DAGs
[2023-08-28T13:58:25.474+0000] {logging_mixin.py:151} INFO - [2023-08-28T13:58:25.474+0000] {dag.py:3677} INFO - Setting next_dagrun for example_weekday_branch_operator to 2023-08-27T00:00:00+00:00, run_after=2023-08-28T00:00:00+00:00
[2023-08-28T13:58:25.703+0000] {processor.py:179} INFO - Processing /home/airflow/.local/lib/python3.8/site-packages/airflow/example_dags/example_branch_day_of_week_operator.py took 1.456 seconds
[2023-08-28T13:58:58.100+0000] {processor.py:157} INFO - Started process (PID=469) to work on /home/airflow/.local/lib/python3.8/site-packages/airflow/example_dags/example_branch_day_of_week_operator.py
[2023-08-28T13:58:58.116+0000] {processor.py:829} INFO - Processing file /home/airflow/.local/lib/python3.8/site-packages/airflow/example_dags/example_branch_day_of_week_operator.py for tasks to queue
[2023-08-28T13:58:58.146+0000] {logging_mixin.py:151} INFO - [2023-08-28T13:58:58.145+0000] {dagbag.py:539} INFO - Filling up the DagBag from /home/airflow/.local/lib/python3.8/site-packages/airflow/example_dags/example_branch_day_of_week_operator.py
[2023-08-28T13:58:58.237+0000] {processor.py:839} INFO - DAG(s) dict_keys(['example_weekday_branch_operator']) retrieved from /home/airflow/.local/lib/python3.8/site-packages/airflow/example_dags/example_branch_day_of_week_operator.py
[2023-08-28T13:58:58.347+0000] {logging_mixin.py:151} INFO - [2023-08-28T13:58:58.346+0000] {dag.py:2907} INFO - Sync 1 DAGs
[2023-08-28T13:58:58.503+0000] {logging_mixin.py:151} INFO - [2023-08-28T13:58:58.498+0000] {dag.py:3677} INFO - Setting next_dagrun for example_weekday_branch_operator to 2023-08-27T00:00:00+00:00, run_after=2023-08-28T00:00:00+00:00
[2023-08-28T13:58:58.632+0000] {processor.py:179} INFO - Processing /home/airflow/.local/lib/python3.8/site-packages/airflow/example_dags/example_branch_day_of_week_operator.py took 0.562 seconds
[2023-08-28T14:01:22.369+0000] {processor.py:157} INFO - Started process (PID=566) to work on /home/airflow/.local/lib/python3.8/site-packages/airflow/example_dags/example_branch_day_of_week_operator.py
[2023-08-28T14:01:22.375+0000] {processor.py:829} INFO - Processing file /home/airflow/.local/lib/python3.8/site-packages/airflow/example_dags/example_branch_day_of_week_operator.py for tasks to queue
[2023-08-28T14:01:22.389+0000] {logging_mixin.py:151} INFO - [2023-08-28T14:01:22.388+0000] {dagbag.py:539} INFO - Filling up the DagBag from /home/airflow/.local/lib/python3.8/site-packages/airflow/example_dags/example_branch_day_of_week_operator.py
[2023-08-28T14:01:22.428+0000] {processor.py:839} INFO - DAG(s) dict_keys(['example_weekday_branch_operator']) retrieved from /home/airflow/.local/lib/python3.8/site-packages/airflow/example_dags/example_branch_day_of_week_operator.py
[2023-08-28T14:01:22.515+0000] {logging_mixin.py:151} INFO - [2023-08-28T14:01:22.515+0000] {dag.py:2907} INFO - Sync 1 DAGs
[2023-08-28T14:01:22.692+0000] {logging_mixin.py:151} INFO - [2023-08-28T14:01:22.685+0000] {dag.py:3677} INFO - Setting next_dagrun for example_weekday_branch_operator to 2023-08-27T00:00:00+00:00, run_after=2023-08-28T00:00:00+00:00
[2023-08-28T14:01:22.788+0000] {processor.py:179} INFO - Processing /home/airflow/.local/lib/python3.8/site-packages/airflow/example_dags/example_branch_day_of_week_operator.py took 0.431 seconds
[2023-08-28T14:01:52.897+0000] {processor.py:157} INFO - Started process (PID=621) to work on /home/airflow/.local/lib/python3.8/site-packages/airflow/example_dags/example_branch_day_of_week_operator.py
[2023-08-28T14:01:52.905+0000] {processor.py:829} INFO - Processing file /home/airflow/.local/lib/python3.8/site-packages/airflow/example_dags/example_branch_day_of_week_operator.py for tasks to queue
[2023-08-28T14:01:52.925+0000] {logging_mixin.py:151} INFO - [2023-08-28T14:01:52.923+0000] {dagbag.py:539} INFO - Filling up the DagBag from /home/airflow/.local/lib/python3.8/site-packages/airflow/example_dags/example_branch_day_of_week_operator.py
[2023-08-28T14:01:52.963+0000] {processor.py:839} INFO - DAG(s) dict_keys(['example_weekday_branch_operator']) retrieved from /home/airflow/.local/lib/python3.8/site-packages/airflow/example_dags/example_branch_day_of_week_operator.py
[2023-08-28T14:01:53.055+0000] {logging_mixin.py:151} INFO - [2023-08-28T14:01:53.054+0000] {dag.py:2907} INFO - Sync 1 DAGs
[2023-08-28T14:01:53.214+0000] {logging_mixin.py:151} INFO - [2023-08-28T14:01:53.210+0000] {dag.py:3677} INFO - Setting next_dagrun for example_weekday_branch_operator to 2023-08-27T00:00:00+00:00, run_after=2023-08-28T00:00:00+00:00
[2023-08-28T14:01:53.334+0000] {processor.py:179} INFO - Processing /home/airflow/.local/lib/python3.8/site-packages/airflow/example_dags/example_branch_day_of_week_operator.py took 0.447 seconds
[2023-08-28T14:03:47.938+0000] {processor.py:157} INFO - Started process (PID=711) to work on /home/airflow/.local/lib/python3.8/site-packages/airflow/example_dags/example_branch_day_of_week_operator.py
[2023-08-28T14:03:47.952+0000] {processor.py:829} INFO - Processing file /home/airflow/.local/lib/python3.8/site-packages/airflow/example_dags/example_branch_day_of_week_operator.py for tasks to queue
[2023-08-28T14:03:47.964+0000] {logging_mixin.py:151} INFO - [2023-08-28T14:03:47.960+0000] {dagbag.py:539} INFO - Filling up the DagBag from /home/airflow/.local/lib/python3.8/site-packages/airflow/example_dags/example_branch_day_of_week_operator.py
[2023-08-28T14:03:48.014+0000] {processor.py:839} INFO - DAG(s) dict_keys(['example_weekday_branch_operator']) retrieved from /home/airflow/.local/lib/python3.8/site-packages/airflow/example_dags/example_branch_day_of_week_operator.py
[2023-08-28T14:03:48.208+0000] {logging_mixin.py:151} INFO - [2023-08-28T14:03:48.207+0000] {dag.py:2907} INFO - Sync 1 DAGs
[2023-08-28T14:03:48.424+0000] {logging_mixin.py:151} INFO - [2023-08-28T14:03:48.423+0000] {dag.py:3677} INFO - Setting next_dagrun for example_weekday_branch_operator to 2023-08-27T00:00:00+00:00, run_after=2023-08-28T00:00:00+00:00
[2023-08-28T14:03:48.650+0000] {processor.py:179} INFO - Processing /home/airflow/.local/lib/python3.8/site-packages/airflow/example_dags/example_branch_day_of_week_operator.py took 0.735 seconds
[2023-08-28T14:04:55.734+0000] {processor.py:157} INFO - Started process (PID=773) to work on /home/airflow/.local/lib/python3.8/site-packages/airflow/example_dags/example_branch_day_of_week_operator.py
[2023-08-28T14:04:55.803+0000] {processor.py:829} INFO - Processing file /home/airflow/.local/lib/python3.8/site-packages/airflow/example_dags/example_branch_day_of_week_operator.py for tasks to queue
[2023-08-28T14:04:55.973+0000] {logging_mixin.py:151} INFO - [2023-08-28T14:04:55.959+0000] {dagbag.py:539} INFO - Filling up the DagBag from /home/airflow/.local/lib/python3.8/site-packages/airflow/example_dags/example_branch_day_of_week_operator.py
[2023-08-28T14:04:57.175+0000] {processor.py:839} INFO - DAG(s) dict_keys(['example_weekday_branch_operator']) retrieved from /home/airflow/.local/lib/python3.8/site-packages/airflow/example_dags/example_branch_day_of_week_operator.py
[2023-08-28T14:04:59.666+0000] {logging_mixin.py:151} INFO - [2023-08-28T14:04:59.655+0000] {dag.py:2907} INFO - Sync 1 DAGs
[2023-08-28T14:05:00.812+0000] {logging_mixin.py:151} INFO - [2023-08-28T14:05:00.803+0000] {dag.py:3677} INFO - Setting next_dagrun for example_weekday_branch_operator to 2023-08-27T00:00:00+00:00, run_after=2023-08-28T00:00:00+00:00
[2023-08-28T14:05:04.092+0000] {processor.py:179} INFO - Processing /home/airflow/.local/lib/python3.8/site-packages/airflow/example_dags/example_branch_day_of_week_operator.py took 8.544 seconds
[2023-08-28T14:06:18.562+0000] {processor.py:157} INFO - Started process (PID=854) to work on /home/airflow/.local/lib/python3.8/site-packages/airflow/example_dags/example_branch_day_of_week_operator.py
[2023-08-28T14:06:18.633+0000] {processor.py:829} INFO - Processing file /home/airflow/.local/lib/python3.8/site-packages/airflow/example_dags/example_branch_day_of_week_operator.py for tasks to queue
[2023-08-28T14:06:18.680+0000] {logging_mixin.py:151} INFO - [2023-08-28T14:06:18.676+0000] {dagbag.py:539} INFO - Filling up the DagBag from /home/airflow/.local/lib/python3.8/site-packages/airflow/example_dags/example_branch_day_of_week_operator.py
[2023-08-28T14:06:18.767+0000] {processor.py:839} INFO - DAG(s) dict_keys(['example_weekday_branch_operator']) retrieved from /home/airflow/.local/lib/python3.8/site-packages/airflow/example_dags/example_branch_day_of_week_operator.py
[2023-08-28T14:06:18.889+0000] {logging_mixin.py:151} INFO - [2023-08-28T14:06:18.888+0000] {dag.py:2907} INFO - Sync 1 DAGs
[2023-08-28T14:06:19.149+0000] {logging_mixin.py:151} INFO - [2023-08-28T14:06:19.149+0000] {dag.py:3677} INFO - Setting next_dagrun for example_weekday_branch_operator to 2023-08-27T00:00:00+00:00, run_after=2023-08-28T00:00:00+00:00
[2023-08-28T14:06:19.222+0000] {processor.py:179} INFO - Processing /home/airflow/.local/lib/python3.8/site-packages/airflow/example_dags/example_branch_day_of_week_operator.py took 0.706 seconds
[2023-08-28T14:14:14.041+0000] {processor.py:157} INFO - Started process (PID=985) to work on /home/airflow/.local/lib/python3.8/site-packages/airflow/example_dags/example_branch_day_of_week_operator.py
[2023-08-28T14:14:14.111+0000] {processor.py:829} INFO - Processing file /home/airflow/.local/lib/python3.8/site-packages/airflow/example_dags/example_branch_day_of_week_operator.py for tasks to queue
[2023-08-28T14:14:14.244+0000] {logging_mixin.py:151} INFO - [2023-08-28T14:14:14.171+0000] {dagbag.py:539} INFO - Filling up the DagBag from /home/airflow/.local/lib/python3.8/site-packages/airflow/example_dags/example_branch_day_of_week_operator.py
[2023-08-28T14:14:15.106+0000] {processor.py:839} INFO - DAG(s) dict_keys(['example_weekday_branch_operator']) retrieved from /home/airflow/.local/lib/python3.8/site-packages/airflow/example_dags/example_branch_day_of_week_operator.py
[2023-08-28T14:14:18.797+0000] {logging_mixin.py:151} INFO - [2023-08-28T14:14:18.780+0000] {dag.py:2907} INFO - Sync 1 DAGs
[2023-08-28T14:14:21.840+0000] {logging_mixin.py:151} INFO - [2023-08-28T14:14:21.797+0000] {dag.py:3677} INFO - Setting next_dagrun for example_weekday_branch_operator to 2023-08-27T00:00:00+00:00, run_after=2023-08-28T00:00:00+00:00
[2023-08-28T14:14:23.191+0000] {processor.py:179} INFO - Processing /home/airflow/.local/lib/python3.8/site-packages/airflow/example_dags/example_branch_day_of_week_operator.py took 10.586 seconds
