[2023-08-28T13:52:11.980+0000] {processor.py:157} INFO - Started process (PID=151) to work on /home/airflow/.local/lib/python3.8/site-packages/airflow/example_dags/example_sensor_decorator.py
[2023-08-28T13:52:11.988+0000] {processor.py:829} INFO - Processing file /home/airflow/.local/lib/python3.8/site-packages/airflow/example_dags/example_sensor_decorator.py for tasks to queue
[2023-08-28T13:52:12.036+0000] {logging_mixin.py:151} INFO - [2023-08-28T13:52:12.034+0000] {dagbag.py:539} INFO - Filling up the DagBag from /home/airflow/.local/lib/python3.8/site-packages/airflow/example_dags/example_sensor_decorator.py
[2023-08-28T13:52:12.109+0000] {processor.py:839} INFO - DAG(s) dict_keys(['example_sensor_decorator']) retrieved from /home/airflow/.local/lib/python3.8/site-packages/airflow/example_dags/example_sensor_decorator.py
[2023-08-28T13:52:15.756+0000] {logging_mixin.py:151} INFO - [2023-08-28T13:52:15.749+0000] {manager.py:501} INFO - Created Permission View: can read on DAG:example_sensor_decorator
[2023-08-28T13:52:18.738+0000] {logging_mixin.py:151} INFO - [2023-08-28T13:52:18.552+0000] {manager.py:501} INFO - Created Permission View: can edit on DAG:example_sensor_decorator
[2023-08-28T13:52:19.515+0000] {logging_mixin.py:151} INFO - [2023-08-28T13:52:19.501+0000] {manager.py:501} INFO - Created Permission View: can delete on DAG:example_sensor_decorator
[2023-08-28T13:52:20.178+0000] {logging_mixin.py:151} INFO - [2023-08-28T13:52:20.178+0000] {dag.py:2907} INFO - Sync 1 DAGs
[2023-08-28T13:52:20.431+0000] {logging_mixin.py:151} INFO - [2023-08-28T13:52:20.430+0000] {dag.py:2929} INFO - Creating ORM DAG for example_sensor_decorator
[2023-08-28T13:52:20.464+0000] {logging_mixin.py:151} INFO - [2023-08-28T13:52:20.440+0000] {dag.py:3677} INFO - Setting next_dagrun for example_sensor_decorator to None, run_after=None
[2023-08-28T13:52:21.151+0000] {processor.py:179} INFO - Processing /home/airflow/.local/lib/python3.8/site-packages/airflow/example_dags/example_sensor_decorator.py took 9.227 seconds
[2023-08-28T13:55:56.719+0000] {processor.py:157} INFO - Started process (PID=247) to work on /home/airflow/.local/lib/python3.8/site-packages/airflow/example_dags/example_sensor_decorator.py
[2023-08-28T13:55:56.728+0000] {processor.py:829} INFO - Processing file /home/airflow/.local/lib/python3.8/site-packages/airflow/example_dags/example_sensor_decorator.py for tasks to queue
[2023-08-28T13:55:56.754+0000] {logging_mixin.py:151} INFO - [2023-08-28T13:55:56.747+0000] {dagbag.py:539} INFO - Filling up the DagBag from /home/airflow/.local/lib/python3.8/site-packages/airflow/example_dags/example_sensor_decorator.py
[2023-08-28T13:55:56.804+0000] {processor.py:839} INFO - DAG(s) dict_keys(['example_sensor_decorator']) retrieved from /home/airflow/.local/lib/python3.8/site-packages/airflow/example_dags/example_sensor_decorator.py
[2023-08-28T13:55:56.955+0000] {logging_mixin.py:151} INFO - [2023-08-28T13:55:56.953+0000] {dag.py:2907} INFO - Sync 1 DAGs
[2023-08-28T13:55:57.107+0000] {logging_mixin.py:151} INFO - [2023-08-28T13:55:57.097+0000] {dag.py:3677} INFO - Setting next_dagrun for example_sensor_decorator to None, run_after=None
[2023-08-28T13:55:57.424+0000] {processor.py:179} INFO - Processing /home/airflow/.local/lib/python3.8/site-packages/airflow/example_dags/example_sensor_decorator.py took 0.725 seconds
[2023-08-28T13:56:55.335+0000] {processor.py:157} INFO - Started process (PID=308) to work on /home/airflow/.local/lib/python3.8/site-packages/airflow/example_dags/example_sensor_decorator.py
[2023-08-28T13:56:55.357+0000] {processor.py:829} INFO - Processing file /home/airflow/.local/lib/python3.8/site-packages/airflow/example_dags/example_sensor_decorator.py for tasks to queue
[2023-08-28T13:56:55.391+0000] {logging_mixin.py:151} INFO - [2023-08-28T13:56:55.387+0000] {dagbag.py:539} INFO - Filling up the DagBag from /home/airflow/.local/lib/python3.8/site-packages/airflow/example_dags/example_sensor_decorator.py
[2023-08-28T13:56:55.468+0000] {processor.py:839} INFO - DAG(s) dict_keys(['example_sensor_decorator']) retrieved from /home/airflow/.local/lib/python3.8/site-packages/airflow/example_dags/example_sensor_decorator.py
[2023-08-28T13:56:55.680+0000] {logging_mixin.py:151} INFO - [2023-08-28T13:56:55.679+0000] {dag.py:2907} INFO - Sync 1 DAGs
[2023-08-28T13:56:55.831+0000] {logging_mixin.py:151} INFO - [2023-08-28T13:56:55.830+0000] {dag.py:3677} INFO - Setting next_dagrun for example_sensor_decorator to None, run_after=None
[2023-08-28T13:56:56.065+0000] {processor.py:179} INFO - Processing /home/airflow/.local/lib/python3.8/site-packages/airflow/example_dags/example_sensor_decorator.py took 0.813 seconds
[2023-08-28T13:57:41.943+0000] {processor.py:157} INFO - Started process (PID=358) to work on /home/airflow/.local/lib/python3.8/site-packages/airflow/example_dags/example_sensor_decorator.py
[2023-08-28T13:57:42.017+0000] {processor.py:829} INFO - Processing file /home/airflow/.local/lib/python3.8/site-packages/airflow/example_dags/example_sensor_decorator.py for tasks to queue
[2023-08-28T13:57:42.140+0000] {logging_mixin.py:151} INFO - [2023-08-28T13:57:42.140+0000] {dagbag.py:539} INFO - Filling up the DagBag from /home/airflow/.local/lib/python3.8/site-packages/airflow/example_dags/example_sensor_decorator.py
[2023-08-28T13:57:42.241+0000] {processor.py:839} INFO - DAG(s) dict_keys(['example_sensor_decorator']) retrieved from /home/airflow/.local/lib/python3.8/site-packages/airflow/example_dags/example_sensor_decorator.py
[2023-08-28T13:57:42.662+0000] {logging_mixin.py:151} INFO - [2023-08-28T13:57:42.662+0000] {dag.py:2907} INFO - Sync 1 DAGs
[2023-08-28T13:57:42.944+0000] {logging_mixin.py:151} INFO - [2023-08-28T13:57:42.944+0000] {dag.py:3677} INFO - Setting next_dagrun for example_sensor_decorator to None, run_after=None
[2023-08-28T13:57:43.298+0000] {processor.py:179} INFO - Processing /home/airflow/.local/lib/python3.8/site-packages/airflow/example_dags/example_sensor_decorator.py took 1.453 seconds
[2023-08-28T13:58:33.187+0000] {processor.py:157} INFO - Started process (PID=423) to work on /home/airflow/.local/lib/python3.8/site-packages/airflow/example_dags/example_sensor_decorator.py
[2023-08-28T13:58:33.214+0000] {processor.py:829} INFO - Processing file /home/airflow/.local/lib/python3.8/site-packages/airflow/example_dags/example_sensor_decorator.py for tasks to queue
[2023-08-28T13:58:33.239+0000] {logging_mixin.py:151} INFO - [2023-08-28T13:58:33.238+0000] {dagbag.py:539} INFO - Filling up the DagBag from /home/airflow/.local/lib/python3.8/site-packages/airflow/example_dags/example_sensor_decorator.py
[2023-08-28T13:58:33.286+0000] {processor.py:839} INFO - DAG(s) dict_keys(['example_sensor_decorator']) retrieved from /home/airflow/.local/lib/python3.8/site-packages/airflow/example_dags/example_sensor_decorator.py
[2023-08-28T13:58:33.390+0000] {logging_mixin.py:151} INFO - [2023-08-28T13:58:33.390+0000] {dag.py:2907} INFO - Sync 1 DAGs
[2023-08-28T13:58:33.442+0000] {logging_mixin.py:151} INFO - [2023-08-28T13:58:33.441+0000] {dag.py:3677} INFO - Setting next_dagrun for example_sensor_decorator to None, run_after=None
[2023-08-28T13:58:33.564+0000] {processor.py:179} INFO - Processing /home/airflow/.local/lib/python3.8/site-packages/airflow/example_dags/example_sensor_decorator.py took 0.407 seconds
[2023-08-28T13:59:09.291+0000] {processor.py:157} INFO - Started process (PID=478) to work on /home/airflow/.local/lib/python3.8/site-packages/airflow/example_dags/example_sensor_decorator.py
[2023-08-28T13:59:09.317+0000] {processor.py:829} INFO - Processing file /home/airflow/.local/lib/python3.8/site-packages/airflow/example_dags/example_sensor_decorator.py for tasks to queue
[2023-08-28T13:59:09.504+0000] {logging_mixin.py:151} INFO - [2023-08-28T13:59:09.493+0000] {dagbag.py:539} INFO - Filling up the DagBag from /home/airflow/.local/lib/python3.8/site-packages/airflow/example_dags/example_sensor_decorator.py
[2023-08-28T13:59:10.691+0000] {processor.py:839} INFO - DAG(s) dict_keys(['example_sensor_decorator']) retrieved from /home/airflow/.local/lib/python3.8/site-packages/airflow/example_dags/example_sensor_decorator.py
[2023-08-28T13:59:12.003+0000] {logging_mixin.py:151} INFO - [2023-08-28T13:59:11.979+0000] {dag.py:2907} INFO - Sync 1 DAGs
[2023-08-28T13:59:12.678+0000] {logging_mixin.py:151} INFO - [2023-08-28T13:59:12.673+0000] {dag.py:3677} INFO - Setting next_dagrun for example_sensor_decorator to None, run_after=None
[2023-08-28T13:59:13.431+0000] {processor.py:179} INFO - Processing /home/airflow/.local/lib/python3.8/site-packages/airflow/example_dags/example_sensor_decorator.py took 4.345 seconds
[2023-08-28T14:01:12.681+0000] {processor.py:157} INFO - Started process (PID=541) to work on /home/airflow/.local/lib/python3.8/site-packages/airflow/example_dags/example_sensor_decorator.py
[2023-08-28T14:01:12.687+0000] {processor.py:829} INFO - Processing file /home/airflow/.local/lib/python3.8/site-packages/airflow/example_dags/example_sensor_decorator.py for tasks to queue
[2023-08-28T14:01:12.709+0000] {logging_mixin.py:151} INFO - [2023-08-28T14:01:12.706+0000] {dagbag.py:539} INFO - Filling up the DagBag from /home/airflow/.local/lib/python3.8/site-packages/airflow/example_dags/example_sensor_decorator.py
[2023-08-28T14:01:12.841+0000] {processor.py:839} INFO - DAG(s) dict_keys(['example_sensor_decorator']) retrieved from /home/airflow/.local/lib/python3.8/site-packages/airflow/example_dags/example_sensor_decorator.py
[2023-08-28T14:01:13.038+0000] {logging_mixin.py:151} INFO - [2023-08-28T14:01:13.038+0000] {dag.py:2907} INFO - Sync 1 DAGs
[2023-08-28T14:01:13.129+0000] {logging_mixin.py:151} INFO - [2023-08-28T14:01:13.128+0000] {dag.py:3677} INFO - Setting next_dagrun for example_sensor_decorator to None, run_after=None
[2023-08-28T14:01:13.331+0000] {processor.py:179} INFO - Processing /home/airflow/.local/lib/python3.8/site-packages/airflow/example_dags/example_sensor_decorator.py took 0.663 seconds
[2023-08-28T14:01:43.485+0000] {processor.py:157} INFO - Started process (PID=595) to work on /home/airflow/.local/lib/python3.8/site-packages/airflow/example_dags/example_sensor_decorator.py
[2023-08-28T14:01:43.491+0000] {processor.py:829} INFO - Processing file /home/airflow/.local/lib/python3.8/site-packages/airflow/example_dags/example_sensor_decorator.py for tasks to queue
[2023-08-28T14:01:43.506+0000] {logging_mixin.py:151} INFO - [2023-08-28T14:01:43.504+0000] {dagbag.py:539} INFO - Filling up the DagBag from /home/airflow/.local/lib/python3.8/site-packages/airflow/example_dags/example_sensor_decorator.py
[2023-08-28T14:01:43.528+0000] {processor.py:839} INFO - DAG(s) dict_keys(['example_sensor_decorator']) retrieved from /home/airflow/.local/lib/python3.8/site-packages/airflow/example_dags/example_sensor_decorator.py
[2023-08-28T14:01:43.578+0000] {logging_mixin.py:151} INFO - [2023-08-28T14:01:43.577+0000] {dag.py:2907} INFO - Sync 1 DAGs
[2023-08-28T14:01:43.614+0000] {logging_mixin.py:151} INFO - [2023-08-28T14:01:43.613+0000] {dag.py:3677} INFO - Setting next_dagrun for example_sensor_decorator to None, run_after=None
[2023-08-28T14:01:43.675+0000] {processor.py:179} INFO - Processing /home/airflow/.local/lib/python3.8/site-packages/airflow/example_dags/example_sensor_decorator.py took 0.206 seconds
[2023-08-28T14:02:30.740+0000] {processor.py:157} INFO - Started process (PID=658) to work on /home/airflow/.local/lib/python3.8/site-packages/airflow/example_dags/example_sensor_decorator.py
[2023-08-28T14:02:30.786+0000] {processor.py:829} INFO - Processing file /home/airflow/.local/lib/python3.8/site-packages/airflow/example_dags/example_sensor_decorator.py for tasks to queue
[2023-08-28T14:02:30.898+0000] {logging_mixin.py:151} INFO - [2023-08-28T14:02:30.873+0000] {dagbag.py:539} INFO - Filling up the DagBag from /home/airflow/.local/lib/python3.8/site-packages/airflow/example_dags/example_sensor_decorator.py
[2023-08-28T14:02:31.020+0000] {processor.py:839} INFO - DAG(s) dict_keys(['example_sensor_decorator']) retrieved from /home/airflow/.local/lib/python3.8/site-packages/airflow/example_dags/example_sensor_decorator.py
[2023-08-28T14:02:31.225+0000] {logging_mixin.py:151} INFO - [2023-08-28T14:02:31.225+0000] {dag.py:2907} INFO - Sync 1 DAGs
[2023-08-28T14:02:31.591+0000] {logging_mixin.py:151} INFO - [2023-08-28T14:02:31.591+0000] {dag.py:3677} INFO - Setting next_dagrun for example_sensor_decorator to None, run_after=None
[2023-08-28T14:02:32.642+0000] {processor.py:179} INFO - Processing /home/airflow/.local/lib/python3.8/site-packages/airflow/example_dags/example_sensor_decorator.py took 2.380 seconds
[2023-08-28T14:04:08.919+0000] {processor.py:157} INFO - Started process (PID=732) to work on /home/airflow/.local/lib/python3.8/site-packages/airflow/example_dags/example_sensor_decorator.py
[2023-08-28T14:04:08.926+0000] {processor.py:829} INFO - Processing file /home/airflow/.local/lib/python3.8/site-packages/airflow/example_dags/example_sensor_decorator.py for tasks to queue
[2023-08-28T14:04:08.953+0000] {logging_mixin.py:151} INFO - [2023-08-28T14:04:08.946+0000] {dagbag.py:539} INFO - Filling up the DagBag from /home/airflow/.local/lib/python3.8/site-packages/airflow/example_dags/example_sensor_decorator.py
[2023-08-28T14:04:09.021+0000] {processor.py:839} INFO - DAG(s) dict_keys(['example_sensor_decorator']) retrieved from /home/airflow/.local/lib/python3.8/site-packages/airflow/example_dags/example_sensor_decorator.py
[2023-08-28T14:04:09.138+0000] {logging_mixin.py:151} INFO - [2023-08-28T14:04:09.138+0000] {dag.py:2907} INFO - Sync 1 DAGs
[2023-08-28T14:04:09.181+0000] {logging_mixin.py:151} INFO - [2023-08-28T14:04:09.180+0000] {dag.py:3677} INFO - Setting next_dagrun for example_sensor_decorator to None, run_after=None
[2023-08-28T14:04:09.258+0000] {processor.py:179} INFO - Processing /home/airflow/.local/lib/python3.8/site-packages/airflow/example_dags/example_sensor_decorator.py took 0.353 seconds
[2023-08-28T14:05:51.017+0000] {processor.py:157} INFO - Started process (PID=810) to work on /home/airflow/.local/lib/python3.8/site-packages/airflow/example_dags/example_sensor_decorator.py
[2023-08-28T14:05:51.238+0000] {processor.py:829} INFO - Processing file /home/airflow/.local/lib/python3.8/site-packages/airflow/example_dags/example_sensor_decorator.py for tasks to queue
[2023-08-28T14:05:51.738+0000] {logging_mixin.py:151} INFO - [2023-08-28T14:05:51.737+0000] {dagbag.py:539} INFO - Filling up the DagBag from /home/airflow/.local/lib/python3.8/site-packages/airflow/example_dags/example_sensor_decorator.py
[2023-08-28T14:05:52.787+0000] {processor.py:839} INFO - DAG(s) dict_keys(['example_sensor_decorator']) retrieved from /home/airflow/.local/lib/python3.8/site-packages/airflow/example_dags/example_sensor_decorator.py
[2023-08-28T14:05:53.261+0000] {logging_mixin.py:151} INFO - [2023-08-28T14:05:53.256+0000] {dag.py:2907} INFO - Sync 1 DAGs
[2023-08-28T14:05:53.897+0000] {logging_mixin.py:151} INFO - [2023-08-28T14:05:53.887+0000] {dag.py:3677} INFO - Setting next_dagrun for example_sensor_decorator to None, run_after=None
[2023-08-28T14:05:54.159+0000] {processor.py:179} INFO - Processing /home/airflow/.local/lib/python3.8/site-packages/airflow/example_dags/example_sensor_decorator.py took 3.285 seconds
[2023-08-28T14:06:26.781+0000] {processor.py:157} INFO - Started process (PID=865) to work on /home/airflow/.local/lib/python3.8/site-packages/airflow/example_dags/example_sensor_decorator.py
[2023-08-28T14:06:26.836+0000] {processor.py:829} INFO - Processing file /home/airflow/.local/lib/python3.8/site-packages/airflow/example_dags/example_sensor_decorator.py for tasks to queue
[2023-08-28T14:06:27.131+0000] {logging_mixin.py:151} INFO - [2023-08-28T14:06:27.101+0000] {dagbag.py:539} INFO - Filling up the DagBag from /home/airflow/.local/lib/python3.8/site-packages/airflow/example_dags/example_sensor_decorator.py
[2023-08-28T14:06:27.191+0000] {processor.py:839} INFO - DAG(s) dict_keys(['example_sensor_decorator']) retrieved from /home/airflow/.local/lib/python3.8/site-packages/airflow/example_dags/example_sensor_decorator.py
[2023-08-28T14:06:27.445+0000] {logging_mixin.py:151} INFO - [2023-08-28T14:06:27.444+0000] {dag.py:2907} INFO - Sync 1 DAGs
[2023-08-28T14:06:27.580+0000] {logging_mixin.py:151} INFO - [2023-08-28T14:06:27.571+0000] {dag.py:3677} INFO - Setting next_dagrun for example_sensor_decorator to None, run_after=None
[2023-08-28T14:06:27.742+0000] {processor.py:179} INFO - Processing /home/airflow/.local/lib/python3.8/site-packages/airflow/example_dags/example_sensor_decorator.py took 1.223 seconds
[2023-08-28T14:11:04.046+0000] {processor.py:157} INFO - Started process (PID=949) to work on /home/airflow/.local/lib/python3.8/site-packages/airflow/example_dags/example_sensor_decorator.py
[2023-08-28T14:11:04.206+0000] {processor.py:829} INFO - Processing file /home/airflow/.local/lib/python3.8/site-packages/airflow/example_dags/example_sensor_decorator.py for tasks to queue
[2023-08-28T14:11:04.654+0000] {logging_mixin.py:151} INFO - [2023-08-28T14:11:04.527+0000] {dagbag.py:539} INFO - Filling up the DagBag from /home/airflow/.local/lib/python3.8/site-packages/airflow/example_dags/example_sensor_decorator.py
[2023-08-28T14:11:05.876+0000] {processor.py:839} INFO - DAG(s) dict_keys(['example_sensor_decorator']) retrieved from /home/airflow/.local/lib/python3.8/site-packages/airflow/example_dags/example_sensor_decorator.py
[2023-08-28T14:11:08.959+0000] {logging_mixin.py:151} INFO - [2023-08-28T14:11:08.958+0000] {dag.py:2907} INFO - Sync 1 DAGs
[2023-08-28T14:11:10.553+0000] {logging_mixin.py:151} INFO - [2023-08-28T14:11:10.521+0000] {dag.py:3677} INFO - Setting next_dagrun for example_sensor_decorator to None, run_after=None
[2023-08-28T14:11:13.110+0000] {processor.py:179} INFO - Processing /home/airflow/.local/lib/python3.8/site-packages/airflow/example_dags/example_sensor_decorator.py took 9.318 seconds
