[2023-08-28T13:53:30.301+0000] {processor.py:157} INFO - Started process (PID=184) to work on /home/airflow/.local/lib/python3.8/site-packages/airflow/example_dags/example_short_circuit_decorator.py
[2023-08-28T13:53:30.352+0000] {processor.py:829} INFO - Processing file /home/airflow/.local/lib/python3.8/site-packages/airflow/example_dags/example_short_circuit_decorator.py for tasks to queue
[2023-08-28T13:53:30.422+0000] {logging_mixin.py:151} INFO - [2023-08-28T13:53:30.416+0000] {dagbag.py:539} INFO - Filling up the DagBag from /home/airflow/.local/lib/python3.8/site-packages/airflow/example_dags/example_short_circuit_decorator.py
[2023-08-28T13:53:30.901+0000] {processor.py:839} INFO - DAG(s) dict_keys(['example_short_circuit_decorator']) retrieved from /home/airflow/.local/lib/python3.8/site-packages/airflow/example_dags/example_short_circuit_decorator.py
[2023-08-28T13:53:43.444+0000] {logging_mixin.py:151} INFO - [2023-08-28T13:53:43.443+0000] {manager.py:501} INFO - Created Permission View: can read on DAG:example_short_circuit_decorator
[2023-08-28T13:53:43.538+0000] {logging_mixin.py:151} INFO - [2023-08-28T13:53:43.538+0000] {manager.py:501} INFO - Created Permission View: can edit on DAG:example_short_circuit_decorator
[2023-08-28T13:53:43.633+0000] {logging_mixin.py:151} INFO - [2023-08-28T13:53:43.633+0000] {manager.py:501} INFO - Created Permission View: can delete on DAG:example_short_circuit_decorator
[2023-08-28T13:53:43.854+0000] {logging_mixin.py:151} INFO - [2023-08-28T13:53:43.854+0000] {dag.py:2907} INFO - Sync 1 DAGs
[2023-08-28T13:53:44.039+0000] {logging_mixin.py:151} INFO - [2023-08-28T13:53:44.039+0000] {dag.py:2929} INFO - Creating ORM DAG for example_short_circuit_decorator
[2023-08-28T13:53:44.218+0000] {logging_mixin.py:151} INFO - [2023-08-28T13:53:44.218+0000] {dag.py:3677} INFO - Setting next_dagrun for example_short_circuit_decorator to 2023-08-27T13:53:44.213593+00:00, run_after=2023-08-28T13:53:44.213593+00:00
[2023-08-28T13:53:44.456+0000] {processor.py:179} INFO - Processing /home/airflow/.local/lib/python3.8/site-packages/airflow/example_dags/example_short_circuit_decorator.py took 14.283 seconds
[2023-08-28T13:56:08.626+0000] {processor.py:157} INFO - Started process (PID=260) to work on /home/airflow/.local/lib/python3.8/site-packages/airflow/example_dags/example_short_circuit_decorator.py
[2023-08-28T13:56:08.654+0000] {processor.py:829} INFO - Processing file /home/airflow/.local/lib/python3.8/site-packages/airflow/example_dags/example_short_circuit_decorator.py for tasks to queue
[2023-08-28T13:56:08.747+0000] {logging_mixin.py:151} INFO - [2023-08-28T13:56:08.730+0000] {dagbag.py:539} INFO - Filling up the DagBag from /home/airflow/.local/lib/python3.8/site-packages/airflow/example_dags/example_short_circuit_decorator.py
[2023-08-28T13:56:08.998+0000] {processor.py:839} INFO - DAG(s) dict_keys(['example_short_circuit_decorator']) retrieved from /home/airflow/.local/lib/python3.8/site-packages/airflow/example_dags/example_short_circuit_decorator.py
[2023-08-28T13:56:09.277+0000] {logging_mixin.py:151} INFO - [2023-08-28T13:56:09.277+0000] {dag.py:2907} INFO - Sync 1 DAGs
[2023-08-28T13:56:09.682+0000] {logging_mixin.py:151} INFO - [2023-08-28T13:56:09.681+0000] {dag.py:3677} INFO - Setting next_dagrun for example_short_circuit_decorator to 2023-08-27T13:56:09.680773+00:00, run_after=2023-08-28T13:56:09.680773+00:00
[2023-08-28T13:56:10.125+0000] {processor.py:179} INFO - Processing /home/airflow/.local/lib/python3.8/site-packages/airflow/example_dags/example_short_circuit_decorator.py took 1.675 seconds
[2023-08-28T13:57:07.032+0000] {processor.py:157} INFO - Started process (PID=321) to work on /home/airflow/.local/lib/python3.8/site-packages/airflow/example_dags/example_short_circuit_decorator.py
[2023-08-28T13:57:07.052+0000] {processor.py:829} INFO - Processing file /home/airflow/.local/lib/python3.8/site-packages/airflow/example_dags/example_short_circuit_decorator.py for tasks to queue
[2023-08-28T13:57:07.085+0000] {logging_mixin.py:151} INFO - [2023-08-28T13:57:07.085+0000] {dagbag.py:539} INFO - Filling up the DagBag from /home/airflow/.local/lib/python3.8/site-packages/airflow/example_dags/example_short_circuit_decorator.py
[2023-08-28T13:57:07.173+0000] {processor.py:839} INFO - DAG(s) dict_keys(['example_short_circuit_decorator']) retrieved from /home/airflow/.local/lib/python3.8/site-packages/airflow/example_dags/example_short_circuit_decorator.py
[2023-08-28T13:57:07.527+0000] {logging_mixin.py:151} INFO - [2023-08-28T13:57:07.523+0000] {dag.py:2907} INFO - Sync 1 DAGs
[2023-08-28T13:57:07.761+0000] {logging_mixin.py:151} INFO - [2023-08-28T13:57:07.761+0000] {dag.py:3677} INFO - Setting next_dagrun for example_short_circuit_decorator to 2023-08-27T13:57:07.760557+00:00, run_after=2023-08-28T13:57:07.760557+00:00
[2023-08-28T13:57:07.944+0000] {processor.py:179} INFO - Processing /home/airflow/.local/lib/python3.8/site-packages/airflow/example_dags/example_short_circuit_decorator.py took 0.953 seconds
[2023-08-28T13:58:08.878+0000] {processor.py:157} INFO - Started process (PID=393) to work on /home/airflow/.local/lib/python3.8/site-packages/airflow/example_dags/example_short_circuit_decorator.py
[2023-08-28T13:58:08.887+0000] {processor.py:829} INFO - Processing file /home/airflow/.local/lib/python3.8/site-packages/airflow/example_dags/example_short_circuit_decorator.py for tasks to queue
[2023-08-28T13:58:08.913+0000] {logging_mixin.py:151} INFO - [2023-08-28T13:58:08.912+0000] {dagbag.py:539} INFO - Filling up the DagBag from /home/airflow/.local/lib/python3.8/site-packages/airflow/example_dags/example_short_circuit_decorator.py
[2023-08-28T13:58:09.026+0000] {processor.py:839} INFO - DAG(s) dict_keys(['example_short_circuit_decorator']) retrieved from /home/airflow/.local/lib/python3.8/site-packages/airflow/example_dags/example_short_circuit_decorator.py
[2023-08-28T13:58:09.283+0000] {logging_mixin.py:151} INFO - [2023-08-28T13:58:09.283+0000] {dag.py:2907} INFO - Sync 1 DAGs
[2023-08-28T13:58:09.747+0000] {logging_mixin.py:151} INFO - [2023-08-28T13:58:09.747+0000] {dag.py:3677} INFO - Setting next_dagrun for example_short_circuit_decorator to 2023-08-27T13:58:09.738345+00:00, run_after=2023-08-28T13:58:09.738345+00:00
[2023-08-28T13:58:10.352+0000] {processor.py:179} INFO - Processing /home/airflow/.local/lib/python3.8/site-packages/airflow/example_dags/example_short_circuit_decorator.py took 1.522 seconds
[2023-08-28T13:58:52.581+0000] {processor.py:157} INFO - Started process (PID=453) to work on /home/airflow/.local/lib/python3.8/site-packages/airflow/example_dags/example_short_circuit_decorator.py
[2023-08-28T13:58:52.589+0000] {processor.py:829} INFO - Processing file /home/airflow/.local/lib/python3.8/site-packages/airflow/example_dags/example_short_circuit_decorator.py for tasks to queue
[2023-08-28T13:58:52.615+0000] {logging_mixin.py:151} INFO - [2023-08-28T13:58:52.614+0000] {dagbag.py:539} INFO - Filling up the DagBag from /home/airflow/.local/lib/python3.8/site-packages/airflow/example_dags/example_short_circuit_decorator.py
[2023-08-28T13:58:52.742+0000] {processor.py:839} INFO - DAG(s) dict_keys(['example_short_circuit_decorator']) retrieved from /home/airflow/.local/lib/python3.8/site-packages/airflow/example_dags/example_short_circuit_decorator.py
[2023-08-28T13:58:53.054+0000] {logging_mixin.py:151} INFO - [2023-08-28T13:58:53.053+0000] {dag.py:2907} INFO - Sync 1 DAGs
[2023-08-28T13:58:53.259+0000] {logging_mixin.py:151} INFO - [2023-08-28T13:58:53.258+0000] {dag.py:3677} INFO - Setting next_dagrun for example_short_circuit_decorator to 2023-08-27T13:58:53.258105+00:00, run_after=2023-08-28T13:58:53.258105+00:00
[2023-08-28T13:58:53.412+0000] {processor.py:179} INFO - Processing /home/airflow/.local/lib/python3.8/site-packages/airflow/example_dags/example_short_circuit_decorator.py took 0.867 seconds
[2023-08-28T14:01:16.747+0000] {processor.py:157} INFO - Started process (PID=550) to work on /home/airflow/.local/lib/python3.8/site-packages/airflow/example_dags/example_short_circuit_decorator.py
[2023-08-28T14:01:16.763+0000] {processor.py:829} INFO - Processing file /home/airflow/.local/lib/python3.8/site-packages/airflow/example_dags/example_short_circuit_decorator.py for tasks to queue
[2023-08-28T14:01:16.791+0000] {logging_mixin.py:151} INFO - [2023-08-28T14:01:16.782+0000] {dagbag.py:539} INFO - Filling up the DagBag from /home/airflow/.local/lib/python3.8/site-packages/airflow/example_dags/example_short_circuit_decorator.py
[2023-08-28T14:01:16.858+0000] {processor.py:839} INFO - DAG(s) dict_keys(['example_short_circuit_decorator']) retrieved from /home/airflow/.local/lib/python3.8/site-packages/airflow/example_dags/example_short_circuit_decorator.py
[2023-08-28T14:01:17.043+0000] {logging_mixin.py:151} INFO - [2023-08-28T14:01:17.042+0000] {dag.py:2907} INFO - Sync 1 DAGs
[2023-08-28T14:01:17.135+0000] {logging_mixin.py:151} INFO - [2023-08-28T14:01:17.134+0000] {dag.py:3677} INFO - Setting next_dagrun for example_short_circuit_decorator to 2023-08-27T14:01:17.133396+00:00, run_after=2023-08-28T14:01:17.133396+00:00
[2023-08-28T14:01:17.195+0000] {processor.py:179} INFO - Processing /home/airflow/.local/lib/python3.8/site-packages/airflow/example_dags/example_short_circuit_decorator.py took 0.458 seconds
[2023-08-28T14:01:48.585+0000] {processor.py:157} INFO - Started process (PID=605) to work on /home/airflow/.local/lib/python3.8/site-packages/airflow/example_dags/example_short_circuit_decorator.py
[2023-08-28T14:01:48.590+0000] {processor.py:829} INFO - Processing file /home/airflow/.local/lib/python3.8/site-packages/airflow/example_dags/example_short_circuit_decorator.py for tasks to queue
[2023-08-28T14:01:48.600+0000] {logging_mixin.py:151} INFO - [2023-08-28T14:01:48.599+0000] {dagbag.py:539} INFO - Filling up the DagBag from /home/airflow/.local/lib/python3.8/site-packages/airflow/example_dags/example_short_circuit_decorator.py
[2023-08-28T14:01:48.629+0000] {processor.py:839} INFO - DAG(s) dict_keys(['example_short_circuit_decorator']) retrieved from /home/airflow/.local/lib/python3.8/site-packages/airflow/example_dags/example_short_circuit_decorator.py
[2023-08-28T14:01:48.693+0000] {logging_mixin.py:151} INFO - [2023-08-28T14:01:48.693+0000] {dag.py:2907} INFO - Sync 1 DAGs
[2023-08-28T14:01:48.745+0000] {logging_mixin.py:151} INFO - [2023-08-28T14:01:48.744+0000] {dag.py:3677} INFO - Setting next_dagrun for example_short_circuit_decorator to 2023-08-27T14:01:48.744207+00:00, run_after=2023-08-28T14:01:48.744207+00:00
[2023-08-28T14:01:48.790+0000] {processor.py:179} INFO - Processing /home/airflow/.local/lib/python3.8/site-packages/airflow/example_dags/example_short_circuit_decorator.py took 0.241 seconds
[2023-08-28T14:03:03.801+0000] {processor.py:157} INFO - Started process (PID=673) to work on /home/airflow/.local/lib/python3.8/site-packages/airflow/example_dags/example_short_circuit_decorator.py
[2023-08-28T14:03:03.807+0000] {processor.py:829} INFO - Processing file /home/airflow/.local/lib/python3.8/site-packages/airflow/example_dags/example_short_circuit_decorator.py for tasks to queue
[2023-08-28T14:03:03.834+0000] {logging_mixin.py:151} INFO - [2023-08-28T14:03:03.830+0000] {dagbag.py:539} INFO - Filling up the DagBag from /home/airflow/.local/lib/python3.8/site-packages/airflow/example_dags/example_short_circuit_decorator.py
[2023-08-28T14:03:03.913+0000] {processor.py:839} INFO - DAG(s) dict_keys(['example_short_circuit_decorator']) retrieved from /home/airflow/.local/lib/python3.8/site-packages/airflow/example_dags/example_short_circuit_decorator.py
[2023-08-28T14:03:04.090+0000] {logging_mixin.py:151} INFO - [2023-08-28T14:03:04.090+0000] {dag.py:2907} INFO - Sync 1 DAGs
[2023-08-28T14:03:04.273+0000] {logging_mixin.py:151} INFO - [2023-08-28T14:03:04.271+0000] {dag.py:3677} INFO - Setting next_dagrun for example_short_circuit_decorator to 2023-08-27T14:03:04.268236+00:00, run_after=2023-08-28T14:03:04.268236+00:00
[2023-08-28T14:03:04.416+0000] {processor.py:179} INFO - Processing /home/airflow/.local/lib/python3.8/site-packages/airflow/example_dags/example_short_circuit_decorator.py took 0.656 seconds
[2023-08-28T14:04:14.523+0000] {processor.py:157} INFO - Started process (PID=741) to work on /home/airflow/.local/lib/python3.8/site-packages/airflow/example_dags/example_short_circuit_decorator.py
[2023-08-28T14:04:14.533+0000] {processor.py:829} INFO - Processing file /home/airflow/.local/lib/python3.8/site-packages/airflow/example_dags/example_short_circuit_decorator.py for tasks to queue
[2023-08-28T14:04:14.542+0000] {logging_mixin.py:151} INFO - [2023-08-28T14:04:14.542+0000] {dagbag.py:539} INFO - Filling up the DagBag from /home/airflow/.local/lib/python3.8/site-packages/airflow/example_dags/example_short_circuit_decorator.py
[2023-08-28T14:04:14.573+0000] {processor.py:839} INFO - DAG(s) dict_keys(['example_short_circuit_decorator']) retrieved from /home/airflow/.local/lib/python3.8/site-packages/airflow/example_dags/example_short_circuit_decorator.py
[2023-08-28T14:04:14.639+0000] {logging_mixin.py:151} INFO - [2023-08-28T14:04:14.639+0000] {dag.py:2907} INFO - Sync 1 DAGs
[2023-08-28T14:04:14.700+0000] {logging_mixin.py:151} INFO - [2023-08-28T14:04:14.699+0000] {dag.py:3677} INFO - Setting next_dagrun for example_short_circuit_decorator to 2023-08-27T14:04:14.699164+00:00, run_after=2023-08-28T14:04:14.699164+00:00
[2023-08-28T14:04:14.760+0000] {processor.py:179} INFO - Processing /home/airflow/.local/lib/python3.8/site-packages/airflow/example_dags/example_short_circuit_decorator.py took 0.250 seconds
[2023-08-28T14:06:06.717+0000] {processor.py:157} INFO - Started process (PID=823) to work on /home/airflow/.local/lib/python3.8/site-packages/airflow/example_dags/example_short_circuit_decorator.py
[2023-08-28T14:06:06.757+0000] {processor.py:829} INFO - Processing file /home/airflow/.local/lib/python3.8/site-packages/airflow/example_dags/example_short_circuit_decorator.py for tasks to queue
[2023-08-28T14:06:06.839+0000] {logging_mixin.py:151} INFO - [2023-08-28T14:06:06.838+0000] {dagbag.py:539} INFO - Filling up the DagBag from /home/airflow/.local/lib/python3.8/site-packages/airflow/example_dags/example_short_circuit_decorator.py
[2023-08-28T14:06:07.245+0000] {processor.py:839} INFO - DAG(s) dict_keys(['example_short_circuit_decorator']) retrieved from /home/airflow/.local/lib/python3.8/site-packages/airflow/example_dags/example_short_circuit_decorator.py
[2023-08-28T14:06:07.511+0000] {logging_mixin.py:151} INFO - [2023-08-28T14:06:07.511+0000] {dag.py:2907} INFO - Sync 1 DAGs
[2023-08-28T14:06:07.868+0000] {logging_mixin.py:151} INFO - [2023-08-28T14:06:07.867+0000] {dag.py:3677} INFO - Setting next_dagrun for example_short_circuit_decorator to 2023-08-27T14:06:07.867046+00:00, run_after=2023-08-28T14:06:07.867046+00:00
[2023-08-28T14:06:08.042+0000] {processor.py:179} INFO - Processing /home/airflow/.local/lib/python3.8/site-packages/airflow/example_dags/example_short_circuit_decorator.py took 1.352 seconds
[2023-08-28T14:06:44.388+0000] {processor.py:157} INFO - Started process (PID=878) to work on /home/airflow/.local/lib/python3.8/site-packages/airflow/example_dags/example_short_circuit_decorator.py
[2023-08-28T14:06:44.411+0000] {processor.py:829} INFO - Processing file /home/airflow/.local/lib/python3.8/site-packages/airflow/example_dags/example_short_circuit_decorator.py for tasks to queue
[2023-08-28T14:06:44.493+0000] {logging_mixin.py:151} INFO - [2023-08-28T14:06:44.492+0000] {dagbag.py:539} INFO - Filling up the DagBag from /home/airflow/.local/lib/python3.8/site-packages/airflow/example_dags/example_short_circuit_decorator.py
[2023-08-28T14:06:45.329+0000] {processor.py:839} INFO - DAG(s) dict_keys(['example_short_circuit_decorator']) retrieved from /home/airflow/.local/lib/python3.8/site-packages/airflow/example_dags/example_short_circuit_decorator.py
[2023-08-28T14:06:52.995+0000] {logging_mixin.py:151} INFO - [2023-08-28T14:06:50.027+0000] {dag.py:2907} INFO - Sync 1 DAGs
[2023-08-28T14:07:19.651+0000] {logging_mixin.py:151} INFO - [2023-08-28T14:07:19.470+0000] {dag.py:3677} INFO - Setting next_dagrun for example_short_circuit_decorator to 2023-08-27T14:07:18.983021+00:00, run_after=2023-08-28T14:07:18.983021+00:00
[2023-08-28T14:07:24.935+0000] {processor.py:179} INFO - Processing /home/airflow/.local/lib/python3.8/site-packages/airflow/example_dags/example_short_circuit_decorator.py took 40.590 seconds
