[2023-08-28T13:53:12.318+0000] {processor.py:157} INFO - Started process (PID=175) to work on /home/airflow/.local/lib/python3.8/site-packages/airflow/example_dags/example_branch_operator_decorator.py
[2023-08-28T13:53:12.334+0000] {processor.py:829} INFO - Processing file /home/airflow/.local/lib/python3.8/site-packages/airflow/example_dags/example_branch_operator_decorator.py for tasks to queue
[2023-08-28T13:53:12.371+0000] {logging_mixin.py:151} INFO - [2023-08-28T13:53:12.370+0000] {dagbag.py:539} INFO - Filling up the DagBag from /home/airflow/.local/lib/python3.8/site-packages/airflow/example_dags/example_branch_operator_decorator.py
[2023-08-28T13:53:12.636+0000] {processor.py:839} INFO - DAG(s) dict_keys(['example_branch_python_operator_decorator']) retrieved from /home/airflow/.local/lib/python3.8/site-packages/airflow/example_dags/example_branch_operator_decorator.py
[2023-08-28T13:53:22.729+0000] {logging_mixin.py:151} INFO - [2023-08-28T13:53:22.720+0000] {manager.py:501} INFO - Created Permission View: can read on DAG:example_branch_python_operator_decorator
[2023-08-28T13:53:23.369+0000] {logging_mixin.py:151} INFO - [2023-08-28T13:53:23.369+0000] {manager.py:501} INFO - Created Permission View: can edit on DAG:example_branch_python_operator_decorator
[2023-08-28T13:53:23.438+0000] {logging_mixin.py:151} INFO - [2023-08-28T13:53:23.429+0000] {manager.py:501} INFO - Created Permission View: can delete on DAG:example_branch_python_operator_decorator
[2023-08-28T13:53:24.107+0000] {logging_mixin.py:151} INFO - [2023-08-28T13:53:24.071+0000] {dag.py:2907} INFO - Sync 1 DAGs
[2023-08-28T13:53:25.534+0000] {logging_mixin.py:151} INFO - [2023-08-28T13:53:25.533+0000] {dag.py:2929} INFO - Creating ORM DAG for example_branch_python_operator_decorator
[2023-08-28T13:53:25.824+0000] {logging_mixin.py:151} INFO - [2023-08-28T13:53:25.823+0000] {dag.py:3677} INFO - Setting next_dagrun for example_branch_python_operator_decorator to 2023-08-27T00:00:00+00:00, run_after=2023-08-28T00:00:00+00:00
[2023-08-28T13:53:26.967+0000] {processor.py:179} INFO - Processing /home/airflow/.local/lib/python3.8/site-packages/airflow/example_dags/example_branch_operator_decorator.py took 14.717 seconds
[2023-08-28T13:56:05.374+0000] {processor.py:157} INFO - Started process (PID=257) to work on /home/airflow/.local/lib/python3.8/site-packages/airflow/example_dags/example_branch_operator_decorator.py
[2023-08-28T13:56:05.402+0000] {processor.py:829} INFO - Processing file /home/airflow/.local/lib/python3.8/site-packages/airflow/example_dags/example_branch_operator_decorator.py for tasks to queue
[2023-08-28T13:56:05.474+0000] {logging_mixin.py:151} INFO - [2023-08-28T13:56:05.473+0000] {dagbag.py:539} INFO - Filling up the DagBag from /home/airflow/.local/lib/python3.8/site-packages/airflow/example_dags/example_branch_operator_decorator.py
[2023-08-28T13:56:05.652+0000] {processor.py:839} INFO - DAG(s) dict_keys(['example_branch_python_operator_decorator']) retrieved from /home/airflow/.local/lib/python3.8/site-packages/airflow/example_dags/example_branch_operator_decorator.py
[2023-08-28T13:56:05.961+0000] {logging_mixin.py:151} INFO - [2023-08-28T13:56:05.956+0000] {dag.py:2907} INFO - Sync 1 DAGs
[2023-08-28T13:56:06.454+0000] {logging_mixin.py:151} INFO - [2023-08-28T13:56:06.440+0000] {dag.py:3677} INFO - Setting next_dagrun for example_branch_python_operator_decorator to 2023-08-27T00:00:00+00:00, run_after=2023-08-28T00:00:00+00:00
[2023-08-28T13:56:06.751+0000] {processor.py:179} INFO - Processing /home/airflow/.local/lib/python3.8/site-packages/airflow/example_dags/example_branch_operator_decorator.py took 1.408 seconds
[2023-08-28T13:57:04.623+0000] {processor.py:157} INFO - Started process (PID=318) to work on /home/airflow/.local/lib/python3.8/site-packages/airflow/example_dags/example_branch_operator_decorator.py
[2023-08-28T13:57:04.653+0000] {processor.py:829} INFO - Processing file /home/airflow/.local/lib/python3.8/site-packages/airflow/example_dags/example_branch_operator_decorator.py for tasks to queue
[2023-08-28T13:57:04.745+0000] {logging_mixin.py:151} INFO - [2023-08-28T13:57:04.744+0000] {dagbag.py:539} INFO - Filling up the DagBag from /home/airflow/.local/lib/python3.8/site-packages/airflow/example_dags/example_branch_operator_decorator.py
[2023-08-28T13:57:04.982+0000] {processor.py:839} INFO - DAG(s) dict_keys(['example_branch_python_operator_decorator']) retrieved from /home/airflow/.local/lib/python3.8/site-packages/airflow/example_dags/example_branch_operator_decorator.py
[2023-08-28T13:57:05.720+0000] {logging_mixin.py:151} INFO - [2023-08-28T13:57:05.720+0000] {dag.py:2907} INFO - Sync 1 DAGs
[2023-08-28T13:57:05.997+0000] {logging_mixin.py:151} INFO - [2023-08-28T13:57:05.996+0000] {dag.py:3677} INFO - Setting next_dagrun for example_branch_python_operator_decorator to 2023-08-27T00:00:00+00:00, run_after=2023-08-28T00:00:00+00:00
[2023-08-28T13:57:06.137+0000] {processor.py:179} INFO - Processing /home/airflow/.local/lib/python3.8/site-packages/airflow/example_dags/example_branch_operator_decorator.py took 1.591 seconds
[2023-08-28T13:58:06.617+0000] {processor.py:157} INFO - Started process (PID=390) to work on /home/airflow/.local/lib/python3.8/site-packages/airflow/example_dags/example_branch_operator_decorator.py
[2023-08-28T13:58:06.632+0000] {processor.py:829} INFO - Processing file /home/airflow/.local/lib/python3.8/site-packages/airflow/example_dags/example_branch_operator_decorator.py for tasks to queue
[2023-08-28T13:58:06.701+0000] {logging_mixin.py:151} INFO - [2023-08-28T13:58:06.700+0000] {dagbag.py:539} INFO - Filling up the DagBag from /home/airflow/.local/lib/python3.8/site-packages/airflow/example_dags/example_branch_operator_decorator.py
[2023-08-28T13:58:07.160+0000] {processor.py:839} INFO - DAG(s) dict_keys(['example_branch_python_operator_decorator']) retrieved from /home/airflow/.local/lib/python3.8/site-packages/airflow/example_dags/example_branch_operator_decorator.py
[2023-08-28T13:58:07.625+0000] {logging_mixin.py:151} INFO - [2023-08-28T13:58:07.624+0000] {dag.py:2907} INFO - Sync 1 DAGs
[2023-08-28T13:58:08.083+0000] {logging_mixin.py:151} INFO - [2023-08-28T13:58:08.083+0000] {dag.py:3677} INFO - Setting next_dagrun for example_branch_python_operator_decorator to 2023-08-27T00:00:00+00:00, run_after=2023-08-28T00:00:00+00:00
[2023-08-28T13:58:08.323+0000] {processor.py:179} INFO - Processing /home/airflow/.local/lib/python3.8/site-packages/airflow/example_dags/example_branch_operator_decorator.py took 1.725 seconds
[2023-08-28T13:58:45.455+0000] {processor.py:157} INFO - Started process (PID=445) to work on /home/airflow/.local/lib/python3.8/site-packages/airflow/example_dags/example_branch_operator_decorator.py
[2023-08-28T13:58:45.481+0000] {processor.py:829} INFO - Processing file /home/airflow/.local/lib/python3.8/site-packages/airflow/example_dags/example_branch_operator_decorator.py for tasks to queue
[2023-08-28T13:58:45.549+0000] {logging_mixin.py:151} INFO - [2023-08-28T13:58:45.543+0000] {dagbag.py:539} INFO - Filling up the DagBag from /home/airflow/.local/lib/python3.8/site-packages/airflow/example_dags/example_branch_operator_decorator.py
[2023-08-28T13:58:45.728+0000] {processor.py:839} INFO - DAG(s) dict_keys(['example_branch_python_operator_decorator']) retrieved from /home/airflow/.local/lib/python3.8/site-packages/airflow/example_dags/example_branch_operator_decorator.py
[2023-08-28T13:58:46.119+0000] {logging_mixin.py:151} INFO - [2023-08-28T13:58:46.119+0000] {dag.py:2907} INFO - Sync 1 DAGs
[2023-08-28T13:58:46.246+0000] {logging_mixin.py:151} INFO - [2023-08-28T13:58:46.245+0000] {dag.py:3677} INFO - Setting next_dagrun for example_branch_python_operator_decorator to 2023-08-27T00:00:00+00:00, run_after=2023-08-28T00:00:00+00:00
[2023-08-28T13:58:46.580+0000] {processor.py:179} INFO - Processing /home/airflow/.local/lib/python3.8/site-packages/airflow/example_dags/example_branch_operator_decorator.py took 1.141 seconds
[2023-08-28T14:00:19.175+0000] {processor.py:157} INFO - Started process (PID=510) to work on /home/airflow/.local/lib/python3.8/site-packages/airflow/example_dags/example_branch_operator_decorator.py
[2023-08-28T14:00:19.186+0000] {processor.py:829} INFO - Processing file /home/airflow/.local/lib/python3.8/site-packages/airflow/example_dags/example_branch_operator_decorator.py for tasks to queue
[2023-08-28T14:00:19.216+0000] {logging_mixin.py:151} INFO - [2023-08-28T14:00:19.209+0000] {dagbag.py:539} INFO - Filling up the DagBag from /home/airflow/.local/lib/python3.8/site-packages/airflow/example_dags/example_branch_operator_decorator.py
[2023-08-28T14:00:19.541+0000] {processor.py:839} INFO - DAG(s) dict_keys(['example_branch_python_operator_decorator']) retrieved from /home/airflow/.local/lib/python3.8/site-packages/airflow/example_dags/example_branch_operator_decorator.py
[2023-08-28T14:00:19.795+0000] {logging_mixin.py:151} INFO - [2023-08-28T14:00:19.794+0000] {dag.py:2907} INFO - Sync 1 DAGs
[2023-08-28T14:00:20.996+0000] {logging_mixin.py:151} INFO - [2023-08-28T14:00:20.995+0000] {dag.py:3677} INFO - Setting next_dagrun for example_branch_python_operator_decorator to 2023-08-27T00:00:00+00:00, run_after=2023-08-28T00:00:00+00:00
[2023-08-28T14:00:21.204+0000] {processor.py:179} INFO - Processing /home/airflow/.local/lib/python3.8/site-packages/airflow/example_dags/example_branch_operator_decorator.py took 2.104 seconds
[2023-08-28T14:01:24.147+0000] {processor.py:157} INFO - Started process (PID=574) to work on /home/airflow/.local/lib/python3.8/site-packages/airflow/example_dags/example_branch_operator_decorator.py
[2023-08-28T14:01:24.154+0000] {processor.py:829} INFO - Processing file /home/airflow/.local/lib/python3.8/site-packages/airflow/example_dags/example_branch_operator_decorator.py for tasks to queue
[2023-08-28T14:01:24.171+0000] {logging_mixin.py:151} INFO - [2023-08-28T14:01:24.168+0000] {dagbag.py:539} INFO - Filling up the DagBag from /home/airflow/.local/lib/python3.8/site-packages/airflow/example_dags/example_branch_operator_decorator.py
[2023-08-28T14:01:24.232+0000] {processor.py:839} INFO - DAG(s) dict_keys(['example_branch_python_operator_decorator']) retrieved from /home/airflow/.local/lib/python3.8/site-packages/airflow/example_dags/example_branch_operator_decorator.py
[2023-08-28T14:01:24.339+0000] {logging_mixin.py:151} INFO - [2023-08-28T14:01:24.338+0000] {dag.py:2907} INFO - Sync 1 DAGs
[2023-08-28T14:01:24.420+0000] {logging_mixin.py:151} INFO - [2023-08-28T14:01:24.420+0000] {dag.py:3677} INFO - Setting next_dagrun for example_branch_python_operator_decorator to 2023-08-27T00:00:00+00:00, run_after=2023-08-28T00:00:00+00:00
[2023-08-28T14:01:24.484+0000] {processor.py:179} INFO - Processing /home/airflow/.local/lib/python3.8/site-packages/airflow/example_dags/example_branch_operator_decorator.py took 0.351 seconds
[2023-08-28T14:01:55.195+0000] {processor.py:157} INFO - Started process (PID=629) to work on /home/airflow/.local/lib/python3.8/site-packages/airflow/example_dags/example_branch_operator_decorator.py
[2023-08-28T14:01:55.210+0000] {processor.py:829} INFO - Processing file /home/airflow/.local/lib/python3.8/site-packages/airflow/example_dags/example_branch_operator_decorator.py for tasks to queue
[2023-08-28T14:01:55.245+0000] {logging_mixin.py:151} INFO - [2023-08-28T14:01:55.233+0000] {dagbag.py:539} INFO - Filling up the DagBag from /home/airflow/.local/lib/python3.8/site-packages/airflow/example_dags/example_branch_operator_decorator.py
[2023-08-28T14:01:55.359+0000] {processor.py:839} INFO - DAG(s) dict_keys(['example_branch_python_operator_decorator']) retrieved from /home/airflow/.local/lib/python3.8/site-packages/airflow/example_dags/example_branch_operator_decorator.py
[2023-08-28T14:01:55.464+0000] {logging_mixin.py:151} INFO - [2023-08-28T14:01:55.464+0000] {dag.py:2907} INFO - Sync 1 DAGs
[2023-08-28T14:01:55.579+0000] {logging_mixin.py:151} INFO - [2023-08-28T14:01:55.578+0000] {dag.py:3677} INFO - Setting next_dagrun for example_branch_python_operator_decorator to 2023-08-27T00:00:00+00:00, run_after=2023-08-28T00:00:00+00:00
[2023-08-28T14:01:55.675+0000] {processor.py:179} INFO - Processing /home/airflow/.local/lib/python3.8/site-packages/airflow/example_dags/example_branch_operator_decorator.py took 0.494 seconds
[2023-08-28T14:03:41.633+0000] {processor.py:157} INFO - Started process (PID=702) to work on /home/airflow/.local/lib/python3.8/site-packages/airflow/example_dags/example_branch_operator_decorator.py
[2023-08-28T14:03:41.645+0000] {processor.py:829} INFO - Processing file /home/airflow/.local/lib/python3.8/site-packages/airflow/example_dags/example_branch_operator_decorator.py for tasks to queue
[2023-08-28T14:03:41.677+0000] {logging_mixin.py:151} INFO - [2023-08-28T14:03:41.675+0000] {dagbag.py:539} INFO - Filling up the DagBag from /home/airflow/.local/lib/python3.8/site-packages/airflow/example_dags/example_branch_operator_decorator.py
[2023-08-28T14:03:41.778+0000] {processor.py:839} INFO - DAG(s) dict_keys(['example_branch_python_operator_decorator']) retrieved from /home/airflow/.local/lib/python3.8/site-packages/airflow/example_dags/example_branch_operator_decorator.py
[2023-08-28T14:03:41.872+0000] {logging_mixin.py:151} INFO - [2023-08-28T14:03:41.872+0000] {dag.py:2907} INFO - Sync 1 DAGs
[2023-08-28T14:03:42.093+0000] {logging_mixin.py:151} INFO - [2023-08-28T14:03:42.092+0000] {dag.py:3677} INFO - Setting next_dagrun for example_branch_python_operator_decorator to 2023-08-27T00:00:00+00:00, run_after=2023-08-28T00:00:00+00:00
[2023-08-28T14:03:42.192+0000] {processor.py:179} INFO - Processing /home/airflow/.local/lib/python3.8/site-packages/airflow/example_dags/example_branch_operator_decorator.py took 0.604 seconds
[2023-08-28T14:04:24.452+0000] {processor.py:157} INFO - Started process (PID=757) to work on /home/airflow/.local/lib/python3.8/site-packages/airflow/example_dags/example_branch_operator_decorator.py
[2023-08-28T14:04:24.488+0000] {processor.py:829} INFO - Processing file /home/airflow/.local/lib/python3.8/site-packages/airflow/example_dags/example_branch_operator_decorator.py for tasks to queue
[2023-08-28T14:04:24.538+0000] {logging_mixin.py:151} INFO - [2023-08-28T14:04:24.519+0000] {dagbag.py:539} INFO - Filling up the DagBag from /home/airflow/.local/lib/python3.8/site-packages/airflow/example_dags/example_branch_operator_decorator.py
[2023-08-28T14:04:24.740+0000] {processor.py:839} INFO - DAG(s) dict_keys(['example_branch_python_operator_decorator']) retrieved from /home/airflow/.local/lib/python3.8/site-packages/airflow/example_dags/example_branch_operator_decorator.py
[2023-08-28T14:04:25.135+0000] {logging_mixin.py:151} INFO - [2023-08-28T14:04:25.133+0000] {dag.py:2907} INFO - Sync 1 DAGs
[2023-08-28T14:04:25.458+0000] {logging_mixin.py:151} INFO - [2023-08-28T14:04:25.448+0000] {dag.py:3677} INFO - Setting next_dagrun for example_branch_python_operator_decorator to 2023-08-27T00:00:00+00:00, run_after=2023-08-28T00:00:00+00:00
[2023-08-28T14:04:25.821+0000] {processor.py:179} INFO - Processing /home/airflow/.local/lib/python3.8/site-packages/airflow/example_dags/example_branch_operator_decorator.py took 1.416 seconds
[2023-08-28T14:06:03.261+0000] {processor.py:157} INFO - Started process (PID=820) to work on /home/airflow/.local/lib/python3.8/site-packages/airflow/example_dags/example_branch_operator_decorator.py
[2023-08-28T14:06:03.309+0000] {processor.py:829} INFO - Processing file /home/airflow/.local/lib/python3.8/site-packages/airflow/example_dags/example_branch_operator_decorator.py for tasks to queue
[2023-08-28T14:06:03.337+0000] {logging_mixin.py:151} INFO - [2023-08-28T14:06:03.336+0000] {dagbag.py:539} INFO - Filling up the DagBag from /home/airflow/.local/lib/python3.8/site-packages/airflow/example_dags/example_branch_operator_decorator.py
[2023-08-28T14:06:03.424+0000] {processor.py:839} INFO - DAG(s) dict_keys(['example_branch_python_operator_decorator']) retrieved from /home/airflow/.local/lib/python3.8/site-packages/airflow/example_dags/example_branch_operator_decorator.py
[2023-08-28T14:06:03.553+0000] {logging_mixin.py:151} INFO - [2023-08-28T14:06:03.548+0000] {dag.py:2907} INFO - Sync 1 DAGs
[2023-08-28T14:06:04.916+0000] {logging_mixin.py:151} INFO - [2023-08-28T14:06:04.915+0000] {dag.py:3677} INFO - Setting next_dagrun for example_branch_python_operator_decorator to 2023-08-27T00:00:00+00:00, run_after=2023-08-28T00:00:00+00:00
[2023-08-28T14:06:05.298+0000] {processor.py:179} INFO - Processing /home/airflow/.local/lib/python3.8/site-packages/airflow/example_dags/example_branch_operator_decorator.py took 2.075 seconds
[2023-08-28T14:06:39.958+0000] {processor.py:157} INFO - Started process (PID=875) to work on /home/airflow/.local/lib/python3.8/site-packages/airflow/example_dags/example_branch_operator_decorator.py
[2023-08-28T14:06:39.964+0000] {processor.py:829} INFO - Processing file /home/airflow/.local/lib/python3.8/site-packages/airflow/example_dags/example_branch_operator_decorator.py for tasks to queue
[2023-08-28T14:06:39.992+0000] {logging_mixin.py:151} INFO - [2023-08-28T14:06:39.985+0000] {dagbag.py:539} INFO - Filling up the DagBag from /home/airflow/.local/lib/python3.8/site-packages/airflow/example_dags/example_branch_operator_decorator.py
[2023-08-28T14:06:40.064+0000] {processor.py:839} INFO - DAG(s) dict_keys(['example_branch_python_operator_decorator']) retrieved from /home/airflow/.local/lib/python3.8/site-packages/airflow/example_dags/example_branch_operator_decorator.py
[2023-08-28T14:06:40.202+0000] {logging_mixin.py:151} INFO - [2023-08-28T14:06:40.202+0000] {dag.py:2907} INFO - Sync 1 DAGs
[2023-08-28T14:06:40.705+0000] {logging_mixin.py:151} INFO - [2023-08-28T14:06:40.698+0000] {dag.py:3677} INFO - Setting next_dagrun for example_branch_python_operator_decorator to 2023-08-27T00:00:00+00:00, run_after=2023-08-28T00:00:00+00:00
[2023-08-28T14:06:41.346+0000] {processor.py:179} INFO - Processing /home/airflow/.local/lib/python3.8/site-packages/airflow/example_dags/example_branch_operator_decorator.py took 1.458 seconds
[2023-08-28T14:13:21.718+0000] {processor.py:157} INFO - Started process (PID=973) to work on /home/airflow/.local/lib/python3.8/site-packages/airflow/example_dags/example_branch_operator_decorator.py
[2023-08-28T14:13:22.073+0000] {processor.py:829} INFO - Processing file /home/airflow/.local/lib/python3.8/site-packages/airflow/example_dags/example_branch_operator_decorator.py for tasks to queue
[2023-08-28T14:13:22.250+0000] {logging_mixin.py:151} INFO - [2023-08-28T14:13:22.170+0000] {dagbag.py:539} INFO - Filling up the DagBag from /home/airflow/.local/lib/python3.8/site-packages/airflow/example_dags/example_branch_operator_decorator.py
[2023-08-28T14:13:26.419+0000] {processor.py:839} INFO - DAG(s) dict_keys(['example_branch_python_operator_decorator']) retrieved from /home/airflow/.local/lib/python3.8/site-packages/airflow/example_dags/example_branch_operator_decorator.py
[2023-08-28T14:13:35.013+0000] {logging_mixin.py:151} INFO - [2023-08-28T14:13:34.623+0000] {dag.py:2907} INFO - Sync 1 DAGs
[2023-08-28T14:13:38.707+0000] {logging_mixin.py:151} INFO - [2023-08-28T14:13:38.628+0000] {dag.py:3677} INFO - Setting next_dagrun for example_branch_python_operator_decorator to 2023-08-27T00:00:00+00:00, run_after=2023-08-28T00:00:00+00:00
[2023-08-28T14:13:40.588+0000] {processor.py:179} INFO - Processing /home/airflow/.local/lib/python3.8/site-packages/airflow/example_dags/example_branch_operator_decorator.py took 20.236 seconds
