[2023-08-28T13:53:15.795+0000] {processor.py:157} INFO - Started process (PID=176) to work on /home/airflow/.local/lib/python3.8/site-packages/airflow/example_dags/example_sensors.py
[2023-08-28T13:53:15.823+0000] {processor.py:829} INFO - Processing file /home/airflow/.local/lib/python3.8/site-packages/airflow/example_dags/example_sensors.py for tasks to queue
[2023-08-28T13:53:15.949+0000] {logging_mixin.py:151} INFO - [2023-08-28T13:53:15.938+0000] {dagbag.py:539} INFO - Filling up the DagBag from /home/airflow/.local/lib/python3.8/site-packages/airflow/example_dags/example_sensors.py
[2023-08-28T13:53:16.180+0000] {processor.py:839} INFO - DAG(s) dict_keys(['example_sensors']) retrieved from /home/airflow/.local/lib/python3.8/site-packages/airflow/example_dags/example_sensors.py
[2023-08-28T13:53:26.452+0000] {logging_mixin.py:151} INFO - [2023-08-28T13:53:26.451+0000] {manager.py:501} INFO - Created Permission View: can read on DAG:example_sensors
[2023-08-28T13:53:27.909+0000] {logging_mixin.py:151} INFO - [2023-08-28T13:53:27.888+0000] {manager.py:501} INFO - Created Permission View: can edit on DAG:example_sensors
[2023-08-28T13:53:28.204+0000] {logging_mixin.py:151} INFO - [2023-08-28T13:53:28.199+0000] {manager.py:501} INFO - Created Permission View: can delete on DAG:example_sensors
[2023-08-28T13:53:28.660+0000] {logging_mixin.py:151} INFO - [2023-08-28T13:53:28.660+0000] {dag.py:2907} INFO - Sync 1 DAGs
[2023-08-28T13:53:28.888+0000] {logging_mixin.py:151} INFO - [2023-08-28T13:53:28.888+0000] {dag.py:2929} INFO - Creating ORM DAG for example_sensors
[2023-08-28T13:53:28.899+0000] {logging_mixin.py:151} INFO - [2023-08-28T13:53:28.894+0000] {dag.py:3677} INFO - Setting next_dagrun for example_sensors to None, run_after=None
[2023-08-28T13:53:29.072+0000] {processor.py:179} INFO - Processing /home/airflow/.local/lib/python3.8/site-packages/airflow/example_dags/example_sensors.py took 13.383 seconds
[2023-08-28T13:56:06.419+0000] {processor.py:157} INFO - Started process (PID=258) to work on /home/airflow/.local/lib/python3.8/site-packages/airflow/example_dags/example_sensors.py
[2023-08-28T13:56:06.451+0000] {processor.py:829} INFO - Processing file /home/airflow/.local/lib/python3.8/site-packages/airflow/example_dags/example_sensors.py for tasks to queue
[2023-08-28T13:56:06.507+0000] {logging_mixin.py:151} INFO - [2023-08-28T13:56:06.507+0000] {dagbag.py:539} INFO - Filling up the DagBag from /home/airflow/.local/lib/python3.8/site-packages/airflow/example_dags/example_sensors.py
[2023-08-28T13:56:06.650+0000] {processor.py:839} INFO - DAG(s) dict_keys(['example_sensors']) retrieved from /home/airflow/.local/lib/python3.8/site-packages/airflow/example_dags/example_sensors.py
[2023-08-28T13:56:07.353+0000] {logging_mixin.py:151} INFO - [2023-08-28T13:56:07.302+0000] {dag.py:2907} INFO - Sync 1 DAGs
[2023-08-28T13:56:07.675+0000] {logging_mixin.py:151} INFO - [2023-08-28T13:56:07.675+0000] {dag.py:3677} INFO - Setting next_dagrun for example_sensors to None, run_after=None
[2023-08-28T13:56:08.034+0000] {processor.py:179} INFO - Processing /home/airflow/.local/lib/python3.8/site-packages/airflow/example_dags/example_sensors.py took 1.672 seconds
[2023-08-28T13:57:05.729+0000] {processor.py:157} INFO - Started process (PID=319) to work on /home/airflow/.local/lib/python3.8/site-packages/airflow/example_dags/example_sensors.py
[2023-08-28T13:57:05.745+0000] {processor.py:829} INFO - Processing file /home/airflow/.local/lib/python3.8/site-packages/airflow/example_dags/example_sensors.py for tasks to queue
[2023-08-28T13:57:05.786+0000] {logging_mixin.py:151} INFO - [2023-08-28T13:57:05.783+0000] {dagbag.py:539} INFO - Filling up the DagBag from /home/airflow/.local/lib/python3.8/site-packages/airflow/example_dags/example_sensors.py
[2023-08-28T13:57:05.907+0000] {processor.py:839} INFO - DAG(s) dict_keys(['example_sensors']) retrieved from /home/airflow/.local/lib/python3.8/site-packages/airflow/example_dags/example_sensors.py
[2023-08-28T13:57:06.207+0000] {logging_mixin.py:151} INFO - [2023-08-28T13:57:06.206+0000] {dag.py:2907} INFO - Sync 1 DAGs
[2023-08-28T13:57:06.334+0000] {logging_mixin.py:151} INFO - [2023-08-28T13:57:06.333+0000] {dag.py:3677} INFO - Setting next_dagrun for example_sensors to None, run_after=None
[2023-08-28T13:57:06.595+0000] {processor.py:179} INFO - Processing /home/airflow/.local/lib/python3.8/site-packages/airflow/example_dags/example_sensors.py took 0.930 seconds
[2023-08-28T13:58:07.479+0000] {processor.py:157} INFO - Started process (PID=391) to work on /home/airflow/.local/lib/python3.8/site-packages/airflow/example_dags/example_sensors.py
[2023-08-28T13:58:07.483+0000] {processor.py:829} INFO - Processing file /home/airflow/.local/lib/python3.8/site-packages/airflow/example_dags/example_sensors.py for tasks to queue
[2023-08-28T13:58:07.494+0000] {logging_mixin.py:151} INFO - [2023-08-28T13:58:07.492+0000] {dagbag.py:539} INFO - Filling up the DagBag from /home/airflow/.local/lib/python3.8/site-packages/airflow/example_dags/example_sensors.py
[2023-08-28T13:58:07.536+0000] {processor.py:839} INFO - DAG(s) dict_keys(['example_sensors']) retrieved from /home/airflow/.local/lib/python3.8/site-packages/airflow/example_dags/example_sensors.py
[2023-08-28T13:58:07.962+0000] {logging_mixin.py:151} INFO - [2023-08-28T13:58:07.959+0000] {dag.py:2907} INFO - Sync 1 DAGs
[2023-08-28T13:58:08.164+0000] {logging_mixin.py:151} INFO - [2023-08-28T13:58:08.164+0000] {dag.py:3677} INFO - Setting next_dagrun for example_sensors to None, run_after=None
[2023-08-28T13:58:08.431+0000] {processor.py:179} INFO - Processing /home/airflow/.local/lib/python3.8/site-packages/airflow/example_dags/example_sensors.py took 0.965 seconds
[2023-08-28T13:58:46.645+0000] {processor.py:157} INFO - Started process (PID=446) to work on /home/airflow/.local/lib/python3.8/site-packages/airflow/example_dags/example_sensors.py
[2023-08-28T13:58:46.696+0000] {processor.py:829} INFO - Processing file /home/airflow/.local/lib/python3.8/site-packages/airflow/example_dags/example_sensors.py for tasks to queue
[2023-08-28T13:58:46.791+0000] {logging_mixin.py:151} INFO - [2023-08-28T13:58:46.790+0000] {dagbag.py:539} INFO - Filling up the DagBag from /home/airflow/.local/lib/python3.8/site-packages/airflow/example_dags/example_sensors.py
[2023-08-28T13:58:47.094+0000] {processor.py:839} INFO - DAG(s) dict_keys(['example_sensors']) retrieved from /home/airflow/.local/lib/python3.8/site-packages/airflow/example_dags/example_sensors.py
[2023-08-28T13:58:47.577+0000] {logging_mixin.py:151} INFO - [2023-08-28T13:58:47.577+0000] {dag.py:2907} INFO - Sync 1 DAGs
[2023-08-28T13:58:47.906+0000] {logging_mixin.py:151} INFO - [2023-08-28T13:58:47.871+0000] {dag.py:3677} INFO - Setting next_dagrun for example_sensors to None, run_after=None
[2023-08-28T13:58:48.115+0000] {processor.py:179} INFO - Processing /home/airflow/.local/lib/python3.8/site-packages/airflow/example_dags/example_sensors.py took 1.595 seconds
[2023-08-28T14:00:21.096+0000] {processor.py:157} INFO - Started process (PID=511) to work on /home/airflow/.local/lib/python3.8/site-packages/airflow/example_dags/example_sensors.py
[2023-08-28T14:00:21.118+0000] {processor.py:829} INFO - Processing file /home/airflow/.local/lib/python3.8/site-packages/airflow/example_dags/example_sensors.py for tasks to queue
[2023-08-28T14:00:21.172+0000] {logging_mixin.py:151} INFO - [2023-08-28T14:00:21.172+0000] {dagbag.py:539} INFO - Filling up the DagBag from /home/airflow/.local/lib/python3.8/site-packages/airflow/example_dags/example_sensors.py
[2023-08-28T14:00:21.650+0000] {processor.py:839} INFO - DAG(s) dict_keys(['example_sensors']) retrieved from /home/airflow/.local/lib/python3.8/site-packages/airflow/example_dags/example_sensors.py
[2023-08-28T14:00:23.178+0000] {logging_mixin.py:151} INFO - [2023-08-28T14:00:23.130+0000] {dag.py:2907} INFO - Sync 1 DAGs
[2023-08-28T14:00:26.478+0000] {logging_mixin.py:151} INFO - [2023-08-28T14:00:26.459+0000] {dag.py:3677} INFO - Setting next_dagrun for example_sensors to None, run_after=None
[2023-08-28T14:00:27.253+0000] {processor.py:179} INFO - Processing /home/airflow/.local/lib/python3.8/site-packages/airflow/example_dags/example_sensors.py took 6.251 seconds
[2023-08-28T14:01:24.228+0000] {processor.py:157} INFO - Started process (PID=575) to work on /home/airflow/.local/lib/python3.8/site-packages/airflow/example_dags/example_sensors.py
[2023-08-28T14:01:24.239+0000] {processor.py:829} INFO - Processing file /home/airflow/.local/lib/python3.8/site-packages/airflow/example_dags/example_sensors.py for tasks to queue
[2023-08-28T14:01:24.257+0000] {logging_mixin.py:151} INFO - [2023-08-28T14:01:24.254+0000] {dagbag.py:539} INFO - Filling up the DagBag from /home/airflow/.local/lib/python3.8/site-packages/airflow/example_dags/example_sensors.py
[2023-08-28T14:01:24.307+0000] {processor.py:839} INFO - DAG(s) dict_keys(['example_sensors']) retrieved from /home/airflow/.local/lib/python3.8/site-packages/airflow/example_dags/example_sensors.py
[2023-08-28T14:01:24.394+0000] {logging_mixin.py:151} INFO - [2023-08-28T14:01:24.394+0000] {dag.py:2907} INFO - Sync 1 DAGs
[2023-08-28T14:01:24.433+0000] {logging_mixin.py:151} INFO - [2023-08-28T14:01:24.433+0000] {dag.py:3677} INFO - Setting next_dagrun for example_sensors to None, run_after=None
[2023-08-28T14:01:24.501+0000] {processor.py:179} INFO - Processing /home/airflow/.local/lib/python3.8/site-packages/airflow/example_dags/example_sensors.py took 0.302 seconds
[2023-08-28T14:01:55.372+0000] {processor.py:157} INFO - Started process (PID=630) to work on /home/airflow/.local/lib/python3.8/site-packages/airflow/example_dags/example_sensors.py
[2023-08-28T14:01:55.377+0000] {processor.py:829} INFO - Processing file /home/airflow/.local/lib/python3.8/site-packages/airflow/example_dags/example_sensors.py for tasks to queue
[2023-08-28T14:01:55.393+0000] {logging_mixin.py:151} INFO - [2023-08-28T14:01:55.392+0000] {dagbag.py:539} INFO - Filling up the DagBag from /home/airflow/.local/lib/python3.8/site-packages/airflow/example_dags/example_sensors.py
[2023-08-28T14:01:55.436+0000] {processor.py:839} INFO - DAG(s) dict_keys(['example_sensors']) retrieved from /home/airflow/.local/lib/python3.8/site-packages/airflow/example_dags/example_sensors.py
[2023-08-28T14:01:55.538+0000] {logging_mixin.py:151} INFO - [2023-08-28T14:01:55.538+0000] {dag.py:2907} INFO - Sync 1 DAGs
[2023-08-28T14:01:55.632+0000] {logging_mixin.py:151} INFO - [2023-08-28T14:01:55.632+0000] {dag.py:3677} INFO - Setting next_dagrun for example_sensors to None, run_after=None
[2023-08-28T14:01:55.716+0000] {processor.py:179} INFO - Processing /home/airflow/.local/lib/python3.8/site-packages/airflow/example_dags/example_sensors.py took 0.370 seconds
[2023-08-28T14:03:42.037+0000] {processor.py:157} INFO - Started process (PID=703) to work on /home/airflow/.local/lib/python3.8/site-packages/airflow/example_dags/example_sensors.py
[2023-08-28T14:03:42.045+0000] {processor.py:829} INFO - Processing file /home/airflow/.local/lib/python3.8/site-packages/airflow/example_dags/example_sensors.py for tasks to queue
[2023-08-28T14:03:42.067+0000] {logging_mixin.py:151} INFO - [2023-08-28T14:03:42.066+0000] {dagbag.py:539} INFO - Filling up the DagBag from /home/airflow/.local/lib/python3.8/site-packages/airflow/example_dags/example_sensors.py
[2023-08-28T14:03:42.132+0000] {processor.py:839} INFO - DAG(s) dict_keys(['example_sensors']) retrieved from /home/airflow/.local/lib/python3.8/site-packages/airflow/example_dags/example_sensors.py
[2023-08-28T14:03:42.265+0000] {logging_mixin.py:151} INFO - [2023-08-28T14:03:42.264+0000] {dag.py:2907} INFO - Sync 1 DAGs
[2023-08-28T14:03:42.379+0000] {logging_mixin.py:151} INFO - [2023-08-28T14:03:42.379+0000] {dag.py:3677} INFO - Setting next_dagrun for example_sensors to None, run_after=None
[2023-08-28T14:03:42.474+0000] {processor.py:179} INFO - Processing /home/airflow/.local/lib/python3.8/site-packages/airflow/example_dags/example_sensors.py took 0.469 seconds
[2023-08-28T14:04:24.707+0000] {processor.py:157} INFO - Started process (PID=758) to work on /home/airflow/.local/lib/python3.8/site-packages/airflow/example_dags/example_sensors.py
[2023-08-28T14:04:24.737+0000] {processor.py:829} INFO - Processing file /home/airflow/.local/lib/python3.8/site-packages/airflow/example_dags/example_sensors.py for tasks to queue
[2023-08-28T14:04:24.787+0000] {logging_mixin.py:151} INFO - [2023-08-28T14:04:24.786+0000] {dagbag.py:539} INFO - Filling up the DagBag from /home/airflow/.local/lib/python3.8/site-packages/airflow/example_dags/example_sensors.py
[2023-08-28T14:04:25.047+0000] {processor.py:839} INFO - DAG(s) dict_keys(['example_sensors']) retrieved from /home/airflow/.local/lib/python3.8/site-packages/airflow/example_dags/example_sensors.py
[2023-08-28T14:04:25.248+0000] {logging_mixin.py:151} INFO - [2023-08-28T14:04:25.248+0000] {dag.py:2907} INFO - Sync 1 DAGs
[2023-08-28T14:04:25.402+0000] {logging_mixin.py:151} INFO - [2023-08-28T14:04:25.401+0000] {dag.py:3677} INFO - Setting next_dagrun for example_sensors to None, run_after=None
[2023-08-28T14:04:25.727+0000] {processor.py:179} INFO - Processing /home/airflow/.local/lib/python3.8/site-packages/airflow/example_dags/example_sensors.py took 1.081 seconds
[2023-08-28T14:06:04.844+0000] {processor.py:157} INFO - Started process (PID=821) to work on /home/airflow/.local/lib/python3.8/site-packages/airflow/example_dags/example_sensors.py
[2023-08-28T14:06:04.859+0000] {processor.py:829} INFO - Processing file /home/airflow/.local/lib/python3.8/site-packages/airflow/example_dags/example_sensors.py for tasks to queue
[2023-08-28T14:06:04.925+0000] {logging_mixin.py:151} INFO - [2023-08-28T14:06:04.923+0000] {dagbag.py:539} INFO - Filling up the DagBag from /home/airflow/.local/lib/python3.8/site-packages/airflow/example_dags/example_sensors.py
[2023-08-28T14:06:05.226+0000] {processor.py:839} INFO - DAG(s) dict_keys(['example_sensors']) retrieved from /home/airflow/.local/lib/python3.8/site-packages/airflow/example_dags/example_sensors.py
[2023-08-28T14:06:05.638+0000] {logging_mixin.py:151} INFO - [2023-08-28T14:06:05.621+0000] {dag.py:2907} INFO - Sync 1 DAGs
[2023-08-28T14:06:05.941+0000] {logging_mixin.py:151} INFO - [2023-08-28T14:06:05.941+0000] {dag.py:3677} INFO - Setting next_dagrun for example_sensors to None, run_after=None
[2023-08-28T14:06:06.325+0000] {processor.py:179} INFO - Processing /home/airflow/.local/lib/python3.8/site-packages/airflow/example_dags/example_sensors.py took 1.541 seconds
[2023-08-28T14:06:40.344+0000] {processor.py:157} INFO - Started process (PID=876) to work on /home/airflow/.local/lib/python3.8/site-packages/airflow/example_dags/example_sensors.py
[2023-08-28T14:06:40.435+0000] {processor.py:829} INFO - Processing file /home/airflow/.local/lib/python3.8/site-packages/airflow/example_dags/example_sensors.py for tasks to queue
[2023-08-28T14:06:40.507+0000] {logging_mixin.py:151} INFO - [2023-08-28T14:06:40.506+0000] {dagbag.py:539} INFO - Filling up the DagBag from /home/airflow/.local/lib/python3.8/site-packages/airflow/example_dags/example_sensors.py
[2023-08-28T14:06:41.191+0000] {processor.py:839} INFO - DAG(s) dict_keys(['example_sensors']) retrieved from /home/airflow/.local/lib/python3.8/site-packages/airflow/example_dags/example_sensors.py
[2023-08-28T14:06:42.256+0000] {logging_mixin.py:151} INFO - [2023-08-28T14:06:42.256+0000] {dag.py:2907} INFO - Sync 1 DAGs
[2023-08-28T14:06:42.772+0000] {logging_mixin.py:151} INFO - [2023-08-28T14:06:42.771+0000] {dag.py:3677} INFO - Setting next_dagrun for example_sensors to None, run_after=None
[2023-08-28T14:06:43.415+0000] {processor.py:179} INFO - Processing /home/airflow/.local/lib/python3.8/site-packages/airflow/example_dags/example_sensors.py took 3.117 seconds
[2023-08-28T14:13:25.331+0000] {processor.py:157} INFO - Started process (PID=974) to work on /home/airflow/.local/lib/python3.8/site-packages/airflow/example_dags/example_sensors.py
[2023-08-28T14:13:25.528+0000] {processor.py:829} INFO - Processing file /home/airflow/.local/lib/python3.8/site-packages/airflow/example_dags/example_sensors.py for tasks to queue
[2023-08-28T14:13:25.909+0000] {logging_mixin.py:151} INFO - [2023-08-28T14:13:25.772+0000] {dagbag.py:539} INFO - Filling up the DagBag from /home/airflow/.local/lib/python3.8/site-packages/airflow/example_dags/example_sensors.py
[2023-08-28T14:13:28.886+0000] {processor.py:839} INFO - DAG(s) dict_keys(['example_sensors']) retrieved from /home/airflow/.local/lib/python3.8/site-packages/airflow/example_dags/example_sensors.py
[2023-08-28T14:13:35.617+0000] {logging_mixin.py:151} INFO - [2023-08-28T14:13:35.616+0000] {dag.py:2907} INFO - Sync 1 DAGs
[2023-08-28T14:13:37.474+0000] {logging_mixin.py:151} INFO - [2023-08-28T14:13:37.473+0000] {dag.py:3677} INFO - Setting next_dagrun for example_sensors to None, run_after=None
[2023-08-28T14:13:39.220+0000] {processor.py:179} INFO - Processing /home/airflow/.local/lib/python3.8/site-packages/airflow/example_dags/example_sensors.py took 15.500 seconds
