[2023-08-28T13:53:29.693+0000] {processor.py:157} INFO - Started process (PID=177) to work on /home/airflow/.local/lib/python3.8/site-packages/airflow/example_dags/example_dynamic_task_mapping_with_no_taskflow_operators.py
[2023-08-28T13:53:29.751+0000] {processor.py:829} INFO - Processing file /home/airflow/.local/lib/python3.8/site-packages/airflow/example_dags/example_dynamic_task_mapping_with_no_taskflow_operators.py for tasks to queue
[2023-08-28T13:53:30.016+0000] {logging_mixin.py:151} INFO - [2023-08-28T13:53:30.008+0000] {dagbag.py:539} INFO - Filling up the DagBag from /home/airflow/.local/lib/python3.8/site-packages/airflow/example_dags/example_dynamic_task_mapping_with_no_taskflow_operators.py
[2023-08-28T13:53:30.371+0000] {processor.py:839} INFO - DAG(s) dict_keys(['example_dynamic_task_mapping_with_no_taskflow_operators']) retrieved from /home/airflow/.local/lib/python3.8/site-packages/airflow/example_dags/example_dynamic_task_mapping_with_no_taskflow_operators.py
[2023-08-28T13:53:42.999+0000] {logging_mixin.py:151} INFO - [2023-08-28T13:53:42.991+0000] {manager.py:501} INFO - Created Permission View: can read on DAG:example_dynamic_task_mapping_with_no_taskflow_operators
[2023-08-28T13:53:43.149+0000] {logging_mixin.py:151} INFO - [2023-08-28T13:53:43.149+0000] {manager.py:501} INFO - Created Permission View: can edit on DAG:example_dynamic_task_mapping_with_no_taskflow_operators
[2023-08-28T13:53:43.211+0000] {logging_mixin.py:151} INFO - [2023-08-28T13:53:43.210+0000] {manager.py:501} INFO - Created Permission View: can delete on DAG:example_dynamic_task_mapping_with_no_taskflow_operators
[2023-08-28T13:53:43.366+0000] {logging_mixin.py:151} INFO - [2023-08-28T13:53:43.365+0000] {dag.py:2907} INFO - Sync 1 DAGs
[2023-08-28T13:53:43.493+0000] {logging_mixin.py:151} INFO - [2023-08-28T13:53:43.493+0000] {dag.py:2929} INFO - Creating ORM DAG for example_dynamic_task_mapping_with_no_taskflow_operators
[2023-08-28T13:53:43.597+0000] {logging_mixin.py:151} INFO - [2023-08-28T13:53:43.597+0000] {dag.py:3677} INFO - Setting next_dagrun for example_dynamic_task_mapping_with_no_taskflow_operators to 2023-08-27T13:53:43.592443+00:00, run_after=2023-08-28T13:53:43.592443+00:00
[2023-08-28T13:53:43.948+0000] {processor.py:179} INFO - Processing /home/airflow/.local/lib/python3.8/site-packages/airflow/example_dags/example_dynamic_task_mapping_with_no_taskflow_operators.py took 14.612 seconds
[2023-08-28T13:56:07.395+0000] {processor.py:157} INFO - Started process (PID=259) to work on /home/airflow/.local/lib/python3.8/site-packages/airflow/example_dags/example_dynamic_task_mapping_with_no_taskflow_operators.py
[2023-08-28T13:56:07.437+0000] {processor.py:829} INFO - Processing file /home/airflow/.local/lib/python3.8/site-packages/airflow/example_dags/example_dynamic_task_mapping_with_no_taskflow_operators.py for tasks to queue
[2023-08-28T13:56:07.483+0000] {logging_mixin.py:151} INFO - [2023-08-28T13:56:07.478+0000] {dagbag.py:539} INFO - Filling up the DagBag from /home/airflow/.local/lib/python3.8/site-packages/airflow/example_dags/example_dynamic_task_mapping_with_no_taskflow_operators.py
[2023-08-28T13:56:07.607+0000] {processor.py:839} INFO - DAG(s) dict_keys(['example_dynamic_task_mapping_with_no_taskflow_operators']) retrieved from /home/airflow/.local/lib/python3.8/site-packages/airflow/example_dags/example_dynamic_task_mapping_with_no_taskflow_operators.py
[2023-08-28T13:56:07.989+0000] {logging_mixin.py:151} INFO - [2023-08-28T13:56:07.980+0000] {dag.py:2907} INFO - Sync 1 DAGs
[2023-08-28T13:56:08.624+0000] {logging_mixin.py:151} INFO - [2023-08-28T13:56:08.624+0000] {dag.py:3677} INFO - Setting next_dagrun for example_dynamic_task_mapping_with_no_taskflow_operators to 2023-08-27T13:56:08.602769+00:00, run_after=2023-08-28T13:56:08.602769+00:00
[2023-08-28T13:56:09.022+0000] {processor.py:179} INFO - Processing /home/airflow/.local/lib/python3.8/site-packages/airflow/example_dags/example_dynamic_task_mapping_with_no_taskflow_operators.py took 1.689 seconds
[2023-08-28T13:57:06.423+0000] {processor.py:157} INFO - Started process (PID=320) to work on /home/airflow/.local/lib/python3.8/site-packages/airflow/example_dags/example_dynamic_task_mapping_with_no_taskflow_operators.py
[2023-08-28T13:57:06.437+0000] {processor.py:829} INFO - Processing file /home/airflow/.local/lib/python3.8/site-packages/airflow/example_dags/example_dynamic_task_mapping_with_no_taskflow_operators.py for tasks to queue
[2023-08-28T13:57:06.457+0000] {logging_mixin.py:151} INFO - [2023-08-28T13:57:06.456+0000] {dagbag.py:539} INFO - Filling up the DagBag from /home/airflow/.local/lib/python3.8/site-packages/airflow/example_dags/example_dynamic_task_mapping_with_no_taskflow_operators.py
[2023-08-28T13:57:06.732+0000] {processor.py:839} INFO - DAG(s) dict_keys(['example_dynamic_task_mapping_with_no_taskflow_operators']) retrieved from /home/airflow/.local/lib/python3.8/site-packages/airflow/example_dags/example_dynamic_task_mapping_with_no_taskflow_operators.py
[2023-08-28T13:57:07.088+0000] {logging_mixin.py:151} INFO - [2023-08-28T13:57:07.088+0000] {dag.py:2907} INFO - Sync 1 DAGs
[2023-08-28T13:57:07.506+0000] {logging_mixin.py:151} INFO - [2023-08-28T13:57:07.505+0000] {dag.py:3677} INFO - Setting next_dagrun for example_dynamic_task_mapping_with_no_taskflow_operators to 2023-08-27T13:57:07.504782+00:00, run_after=2023-08-28T13:57:07.504782+00:00
[2023-08-28T13:57:08.096+0000] {processor.py:179} INFO - Processing /home/airflow/.local/lib/python3.8/site-packages/airflow/example_dags/example_dynamic_task_mapping_with_no_taskflow_operators.py took 1.693 seconds
[2023-08-28T13:58:08.663+0000] {processor.py:157} INFO - Started process (PID=392) to work on /home/airflow/.local/lib/python3.8/site-packages/airflow/example_dags/example_dynamic_task_mapping_with_no_taskflow_operators.py
[2023-08-28T13:58:08.684+0000] {processor.py:829} INFO - Processing file /home/airflow/.local/lib/python3.8/site-packages/airflow/example_dags/example_dynamic_task_mapping_with_no_taskflow_operators.py for tasks to queue
[2023-08-28T13:58:08.715+0000] {logging_mixin.py:151} INFO - [2023-08-28T13:58:08.714+0000] {dagbag.py:539} INFO - Filling up the DagBag from /home/airflow/.local/lib/python3.8/site-packages/airflow/example_dags/example_dynamic_task_mapping_with_no_taskflow_operators.py
[2023-08-28T13:58:08.856+0000] {processor.py:839} INFO - DAG(s) dict_keys(['example_dynamic_task_mapping_with_no_taskflow_operators']) retrieved from /home/airflow/.local/lib/python3.8/site-packages/airflow/example_dags/example_dynamic_task_mapping_with_no_taskflow_operators.py
[2023-08-28T13:58:09.075+0000] {logging_mixin.py:151} INFO - [2023-08-28T13:58:09.073+0000] {dag.py:2907} INFO - Sync 1 DAGs
[2023-08-28T13:58:09.335+0000] {logging_mixin.py:151} INFO - [2023-08-28T13:58:09.334+0000] {dag.py:3677} INFO - Setting next_dagrun for example_dynamic_task_mapping_with_no_taskflow_operators to 2023-08-27T13:58:09.333934+00:00, run_after=2023-08-28T13:58:09.333934+00:00
[2023-08-28T13:58:09.619+0000] {processor.py:179} INFO - Processing /home/airflow/.local/lib/python3.8/site-packages/airflow/example_dags/example_dynamic_task_mapping_with_no_taskflow_operators.py took 1.004 seconds
[2023-08-28T13:58:51.805+0000] {processor.py:157} INFO - Started process (PID=452) to work on /home/airflow/.local/lib/python3.8/site-packages/airflow/example_dags/example_dynamic_task_mapping_with_no_taskflow_operators.py
[2023-08-28T13:58:51.818+0000] {processor.py:829} INFO - Processing file /home/airflow/.local/lib/python3.8/site-packages/airflow/example_dags/example_dynamic_task_mapping_with_no_taskflow_operators.py for tasks to queue
[2023-08-28T13:58:51.851+0000] {logging_mixin.py:151} INFO - [2023-08-28T13:58:51.848+0000] {dagbag.py:539} INFO - Filling up the DagBag from /home/airflow/.local/lib/python3.8/site-packages/airflow/example_dags/example_dynamic_task_mapping_with_no_taskflow_operators.py
[2023-08-28T13:58:51.933+0000] {processor.py:839} INFO - DAG(s) dict_keys(['example_dynamic_task_mapping_with_no_taskflow_operators']) retrieved from /home/airflow/.local/lib/python3.8/site-packages/airflow/example_dags/example_dynamic_task_mapping_with_no_taskflow_operators.py
[2023-08-28T13:58:52.069+0000] {logging_mixin.py:151} INFO - [2023-08-28T13:58:52.069+0000] {dag.py:2907} INFO - Sync 1 DAGs
[2023-08-28T13:58:52.241+0000] {logging_mixin.py:151} INFO - [2023-08-28T13:58:52.240+0000] {dag.py:3677} INFO - Setting next_dagrun for example_dynamic_task_mapping_with_no_taskflow_operators to 2023-08-27T13:58:52.239547+00:00, run_after=2023-08-28T13:58:52.239547+00:00
[2023-08-28T13:58:52.442+0000] {processor.py:179} INFO - Processing /home/airflow/.local/lib/python3.8/site-packages/airflow/example_dags/example_dynamic_task_mapping_with_no_taskflow_operators.py took 0.681 seconds
[2023-08-28T14:01:16.380+0000] {processor.py:157} INFO - Started process (PID=549) to work on /home/airflow/.local/lib/python3.8/site-packages/airflow/example_dags/example_dynamic_task_mapping_with_no_taskflow_operators.py
[2023-08-28T14:01:16.403+0000] {processor.py:829} INFO - Processing file /home/airflow/.local/lib/python3.8/site-packages/airflow/example_dags/example_dynamic_task_mapping_with_no_taskflow_operators.py for tasks to queue
[2023-08-28T14:01:16.440+0000] {logging_mixin.py:151} INFO - [2023-08-28T14:01:16.439+0000] {dagbag.py:539} INFO - Filling up the DagBag from /home/airflow/.local/lib/python3.8/site-packages/airflow/example_dags/example_dynamic_task_mapping_with_no_taskflow_operators.py
[2023-08-28T14:01:16.497+0000] {processor.py:839} INFO - DAG(s) dict_keys(['example_dynamic_task_mapping_with_no_taskflow_operators']) retrieved from /home/airflow/.local/lib/python3.8/site-packages/airflow/example_dags/example_dynamic_task_mapping_with_no_taskflow_operators.py
[2023-08-28T14:01:16.605+0000] {logging_mixin.py:151} INFO - [2023-08-28T14:01:16.601+0000] {dag.py:2907} INFO - Sync 1 DAGs
[2023-08-28T14:01:16.680+0000] {logging_mixin.py:151} INFO - [2023-08-28T14:01:16.679+0000] {dag.py:3677} INFO - Setting next_dagrun for example_dynamic_task_mapping_with_no_taskflow_operators to 2023-08-27T14:01:16.679211+00:00, run_after=2023-08-28T14:01:16.679211+00:00
[2023-08-28T14:01:16.915+0000] {processor.py:179} INFO - Processing /home/airflow/.local/lib/python3.8/site-packages/airflow/example_dags/example_dynamic_task_mapping_with_no_taskflow_operators.py took 0.556 seconds
[2023-08-28T14:01:48.228+0000] {processor.py:157} INFO - Started process (PID=604) to work on /home/airflow/.local/lib/python3.8/site-packages/airflow/example_dags/example_dynamic_task_mapping_with_no_taskflow_operators.py
[2023-08-28T14:01:48.235+0000] {processor.py:829} INFO - Processing file /home/airflow/.local/lib/python3.8/site-packages/airflow/example_dags/example_dynamic_task_mapping_with_no_taskflow_operators.py for tasks to queue
[2023-08-28T14:01:48.249+0000] {logging_mixin.py:151} INFO - [2023-08-28T14:01:48.247+0000] {dagbag.py:539} INFO - Filling up the DagBag from /home/airflow/.local/lib/python3.8/site-packages/airflow/example_dags/example_dynamic_task_mapping_with_no_taskflow_operators.py
[2023-08-28T14:01:48.271+0000] {processor.py:839} INFO - DAG(s) dict_keys(['example_dynamic_task_mapping_with_no_taskflow_operators']) retrieved from /home/airflow/.local/lib/python3.8/site-packages/airflow/example_dags/example_dynamic_task_mapping_with_no_taskflow_operators.py
[2023-08-28T14:01:48.344+0000] {logging_mixin.py:151} INFO - [2023-08-28T14:01:48.341+0000] {dag.py:2907} INFO - Sync 1 DAGs
[2023-08-28T14:01:48.460+0000] {logging_mixin.py:151} INFO - [2023-08-28T14:01:48.460+0000] {dag.py:3677} INFO - Setting next_dagrun for example_dynamic_task_mapping_with_no_taskflow_operators to 2023-08-27T14:01:48.459330+00:00, run_after=2023-08-28T14:01:48.459330+00:00
[2023-08-28T14:01:48.536+0000] {processor.py:179} INFO - Processing /home/airflow/.local/lib/python3.8/site-packages/airflow/example_dags/example_dynamic_task_mapping_with_no_taskflow_operators.py took 0.326 seconds
[2023-08-28T14:03:02.939+0000] {processor.py:157} INFO - Started process (PID=672) to work on /home/airflow/.local/lib/python3.8/site-packages/airflow/example_dags/example_dynamic_task_mapping_with_no_taskflow_operators.py
[2023-08-28T14:03:02.988+0000] {processor.py:829} INFO - Processing file /home/airflow/.local/lib/python3.8/site-packages/airflow/example_dags/example_dynamic_task_mapping_with_no_taskflow_operators.py for tasks to queue
[2023-08-28T14:03:03.084+0000] {logging_mixin.py:151} INFO - [2023-08-28T14:03:03.082+0000] {dagbag.py:539} INFO - Filling up the DagBag from /home/airflow/.local/lib/python3.8/site-packages/airflow/example_dags/example_dynamic_task_mapping_with_no_taskflow_operators.py
[2023-08-28T14:03:03.218+0000] {processor.py:839} INFO - DAG(s) dict_keys(['example_dynamic_task_mapping_with_no_taskflow_operators']) retrieved from /home/airflow/.local/lib/python3.8/site-packages/airflow/example_dags/example_dynamic_task_mapping_with_no_taskflow_operators.py
[2023-08-28T14:03:03.550+0000] {logging_mixin.py:151} INFO - [2023-08-28T14:03:03.550+0000] {dag.py:2907} INFO - Sync 1 DAGs
[2023-08-28T14:03:03.851+0000] {logging_mixin.py:151} INFO - [2023-08-28T14:03:03.843+0000] {dag.py:3677} INFO - Setting next_dagrun for example_dynamic_task_mapping_with_no_taskflow_operators to 2023-08-27T14:03:03.839041+00:00, run_after=2023-08-28T14:03:03.839041+00:00
[2023-08-28T14:03:04.033+0000] {processor.py:179} INFO - Processing /home/airflow/.local/lib/python3.8/site-packages/airflow/example_dags/example_dynamic_task_mapping_with_no_taskflow_operators.py took 1.218 seconds
[2023-08-28T14:04:14.104+0000] {processor.py:157} INFO - Started process (PID=740) to work on /home/airflow/.local/lib/python3.8/site-packages/airflow/example_dags/example_dynamic_task_mapping_with_no_taskflow_operators.py
[2023-08-28T14:04:14.112+0000] {processor.py:829} INFO - Processing file /home/airflow/.local/lib/python3.8/site-packages/airflow/example_dags/example_dynamic_task_mapping_with_no_taskflow_operators.py for tasks to queue
[2023-08-28T14:04:14.128+0000] {logging_mixin.py:151} INFO - [2023-08-28T14:04:14.126+0000] {dagbag.py:539} INFO - Filling up the DagBag from /home/airflow/.local/lib/python3.8/site-packages/airflow/example_dags/example_dynamic_task_mapping_with_no_taskflow_operators.py
[2023-08-28T14:04:14.163+0000] {processor.py:839} INFO - DAG(s) dict_keys(['example_dynamic_task_mapping_with_no_taskflow_operators']) retrieved from /home/airflow/.local/lib/python3.8/site-packages/airflow/example_dags/example_dynamic_task_mapping_with_no_taskflow_operators.py
[2023-08-28T14:04:14.230+0000] {logging_mixin.py:151} INFO - [2023-08-28T14:04:14.230+0000] {dag.py:2907} INFO - Sync 1 DAGs
[2023-08-28T14:04:14.296+0000] {logging_mixin.py:151} INFO - [2023-08-28T14:04:14.296+0000] {dag.py:3677} INFO - Setting next_dagrun for example_dynamic_task_mapping_with_no_taskflow_operators to 2023-08-27T14:04:14.295526+00:00, run_after=2023-08-28T14:04:14.295526+00:00
[2023-08-28T14:04:14.381+0000] {processor.py:179} INFO - Processing /home/airflow/.local/lib/python3.8/site-packages/airflow/example_dags/example_dynamic_task_mapping_with_no_taskflow_operators.py took 0.295 seconds
[2023-08-28T14:06:06.218+0000] {processor.py:157} INFO - Started process (PID=822) to work on /home/airflow/.local/lib/python3.8/site-packages/airflow/example_dags/example_dynamic_task_mapping_with_no_taskflow_operators.py
[2023-08-28T14:06:06.281+0000] {processor.py:829} INFO - Processing file /home/airflow/.local/lib/python3.8/site-packages/airflow/example_dags/example_dynamic_task_mapping_with_no_taskflow_operators.py for tasks to queue
[2023-08-28T14:06:06.355+0000] {logging_mixin.py:151} INFO - [2023-08-28T14:06:06.354+0000] {dagbag.py:539} INFO - Filling up the DagBag from /home/airflow/.local/lib/python3.8/site-packages/airflow/example_dags/example_dynamic_task_mapping_with_no_taskflow_operators.py
[2023-08-28T14:06:06.546+0000] {processor.py:839} INFO - DAG(s) dict_keys(['example_dynamic_task_mapping_with_no_taskflow_operators']) retrieved from /home/airflow/.local/lib/python3.8/site-packages/airflow/example_dags/example_dynamic_task_mapping_with_no_taskflow_operators.py
[2023-08-28T14:06:06.840+0000] {logging_mixin.py:151} INFO - [2023-08-28T14:06:06.834+0000] {dag.py:2907} INFO - Sync 1 DAGs
[2023-08-28T14:06:07.343+0000] {logging_mixin.py:151} INFO - [2023-08-28T14:06:07.343+0000] {dag.py:3677} INFO - Setting next_dagrun for example_dynamic_task_mapping_with_no_taskflow_operators to 2023-08-27T14:06:07.342732+00:00, run_after=2023-08-28T14:06:07.342732+00:00
[2023-08-28T14:06:07.723+0000] {processor.py:179} INFO - Processing /home/airflow/.local/lib/python3.8/site-packages/airflow/example_dags/example_dynamic_task_mapping_with_no_taskflow_operators.py took 1.850 seconds
[2023-08-28T14:06:42.152+0000] {processor.py:157} INFO - Started process (PID=877) to work on /home/airflow/.local/lib/python3.8/site-packages/airflow/example_dags/example_dynamic_task_mapping_with_no_taskflow_operators.py
[2023-08-28T14:06:42.163+0000] {processor.py:829} INFO - Processing file /home/airflow/.local/lib/python3.8/site-packages/airflow/example_dags/example_dynamic_task_mapping_with_no_taskflow_operators.py for tasks to queue
[2023-08-28T14:06:42.202+0000] {logging_mixin.py:151} INFO - [2023-08-28T14:06:42.195+0000] {dagbag.py:539} INFO - Filling up the DagBag from /home/airflow/.local/lib/python3.8/site-packages/airflow/example_dags/example_dynamic_task_mapping_with_no_taskflow_operators.py
[2023-08-28T14:06:42.297+0000] {processor.py:839} INFO - DAG(s) dict_keys(['example_dynamic_task_mapping_with_no_taskflow_operators']) retrieved from /home/airflow/.local/lib/python3.8/site-packages/airflow/example_dags/example_dynamic_task_mapping_with_no_taskflow_operators.py
[2023-08-28T14:06:42.863+0000] {logging_mixin.py:151} INFO - [2023-08-28T14:06:42.863+0000] {dag.py:2907} INFO - Sync 1 DAGs
[2023-08-28T14:06:44.145+0000] {logging_mixin.py:151} INFO - [2023-08-28T14:06:44.135+0000] {dag.py:3677} INFO - Setting next_dagrun for example_dynamic_task_mapping_with_no_taskflow_operators to 2023-08-27T14:06:44.107209+00:00, run_after=2023-08-28T14:06:44.107209+00:00
[2023-08-28T14:06:45.354+0000] {processor.py:179} INFO - Processing /home/airflow/.local/lib/python3.8/site-packages/airflow/example_dags/example_dynamic_task_mapping_with_no_taskflow_operators.py took 3.271 seconds
[2023-08-28T14:13:42.244+0000] {processor.py:157} INFO - Started process (PID=975) to work on /home/airflow/.local/lib/python3.8/site-packages/airflow/example_dags/example_dynamic_task_mapping_with_no_taskflow_operators.py
[2023-08-28T14:13:42.425+0000] {processor.py:829} INFO - Processing file /home/airflow/.local/lib/python3.8/site-packages/airflow/example_dags/example_dynamic_task_mapping_with_no_taskflow_operators.py for tasks to queue
[2023-08-28T14:13:42.503+0000] {logging_mixin.py:151} INFO - [2023-08-28T14:13:42.478+0000] {dagbag.py:539} INFO - Filling up the DagBag from /home/airflow/.local/lib/python3.8/site-packages/airflow/example_dags/example_dynamic_task_mapping_with_no_taskflow_operators.py
[2023-08-28T14:13:43.212+0000] {processor.py:839} INFO - DAG(s) dict_keys(['example_dynamic_task_mapping_with_no_taskflow_operators']) retrieved from /home/airflow/.local/lib/python3.8/site-packages/airflow/example_dags/example_dynamic_task_mapping_with_no_taskflow_operators.py
[2023-08-28T14:13:45.925+0000] {logging_mixin.py:151} INFO - [2023-08-28T14:13:45.755+0000] {dag.py:2907} INFO - Sync 1 DAGs
[2023-08-28T14:13:48.325+0000] {logging_mixin.py:151} INFO - [2023-08-28T14:13:48.292+0000] {dag.py:3677} INFO - Setting next_dagrun for example_dynamic_task_mapping_with_no_taskflow_operators to 2023-08-27T14:13:48.266245+00:00, run_after=2023-08-28T14:13:48.266245+00:00
[2023-08-28T14:13:48.630+0000] {processor.py:179} INFO - Processing /home/airflow/.local/lib/python3.8/site-packages/airflow/example_dags/example_dynamic_task_mapping_with_no_taskflow_operators.py took 6.591 seconds
