[2023-08-28T13:50:43.159+0000] {processor.py:157} INFO - Started process (PID=128) to work on /home/airflow/.local/lib/python3.8/site-packages/airflow/example_dags/example_task_group.py
[2023-08-28T13:50:43.283+0000] {processor.py:829} INFO - Processing file /home/airflow/.local/lib/python3.8/site-packages/airflow/example_dags/example_task_group.py for tasks to queue
[2023-08-28T13:50:43.446+0000] {logging_mixin.py:151} INFO - [2023-08-28T13:50:43.445+0000] {dagbag.py:539} INFO - Filling up the DagBag from /home/airflow/.local/lib/python3.8/site-packages/airflow/example_dags/example_task_group.py
[2023-08-28T13:50:44.180+0000] {processor.py:839} INFO - DAG(s) dict_keys(['example_task_group']) retrieved from /home/airflow/.local/lib/python3.8/site-packages/airflow/example_dags/example_task_group.py
[2023-08-28T13:50:55.482+0000] {logging_mixin.py:151} INFO - [2023-08-28T13:50:55.450+0000] {manager.py:501} INFO - Created Permission View: can read on DAG:example_task_group
[2023-08-28T13:50:56.243+0000] {logging_mixin.py:151} INFO - [2023-08-28T13:50:56.240+0000] {manager.py:501} INFO - Created Permission View: can edit on DAG:example_task_group
[2023-08-28T13:50:56.530+0000] {logging_mixin.py:151} INFO - [2023-08-28T13:50:56.530+0000] {manager.py:501} INFO - Created Permission View: can delete on DAG:example_task_group
[2023-08-28T13:50:57.428+0000] {logging_mixin.py:151} INFO - [2023-08-28T13:50:57.393+0000] {dag.py:2907} INFO - Sync 1 DAGs
[2023-08-28T13:50:58.047+0000] {logging_mixin.py:151} INFO - [2023-08-28T13:50:57.961+0000] {dag.py:2929} INFO - Creating ORM DAG for example_task_group
[2023-08-28T13:50:58.533+0000] {logging_mixin.py:151} INFO - [2023-08-28T13:50:58.531+0000] {dag.py:3677} INFO - Setting next_dagrun for example_task_group to 2023-08-27T13:50:58.524355+00:00, run_after=2023-08-28T13:50:58.524355+00:00
[2023-08-28T13:50:59.383+0000] {processor.py:179} INFO - Processing /home/airflow/.local/lib/python3.8/site-packages/airflow/example_dags/example_task_group.py took 16.478 seconds
[2023-08-28T13:55:31.788+0000] {processor.py:157} INFO - Started process (PID=230) to work on /home/airflow/.local/lib/python3.8/site-packages/airflow/example_dags/example_task_group.py
[2023-08-28T13:55:31.800+0000] {processor.py:829} INFO - Processing file /home/airflow/.local/lib/python3.8/site-packages/airflow/example_dags/example_task_group.py for tasks to queue
[2023-08-28T13:55:31.846+0000] {logging_mixin.py:151} INFO - [2023-08-28T13:55:31.843+0000] {dagbag.py:539} INFO - Filling up the DagBag from /home/airflow/.local/lib/python3.8/site-packages/airflow/example_dags/example_task_group.py
[2023-08-28T13:55:31.986+0000] {processor.py:839} INFO - DAG(s) dict_keys(['example_task_group']) retrieved from /home/airflow/.local/lib/python3.8/site-packages/airflow/example_dags/example_task_group.py
[2023-08-28T13:55:32.120+0000] {logging_mixin.py:151} INFO - [2023-08-28T13:55:32.119+0000] {dag.py:2907} INFO - Sync 1 DAGs
[2023-08-28T13:55:32.474+0000] {logging_mixin.py:151} INFO - [2023-08-28T13:55:32.460+0000] {dag.py:3677} INFO - Setting next_dagrun for example_task_group to 2023-08-27T13:55:32.459369+00:00, run_after=2023-08-28T13:55:32.459369+00:00
[2023-08-28T13:55:32.617+0000] {processor.py:179} INFO - Processing /home/airflow/.local/lib/python3.8/site-packages/airflow/example_dags/example_task_group.py took 0.856 seconds
[2023-08-28T13:56:25.684+0000] {processor.py:157} INFO - Started process (PID=282) to work on /home/airflow/.local/lib/python3.8/site-packages/airflow/example_dags/example_task_group.py
[2023-08-28T13:56:25.714+0000] {processor.py:829} INFO - Processing file /home/airflow/.local/lib/python3.8/site-packages/airflow/example_dags/example_task_group.py for tasks to queue
[2023-08-28T13:56:25.789+0000] {logging_mixin.py:151} INFO - [2023-08-28T13:56:25.772+0000] {dagbag.py:539} INFO - Filling up the DagBag from /home/airflow/.local/lib/python3.8/site-packages/airflow/example_dags/example_task_group.py
[2023-08-28T13:56:25.971+0000] {processor.py:839} INFO - DAG(s) dict_keys(['example_task_group']) retrieved from /home/airflow/.local/lib/python3.8/site-packages/airflow/example_dags/example_task_group.py
[2023-08-28T13:56:26.399+0000] {logging_mixin.py:151} INFO - [2023-08-28T13:56:26.398+0000] {dag.py:2907} INFO - Sync 1 DAGs
[2023-08-28T13:56:26.769+0000] {logging_mixin.py:151} INFO - [2023-08-28T13:56:26.767+0000] {dag.py:3677} INFO - Setting next_dagrun for example_task_group to 2023-08-27T13:56:26.760234+00:00, run_after=2023-08-28T13:56:26.760234+00:00
[2023-08-28T13:56:27.560+0000] {processor.py:179} INFO - Processing /home/airflow/.local/lib/python3.8/site-packages/airflow/example_dags/example_task_group.py took 1.985 seconds
[2023-08-28T13:57:16.173+0000] {processor.py:157} INFO - Started process (PID=329) to work on /home/airflow/.local/lib/python3.8/site-packages/airflow/example_dags/example_task_group.py
[2023-08-28T13:57:16.193+0000] {processor.py:829} INFO - Processing file /home/airflow/.local/lib/python3.8/site-packages/airflow/example_dags/example_task_group.py for tasks to queue
[2023-08-28T13:57:16.241+0000] {logging_mixin.py:151} INFO - [2023-08-28T13:57:16.240+0000] {dagbag.py:539} INFO - Filling up the DagBag from /home/airflow/.local/lib/python3.8/site-packages/airflow/example_dags/example_task_group.py
[2023-08-28T13:57:16.327+0000] {processor.py:839} INFO - DAG(s) dict_keys(['example_task_group']) retrieved from /home/airflow/.local/lib/python3.8/site-packages/airflow/example_dags/example_task_group.py
[2023-08-28T13:57:16.531+0000] {logging_mixin.py:151} INFO - [2023-08-28T13:57:16.530+0000] {dag.py:2907} INFO - Sync 1 DAGs
[2023-08-28T13:57:17.476+0000] {logging_mixin.py:151} INFO - [2023-08-28T13:57:17.475+0000] {dag.py:3677} INFO - Setting next_dagrun for example_task_group to 2023-08-27T13:57:17.475393+00:00, run_after=2023-08-28T13:57:17.475393+00:00
[2023-08-28T13:57:17.789+0000] {processor.py:179} INFO - Processing /home/airflow/.local/lib/python3.8/site-packages/airflow/example_dags/example_task_group.py took 1.640 seconds
[2023-08-28T13:57:58.750+0000] {processor.py:157} INFO - Started process (PID=380) to work on /home/airflow/.local/lib/python3.8/site-packages/airflow/example_dags/example_task_group.py
[2023-08-28T13:57:58.767+0000] {processor.py:829} INFO - Processing file /home/airflow/.local/lib/python3.8/site-packages/airflow/example_dags/example_task_group.py for tasks to queue
[2023-08-28T13:57:58.804+0000] {logging_mixin.py:151} INFO - [2023-08-28T13:57:58.803+0000] {dagbag.py:539} INFO - Filling up the DagBag from /home/airflow/.local/lib/python3.8/site-packages/airflow/example_dags/example_task_group.py
[2023-08-28T13:57:58.915+0000] {processor.py:839} INFO - DAG(s) dict_keys(['example_task_group']) retrieved from /home/airflow/.local/lib/python3.8/site-packages/airflow/example_dags/example_task_group.py
[2023-08-28T13:57:59.173+0000] {logging_mixin.py:151} INFO - [2023-08-28T13:57:59.172+0000] {dag.py:2907} INFO - Sync 1 DAGs
[2023-08-28T13:57:59.509+0000] {logging_mixin.py:151} INFO - [2023-08-28T13:57:59.509+0000] {dag.py:3677} INFO - Setting next_dagrun for example_task_group to 2023-08-27T13:57:59.487365+00:00, run_after=2023-08-28T13:57:59.487365+00:00
[2023-08-28T13:57:59.958+0000] {processor.py:179} INFO - Processing /home/airflow/.local/lib/python3.8/site-packages/airflow/example_dags/example_task_group.py took 1.270 seconds
[2023-08-28T13:58:41.144+0000] {processor.py:157} INFO - Started process (PID=435) to work on /home/airflow/.local/lib/python3.8/site-packages/airflow/example_dags/example_task_group.py
[2023-08-28T13:58:41.153+0000] {processor.py:829} INFO - Processing file /home/airflow/.local/lib/python3.8/site-packages/airflow/example_dags/example_task_group.py for tasks to queue
[2023-08-28T13:58:41.180+0000] {logging_mixin.py:151} INFO - [2023-08-28T13:58:41.179+0000] {dagbag.py:539} INFO - Filling up the DagBag from /home/airflow/.local/lib/python3.8/site-packages/airflow/example_dags/example_task_group.py
[2023-08-28T13:58:41.239+0000] {processor.py:839} INFO - DAG(s) dict_keys(['example_task_group']) retrieved from /home/airflow/.local/lib/python3.8/site-packages/airflow/example_dags/example_task_group.py
[2023-08-28T13:58:41.428+0000] {logging_mixin.py:151} INFO - [2023-08-28T13:58:41.426+0000] {dag.py:2907} INFO - Sync 1 DAGs
[2023-08-28T13:58:41.593+0000] {logging_mixin.py:151} INFO - [2023-08-28T13:58:41.593+0000] {dag.py:3677} INFO - Setting next_dagrun for example_task_group to 2023-08-27T13:58:41.593146+00:00, run_after=2023-08-28T13:58:41.593146+00:00
[2023-08-28T13:58:41.686+0000] {processor.py:179} INFO - Processing /home/airflow/.local/lib/python3.8/site-packages/airflow/example_dags/example_task_group.py took 0.562 seconds
[2023-08-28T13:59:50.872+0000] {processor.py:157} INFO - Started process (PID=493) to work on /home/airflow/.local/lib/python3.8/site-packages/airflow/example_dags/example_task_group.py
[2023-08-28T13:59:50.884+0000] {processor.py:829} INFO - Processing file /home/airflow/.local/lib/python3.8/site-packages/airflow/example_dags/example_task_group.py for tasks to queue
[2023-08-28T13:59:50.905+0000] {logging_mixin.py:151} INFO - [2023-08-28T13:59:50.902+0000] {dagbag.py:539} INFO - Filling up the DagBag from /home/airflow/.local/lib/python3.8/site-packages/airflow/example_dags/example_task_group.py
[2023-08-28T13:59:50.962+0000] {processor.py:839} INFO - DAG(s) dict_keys(['example_task_group']) retrieved from /home/airflow/.local/lib/python3.8/site-packages/airflow/example_dags/example_task_group.py
[2023-08-28T13:59:51.117+0000] {logging_mixin.py:151} INFO - [2023-08-28T13:59:51.104+0000] {dag.py:2907} INFO - Sync 1 DAGs
[2023-08-28T13:59:51.475+0000] {logging_mixin.py:151} INFO - [2023-08-28T13:59:51.472+0000] {dag.py:3677} INFO - Setting next_dagrun for example_task_group to 2023-08-27T13:59:51.470777+00:00, run_after=2023-08-28T13:59:51.470777+00:00
[2023-08-28T13:59:51.593+0000] {processor.py:179} INFO - Processing /home/airflow/.local/lib/python3.8/site-packages/airflow/example_dags/example_task_group.py took 0.747 seconds
[2023-08-28T14:01:02.628+0000] {processor.py:157} INFO - Started process (PID=531) to work on /home/airflow/.local/lib/python3.8/site-packages/airflow/example_dags/example_task_group.py
[2023-08-28T14:01:02.656+0000] {processor.py:829} INFO - Processing file /home/airflow/.local/lib/python3.8/site-packages/airflow/example_dags/example_task_group.py for tasks to queue
[2023-08-28T14:01:02.823+0000] {logging_mixin.py:151} INFO - [2023-08-28T14:01:02.812+0000] {dagbag.py:539} INFO - Filling up the DagBag from /home/airflow/.local/lib/python3.8/site-packages/airflow/example_dags/example_task_group.py
[2023-08-28T14:01:03.075+0000] {processor.py:839} INFO - DAG(s) dict_keys(['example_task_group']) retrieved from /home/airflow/.local/lib/python3.8/site-packages/airflow/example_dags/example_task_group.py
[2023-08-28T14:01:03.640+0000] {logging_mixin.py:151} INFO - [2023-08-28T14:01:03.634+0000] {dag.py:2907} INFO - Sync 1 DAGs
[2023-08-28T14:01:03.964+0000] {logging_mixin.py:151} INFO - [2023-08-28T14:01:03.964+0000] {dag.py:3677} INFO - Setting next_dagrun for example_task_group to 2023-08-27T14:01:03.963155+00:00, run_after=2023-08-28T14:01:03.963155+00:00
[2023-08-28T14:01:04.073+0000] {processor.py:179} INFO - Processing /home/airflow/.local/lib/python3.8/site-packages/airflow/example_dags/example_task_group.py took 1.534 seconds
[2023-08-28T14:01:34.731+0000] {processor.py:157} INFO - Started process (PID=586) to work on /home/airflow/.local/lib/python3.8/site-packages/airflow/example_dags/example_task_group.py
[2023-08-28T14:01:34.749+0000] {processor.py:829} INFO - Processing file /home/airflow/.local/lib/python3.8/site-packages/airflow/example_dags/example_task_group.py for tasks to queue
[2023-08-28T14:01:34.778+0000] {logging_mixin.py:151} INFO - [2023-08-28T14:01:34.776+0000] {dagbag.py:539} INFO - Filling up the DagBag from /home/airflow/.local/lib/python3.8/site-packages/airflow/example_dags/example_task_group.py
[2023-08-28T14:01:34.831+0000] {processor.py:839} INFO - DAG(s) dict_keys(['example_task_group']) retrieved from /home/airflow/.local/lib/python3.8/site-packages/airflow/example_dags/example_task_group.py
[2023-08-28T14:01:34.939+0000] {logging_mixin.py:151} INFO - [2023-08-28T14:01:34.939+0000] {dag.py:2907} INFO - Sync 1 DAGs
[2023-08-28T14:01:35.067+0000] {logging_mixin.py:151} INFO - [2023-08-28T14:01:35.066+0000] {dag.py:3677} INFO - Setting next_dagrun for example_task_group to 2023-08-27T14:01:35.065914+00:00, run_after=2023-08-28T14:01:35.065914+00:00
[2023-08-28T14:01:35.172+0000] {processor.py:179} INFO - Processing /home/airflow/.local/lib/python3.8/site-packages/airflow/example_dags/example_task_group.py took 0.455 seconds
[2023-08-28T14:02:05.257+0000] {processor.py:157} INFO - Started process (PID=640) to work on /home/airflow/.local/lib/python3.8/site-packages/airflow/example_dags/example_task_group.py
[2023-08-28T14:02:05.262+0000] {processor.py:829} INFO - Processing file /home/airflow/.local/lib/python3.8/site-packages/airflow/example_dags/example_task_group.py for tasks to queue
[2023-08-28T14:02:05.271+0000] {logging_mixin.py:151} INFO - [2023-08-28T14:02:05.270+0000] {dagbag.py:539} INFO - Filling up the DagBag from /home/airflow/.local/lib/python3.8/site-packages/airflow/example_dags/example_task_group.py
[2023-08-28T14:02:05.290+0000] {processor.py:839} INFO - DAG(s) dict_keys(['example_task_group']) retrieved from /home/airflow/.local/lib/python3.8/site-packages/airflow/example_dags/example_task_group.py
[2023-08-28T14:02:05.353+0000] {logging_mixin.py:151} INFO - [2023-08-28T14:02:05.352+0000] {dag.py:2907} INFO - Sync 1 DAGs
[2023-08-28T14:02:05.411+0000] {logging_mixin.py:151} INFO - [2023-08-28T14:02:05.411+0000] {dag.py:3677} INFO - Setting next_dagrun for example_task_group to 2023-08-27T14:02:05.410794+00:00, run_after=2023-08-28T14:02:05.410794+00:00
[2023-08-28T14:02:05.453+0000] {processor.py:179} INFO - Processing /home/airflow/.local/lib/python3.8/site-packages/airflow/example_dags/example_task_group.py took 0.204 seconds
[2023-08-28T14:03:28.399+0000] {processor.py:157} INFO - Started process (PID=691) to work on /home/airflow/.local/lib/python3.8/site-packages/airflow/example_dags/example_task_group.py
[2023-08-28T14:03:28.424+0000] {processor.py:829} INFO - Processing file /home/airflow/.local/lib/python3.8/site-packages/airflow/example_dags/example_task_group.py for tasks to queue
[2023-08-28T14:03:28.940+0000] {logging_mixin.py:151} INFO - [2023-08-28T14:03:28.897+0000] {dagbag.py:539} INFO - Filling up the DagBag from /home/airflow/.local/lib/python3.8/site-packages/airflow/example_dags/example_task_group.py
[2023-08-28T14:03:29.595+0000] {processor.py:839} INFO - DAG(s) dict_keys(['example_task_group']) retrieved from /home/airflow/.local/lib/python3.8/site-packages/airflow/example_dags/example_task_group.py
[2023-08-28T14:03:31.313+0000] {logging_mixin.py:151} INFO - [2023-08-28T14:03:31.312+0000] {dag.py:2907} INFO - Sync 1 DAGs
[2023-08-28T14:03:33.289+0000] {logging_mixin.py:151} INFO - [2023-08-28T14:03:33.263+0000] {dag.py:3677} INFO - Setting next_dagrun for example_task_group to 2023-08-27T14:03:33.262954+00:00, run_after=2023-08-28T14:03:33.262954+00:00
[2023-08-28T14:03:34.363+0000] {processor.py:179} INFO - Processing /home/airflow/.local/lib/python3.8/site-packages/airflow/example_dags/example_task_group.py took 6.148 seconds
[2023-08-28T14:04:17.103+0000] {processor.py:157} INFO - Started process (PID=746) to work on /home/airflow/.local/lib/python3.8/site-packages/airflow/example_dags/example_task_group.py
[2023-08-28T14:04:17.109+0000] {processor.py:829} INFO - Processing file /home/airflow/.local/lib/python3.8/site-packages/airflow/example_dags/example_task_group.py for tasks to queue
[2023-08-28T14:04:17.134+0000] {logging_mixin.py:151} INFO - [2023-08-28T14:04:17.133+0000] {dagbag.py:539} INFO - Filling up the DagBag from /home/airflow/.local/lib/python3.8/site-packages/airflow/example_dags/example_task_group.py
[2023-08-28T14:04:17.202+0000] {processor.py:839} INFO - DAG(s) dict_keys(['example_task_group']) retrieved from /home/airflow/.local/lib/python3.8/site-packages/airflow/example_dags/example_task_group.py
[2023-08-28T14:04:17.327+0000] {logging_mixin.py:151} INFO - [2023-08-28T14:04:17.326+0000] {dag.py:2907} INFO - Sync 1 DAGs
[2023-08-28T14:04:17.500+0000] {logging_mixin.py:151} INFO - [2023-08-28T14:04:17.500+0000] {dag.py:3677} INFO - Setting next_dagrun for example_task_group to 2023-08-27T14:04:17.499922+00:00, run_after=2023-08-28T14:04:17.499922+00:00
[2023-08-28T14:04:17.738+0000] {processor.py:179} INFO - Processing /home/airflow/.local/lib/python3.8/site-packages/airflow/example_dags/example_task_group.py took 0.677 seconds
[2023-08-28T14:05:32.150+0000] {processor.py:157} INFO - Started process (PID=793) to work on /home/airflow/.local/lib/python3.8/site-packages/airflow/example_dags/example_task_group.py
[2023-08-28T14:05:32.236+0000] {processor.py:829} INFO - Processing file /home/airflow/.local/lib/python3.8/site-packages/airflow/example_dags/example_task_group.py for tasks to queue
[2023-08-28T14:05:32.330+0000] {logging_mixin.py:151} INFO - [2023-08-28T14:05:32.327+0000] {dagbag.py:539} INFO - Filling up the DagBag from /home/airflow/.local/lib/python3.8/site-packages/airflow/example_dags/example_task_group.py
[2023-08-28T14:05:32.655+0000] {processor.py:839} INFO - DAG(s) dict_keys(['example_task_group']) retrieved from /home/airflow/.local/lib/python3.8/site-packages/airflow/example_dags/example_task_group.py
[2023-08-28T14:05:32.931+0000] {logging_mixin.py:151} INFO - [2023-08-28T14:05:32.930+0000] {dag.py:2907} INFO - Sync 1 DAGs
[2023-08-28T14:05:33.611+0000] {logging_mixin.py:151} INFO - [2023-08-28T14:05:33.609+0000] {dag.py:3677} INFO - Setting next_dagrun for example_task_group to 2023-08-27T14:05:33.603965+00:00, run_after=2023-08-28T14:05:33.603965+00:00
[2023-08-28T14:05:35.297+0000] {processor.py:179} INFO - Processing /home/airflow/.local/lib/python3.8/site-packages/airflow/example_dags/example_task_group.py took 3.368 seconds
[2023-08-28T14:06:16.560+0000] {processor.py:157} INFO - Started process (PID=848) to work on /home/airflow/.local/lib/python3.8/site-packages/airflow/example_dags/example_task_group.py
[2023-08-28T14:06:16.580+0000] {processor.py:829} INFO - Processing file /home/airflow/.local/lib/python3.8/site-packages/airflow/example_dags/example_task_group.py for tasks to queue
[2023-08-28T14:06:16.640+0000] {logging_mixin.py:151} INFO - [2023-08-28T14:06:16.639+0000] {dagbag.py:539} INFO - Filling up the DagBag from /home/airflow/.local/lib/python3.8/site-packages/airflow/example_dags/example_task_group.py
[2023-08-28T14:06:16.687+0000] {processor.py:839} INFO - DAG(s) dict_keys(['example_task_group']) retrieved from /home/airflow/.local/lib/python3.8/site-packages/airflow/example_dags/example_task_group.py
[2023-08-28T14:06:16.795+0000] {logging_mixin.py:151} INFO - [2023-08-28T14:06:16.795+0000] {dag.py:2907} INFO - Sync 1 DAGs
[2023-08-28T14:06:16.894+0000] {logging_mixin.py:151} INFO - [2023-08-28T14:06:16.894+0000] {dag.py:3677} INFO - Setting next_dagrun for example_task_group to 2023-08-27T14:06:16.893855+00:00, run_after=2023-08-28T14:06:16.893855+00:00
[2023-08-28T14:06:16.959+0000] {processor.py:179} INFO - Processing /home/airflow/.local/lib/python3.8/site-packages/airflow/example_dags/example_task_group.py took 0.427 seconds
[2023-08-28T14:08:46.674+0000] {processor.py:157} INFO - Started process (PID=917) to work on /home/airflow/.local/lib/python3.8/site-packages/airflow/example_dags/example_task_group.py
[2023-08-28T14:08:46.923+0000] {processor.py:829} INFO - Processing file /home/airflow/.local/lib/python3.8/site-packages/airflow/example_dags/example_task_group.py for tasks to queue
[2023-08-28T14:08:50.158+0000] {logging_mixin.py:151} INFO - [2023-08-28T14:08:49.261+0000] {dagbag.py:539} INFO - Filling up the DagBag from /home/airflow/.local/lib/python3.8/site-packages/airflow/example_dags/example_task_group.py
[2023-08-28T14:08:52.973+0000] {processor.py:839} INFO - DAG(s) dict_keys(['example_task_group']) retrieved from /home/airflow/.local/lib/python3.8/site-packages/airflow/example_dags/example_task_group.py
[2023-08-28T14:08:59.133+0000] {logging_mixin.py:151} INFO - [2023-08-28T14:08:58.951+0000] {dag.py:2907} INFO - Sync 1 DAGs
[2023-08-28T14:09:03.278+0000] {logging_mixin.py:151} INFO - [2023-08-28T14:09:03.268+0000] {dag.py:3677} INFO - Setting next_dagrun for example_task_group to 2023-08-27T14:09:03.169780+00:00, run_after=2023-08-28T14:09:03.169780+00:00
[2023-08-28T14:09:05.281+0000] {processor.py:179} INFO - Processing /home/airflow/.local/lib/python3.8/site-packages/airflow/example_dags/example_task_group.py took 18.940 seconds
[2023-08-28T14:15:42.792+0000] {processor.py:157} INFO - Started process (PID=1006) to work on /home/airflow/.local/lib/python3.8/site-packages/airflow/example_dags/example_task_group.py
[2023-08-28T14:15:42.915+0000] {processor.py:829} INFO - Processing file /home/airflow/.local/lib/python3.8/site-packages/airflow/example_dags/example_task_group.py for tasks to queue
[2023-08-28T14:15:43.060+0000] {logging_mixin.py:151} INFO - [2023-08-28T14:15:42.955+0000] {dagbag.py:539} INFO - Filling up the DagBag from /home/airflow/.local/lib/python3.8/site-packages/airflow/example_dags/example_task_group.py
[2023-08-28T14:15:44.084+0000] {processor.py:839} INFO - DAG(s) dict_keys(['example_task_group']) retrieved from /home/airflow/.local/lib/python3.8/site-packages/airflow/example_dags/example_task_group.py
[2023-08-28T14:15:49.892+0000] {logging_mixin.py:151} INFO - [2023-08-28T14:15:49.835+0000] {dag.py:2907} INFO - Sync 1 DAGs
[2023-08-28T14:15:58.352+0000] {logging_mixin.py:151} INFO - [2023-08-28T14:15:58.339+0000] {dag.py:3677} INFO - Setting next_dagrun for example_task_group to 2023-08-27T14:15:58.268702+00:00, run_after=2023-08-28T14:15:58.268702+00:00
[2023-08-28T14:16:27.796+0000] {processor.py:179} INFO - Processing /home/airflow/.local/lib/python3.8/site-packages/airflow/example_dags/example_task_group.py took 45.430 seconds
