[2023-08-28T13:54:44.052+0000] {processor.py:157} INFO - Started process (PID=209) to work on /home/airflow/.local/lib/python3.8/site-packages/airflow/example_dags/example_branch_datetime_operator.py
[2023-08-28T13:54:44.127+0000] {processor.py:829} INFO - Processing file /home/airflow/.local/lib/python3.8/site-packages/airflow/example_dags/example_branch_datetime_operator.py for tasks to queue
[2023-08-28T13:54:44.439+0000] {logging_mixin.py:151} INFO - [2023-08-28T13:54:44.428+0000] {dagbag.py:539} INFO - Filling up the DagBag from /home/airflow/.local/lib/python3.8/site-packages/airflow/example_dags/example_branch_datetime_operator.py
[2023-08-28T13:54:45.655+0000] {processor.py:839} INFO - DAG(s) dict_keys(['example_branch_datetime_operator_2', 'example_branch_datetime_operator', 'example_branch_datetime_operator_3']) retrieved from /home/airflow/.local/lib/python3.8/site-packages/airflow/example_dags/example_branch_datetime_operator.py
[2023-08-28T13:54:49.684+0000] {logging_mixin.py:151} INFO - [2023-08-28T13:54:49.683+0000] {manager.py:501} INFO - Created Permission View: can read on DAG:example_branch_datetime_operator_2
[2023-08-28T13:54:49.980+0000] {logging_mixin.py:151} INFO - [2023-08-28T13:54:49.972+0000] {manager.py:501} INFO - Created Permission View: can edit on DAG:example_branch_datetime_operator_2
[2023-08-28T13:54:50.054+0000] {logging_mixin.py:151} INFO - [2023-08-28T13:54:50.053+0000] {manager.py:501} INFO - Created Permission View: can delete on DAG:example_branch_datetime_operator_2
[2023-08-28T13:54:51.167+0000] {logging_mixin.py:151} INFO - [2023-08-28T13:54:51.167+0000] {manager.py:501} INFO - Created Permission View: can read on DAG:example_branch_datetime_operator
[2023-08-28T13:54:51.861+0000] {logging_mixin.py:151} INFO - [2023-08-28T13:54:51.860+0000] {manager.py:501} INFO - Created Permission View: can edit on DAG:example_branch_datetime_operator
[2023-08-28T13:54:52.083+0000] {logging_mixin.py:151} INFO - [2023-08-28T13:54:52.082+0000] {manager.py:501} INFO - Created Permission View: can delete on DAG:example_branch_datetime_operator
[2023-08-28T13:54:52.524+0000] {logging_mixin.py:151} INFO - [2023-08-28T13:54:52.513+0000] {manager.py:501} INFO - Created Permission View: can read on DAG:example_branch_datetime_operator_3
[2023-08-28T13:54:52.662+0000] {logging_mixin.py:151} INFO - [2023-08-28T13:54:52.661+0000] {manager.py:501} INFO - Created Permission View: can edit on DAG:example_branch_datetime_operator_3
[2023-08-28T13:54:52.838+0000] {logging_mixin.py:151} INFO - [2023-08-28T13:54:52.837+0000] {manager.py:501} INFO - Created Permission View: can delete on DAG:example_branch_datetime_operator_3
[2023-08-28T13:54:52.902+0000] {logging_mixin.py:151} INFO - [2023-08-28T13:54:52.901+0000] {dag.py:2907} INFO - Sync 3 DAGs
[2023-08-28T13:54:53.134+0000] {logging_mixin.py:151} INFO - [2023-08-28T13:54:53.133+0000] {dag.py:2929} INFO - Creating ORM DAG for example_branch_datetime_operator
[2023-08-28T13:54:53.161+0000] {logging_mixin.py:151} INFO - [2023-08-28T13:54:53.160+0000] {dag.py:2929} INFO - Creating ORM DAG for example_branch_datetime_operator_2
[2023-08-28T13:54:53.176+0000] {logging_mixin.py:151} INFO - [2023-08-28T13:54:53.174+0000] {dag.py:2929} INFO - Creating ORM DAG for example_branch_datetime_operator_3
[2023-08-28T13:54:53.393+0000] {logging_mixin.py:151} INFO - [2023-08-28T13:54:53.393+0000] {dag.py:3677} INFO - Setting next_dagrun for example_branch_datetime_operator to 2023-08-27T00:00:00+00:00, run_after=2023-08-28T00:00:00+00:00
[2023-08-28T13:54:53.439+0000] {logging_mixin.py:151} INFO - [2023-08-28T13:54:53.439+0000] {dag.py:3677} INFO - Setting next_dagrun for example_branch_datetime_operator_2 to 2023-08-27T00:00:00+00:00, run_after=2023-08-28T00:00:00+00:00
[2023-08-28T13:54:53.502+0000] {logging_mixin.py:151} INFO - [2023-08-28T13:54:53.479+0000] {dag.py:3677} INFO - Setting next_dagrun for example_branch_datetime_operator_3 to 2023-08-27T00:00:00+00:00, run_after=2023-08-28T00:00:00+00:00
[2023-08-28T13:54:54.084+0000] {processor.py:179} INFO - Processing /home/airflow/.local/lib/python3.8/site-packages/airflow/example_dags/example_branch_datetime_operator.py took 10.625 seconds
[2023-08-28T13:56:34.013+0000] {processor.py:157} INFO - Started process (PID=288) to work on /home/airflow/.local/lib/python3.8/site-packages/airflow/example_dags/example_branch_datetime_operator.py
[2023-08-28T13:56:34.029+0000] {processor.py:829} INFO - Processing file /home/airflow/.local/lib/python3.8/site-packages/airflow/example_dags/example_branch_datetime_operator.py for tasks to queue
[2023-08-28T13:56:34.062+0000] {logging_mixin.py:151} INFO - [2023-08-28T13:56:34.054+0000] {dagbag.py:539} INFO - Filling up the DagBag from /home/airflow/.local/lib/python3.8/site-packages/airflow/example_dags/example_branch_datetime_operator.py
[2023-08-28T13:56:34.285+0000] {processor.py:839} INFO - DAG(s) dict_keys(['example_branch_datetime_operator', 'example_branch_datetime_operator_3', 'example_branch_datetime_operator_2']) retrieved from /home/airflow/.local/lib/python3.8/site-packages/airflow/example_dags/example_branch_datetime_operator.py
[2023-08-28T13:56:34.966+0000] {logging_mixin.py:151} INFO - [2023-08-28T13:56:34.965+0000] {dag.py:2907} INFO - Sync 3 DAGs
[2023-08-28T13:56:35.355+0000] {logging_mixin.py:151} INFO - [2023-08-28T13:56:35.352+0000] {dag.py:3677} INFO - Setting next_dagrun for example_branch_datetime_operator to 2023-08-27T00:00:00+00:00, run_after=2023-08-28T00:00:00+00:00
[2023-08-28T13:56:35.497+0000] {logging_mixin.py:151} INFO - [2023-08-28T13:56:35.496+0000] {dag.py:3677} INFO - Setting next_dagrun for example_branch_datetime_operator_2 to 2023-08-27T00:00:00+00:00, run_after=2023-08-28T00:00:00+00:00
[2023-08-28T13:56:35.539+0000] {logging_mixin.py:151} INFO - [2023-08-28T13:56:35.538+0000] {dag.py:3677} INFO - Setting next_dagrun for example_branch_datetime_operator_3 to 2023-08-27T00:00:00+00:00, run_after=2023-08-28T00:00:00+00:00
[2023-08-28T13:56:35.766+0000] {processor.py:179} INFO - Processing /home/airflow/.local/lib/python3.8/site-packages/airflow/example_dags/example_branch_datetime_operator.py took 1.793 seconds
[2023-08-28T13:57:28.480+0000] {processor.py:157} INFO - Started process (PID=348) to work on /home/airflow/.local/lib/python3.8/site-packages/airflow/example_dags/example_branch_datetime_operator.py
[2023-08-28T13:57:28.565+0000] {processor.py:829} INFO - Processing file /home/airflow/.local/lib/python3.8/site-packages/airflow/example_dags/example_branch_datetime_operator.py for tasks to queue
[2023-08-28T13:57:28.649+0000] {logging_mixin.py:151} INFO - [2023-08-28T13:57:28.632+0000] {dagbag.py:539} INFO - Filling up the DagBag from /home/airflow/.local/lib/python3.8/site-packages/airflow/example_dags/example_branch_datetime_operator.py
[2023-08-28T13:57:29.403+0000] {processor.py:839} INFO - DAG(s) dict_keys(['example_branch_datetime_operator', 'example_branch_datetime_operator_3', 'example_branch_datetime_operator_2']) retrieved from /home/airflow/.local/lib/python3.8/site-packages/airflow/example_dags/example_branch_datetime_operator.py
[2023-08-28T13:57:29.982+0000] {logging_mixin.py:151} INFO - [2023-08-28T13:57:29.973+0000] {dag.py:2907} INFO - Sync 3 DAGs
[2023-08-28T13:57:30.534+0000] {logging_mixin.py:151} INFO - [2023-08-28T13:57:30.533+0000] {dag.py:3677} INFO - Setting next_dagrun for example_branch_datetime_operator to 2023-08-27T00:00:00+00:00, run_after=2023-08-28T00:00:00+00:00
[2023-08-28T13:57:30.673+0000] {logging_mixin.py:151} INFO - [2023-08-28T13:57:30.673+0000] {dag.py:3677} INFO - Setting next_dagrun for example_branch_datetime_operator_2 to 2023-08-27T00:00:00+00:00, run_after=2023-08-28T00:00:00+00:00
[2023-08-28T13:57:30.724+0000] {logging_mixin.py:151} INFO - [2023-08-28T13:57:30.724+0000] {dag.py:3677} INFO - Setting next_dagrun for example_branch_datetime_operator_3 to 2023-08-27T00:00:00+00:00, run_after=2023-08-28T00:00:00+00:00
[2023-08-28T13:57:30.945+0000] {processor.py:179} INFO - Processing /home/airflow/.local/lib/python3.8/site-packages/airflow/example_dags/example_branch_datetime_operator.py took 2.548 seconds
[2023-08-28T13:58:24.986+0000] {processor.py:157} INFO - Started process (PID=415) to work on /home/airflow/.local/lib/python3.8/site-packages/airflow/example_dags/example_branch_datetime_operator.py
[2023-08-28T13:58:24.994+0000] {processor.py:829} INFO - Processing file /home/airflow/.local/lib/python3.8/site-packages/airflow/example_dags/example_branch_datetime_operator.py for tasks to queue
[2023-08-28T13:58:25.026+0000] {logging_mixin.py:151} INFO - [2023-08-28T13:58:25.018+0000] {dagbag.py:539} INFO - Filling up the DagBag from /home/airflow/.local/lib/python3.8/site-packages/airflow/example_dags/example_branch_datetime_operator.py
[2023-08-28T13:58:25.187+0000] {processor.py:839} INFO - DAG(s) dict_keys(['example_branch_datetime_operator_3', 'example_branch_datetime_operator_2', 'example_branch_datetime_operator']) retrieved from /home/airflow/.local/lib/python3.8/site-packages/airflow/example_dags/example_branch_datetime_operator.py
[2023-08-28T13:58:25.576+0000] {logging_mixin.py:151} INFO - [2023-08-28T13:58:25.576+0000] {dag.py:2907} INFO - Sync 3 DAGs
[2023-08-28T13:58:26.077+0000] {logging_mixin.py:151} INFO - [2023-08-28T13:58:26.077+0000] {dag.py:3677} INFO - Setting next_dagrun for example_branch_datetime_operator to 2023-08-27T00:00:00+00:00, run_after=2023-08-28T00:00:00+00:00
[2023-08-28T13:58:26.306+0000] {logging_mixin.py:151} INFO - [2023-08-28T13:58:26.267+0000] {dag.py:3677} INFO - Setting next_dagrun for example_branch_datetime_operator_2 to 2023-08-27T00:00:00+00:00, run_after=2023-08-28T00:00:00+00:00
[2023-08-28T13:58:26.372+0000] {logging_mixin.py:151} INFO - [2023-08-28T13:58:26.371+0000] {dag.py:3677} INFO - Setting next_dagrun for example_branch_datetime_operator_3 to 2023-08-27T00:00:00+00:00, run_after=2023-08-28T00:00:00+00:00
[2023-08-28T13:58:26.736+0000] {processor.py:179} INFO - Processing /home/airflow/.local/lib/python3.8/site-packages/airflow/example_dags/example_branch_datetime_operator.py took 1.776 seconds
[2023-08-28T13:58:58.705+0000] {processor.py:157} INFO - Started process (PID=470) to work on /home/airflow/.local/lib/python3.8/site-packages/airflow/example_dags/example_branch_datetime_operator.py
[2023-08-28T13:58:58.711+0000] {processor.py:829} INFO - Processing file /home/airflow/.local/lib/python3.8/site-packages/airflow/example_dags/example_branch_datetime_operator.py for tasks to queue
[2023-08-28T13:58:58.739+0000] {logging_mixin.py:151} INFO - [2023-08-28T13:58:58.734+0000] {dagbag.py:539} INFO - Filling up the DagBag from /home/airflow/.local/lib/python3.8/site-packages/airflow/example_dags/example_branch_datetime_operator.py
[2023-08-28T13:58:58.821+0000] {processor.py:839} INFO - DAG(s) dict_keys(['example_branch_datetime_operator', 'example_branch_datetime_operator_2', 'example_branch_datetime_operator_3']) retrieved from /home/airflow/.local/lib/python3.8/site-packages/airflow/example_dags/example_branch_datetime_operator.py
[2023-08-28T13:58:59.015+0000] {logging_mixin.py:151} INFO - [2023-08-28T13:58:59.014+0000] {dag.py:2907} INFO - Sync 3 DAGs
[2023-08-28T13:58:59.117+0000] {logging_mixin.py:151} INFO - [2023-08-28T13:58:59.117+0000] {dag.py:3677} INFO - Setting next_dagrun for example_branch_datetime_operator to 2023-08-27T00:00:00+00:00, run_after=2023-08-28T00:00:00+00:00
[2023-08-28T13:58:59.143+0000] {logging_mixin.py:151} INFO - [2023-08-28T13:58:59.142+0000] {dag.py:3677} INFO - Setting next_dagrun for example_branch_datetime_operator_2 to 2023-08-27T00:00:00+00:00, run_after=2023-08-28T00:00:00+00:00
[2023-08-28T13:58:59.165+0000] {logging_mixin.py:151} INFO - [2023-08-28T13:58:59.165+0000] {dag.py:3677} INFO - Setting next_dagrun for example_branch_datetime_operator_3 to 2023-08-27T00:00:00+00:00, run_after=2023-08-28T00:00:00+00:00
[2023-08-28T13:58:59.219+0000] {processor.py:179} INFO - Processing /home/airflow/.local/lib/python3.8/site-packages/airflow/example_dags/example_branch_datetime_operator.py took 0.548 seconds
[2023-08-28T14:01:22.572+0000] {processor.py:157} INFO - Started process (PID=567) to work on /home/airflow/.local/lib/python3.8/site-packages/airflow/example_dags/example_branch_datetime_operator.py
[2023-08-28T14:01:22.579+0000] {processor.py:829} INFO - Processing file /home/airflow/.local/lib/python3.8/site-packages/airflow/example_dags/example_branch_datetime_operator.py for tasks to queue
[2023-08-28T14:01:22.595+0000] {logging_mixin.py:151} INFO - [2023-08-28T14:01:22.593+0000] {dagbag.py:539} INFO - Filling up the DagBag from /home/airflow/.local/lib/python3.8/site-packages/airflow/example_dags/example_branch_datetime_operator.py
[2023-08-28T14:01:22.724+0000] {processor.py:839} INFO - DAG(s) dict_keys(['example_branch_datetime_operator_2', 'example_branch_datetime_operator_3', 'example_branch_datetime_operator']) retrieved from /home/airflow/.local/lib/python3.8/site-packages/airflow/example_dags/example_branch_datetime_operator.py
[2023-08-28T14:01:22.802+0000] {logging_mixin.py:151} INFO - [2023-08-28T14:01:22.802+0000] {dag.py:2907} INFO - Sync 3 DAGs
[2023-08-28T14:01:22.897+0000] {logging_mixin.py:151} INFO - [2023-08-28T14:01:22.896+0000] {dag.py:3677} INFO - Setting next_dagrun for example_branch_datetime_operator to 2023-08-27T00:00:00+00:00, run_after=2023-08-28T00:00:00+00:00
[2023-08-28T14:01:22.922+0000] {logging_mixin.py:151} INFO - [2023-08-28T14:01:22.921+0000] {dag.py:3677} INFO - Setting next_dagrun for example_branch_datetime_operator_2 to 2023-08-27T00:00:00+00:00, run_after=2023-08-28T00:00:00+00:00
[2023-08-28T14:01:22.934+0000] {logging_mixin.py:151} INFO - [2023-08-28T14:01:22.933+0000] {dag.py:3677} INFO - Setting next_dagrun for example_branch_datetime_operator_3 to 2023-08-27T00:00:00+00:00, run_after=2023-08-28T00:00:00+00:00
[2023-08-28T14:01:22.989+0000] {processor.py:179} INFO - Processing /home/airflow/.local/lib/python3.8/site-packages/airflow/example_dags/example_branch_datetime_operator.py took 0.440 seconds
[2023-08-28T14:01:53.405+0000] {processor.py:157} INFO - Started process (PID=622) to work on /home/airflow/.local/lib/python3.8/site-packages/airflow/example_dags/example_branch_datetime_operator.py
[2023-08-28T14:01:53.413+0000] {processor.py:829} INFO - Processing file /home/airflow/.local/lib/python3.8/site-packages/airflow/example_dags/example_branch_datetime_operator.py for tasks to queue
[2023-08-28T14:01:53.421+0000] {logging_mixin.py:151} INFO - [2023-08-28T14:01:53.420+0000] {dagbag.py:539} INFO - Filling up the DagBag from /home/airflow/.local/lib/python3.8/site-packages/airflow/example_dags/example_branch_datetime_operator.py
[2023-08-28T14:01:53.475+0000] {processor.py:839} INFO - DAG(s) dict_keys(['example_branch_datetime_operator_3', 'example_branch_datetime_operator_2', 'example_branch_datetime_operator']) retrieved from /home/airflow/.local/lib/python3.8/site-packages/airflow/example_dags/example_branch_datetime_operator.py
[2023-08-28T14:01:53.649+0000] {logging_mixin.py:151} INFO - [2023-08-28T14:01:53.648+0000] {dag.py:2907} INFO - Sync 3 DAGs
[2023-08-28T14:01:53.795+0000] {logging_mixin.py:151} INFO - [2023-08-28T14:01:53.795+0000] {dag.py:3677} INFO - Setting next_dagrun for example_branch_datetime_operator to 2023-08-27T00:00:00+00:00, run_after=2023-08-28T00:00:00+00:00
[2023-08-28T14:01:53.834+0000] {logging_mixin.py:151} INFO - [2023-08-28T14:01:53.833+0000] {dag.py:3677} INFO - Setting next_dagrun for example_branch_datetime_operator_2 to 2023-08-27T00:00:00+00:00, run_after=2023-08-28T00:00:00+00:00
[2023-08-28T14:01:53.849+0000] {logging_mixin.py:151} INFO - [2023-08-28T14:01:53.848+0000] {dag.py:3677} INFO - Setting next_dagrun for example_branch_datetime_operator_3 to 2023-08-27T00:00:00+00:00, run_after=2023-08-28T00:00:00+00:00
[2023-08-28T14:01:54.042+0000] {processor.py:179} INFO - Processing /home/airflow/.local/lib/python3.8/site-packages/airflow/example_dags/example_branch_datetime_operator.py took 0.651 seconds
[2023-08-28T14:03:48.905+0000] {processor.py:157} INFO - Started process (PID=712) to work on /home/airflow/.local/lib/python3.8/site-packages/airflow/example_dags/example_branch_datetime_operator.py
[2023-08-28T14:03:48.918+0000] {processor.py:829} INFO - Processing file /home/airflow/.local/lib/python3.8/site-packages/airflow/example_dags/example_branch_datetime_operator.py for tasks to queue
[2023-08-28T14:03:48.961+0000] {logging_mixin.py:151} INFO - [2023-08-28T14:03:48.955+0000] {dagbag.py:539} INFO - Filling up the DagBag from /home/airflow/.local/lib/python3.8/site-packages/airflow/example_dags/example_branch_datetime_operator.py
[2023-08-28T14:03:49.152+0000] {processor.py:839} INFO - DAG(s) dict_keys(['example_branch_datetime_operator_2', 'example_branch_datetime_operator_3', 'example_branch_datetime_operator']) retrieved from /home/airflow/.local/lib/python3.8/site-packages/airflow/example_dags/example_branch_datetime_operator.py
[2023-08-28T14:03:49.816+0000] {logging_mixin.py:151} INFO - [2023-08-28T14:03:49.816+0000] {dag.py:2907} INFO - Sync 3 DAGs
[2023-08-28T14:03:50.071+0000] {logging_mixin.py:151} INFO - [2023-08-28T14:03:50.071+0000] {dag.py:3677} INFO - Setting next_dagrun for example_branch_datetime_operator to 2023-08-27T00:00:00+00:00, run_after=2023-08-28T00:00:00+00:00
[2023-08-28T14:03:50.158+0000] {logging_mixin.py:151} INFO - [2023-08-28T14:03:50.155+0000] {dag.py:3677} INFO - Setting next_dagrun for example_branch_datetime_operator_2 to 2023-08-27T00:00:00+00:00, run_after=2023-08-28T00:00:00+00:00
[2023-08-28T14:03:50.194+0000] {logging_mixin.py:151} INFO - [2023-08-28T14:03:50.185+0000] {dag.py:3677} INFO - Setting next_dagrun for example_branch_datetime_operator_3 to 2023-08-27T00:00:00+00:00, run_after=2023-08-28T00:00:00+00:00
[2023-08-28T14:03:50.395+0000] {processor.py:179} INFO - Processing /home/airflow/.local/lib/python3.8/site-packages/airflow/example_dags/example_branch_datetime_operator.py took 1.523 seconds
[2023-08-28T14:05:06.992+0000] {processor.py:157} INFO - Started process (PID=774) to work on /home/airflow/.local/lib/python3.8/site-packages/airflow/example_dags/example_branch_datetime_operator.py
[2023-08-28T14:05:07.017+0000] {processor.py:829} INFO - Processing file /home/airflow/.local/lib/python3.8/site-packages/airflow/example_dags/example_branch_datetime_operator.py for tasks to queue
[2023-08-28T14:05:07.136+0000] {logging_mixin.py:151} INFO - [2023-08-28T14:05:07.131+0000] {dagbag.py:539} INFO - Filling up the DagBag from /home/airflow/.local/lib/python3.8/site-packages/airflow/example_dags/example_branch_datetime_operator.py
[2023-08-28T14:05:07.415+0000] {processor.py:839} INFO - DAG(s) dict_keys(['example_branch_datetime_operator', 'example_branch_datetime_operator_3', 'example_branch_datetime_operator_2']) retrieved from /home/airflow/.local/lib/python3.8/site-packages/airflow/example_dags/example_branch_datetime_operator.py
[2023-08-28T14:05:08.005+0000] {logging_mixin.py:151} INFO - [2023-08-28T14:05:08.005+0000] {dag.py:2907} INFO - Sync 3 DAGs
[2023-08-28T14:05:08.674+0000] {logging_mixin.py:151} INFO - [2023-08-28T14:05:08.673+0000] {dag.py:3677} INFO - Setting next_dagrun for example_branch_datetime_operator to 2023-08-27T00:00:00+00:00, run_after=2023-08-28T00:00:00+00:00
[2023-08-28T14:05:08.866+0000] {logging_mixin.py:151} INFO - [2023-08-28T14:05:08.863+0000] {dag.py:3677} INFO - Setting next_dagrun for example_branch_datetime_operator_2 to 2023-08-27T00:00:00+00:00, run_after=2023-08-28T00:00:00+00:00
[2023-08-28T14:05:08.995+0000] {logging_mixin.py:151} INFO - [2023-08-28T14:05:08.995+0000] {dag.py:3677} INFO - Setting next_dagrun for example_branch_datetime_operator_3 to 2023-08-27T00:00:00+00:00, run_after=2023-08-28T00:00:00+00:00
[2023-08-28T14:05:11.789+0000] {processor.py:179} INFO - Processing /home/airflow/.local/lib/python3.8/site-packages/airflow/example_dags/example_branch_datetime_operator.py took 5.052 seconds
[2023-08-28T14:06:19.469+0000] {processor.py:157} INFO - Started process (PID=855) to work on /home/airflow/.local/lib/python3.8/site-packages/airflow/example_dags/example_branch_datetime_operator.py
[2023-08-28T14:06:19.483+0000] {processor.py:829} INFO - Processing file /home/airflow/.local/lib/python3.8/site-packages/airflow/example_dags/example_branch_datetime_operator.py for tasks to queue
[2023-08-28T14:06:19.507+0000] {logging_mixin.py:151} INFO - [2023-08-28T14:06:19.505+0000] {dagbag.py:539} INFO - Filling up the DagBag from /home/airflow/.local/lib/python3.8/site-packages/airflow/example_dags/example_branch_datetime_operator.py
[2023-08-28T14:06:19.583+0000] {processor.py:839} INFO - DAG(s) dict_keys(['example_branch_datetime_operator_2', 'example_branch_datetime_operator', 'example_branch_datetime_operator_3']) retrieved from /home/airflow/.local/lib/python3.8/site-packages/airflow/example_dags/example_branch_datetime_operator.py
[2023-08-28T14:06:19.676+0000] {logging_mixin.py:151} INFO - [2023-08-28T14:06:19.675+0000] {dag.py:2907} INFO - Sync 3 DAGs
[2023-08-28T14:06:19.840+0000] {logging_mixin.py:151} INFO - [2023-08-28T14:06:19.839+0000] {dag.py:3677} INFO - Setting next_dagrun for example_branch_datetime_operator to 2023-08-27T00:00:00+00:00, run_after=2023-08-28T00:00:00+00:00
[2023-08-28T14:06:19.871+0000] {logging_mixin.py:151} INFO - [2023-08-28T14:06:19.870+0000] {dag.py:3677} INFO - Setting next_dagrun for example_branch_datetime_operator_2 to 2023-08-27T00:00:00+00:00, run_after=2023-08-28T00:00:00+00:00
[2023-08-28T14:06:19.930+0000] {logging_mixin.py:151} INFO - [2023-08-28T14:06:19.928+0000] {dag.py:3677} INFO - Setting next_dagrun for example_branch_datetime_operator_3 to 2023-08-27T00:00:00+00:00, run_after=2023-08-28T00:00:00+00:00
[2023-08-28T14:06:20.017+0000] {processor.py:179} INFO - Processing /home/airflow/.local/lib/python3.8/site-packages/airflow/example_dags/example_branch_datetime_operator.py took 0.586 seconds
[2023-08-28T14:14:20.423+0000] {processor.py:157} INFO - Started process (PID=986) to work on /home/airflow/.local/lib/python3.8/site-packages/airflow/example_dags/example_branch_datetime_operator.py
[2023-08-28T14:14:20.578+0000] {processor.py:829} INFO - Processing file /home/airflow/.local/lib/python3.8/site-packages/airflow/example_dags/example_branch_datetime_operator.py for tasks to queue
[2023-08-28T14:14:20.722+0000] {logging_mixin.py:151} INFO - [2023-08-28T14:14:20.646+0000] {dagbag.py:539} INFO - Filling up the DagBag from /home/airflow/.local/lib/python3.8/site-packages/airflow/example_dags/example_branch_datetime_operator.py
[2023-08-28T14:14:21.865+0000] {processor.py:839} INFO - DAG(s) dict_keys(['example_branch_datetime_operator', 'example_branch_datetime_operator_2', 'example_branch_datetime_operator_3']) retrieved from /home/airflow/.local/lib/python3.8/site-packages/airflow/example_dags/example_branch_datetime_operator.py
[2023-08-28T14:14:26.679+0000] {logging_mixin.py:151} INFO - [2023-08-28T14:14:26.549+0000] {dag.py:2907} INFO - Sync 3 DAGs
[2023-08-28T14:14:29.598+0000] {logging_mixin.py:151} INFO - [2023-08-28T14:14:29.583+0000] {dag.py:3677} INFO - Setting next_dagrun for example_branch_datetime_operator to 2023-08-27T00:00:00+00:00, run_after=2023-08-28T00:00:00+00:00
[2023-08-28T14:14:30.876+0000] {logging_mixin.py:151} INFO - [2023-08-28T14:14:30.784+0000] {dag.py:3677} INFO - Setting next_dagrun for example_branch_datetime_operator_2 to 2023-08-27T00:00:00+00:00, run_after=2023-08-28T00:00:00+00:00
[2023-08-28T14:14:31.448+0000] {logging_mixin.py:151} INFO - [2023-08-28T14:14:31.388+0000] {dag.py:3677} INFO - Setting next_dagrun for example_branch_datetime_operator_3 to 2023-08-27T00:00:00+00:00, run_after=2023-08-28T00:00:00+00:00
[2023-08-28T14:14:34.291+0000] {processor.py:179} INFO - Processing /home/airflow/.local/lib/python3.8/site-packages/airflow/example_dags/example_branch_datetime_operator.py took 14.557 seconds
