[2023-08-28T13:48:32.394+0000] {processor.py:157} INFO - Started process (PID=101) to work on /home/airflow/.local/lib/python3.8/site-packages/airflow/example_dags/example_params_trigger_ui.py
[2023-08-28T13:48:32.403+0000] {processor.py:829} INFO - Processing file /home/airflow/.local/lib/python3.8/site-packages/airflow/example_dags/example_params_trigger_ui.py for tasks to queue
[2023-08-28T13:48:32.426+0000] {logging_mixin.py:151} INFO - [2023-08-28T13:48:32.420+0000] {dagbag.py:539} INFO - Filling up the DagBag from /home/airflow/.local/lib/python3.8/site-packages/airflow/example_dags/example_params_trigger_ui.py
[2023-08-28T13:48:33.018+0000] {processor.py:839} INFO - DAG(s) dict_keys(['example_params_trigger_ui']) retrieved from /home/airflow/.local/lib/python3.8/site-packages/airflow/example_dags/example_params_trigger_ui.py
[2023-08-28T13:48:53.322+0000] {logging_mixin.py:151} INFO - [2023-08-28T13:48:53.322+0000] {manager.py:501} INFO - Created Permission View: can read on DAG:example_params_trigger_ui
[2023-08-28T13:48:53.473+0000] {logging_mixin.py:151} INFO - [2023-08-28T13:48:53.473+0000] {manager.py:501} INFO - Created Permission View: can edit on DAG:example_params_trigger_ui
[2023-08-28T13:48:53.717+0000] {logging_mixin.py:151} INFO - [2023-08-28T13:48:53.716+0000] {manager.py:501} INFO - Created Permission View: can delete on DAG:example_params_trigger_ui
[2023-08-28T13:48:54.723+0000] {logging_mixin.py:151} INFO - [2023-08-28T13:48:54.712+0000] {dag.py:2907} INFO - Sync 1 DAGs
[2023-08-28T13:48:55.746+0000] {logging_mixin.py:151} INFO - [2023-08-28T13:48:55.745+0000] {dag.py:2929} INFO - Creating ORM DAG for example_params_trigger_ui
[2023-08-28T13:48:55.816+0000] {logging_mixin.py:151} INFO - [2023-08-28T13:48:55.761+0000] {dag.py:3677} INFO - Setting next_dagrun for example_params_trigger_ui to None, run_after=None
[2023-08-28T13:48:57.259+0000] {processor.py:179} INFO - Processing /home/airflow/.local/lib/python3.8/site-packages/airflow/example_dags/example_params_trigger_ui.py took 24.932 seconds
[2023-08-28T13:55:02.635+0000] {processor.py:157} INFO - Started process (PID=218) to work on /home/airflow/.local/lib/python3.8/site-packages/airflow/example_dags/example_params_trigger_ui.py
[2023-08-28T13:55:02.725+0000] {processor.py:829} INFO - Processing file /home/airflow/.local/lib/python3.8/site-packages/airflow/example_dags/example_params_trigger_ui.py for tasks to queue
[2023-08-28T13:55:02.901+0000] {logging_mixin.py:151} INFO - [2023-08-28T13:55:02.881+0000] {dagbag.py:539} INFO - Filling up the DagBag from /home/airflow/.local/lib/python3.8/site-packages/airflow/example_dags/example_params_trigger_ui.py
[2023-08-28T13:55:03.961+0000] {processor.py:839} INFO - DAG(s) dict_keys(['example_params_trigger_ui']) retrieved from /home/airflow/.local/lib/python3.8/site-packages/airflow/example_dags/example_params_trigger_ui.py
[2023-08-28T13:55:05.524+0000] {logging_mixin.py:151} INFO - [2023-08-28T13:55:05.509+0000] {dag.py:2907} INFO - Sync 1 DAGs
[2023-08-28T13:55:06.339+0000] {logging_mixin.py:151} INFO - [2023-08-28T13:55:06.328+0000] {dag.py:3677} INFO - Setting next_dagrun for example_params_trigger_ui to None, run_after=None
[2023-08-28T13:55:07.455+0000] {processor.py:179} INFO - Processing /home/airflow/.local/lib/python3.8/site-packages/airflow/example_dags/example_params_trigger_ui.py took 5.192 seconds
[2023-08-28T13:56:22.057+0000] {processor.py:157} INFO - Started process (PID=278) to work on /home/airflow/.local/lib/python3.8/site-packages/airflow/example_dags/example_params_trigger_ui.py
[2023-08-28T13:56:22.071+0000] {processor.py:829} INFO - Processing file /home/airflow/.local/lib/python3.8/site-packages/airflow/example_dags/example_params_trigger_ui.py for tasks to queue
[2023-08-28T13:56:22.094+0000] {logging_mixin.py:151} INFO - [2023-08-28T13:56:22.091+0000] {dagbag.py:539} INFO - Filling up the DagBag from /home/airflow/.local/lib/python3.8/site-packages/airflow/example_dags/example_params_trigger_ui.py
[2023-08-28T13:56:22.233+0000] {processor.py:839} INFO - DAG(s) dict_keys(['example_params_trigger_ui']) retrieved from /home/airflow/.local/lib/python3.8/site-packages/airflow/example_dags/example_params_trigger_ui.py
[2023-08-28T13:56:23.373+0000] {logging_mixin.py:151} INFO - [2023-08-28T13:56:23.373+0000] {dag.py:2907} INFO - Sync 1 DAGs
[2023-08-28T13:56:23.513+0000] {logging_mixin.py:151} INFO - [2023-08-28T13:56:23.512+0000] {dag.py:3677} INFO - Setting next_dagrun for example_params_trigger_ui to None, run_after=None
[2023-08-28T13:56:23.820+0000] {processor.py:179} INFO - Processing /home/airflow/.local/lib/python3.8/site-packages/airflow/example_dags/example_params_trigger_ui.py took 1.798 seconds
[2023-08-28T13:57:11.806+0000] {processor.py:157} INFO - Started process (PID=325) to work on /home/airflow/.local/lib/python3.8/site-packages/airflow/example_dags/example_params_trigger_ui.py
[2023-08-28T13:57:11.810+0000] {processor.py:829} INFO - Processing file /home/airflow/.local/lib/python3.8/site-packages/airflow/example_dags/example_params_trigger_ui.py for tasks to queue
[2023-08-28T13:57:11.848+0000] {logging_mixin.py:151} INFO - [2023-08-28T13:57:11.847+0000] {dagbag.py:539} INFO - Filling up the DagBag from /home/airflow/.local/lib/python3.8/site-packages/airflow/example_dags/example_params_trigger_ui.py
[2023-08-28T13:57:12.009+0000] {processor.py:839} INFO - DAG(s) dict_keys(['example_params_trigger_ui']) retrieved from /home/airflow/.local/lib/python3.8/site-packages/airflow/example_dags/example_params_trigger_ui.py
[2023-08-28T13:57:12.841+0000] {logging_mixin.py:151} INFO - [2023-08-28T13:57:12.831+0000] {dag.py:2907} INFO - Sync 1 DAGs
[2023-08-28T13:57:14.065+0000] {logging_mixin.py:151} INFO - [2023-08-28T13:57:14.064+0000] {dag.py:3677} INFO - Setting next_dagrun for example_params_trigger_ui to None, run_after=None
[2023-08-28T13:57:14.383+0000] {processor.py:179} INFO - Processing /home/airflow/.local/lib/python3.8/site-packages/airflow/example_dags/example_params_trigger_ui.py took 2.611 seconds
[2023-08-28T13:57:55.087+0000] {processor.py:157} INFO - Started process (PID=376) to work on /home/airflow/.local/lib/python3.8/site-packages/airflow/example_dags/example_params_trigger_ui.py
[2023-08-28T13:57:55.108+0000] {processor.py:829} INFO - Processing file /home/airflow/.local/lib/python3.8/site-packages/airflow/example_dags/example_params_trigger_ui.py for tasks to queue
[2023-08-28T13:57:55.129+0000] {logging_mixin.py:151} INFO - [2023-08-28T13:57:55.126+0000] {dagbag.py:539} INFO - Filling up the DagBag from /home/airflow/.local/lib/python3.8/site-packages/airflow/example_dags/example_params_trigger_ui.py
[2023-08-28T13:57:55.362+0000] {processor.py:839} INFO - DAG(s) dict_keys(['example_params_trigger_ui']) retrieved from /home/airflow/.local/lib/python3.8/site-packages/airflow/example_dags/example_params_trigger_ui.py
[2023-08-28T13:57:56.243+0000] {logging_mixin.py:151} INFO - [2023-08-28T13:57:56.242+0000] {dag.py:2907} INFO - Sync 1 DAGs
[2023-08-28T13:57:56.413+0000] {logging_mixin.py:151} INFO - [2023-08-28T13:57:56.407+0000] {dag.py:3677} INFO - Setting next_dagrun for example_params_trigger_ui to None, run_after=None
[2023-08-28T13:57:56.714+0000] {processor.py:179} INFO - Processing /home/airflow/.local/lib/python3.8/site-packages/airflow/example_dags/example_params_trigger_ui.py took 1.721 seconds
[2023-08-28T13:58:38.717+0000] {processor.py:157} INFO - Started process (PID=431) to work on /home/airflow/.local/lib/python3.8/site-packages/airflow/example_dags/example_params_trigger_ui.py
[2023-08-28T13:58:38.727+0000] {processor.py:829} INFO - Processing file /home/airflow/.local/lib/python3.8/site-packages/airflow/example_dags/example_params_trigger_ui.py for tasks to queue
[2023-08-28T13:58:38.740+0000] {logging_mixin.py:151} INFO - [2023-08-28T13:58:38.739+0000] {dagbag.py:539} INFO - Filling up the DagBag from /home/airflow/.local/lib/python3.8/site-packages/airflow/example_dags/example_params_trigger_ui.py
[2023-08-28T13:58:38.839+0000] {processor.py:839} INFO - DAG(s) dict_keys(['example_params_trigger_ui']) retrieved from /home/airflow/.local/lib/python3.8/site-packages/airflow/example_dags/example_params_trigger_ui.py
[2023-08-28T13:58:39.268+0000] {logging_mixin.py:151} INFO - [2023-08-28T13:58:39.268+0000] {dag.py:2907} INFO - Sync 1 DAGs
[2023-08-28T13:58:39.579+0000] {logging_mixin.py:151} INFO - [2023-08-28T13:58:39.579+0000] {dag.py:3677} INFO - Setting next_dagrun for example_params_trigger_ui to None, run_after=None
[2023-08-28T13:58:39.857+0000] {processor.py:179} INFO - Processing /home/airflow/.local/lib/python3.8/site-packages/airflow/example_dags/example_params_trigger_ui.py took 1.162 seconds
[2023-08-28T13:59:20.247+0000] {processor.py:157} INFO - Started process (PID=482) to work on /home/airflow/.local/lib/python3.8/site-packages/airflow/example_dags/example_params_trigger_ui.py
[2023-08-28T13:59:20.256+0000] {processor.py:829} INFO - Processing file /home/airflow/.local/lib/python3.8/site-packages/airflow/example_dags/example_params_trigger_ui.py for tasks to queue
[2023-08-28T13:59:20.294+0000] {logging_mixin.py:151} INFO - [2023-08-28T13:59:20.288+0000] {dagbag.py:539} INFO - Filling up the DagBag from /home/airflow/.local/lib/python3.8/site-packages/airflow/example_dags/example_params_trigger_ui.py
[2023-08-28T13:59:21.395+0000] {processor.py:839} INFO - DAG(s) dict_keys(['example_params_trigger_ui']) retrieved from /home/airflow/.local/lib/python3.8/site-packages/airflow/example_dags/example_params_trigger_ui.py
[2023-08-28T13:59:42.679+0000] {logging_mixin.py:151} INFO - [2023-08-28T13:59:42.604+0000] {dag.py:2907} INFO - Sync 1 DAGs
[2023-08-28T13:59:43.158+0000] {logging_mixin.py:151} INFO - [2023-08-28T13:59:43.157+0000] {dag.py:3677} INFO - Setting next_dagrun for example_params_trigger_ui to None, run_after=None
[2023-08-28T13:59:43.988+0000] {processor.py:179} INFO - Processing /home/airflow/.local/lib/python3.8/site-packages/airflow/example_dags/example_params_trigger_ui.py took 23.760 seconds
[2023-08-28T14:00:51.866+0000] {processor.py:157} INFO - Started process (PID=526) to work on /home/airflow/.local/lib/python3.8/site-packages/airflow/example_dags/example_params_trigger_ui.py
[2023-08-28T14:00:51.873+0000] {processor.py:829} INFO - Processing file /home/airflow/.local/lib/python3.8/site-packages/airflow/example_dags/example_params_trigger_ui.py for tasks to queue
[2023-08-28T14:00:51.909+0000] {logging_mixin.py:151} INFO - [2023-08-28T14:00:51.899+0000] {dagbag.py:539} INFO - Filling up the DagBag from /home/airflow/.local/lib/python3.8/site-packages/airflow/example_dags/example_params_trigger_ui.py
[2023-08-28T14:00:53.204+0000] {processor.py:839} INFO - DAG(s) dict_keys(['example_params_trigger_ui']) retrieved from /home/airflow/.local/lib/python3.8/site-packages/airflow/example_dags/example_params_trigger_ui.py
[2023-08-28T14:00:53.819+0000] {logging_mixin.py:151} INFO - [2023-08-28T14:00:53.814+0000] {dag.py:2907} INFO - Sync 1 DAGs
[2023-08-28T14:00:53.903+0000] {logging_mixin.py:151} INFO - [2023-08-28T14:00:53.903+0000] {dag.py:3677} INFO - Setting next_dagrun for example_params_trigger_ui to None, run_after=None
[2023-08-28T14:00:54.129+0000] {processor.py:179} INFO - Processing /home/airflow/.local/lib/python3.8/site-packages/airflow/example_dags/example_params_trigger_ui.py took 2.311 seconds
[2023-08-28T14:01:26.225+0000] {processor.py:157} INFO - Started process (PID=581) to work on /home/airflow/.local/lib/python3.8/site-packages/airflow/example_dags/example_params_trigger_ui.py
[2023-08-28T14:01:26.232+0000] {processor.py:829} INFO - Processing file /home/airflow/.local/lib/python3.8/site-packages/airflow/example_dags/example_params_trigger_ui.py for tasks to queue
[2023-08-28T14:01:26.241+0000] {logging_mixin.py:151} INFO - [2023-08-28T14:01:26.240+0000] {dagbag.py:539} INFO - Filling up the DagBag from /home/airflow/.local/lib/python3.8/site-packages/airflow/example_dags/example_params_trigger_ui.py
[2023-08-28T14:01:26.489+0000] {processor.py:839} INFO - DAG(s) dict_keys(['example_params_trigger_ui']) retrieved from /home/airflow/.local/lib/python3.8/site-packages/airflow/example_dags/example_params_trigger_ui.py
[2023-08-28T14:01:26.680+0000] {logging_mixin.py:151} INFO - [2023-08-28T14:01:26.679+0000] {dag.py:2907} INFO - Sync 1 DAGs
[2023-08-28T14:01:26.709+0000] {logging_mixin.py:151} INFO - [2023-08-28T14:01:26.709+0000] {dag.py:3677} INFO - Setting next_dagrun for example_params_trigger_ui to None, run_after=None
[2023-08-28T14:01:26.758+0000] {processor.py:179} INFO - Processing /home/airflow/.local/lib/python3.8/site-packages/airflow/example_dags/example_params_trigger_ui.py took 0.546 seconds
[2023-08-28T14:01:57.855+0000] {processor.py:157} INFO - Started process (PID=635) to work on /home/airflow/.local/lib/python3.8/site-packages/airflow/example_dags/example_params_trigger_ui.py
[2023-08-28T14:01:57.862+0000] {processor.py:829} INFO - Processing file /home/airflow/.local/lib/python3.8/site-packages/airflow/example_dags/example_params_trigger_ui.py for tasks to queue
[2023-08-28T14:01:57.872+0000] {logging_mixin.py:151} INFO - [2023-08-28T14:01:57.870+0000] {dagbag.py:539} INFO - Filling up the DagBag from /home/airflow/.local/lib/python3.8/site-packages/airflow/example_dags/example_params_trigger_ui.py
[2023-08-28T14:01:57.928+0000] {processor.py:839} INFO - DAG(s) dict_keys(['example_params_trigger_ui']) retrieved from /home/airflow/.local/lib/python3.8/site-packages/airflow/example_dags/example_params_trigger_ui.py
[2023-08-28T14:01:58.068+0000] {logging_mixin.py:151} INFO - [2023-08-28T14:01:58.068+0000] {dag.py:2907} INFO - Sync 1 DAGs
[2023-08-28T14:01:58.105+0000] {logging_mixin.py:151} INFO - [2023-08-28T14:01:58.105+0000] {dag.py:3677} INFO - Setting next_dagrun for example_params_trigger_ui to None, run_after=None
[2023-08-28T14:01:58.154+0000] {processor.py:179} INFO - Processing /home/airflow/.local/lib/python3.8/site-packages/airflow/example_dags/example_params_trigger_ui.py took 0.311 seconds
[2023-08-28T14:03:10.745+0000] {processor.py:157} INFO - Started process (PID=679) to work on /home/airflow/.local/lib/python3.8/site-packages/airflow/example_dags/example_params_trigger_ui.py
[2023-08-28T14:03:10.802+0000] {processor.py:829} INFO - Processing file /home/airflow/.local/lib/python3.8/site-packages/airflow/example_dags/example_params_trigger_ui.py for tasks to queue
[2023-08-28T14:03:11.083+0000] {logging_mixin.py:151} INFO - [2023-08-28T14:03:11.082+0000] {dagbag.py:539} INFO - Filling up the DagBag from /home/airflow/.local/lib/python3.8/site-packages/airflow/example_dags/example_params_trigger_ui.py
[2023-08-28T14:03:11.526+0000] {processor.py:839} INFO - DAG(s) dict_keys(['example_params_trigger_ui']) retrieved from /home/airflow/.local/lib/python3.8/site-packages/airflow/example_dags/example_params_trigger_ui.py
[2023-08-28T14:03:13.759+0000] {logging_mixin.py:151} INFO - [2023-08-28T14:03:13.731+0000] {dag.py:2907} INFO - Sync 1 DAGs
[2023-08-28T14:03:14.366+0000] {logging_mixin.py:151} INFO - [2023-08-28T14:03:14.366+0000] {dag.py:3677} INFO - Setting next_dagrun for example_params_trigger_ui to None, run_after=None
[2023-08-28T14:03:14.781+0000] {processor.py:179} INFO - Processing /home/airflow/.local/lib/python3.8/site-packages/airflow/example_dags/example_params_trigger_ui.py took 4.451 seconds
[2023-08-28T14:04:06.950+0000] {processor.py:157} INFO - Started process (PID=728) to work on /home/airflow/.local/lib/python3.8/site-packages/airflow/example_dags/example_params_trigger_ui.py
[2023-08-28T14:04:06.957+0000] {processor.py:829} INFO - Processing file /home/airflow/.local/lib/python3.8/site-packages/airflow/example_dags/example_params_trigger_ui.py for tasks to queue
[2023-08-28T14:04:06.975+0000] {logging_mixin.py:151} INFO - [2023-08-28T14:04:06.974+0000] {dagbag.py:539} INFO - Filling up the DagBag from /home/airflow/.local/lib/python3.8/site-packages/airflow/example_dags/example_params_trigger_ui.py
[2023-08-28T14:04:07.041+0000] {processor.py:839} INFO - DAG(s) dict_keys(['example_params_trigger_ui']) retrieved from /home/airflow/.local/lib/python3.8/site-packages/airflow/example_dags/example_params_trigger_ui.py
[2023-08-28T14:04:07.558+0000] {logging_mixin.py:151} INFO - [2023-08-28T14:04:07.549+0000] {dag.py:2907} INFO - Sync 1 DAGs
[2023-08-28T14:04:07.983+0000] {logging_mixin.py:151} INFO - [2023-08-28T14:04:07.981+0000] {dag.py:3677} INFO - Setting next_dagrun for example_params_trigger_ui to None, run_after=None
[2023-08-28T14:04:08.181+0000] {processor.py:179} INFO - Processing /home/airflow/.local/lib/python3.8/site-packages/airflow/example_dags/example_params_trigger_ui.py took 1.253 seconds
[2023-08-28T14:05:18.291+0000] {processor.py:157} INFO - Started process (PID=788) to work on /home/airflow/.local/lib/python3.8/site-packages/airflow/example_dags/example_params_trigger_ui.py
[2023-08-28T14:05:18.348+0000] {processor.py:829} INFO - Processing file /home/airflow/.local/lib/python3.8/site-packages/airflow/example_dags/example_params_trigger_ui.py for tasks to queue
[2023-08-28T14:05:18.456+0000] {logging_mixin.py:151} INFO - [2023-08-28T14:05:18.455+0000] {dagbag.py:539} INFO - Filling up the DagBag from /home/airflow/.local/lib/python3.8/site-packages/airflow/example_dags/example_params_trigger_ui.py
[2023-08-28T14:05:18.989+0000] {processor.py:839} INFO - DAG(s) dict_keys(['example_params_trigger_ui']) retrieved from /home/airflow/.local/lib/python3.8/site-packages/airflow/example_dags/example_params_trigger_ui.py
[2023-08-28T14:05:20.063+0000] {logging_mixin.py:151} INFO - [2023-08-28T14:05:20.063+0000] {dag.py:2907} INFO - Sync 1 DAGs
[2023-08-28T14:05:20.722+0000] {logging_mixin.py:151} INFO - [2023-08-28T14:05:20.722+0000] {dag.py:3677} INFO - Setting next_dagrun for example_params_trigger_ui to None, run_after=None
[2023-08-28T14:05:21.104+0000] {processor.py:179} INFO - Processing /home/airflow/.local/lib/python3.8/site-packages/airflow/example_dags/example_params_trigger_ui.py took 2.981 seconds
[2023-08-28T14:06:14.240+0000] {processor.py:157} INFO - Started process (PID=836) to work on /home/airflow/.local/lib/python3.8/site-packages/airflow/example_dags/example_params_trigger_ui.py
[2023-08-28T14:06:14.258+0000] {processor.py:829} INFO - Processing file /home/airflow/.local/lib/python3.8/site-packages/airflow/example_dags/example_params_trigger_ui.py for tasks to queue
[2023-08-28T14:06:14.279+0000] {logging_mixin.py:151} INFO - [2023-08-28T14:06:14.276+0000] {dagbag.py:539} INFO - Filling up the DagBag from /home/airflow/.local/lib/python3.8/site-packages/airflow/example_dags/example_params_trigger_ui.py
[2023-08-28T14:06:14.448+0000] {processor.py:839} INFO - DAG(s) dict_keys(['example_params_trigger_ui']) retrieved from /home/airflow/.local/lib/python3.8/site-packages/airflow/example_dags/example_params_trigger_ui.py
[2023-08-28T14:06:14.855+0000] {logging_mixin.py:151} INFO - [2023-08-28T14:06:14.854+0000] {dag.py:2907} INFO - Sync 1 DAGs
[2023-08-28T14:06:14.899+0000] {logging_mixin.py:151} INFO - [2023-08-28T14:06:14.899+0000] {dag.py:3677} INFO - Setting next_dagrun for example_params_trigger_ui to None, run_after=None
[2023-08-28T14:06:14.976+0000] {processor.py:179} INFO - Processing /home/airflow/.local/lib/python3.8/site-packages/airflow/example_dags/example_params_trigger_ui.py took 0.782 seconds
[2023-08-28T14:07:59.329+0000] {processor.py:157} INFO - Started process (PID=904) to work on /home/airflow/.local/lib/python3.8/site-packages/airflow/example_dags/example_params_trigger_ui.py
[2023-08-28T14:07:59.369+0000] {processor.py:829} INFO - Processing file /home/airflow/.local/lib/python3.8/site-packages/airflow/example_dags/example_params_trigger_ui.py for tasks to queue
[2023-08-28T14:07:59.570+0000] {logging_mixin.py:151} INFO - [2023-08-28T14:07:59.492+0000] {dagbag.py:539} INFO - Filling up the DagBag from /home/airflow/.local/lib/python3.8/site-packages/airflow/example_dags/example_params_trigger_ui.py
[2023-08-28T14:08:00.647+0000] {processor.py:839} INFO - DAG(s) dict_keys(['example_params_trigger_ui']) retrieved from /home/airflow/.local/lib/python3.8/site-packages/airflow/example_dags/example_params_trigger_ui.py
[2023-08-28T14:08:03.429+0000] {logging_mixin.py:151} INFO - [2023-08-28T14:08:03.417+0000] {dag.py:2907} INFO - Sync 1 DAGs
[2023-08-28T14:08:03.700+0000] {logging_mixin.py:151} INFO - [2023-08-28T14:08:03.688+0000] {dag.py:3677} INFO - Setting next_dagrun for example_params_trigger_ui to None, run_after=None
[2023-08-28T14:08:04.263+0000] {processor.py:179} INFO - Processing /home/airflow/.local/lib/python3.8/site-packages/airflow/example_dags/example_params_trigger_ui.py took 5.109 seconds
[2023-08-28T14:14:58.870+0000] {processor.py:157} INFO - Started process (PID=1001) to work on /home/airflow/.local/lib/python3.8/site-packages/airflow/example_dags/example_params_trigger_ui.py
[2023-08-28T14:14:58.920+0000] {processor.py:829} INFO - Processing file /home/airflow/.local/lib/python3.8/site-packages/airflow/example_dags/example_params_trigger_ui.py for tasks to queue
[2023-08-28T14:14:58.967+0000] {logging_mixin.py:151} INFO - [2023-08-28T14:14:58.934+0000] {dagbag.py:539} INFO - Filling up the DagBag from /home/airflow/.local/lib/python3.8/site-packages/airflow/example_dags/example_params_trigger_ui.py
[2023-08-28T14:15:00.031+0000] {processor.py:839} INFO - DAG(s) dict_keys(['example_params_trigger_ui']) retrieved from /home/airflow/.local/lib/python3.8/site-packages/airflow/example_dags/example_params_trigger_ui.py
[2023-08-28T14:15:02.720+0000] {logging_mixin.py:151} INFO - [2023-08-28T14:15:02.720+0000] {dag.py:2907} INFO - Sync 1 DAGs
[2023-08-28T14:15:03.202+0000] {logging_mixin.py:151} INFO - [2023-08-28T14:15:03.201+0000] {dag.py:3677} INFO - Setting next_dagrun for example_params_trigger_ui to None, run_after=None
[2023-08-28T14:15:05.006+0000] {processor.py:179} INFO - Processing /home/airflow/.local/lib/python3.8/site-packages/airflow/example_dags/example_params_trigger_ui.py took 6.412 seconds
