[2023-08-28T13:52:21.894+0000] {processor.py:157} INFO - Started process (PID=153) to work on /home/airflow/.local/lib/python3.8/site-packages/airflow/example_dags/example_latest_only_with_trigger.py
[2023-08-28T13:52:21.910+0000] {processor.py:829} INFO - Processing file /home/airflow/.local/lib/python3.8/site-packages/airflow/example_dags/example_latest_only_with_trigger.py for tasks to queue
[2023-08-28T13:52:21.926+0000] {logging_mixin.py:151} INFO - [2023-08-28T13:52:21.926+0000] {dagbag.py:539} INFO - Filling up the DagBag from /home/airflow/.local/lib/python3.8/site-packages/airflow/example_dags/example_latest_only_with_trigger.py
[2023-08-28T13:52:22.184+0000] {processor.py:839} INFO - DAG(s) dict_keys(['latest_only_with_trigger']) retrieved from /home/airflow/.local/lib/python3.8/site-packages/airflow/example_dags/example_latest_only_with_trigger.py
[2023-08-28T13:52:26.227+0000] {logging_mixin.py:151} INFO - [2023-08-28T13:52:26.226+0000] {manager.py:501} INFO - Created Permission View: can read on DAG:latest_only_with_trigger
[2023-08-28T13:52:26.485+0000] {logging_mixin.py:151} INFO - [2023-08-28T13:52:26.484+0000] {manager.py:501} INFO - Created Permission View: can edit on DAG:latest_only_with_trigger
[2023-08-28T13:52:26.634+0000] {logging_mixin.py:151} INFO - [2023-08-28T13:52:26.633+0000] {manager.py:501} INFO - Created Permission View: can delete on DAG:latest_only_with_trigger
[2023-08-28T13:52:26.834+0000] {logging_mixin.py:151} INFO - [2023-08-28T13:52:26.833+0000] {dag.py:2907} INFO - Sync 1 DAGs
[2023-08-28T13:52:28.177+0000] {logging_mixin.py:151} INFO - [2023-08-28T13:52:28.171+0000] {dag.py:2929} INFO - Creating ORM DAG for latest_only_with_trigger
[2023-08-28T13:52:28.347+0000] {logging_mixin.py:151} INFO - [2023-08-28T13:52:28.346+0000] {dag.py:3677} INFO - Setting next_dagrun for latest_only_with_trigger to 2023-08-28T09:52:28.345660+00:00, run_after=2023-08-28T13:52:28.345660+00:00
[2023-08-28T13:52:35.151+0000] {processor.py:179} INFO - Processing /home/airflow/.local/lib/python3.8/site-packages/airflow/example_dags/example_latest_only_with_trigger.py took 13.311 seconds
[2023-08-28T13:55:57.772+0000] {processor.py:157} INFO - Started process (PID=249) to work on /home/airflow/.local/lib/python3.8/site-packages/airflow/example_dags/example_latest_only_with_trigger.py
[2023-08-28T13:55:57.780+0000] {processor.py:829} INFO - Processing file /home/airflow/.local/lib/python3.8/site-packages/airflow/example_dags/example_latest_only_with_trigger.py for tasks to queue
[2023-08-28T13:55:57.808+0000] {logging_mixin.py:151} INFO - [2023-08-28T13:55:57.807+0000] {dagbag.py:539} INFO - Filling up the DagBag from /home/airflow/.local/lib/python3.8/site-packages/airflow/example_dags/example_latest_only_with_trigger.py
[2023-08-28T13:55:57.854+0000] {processor.py:839} INFO - DAG(s) dict_keys(['latest_only_with_trigger']) retrieved from /home/airflow/.local/lib/python3.8/site-packages/airflow/example_dags/example_latest_only_with_trigger.py
[2023-08-28T13:55:58.012+0000] {logging_mixin.py:151} INFO - [2023-08-28T13:55:58.003+0000] {dag.py:2907} INFO - Sync 1 DAGs
[2023-08-28T13:55:58.516+0000] {logging_mixin.py:151} INFO - [2023-08-28T13:55:58.504+0000] {dag.py:3677} INFO - Setting next_dagrun for latest_only_with_trigger to 2023-08-28T09:55:58.496347+00:00, run_after=2023-08-28T13:55:58.496347+00:00
[2023-08-28T13:55:59.074+0000] {processor.py:179} INFO - Processing /home/airflow/.local/lib/python3.8/site-packages/airflow/example_dags/example_latest_only_with_trigger.py took 1.369 seconds
[2023-08-28T13:56:56.341+0000] {processor.py:157} INFO - Started process (PID=310) to work on /home/airflow/.local/lib/python3.8/site-packages/airflow/example_dags/example_latest_only_with_trigger.py
[2023-08-28T13:56:56.359+0000] {processor.py:829} INFO - Processing file /home/airflow/.local/lib/python3.8/site-packages/airflow/example_dags/example_latest_only_with_trigger.py for tasks to queue
[2023-08-28T13:56:56.424+0000] {logging_mixin.py:151} INFO - [2023-08-28T13:56:56.418+0000] {dagbag.py:539} INFO - Filling up the DagBag from /home/airflow/.local/lib/python3.8/site-packages/airflow/example_dags/example_latest_only_with_trigger.py
[2023-08-28T13:56:56.567+0000] {processor.py:839} INFO - DAG(s) dict_keys(['latest_only_with_trigger']) retrieved from /home/airflow/.local/lib/python3.8/site-packages/airflow/example_dags/example_latest_only_with_trigger.py
[2023-08-28T13:56:56.748+0000] {logging_mixin.py:151} INFO - [2023-08-28T13:56:56.748+0000] {dag.py:2907} INFO - Sync 1 DAGs
[2023-08-28T13:56:57.015+0000] {logging_mixin.py:151} INFO - [2023-08-28T13:56:57.014+0000] {dag.py:3677} INFO - Setting next_dagrun for latest_only_with_trigger to 2023-08-28T09:56:57.013672+00:00, run_after=2023-08-28T13:56:57.013672+00:00
[2023-08-28T13:56:57.231+0000] {processor.py:179} INFO - Processing /home/airflow/.local/lib/python3.8/site-packages/airflow/example_dags/example_latest_only_with_trigger.py took 0.914 seconds
[2023-08-28T13:57:43.678+0000] {processor.py:157} INFO - Started process (PID=360) to work on /home/airflow/.local/lib/python3.8/site-packages/airflow/example_dags/example_latest_only_with_trigger.py
[2023-08-28T13:57:43.723+0000] {processor.py:829} INFO - Processing file /home/airflow/.local/lib/python3.8/site-packages/airflow/example_dags/example_latest_only_with_trigger.py for tasks to queue
[2023-08-28T13:57:43.784+0000] {logging_mixin.py:151} INFO - [2023-08-28T13:57:43.780+0000] {dagbag.py:539} INFO - Filling up the DagBag from /home/airflow/.local/lib/python3.8/site-packages/airflow/example_dags/example_latest_only_with_trigger.py
[2023-08-28T13:57:44.044+0000] {processor.py:839} INFO - DAG(s) dict_keys(['latest_only_with_trigger']) retrieved from /home/airflow/.local/lib/python3.8/site-packages/airflow/example_dags/example_latest_only_with_trigger.py
[2023-08-28T13:57:44.404+0000] {logging_mixin.py:151} INFO - [2023-08-28T13:57:44.397+0000] {dag.py:2907} INFO - Sync 1 DAGs
[2023-08-28T13:57:44.779+0000] {logging_mixin.py:151} INFO - [2023-08-28T13:57:44.779+0000] {dag.py:3677} INFO - Setting next_dagrun for latest_only_with_trigger to 2023-08-28T09:57:44.778745+00:00, run_after=2023-08-28T13:57:44.778745+00:00
[2023-08-28T13:57:45.036+0000] {processor.py:179} INFO - Processing /home/airflow/.local/lib/python3.8/site-packages/airflow/example_dags/example_latest_only_with_trigger.py took 1.436 seconds
[2023-08-28T13:58:34.334+0000] {processor.py:157} INFO - Started process (PID=425) to work on /home/airflow/.local/lib/python3.8/site-packages/airflow/example_dags/example_latest_only_with_trigger.py
[2023-08-28T13:58:34.346+0000] {processor.py:829} INFO - Processing file /home/airflow/.local/lib/python3.8/site-packages/airflow/example_dags/example_latest_only_with_trigger.py for tasks to queue
[2023-08-28T13:58:34.373+0000] {logging_mixin.py:151} INFO - [2023-08-28T13:58:34.370+0000] {dagbag.py:539} INFO - Filling up the DagBag from /home/airflow/.local/lib/python3.8/site-packages/airflow/example_dags/example_latest_only_with_trigger.py
[2023-08-28T13:58:34.442+0000] {processor.py:839} INFO - DAG(s) dict_keys(['latest_only_with_trigger']) retrieved from /home/airflow/.local/lib/python3.8/site-packages/airflow/example_dags/example_latest_only_with_trigger.py
[2023-08-28T13:58:34.588+0000] {logging_mixin.py:151} INFO - [2023-08-28T13:58:34.588+0000] {dag.py:2907} INFO - Sync 1 DAGs
[2023-08-28T13:58:34.718+0000] {logging_mixin.py:151} INFO - [2023-08-28T13:58:34.718+0000] {dag.py:3677} INFO - Setting next_dagrun for latest_only_with_trigger to 2023-08-28T09:58:34.717806+00:00, run_after=2023-08-28T13:58:34.717806+00:00
[2023-08-28T13:58:34.794+0000] {processor.py:179} INFO - Processing /home/airflow/.local/lib/python3.8/site-packages/airflow/example_dags/example_latest_only_with_trigger.py took 0.498 seconds
[2023-08-28T13:59:14.594+0000] {processor.py:157} INFO - Started process (PID=480) to work on /home/airflow/.local/lib/python3.8/site-packages/airflow/example_dags/example_latest_only_with_trigger.py
[2023-08-28T13:59:14.683+0000] {processor.py:829} INFO - Processing file /home/airflow/.local/lib/python3.8/site-packages/airflow/example_dags/example_latest_only_with_trigger.py for tasks to queue
[2023-08-28T13:59:15.212+0000] {logging_mixin.py:151} INFO - [2023-08-28T13:59:15.061+0000] {dagbag.py:539} INFO - Filling up the DagBag from /home/airflow/.local/lib/python3.8/site-packages/airflow/example_dags/example_latest_only_with_trigger.py
[2023-08-28T13:59:16.688+0000] {processor.py:839} INFO - DAG(s) dict_keys(['latest_only_with_trigger']) retrieved from /home/airflow/.local/lib/python3.8/site-packages/airflow/example_dags/example_latest_only_with_trigger.py
[2023-08-28T13:59:18.695+0000] {logging_mixin.py:151} INFO - [2023-08-28T13:59:18.694+0000] {dag.py:2907} INFO - Sync 1 DAGs
[2023-08-28T13:59:18.997+0000] {logging_mixin.py:151} INFO - [2023-08-28T13:59:18.997+0000] {dag.py:3677} INFO - Setting next_dagrun for latest_only_with_trigger to 2023-08-28T09:59:18.980356+00:00, run_after=2023-08-28T13:59:18.980356+00:00
[2023-08-28T13:59:20.430+0000] {processor.py:179} INFO - Processing /home/airflow/.local/lib/python3.8/site-packages/airflow/example_dags/example_latest_only_with_trigger.py took 6.333 seconds
[2023-08-28T14:01:13.835+0000] {processor.py:157} INFO - Started process (PID=543) to work on /home/airflow/.local/lib/python3.8/site-packages/airflow/example_dags/example_latest_only_with_trigger.py
[2023-08-28T14:01:13.856+0000] {processor.py:829} INFO - Processing file /home/airflow/.local/lib/python3.8/site-packages/airflow/example_dags/example_latest_only_with_trigger.py for tasks to queue
[2023-08-28T14:01:13.883+0000] {logging_mixin.py:151} INFO - [2023-08-28T14:01:13.869+0000] {dagbag.py:539} INFO - Filling up the DagBag from /home/airflow/.local/lib/python3.8/site-packages/airflow/example_dags/example_latest_only_with_trigger.py
[2023-08-28T14:01:13.924+0000] {processor.py:839} INFO - DAG(s) dict_keys(['latest_only_with_trigger']) retrieved from /home/airflow/.local/lib/python3.8/site-packages/airflow/example_dags/example_latest_only_with_trigger.py
[2023-08-28T14:01:14.037+0000] {logging_mixin.py:151} INFO - [2023-08-28T14:01:14.036+0000] {dag.py:2907} INFO - Sync 1 DAGs
[2023-08-28T14:01:14.174+0000] {logging_mixin.py:151} INFO - [2023-08-28T14:01:14.174+0000] {dag.py:3677} INFO - Setting next_dagrun for latest_only_with_trigger to 2023-08-28T10:01:14.173973+00:00, run_after=2023-08-28T14:01:14.173973+00:00
[2023-08-28T14:01:14.288+0000] {processor.py:179} INFO - Processing /home/airflow/.local/lib/python3.8/site-packages/airflow/example_dags/example_latest_only_with_trigger.py took 0.488 seconds
[2023-08-28T14:01:44.739+0000] {processor.py:157} INFO - Started process (PID=597) to work on /home/airflow/.local/lib/python3.8/site-packages/airflow/example_dags/example_latest_only_with_trigger.py
[2023-08-28T14:01:44.754+0000] {processor.py:829} INFO - Processing file /home/airflow/.local/lib/python3.8/site-packages/airflow/example_dags/example_latest_only_with_trigger.py for tasks to queue
[2023-08-28T14:01:44.784+0000] {logging_mixin.py:151} INFO - [2023-08-28T14:01:44.783+0000] {dagbag.py:539} INFO - Filling up the DagBag from /home/airflow/.local/lib/python3.8/site-packages/airflow/example_dags/example_latest_only_with_trigger.py
[2023-08-28T14:01:44.821+0000] {processor.py:839} INFO - DAG(s) dict_keys(['latest_only_with_trigger']) retrieved from /home/airflow/.local/lib/python3.8/site-packages/airflow/example_dags/example_latest_only_with_trigger.py
[2023-08-28T14:01:44.979+0000] {logging_mixin.py:151} INFO - [2023-08-28T14:01:44.978+0000] {dag.py:2907} INFO - Sync 1 DAGs
[2023-08-28T14:01:45.127+0000] {logging_mixin.py:151} INFO - [2023-08-28T14:01:45.127+0000] {dag.py:3677} INFO - Setting next_dagrun for latest_only_with_trigger to 2023-08-28T10:01:45.126351+00:00, run_after=2023-08-28T14:01:45.126351+00:00
[2023-08-28T14:01:45.232+0000] {processor.py:179} INFO - Processing /home/airflow/.local/lib/python3.8/site-packages/airflow/example_dags/example_latest_only_with_trigger.py took 0.521 seconds
[2023-08-28T14:02:36.347+0000] {processor.py:157} INFO - Started process (PID=660) to work on /home/airflow/.local/lib/python3.8/site-packages/airflow/example_dags/example_latest_only_with_trigger.py
[2023-08-28T14:02:36.396+0000] {processor.py:829} INFO - Processing file /home/airflow/.local/lib/python3.8/site-packages/airflow/example_dags/example_latest_only_with_trigger.py for tasks to queue
[2023-08-28T14:02:37.017+0000] {logging_mixin.py:151} INFO - [2023-08-28T14:02:36.624+0000] {dagbag.py:539} INFO - Filling up the DagBag from /home/airflow/.local/lib/python3.8/site-packages/airflow/example_dags/example_latest_only_with_trigger.py
[2023-08-28T14:02:38.455+0000] {processor.py:839} INFO - DAG(s) dict_keys(['latest_only_with_trigger']) retrieved from /home/airflow/.local/lib/python3.8/site-packages/airflow/example_dags/example_latest_only_with_trigger.py
[2023-08-28T14:02:45.995+0000] {logging_mixin.py:151} INFO - [2023-08-28T14:02:45.749+0000] {dag.py:2907} INFO - Sync 1 DAGs
[2023-08-28T14:02:47.254+0000] {logging_mixin.py:151} INFO - [2023-08-28T14:02:47.236+0000] {dag.py:3677} INFO - Setting next_dagrun for latest_only_with_trigger to 2023-08-28T10:02:47.152938+00:00, run_after=2023-08-28T14:02:47.152938+00:00
[2023-08-28T14:02:48.377+0000] {processor.py:179} INFO - Processing /home/airflow/.local/lib/python3.8/site-packages/airflow/example_dags/example_latest_only_with_trigger.py took 12.214 seconds
[2023-08-28T14:04:11.844+0000] {processor.py:157} INFO - Started process (PID=734) to work on /home/airflow/.local/lib/python3.8/site-packages/airflow/example_dags/example_latest_only_with_trigger.py
[2023-08-28T14:04:12.000+0000] {processor.py:829} INFO - Processing file /home/airflow/.local/lib/python3.8/site-packages/airflow/example_dags/example_latest_only_with_trigger.py for tasks to queue
[2023-08-28T14:04:12.141+0000] {logging_mixin.py:151} INFO - [2023-08-28T14:04:12.124+0000] {dagbag.py:539} INFO - Filling up the DagBag from /home/airflow/.local/lib/python3.8/site-packages/airflow/example_dags/example_latest_only_with_trigger.py
[2023-08-28T14:04:12.415+0000] {processor.py:839} INFO - DAG(s) dict_keys(['latest_only_with_trigger']) retrieved from /home/airflow/.local/lib/python3.8/site-packages/airflow/example_dags/example_latest_only_with_trigger.py
[2023-08-28T14:04:12.553+0000] {logging_mixin.py:151} INFO - [2023-08-28T14:04:12.552+0000] {dag.py:2907} INFO - Sync 1 DAGs
[2023-08-28T14:04:12.693+0000] {logging_mixin.py:151} INFO - [2023-08-28T14:04:12.693+0000] {dag.py:3677} INFO - Setting next_dagrun for latest_only_with_trigger to 2023-08-28T10:04:12.692584+00:00, run_after=2023-08-28T14:04:12.692584+00:00
[2023-08-28T14:04:12.762+0000] {processor.py:179} INFO - Processing /home/airflow/.local/lib/python3.8/site-packages/airflow/example_dags/example_latest_only_with_trigger.py took 1.224 seconds
[2023-08-28T14:05:54.388+0000] {processor.py:157} INFO - Started process (PID=812) to work on /home/airflow/.local/lib/python3.8/site-packages/airflow/example_dags/example_latest_only_with_trigger.py
[2023-08-28T14:05:54.395+0000] {processor.py:829} INFO - Processing file /home/airflow/.local/lib/python3.8/site-packages/airflow/example_dags/example_latest_only_with_trigger.py for tasks to queue
[2023-08-28T14:05:54.459+0000] {logging_mixin.py:151} INFO - [2023-08-28T14:05:54.458+0000] {dagbag.py:539} INFO - Filling up the DagBag from /home/airflow/.local/lib/python3.8/site-packages/airflow/example_dags/example_latest_only_with_trigger.py
[2023-08-28T14:05:54.577+0000] {processor.py:839} INFO - DAG(s) dict_keys(['latest_only_with_trigger']) retrieved from /home/airflow/.local/lib/python3.8/site-packages/airflow/example_dags/example_latest_only_with_trigger.py
[2023-08-28T14:05:55.411+0000] {logging_mixin.py:151} INFO - [2023-08-28T14:05:55.326+0000] {dag.py:2907} INFO - Sync 1 DAGs
[2023-08-28T14:05:55.738+0000] {logging_mixin.py:151} INFO - [2023-08-28T14:05:55.738+0000] {dag.py:3677} INFO - Setting next_dagrun for latest_only_with_trigger to 2023-08-28T10:05:55.737517+00:00, run_after=2023-08-28T14:05:55.737517+00:00
[2023-08-28T14:05:56.055+0000] {processor.py:179} INFO - Processing /home/airflow/.local/lib/python3.8/site-packages/airflow/example_dags/example_latest_only_with_trigger.py took 1.707 seconds
[2023-08-28T14:06:28.094+0000] {processor.py:157} INFO - Started process (PID=867) to work on /home/airflow/.local/lib/python3.8/site-packages/airflow/example_dags/example_latest_only_with_trigger.py
[2023-08-28T14:06:28.105+0000] {processor.py:829} INFO - Processing file /home/airflow/.local/lib/python3.8/site-packages/airflow/example_dags/example_latest_only_with_trigger.py for tasks to queue
[2023-08-28T14:06:28.122+0000] {logging_mixin.py:151} INFO - [2023-08-28T14:06:28.121+0000] {dagbag.py:539} INFO - Filling up the DagBag from /home/airflow/.local/lib/python3.8/site-packages/airflow/example_dags/example_latest_only_with_trigger.py
[2023-08-28T14:06:28.165+0000] {processor.py:839} INFO - DAG(s) dict_keys(['latest_only_with_trigger']) retrieved from /home/airflow/.local/lib/python3.8/site-packages/airflow/example_dags/example_latest_only_with_trigger.py
[2023-08-28T14:06:28.691+0000] {logging_mixin.py:151} INFO - [2023-08-28T14:06:28.691+0000] {dag.py:2907} INFO - Sync 1 DAGs
[2023-08-28T14:06:29.000+0000] {logging_mixin.py:151} INFO - [2023-08-28T14:06:29.000+0000] {dag.py:3677} INFO - Setting next_dagrun for latest_only_with_trigger to 2023-08-28T10:06:28.999154+00:00, run_after=2023-08-28T14:06:28.999154+00:00
[2023-08-28T14:06:29.287+0000] {processor.py:179} INFO - Processing /home/airflow/.local/lib/python3.8/site-packages/airflow/example_dags/example_latest_only_with_trigger.py took 1.279 seconds
[2023-08-28T14:11:15.082+0000] {processor.py:157} INFO - Started process (PID=951) to work on /home/airflow/.local/lib/python3.8/site-packages/airflow/example_dags/example_latest_only_with_trigger.py
[2023-08-28T14:11:15.129+0000] {processor.py:829} INFO - Processing file /home/airflow/.local/lib/python3.8/site-packages/airflow/example_dags/example_latest_only_with_trigger.py for tasks to queue
[2023-08-28T14:11:15.506+0000] {logging_mixin.py:151} INFO - [2023-08-28T14:11:15.410+0000] {dagbag.py:539} INFO - Filling up the DagBag from /home/airflow/.local/lib/python3.8/site-packages/airflow/example_dags/example_latest_only_with_trigger.py
[2023-08-28T14:11:16.514+0000] {processor.py:839} INFO - DAG(s) dict_keys(['latest_only_with_trigger']) retrieved from /home/airflow/.local/lib/python3.8/site-packages/airflow/example_dags/example_latest_only_with_trigger.py
[2023-08-28T14:11:20.396+0000] {logging_mixin.py:151} INFO - [2023-08-28T14:11:20.372+0000] {dag.py:2907} INFO - Sync 1 DAGs
[2023-08-28T14:11:32.021+0000] {logging_mixin.py:151} INFO - [2023-08-28T14:11:31.980+0000] {dag.py:3677} INFO - Setting next_dagrun for latest_only_with_trigger to 2023-08-28T10:11:31.766040+00:00, run_after=2023-08-28T14:11:31.766040+00:00
[2023-08-28T14:11:35.393+0000] {processor.py:179} INFO - Processing /home/airflow/.local/lib/python3.8/site-packages/airflow/example_dags/example_latest_only_with_trigger.py took 20.622 seconds
