[2023-08-28T13:51:01.390+0000] {processor.py:157} INFO - Started process (PID=131) to work on /home/airflow/.local/lib/python3.8/site-packages/airflow/example_dags/example_task_group_decorator.py
[2023-08-28T13:51:01.437+0000] {processor.py:829} INFO - Processing file /home/airflow/.local/lib/python3.8/site-packages/airflow/example_dags/example_task_group_decorator.py for tasks to queue
[2023-08-28T13:51:01.540+0000] {logging_mixin.py:151} INFO - [2023-08-28T13:51:01.539+0000] {dagbag.py:539} INFO - Filling up the DagBag from /home/airflow/.local/lib/python3.8/site-packages/airflow/example_dags/example_task_group_decorator.py
[2023-08-28T13:51:02.074+0000] {processor.py:839} INFO - DAG(s) dict_keys(['example_task_group_decorator']) retrieved from /home/airflow/.local/lib/python3.8/site-packages/airflow/example_dags/example_task_group_decorator.py
[2023-08-28T13:51:19.450+0000] {logging_mixin.py:151} INFO - [2023-08-28T13:51:19.440+0000] {manager.py:501} INFO - Created Permission View: can read on DAG:example_task_group_decorator
[2023-08-28T13:51:19.689+0000] {logging_mixin.py:151} INFO - [2023-08-28T13:51:19.688+0000] {manager.py:501} INFO - Created Permission View: can edit on DAG:example_task_group_decorator
[2023-08-28T13:51:19.809+0000] {logging_mixin.py:151} INFO - [2023-08-28T13:51:19.801+0000] {manager.py:501} INFO - Created Permission View: can delete on DAG:example_task_group_decorator
[2023-08-28T13:51:20.230+0000] {logging_mixin.py:151} INFO - [2023-08-28T13:51:20.229+0000] {dag.py:2907} INFO - Sync 1 DAGs
[2023-08-28T13:51:20.443+0000] {logging_mixin.py:151} INFO - [2023-08-28T13:51:20.443+0000] {dag.py:2929} INFO - Creating ORM DAG for example_task_group_decorator
[2023-08-28T13:51:20.694+0000] {logging_mixin.py:151} INFO - [2023-08-28T13:51:20.694+0000] {dag.py:3677} INFO - Setting next_dagrun for example_task_group_decorator to 2023-08-27T13:51:20.692600+00:00, run_after=2023-08-28T13:51:20.692600+00:00
[2023-08-28T13:51:21.124+0000] {processor.py:179} INFO - Processing /home/airflow/.local/lib/python3.8/site-packages/airflow/example_dags/example_task_group_decorator.py took 19.855 seconds
[2023-08-28T13:55:43.320+0000] {processor.py:157} INFO - Started process (PID=233) to work on /home/airflow/.local/lib/python3.8/site-packages/airflow/example_dags/example_task_group_decorator.py
[2023-08-28T13:55:43.355+0000] {processor.py:829} INFO - Processing file /home/airflow/.local/lib/python3.8/site-packages/airflow/example_dags/example_task_group_decorator.py for tasks to queue
[2023-08-28T13:55:43.441+0000] {logging_mixin.py:151} INFO - [2023-08-28T13:55:43.409+0000] {dagbag.py:539} INFO - Filling up the DagBag from /home/airflow/.local/lib/python3.8/site-packages/airflow/example_dags/example_task_group_decorator.py
[2023-08-28T13:55:45.041+0000] {processor.py:839} INFO - DAG(s) dict_keys(['example_task_group_decorator']) retrieved from /home/airflow/.local/lib/python3.8/site-packages/airflow/example_dags/example_task_group_decorator.py
[2023-08-28T13:55:45.421+0000] {logging_mixin.py:151} INFO - [2023-08-28T13:55:45.421+0000] {dag.py:2907} INFO - Sync 1 DAGs
[2023-08-28T13:55:46.056+0000] {logging_mixin.py:151} INFO - [2023-08-28T13:55:46.055+0000] {dag.py:3677} INFO - Setting next_dagrun for example_task_group_decorator to 2023-08-27T13:55:46.054938+00:00, run_after=2023-08-28T13:55:46.054938+00:00
[2023-08-28T13:55:47.036+0000] {processor.py:179} INFO - Processing /home/airflow/.local/lib/python3.8/site-packages/airflow/example_dags/example_task_group_decorator.py took 3.934 seconds
[2023-08-28T13:56:46.615+0000] {processor.py:157} INFO - Started process (PID=295) to work on /home/airflow/.local/lib/python3.8/site-packages/airflow/example_dags/example_task_group_decorator.py
[2023-08-28T13:56:46.629+0000] {processor.py:829} INFO - Processing file /home/airflow/.local/lib/python3.8/site-packages/airflow/example_dags/example_task_group_decorator.py for tasks to queue
[2023-08-28T13:56:46.662+0000] {logging_mixin.py:151} INFO - [2023-08-28T13:56:46.661+0000] {dagbag.py:539} INFO - Filling up the DagBag from /home/airflow/.local/lib/python3.8/site-packages/airflow/example_dags/example_task_group_decorator.py
[2023-08-28T13:56:47.088+0000] {processor.py:839} INFO - DAG(s) dict_keys(['example_task_group_decorator']) retrieved from /home/airflow/.local/lib/python3.8/site-packages/airflow/example_dags/example_task_group_decorator.py
[2023-08-28T13:56:47.679+0000] {logging_mixin.py:151} INFO - [2023-08-28T13:56:47.678+0000] {dag.py:2907} INFO - Sync 1 DAGs
[2023-08-28T13:56:48.157+0000] {logging_mixin.py:151} INFO - [2023-08-28T13:56:48.157+0000] {dag.py:3677} INFO - Setting next_dagrun for example_task_group_decorator to 2023-08-27T13:56:48.154420+00:00, run_after=2023-08-28T13:56:48.154420+00:00
[2023-08-28T13:56:48.665+0000] {processor.py:179} INFO - Processing /home/airflow/.local/lib/python3.8/site-packages/airflow/example_dags/example_task_group_decorator.py took 2.140 seconds
[2023-08-28T13:57:31.266+0000] {processor.py:157} INFO - Started process (PID=351) to work on /home/airflow/.local/lib/python3.8/site-packages/airflow/example_dags/example_task_group_decorator.py
[2023-08-28T13:57:31.283+0000] {processor.py:829} INFO - Processing file /home/airflow/.local/lib/python3.8/site-packages/airflow/example_dags/example_task_group_decorator.py for tasks to queue
[2023-08-28T13:57:31.315+0000] {logging_mixin.py:151} INFO - [2023-08-28T13:57:31.314+0000] {dagbag.py:539} INFO - Filling up the DagBag from /home/airflow/.local/lib/python3.8/site-packages/airflow/example_dags/example_task_group_decorator.py
[2023-08-28T13:57:31.721+0000] {processor.py:839} INFO - DAG(s) dict_keys(['example_task_group_decorator']) retrieved from /home/airflow/.local/lib/python3.8/site-packages/airflow/example_dags/example_task_group_decorator.py
[2023-08-28T13:57:32.162+0000] {logging_mixin.py:151} INFO - [2023-08-28T13:57:32.121+0000] {dag.py:2907} INFO - Sync 1 DAGs
[2023-08-28T13:57:32.527+0000] {logging_mixin.py:151} INFO - [2023-08-28T13:57:32.527+0000] {dag.py:3677} INFO - Setting next_dagrun for example_task_group_decorator to 2023-08-27T13:57:32.526885+00:00, run_after=2023-08-28T13:57:32.526885+00:00
[2023-08-28T13:57:32.813+0000] {processor.py:179} INFO - Processing /home/airflow/.local/lib/python3.8/site-packages/airflow/example_dags/example_task_group_decorator.py took 1.585 seconds
[2023-08-28T13:58:10.814+0000] {processor.py:157} INFO - Started process (PID=395) to work on /home/airflow/.local/lib/python3.8/site-packages/airflow/example_dags/example_task_group_decorator.py
[2023-08-28T13:58:10.827+0000] {processor.py:829} INFO - Processing file /home/airflow/.local/lib/python3.8/site-packages/airflow/example_dags/example_task_group_decorator.py for tasks to queue
[2023-08-28T13:58:10.859+0000] {logging_mixin.py:151} INFO - [2023-08-28T13:58:10.856+0000] {dagbag.py:539} INFO - Filling up the DagBag from /home/airflow/.local/lib/python3.8/site-packages/airflow/example_dags/example_task_group_decorator.py
[2023-08-28T13:58:11.183+0000] {processor.py:839} INFO - DAG(s) dict_keys(['example_task_group_decorator']) retrieved from /home/airflow/.local/lib/python3.8/site-packages/airflow/example_dags/example_task_group_decorator.py
[2023-08-28T13:58:11.698+0000] {logging_mixin.py:151} INFO - [2023-08-28T13:58:11.697+0000] {dag.py:2907} INFO - Sync 1 DAGs
[2023-08-28T13:58:12.164+0000] {logging_mixin.py:151} INFO - [2023-08-28T13:58:12.163+0000] {dag.py:3677} INFO - Setting next_dagrun for example_task_group_decorator to 2023-08-27T13:58:12.151045+00:00, run_after=2023-08-28T13:58:12.151045+00:00
[2023-08-28T13:58:12.448+0000] {processor.py:179} INFO - Processing /home/airflow/.local/lib/python3.8/site-packages/airflow/example_dags/example_task_group_decorator.py took 1.692 seconds
[2023-08-28T13:58:48.532+0000] {processor.py:157} INFO - Started process (PID=448) to work on /home/airflow/.local/lib/python3.8/site-packages/airflow/example_dags/example_task_group_decorator.py
[2023-08-28T13:58:48.548+0000] {processor.py:829} INFO - Processing file /home/airflow/.local/lib/python3.8/site-packages/airflow/example_dags/example_task_group_decorator.py for tasks to queue
[2023-08-28T13:58:48.600+0000] {logging_mixin.py:151} INFO - [2023-08-28T13:58:48.598+0000] {dagbag.py:539} INFO - Filling up the DagBag from /home/airflow/.local/lib/python3.8/site-packages/airflow/example_dags/example_task_group_decorator.py
[2023-08-28T13:58:48.763+0000] {processor.py:839} INFO - DAG(s) dict_keys(['example_task_group_decorator']) retrieved from /home/airflow/.local/lib/python3.8/site-packages/airflow/example_dags/example_task_group_decorator.py
[2023-08-28T13:58:49.058+0000] {logging_mixin.py:151} INFO - [2023-08-28T13:58:49.057+0000] {dag.py:2907} INFO - Sync 1 DAGs
[2023-08-28T13:58:49.292+0000] {logging_mixin.py:151} INFO - [2023-08-28T13:58:49.292+0000] {dag.py:3677} INFO - Setting next_dagrun for example_task_group_decorator to 2023-08-27T13:58:49.291721+00:00, run_after=2023-08-28T13:58:49.291721+00:00
[2023-08-28T13:58:49.443+0000] {processor.py:179} INFO - Processing /home/airflow/.local/lib/python3.8/site-packages/airflow/example_dags/example_task_group_decorator.py took 0.943 seconds
[2023-08-28T14:01:05.182+0000] {processor.py:157} INFO - Started process (PID=534) to work on /home/airflow/.local/lib/python3.8/site-packages/airflow/example_dags/example_task_group_decorator.py
[2023-08-28T14:01:05.192+0000] {processor.py:829} INFO - Processing file /home/airflow/.local/lib/python3.8/site-packages/airflow/example_dags/example_task_group_decorator.py for tasks to queue
[2023-08-28T14:01:05.226+0000] {logging_mixin.py:151} INFO - [2023-08-28T14:01:05.223+0000] {dagbag.py:539} INFO - Filling up the DagBag from /home/airflow/.local/lib/python3.8/site-packages/airflow/example_dags/example_task_group_decorator.py
[2023-08-28T14:01:05.472+0000] {processor.py:839} INFO - DAG(s) dict_keys(['example_task_group_decorator']) retrieved from /home/airflow/.local/lib/python3.8/site-packages/airflow/example_dags/example_task_group_decorator.py
[2023-08-28T14:01:06.056+0000] {logging_mixin.py:151} INFO - [2023-08-28T14:01:06.056+0000] {dag.py:2907} INFO - Sync 1 DAGs
[2023-08-28T14:01:06.294+0000] {logging_mixin.py:151} INFO - [2023-08-28T14:01:06.294+0000] {dag.py:3677} INFO - Setting next_dagrun for example_task_group_decorator to 2023-08-27T14:01:06.293721+00:00, run_after=2023-08-28T14:01:06.293721+00:00
[2023-08-28T14:01:06.379+0000] {processor.py:179} INFO - Processing /home/airflow/.local/lib/python3.8/site-packages/airflow/example_dags/example_task_group_decorator.py took 1.238 seconds
[2023-08-28T14:01:37.925+0000] {processor.py:157} INFO - Started process (PID=589) to work on /home/airflow/.local/lib/python3.8/site-packages/airflow/example_dags/example_task_group_decorator.py
[2023-08-28T14:01:37.933+0000] {processor.py:829} INFO - Processing file /home/airflow/.local/lib/python3.8/site-packages/airflow/example_dags/example_task_group_decorator.py for tasks to queue
[2023-08-28T14:01:37.972+0000] {logging_mixin.py:151} INFO - [2023-08-28T14:01:37.962+0000] {dagbag.py:539} INFO - Filling up the DagBag from /home/airflow/.local/lib/python3.8/site-packages/airflow/example_dags/example_task_group_decorator.py
[2023-08-28T14:01:38.128+0000] {processor.py:839} INFO - DAG(s) dict_keys(['example_task_group_decorator']) retrieved from /home/airflow/.local/lib/python3.8/site-packages/airflow/example_dags/example_task_group_decorator.py
[2023-08-28T14:01:38.397+0000] {logging_mixin.py:151} INFO - [2023-08-28T14:01:38.394+0000] {dag.py:2907} INFO - Sync 1 DAGs
[2023-08-28T14:01:38.607+0000] {logging_mixin.py:151} INFO - [2023-08-28T14:01:38.607+0000] {dag.py:3677} INFO - Setting next_dagrun for example_task_group_decorator to 2023-08-27T14:01:38.602188+00:00, run_after=2023-08-28T14:01:38.602188+00:00
[2023-08-28T14:01:38.769+0000] {processor.py:179} INFO - Processing /home/airflow/.local/lib/python3.8/site-packages/airflow/example_dags/example_task_group_decorator.py took 0.898 seconds
[2023-08-28T14:02:15.515+0000] {processor.py:157} INFO - Started process (PID=644) to work on /home/airflow/.local/lib/python3.8/site-packages/airflow/example_dags/example_task_group_decorator.py
[2023-08-28T14:02:15.525+0000] {processor.py:829} INFO - Processing file /home/airflow/.local/lib/python3.8/site-packages/airflow/example_dags/example_task_group_decorator.py for tasks to queue
[2023-08-28T14:02:15.555+0000] {logging_mixin.py:151} INFO - [2023-08-28T14:02:15.551+0000] {dagbag.py:539} INFO - Filling up the DagBag from /home/airflow/.local/lib/python3.8/site-packages/airflow/example_dags/example_task_group_decorator.py
[2023-08-28T14:02:15.782+0000] {processor.py:839} INFO - DAG(s) dict_keys(['example_task_group_decorator']) retrieved from /home/airflow/.local/lib/python3.8/site-packages/airflow/example_dags/example_task_group_decorator.py
[2023-08-28T14:02:16.052+0000] {logging_mixin.py:151} INFO - [2023-08-28T14:02:16.050+0000] {dag.py:2907} INFO - Sync 1 DAGs
[2023-08-28T14:02:16.250+0000] {logging_mixin.py:151} INFO - [2023-08-28T14:02:16.250+0000] {dag.py:3677} INFO - Setting next_dagrun for example_task_group_decorator to 2023-08-27T14:02:16.249385+00:00, run_after=2023-08-28T14:02:16.249385+00:00
[2023-08-28T14:02:16.385+0000] {processor.py:179} INFO - Processing /home/airflow/.local/lib/python3.8/site-packages/airflow/example_dags/example_task_group_decorator.py took 0.980 seconds
[2023-08-28T14:03:37.952+0000] {processor.py:157} INFO - Started process (PID=694) to work on /home/airflow/.local/lib/python3.8/site-packages/airflow/example_dags/example_task_group_decorator.py
[2023-08-28T14:03:37.975+0000] {processor.py:829} INFO - Processing file /home/airflow/.local/lib/python3.8/site-packages/airflow/example_dags/example_task_group_decorator.py for tasks to queue
[2023-08-28T14:03:38.019+0000] {logging_mixin.py:151} INFO - [2023-08-28T14:03:38.017+0000] {dagbag.py:539} INFO - Filling up the DagBag from /home/airflow/.local/lib/python3.8/site-packages/airflow/example_dags/example_task_group_decorator.py
[2023-08-28T14:03:38.160+0000] {processor.py:839} INFO - DAG(s) dict_keys(['example_task_group_decorator']) retrieved from /home/airflow/.local/lib/python3.8/site-packages/airflow/example_dags/example_task_group_decorator.py
[2023-08-28T14:03:38.454+0000] {logging_mixin.py:151} INFO - [2023-08-28T14:03:38.453+0000] {dag.py:2907} INFO - Sync 1 DAGs
[2023-08-28T14:03:38.615+0000] {logging_mixin.py:151} INFO - [2023-08-28T14:03:38.615+0000] {dag.py:3677} INFO - Setting next_dagrun for example_task_group_decorator to 2023-08-27T14:03:38.614342+00:00, run_after=2023-08-28T14:03:38.614342+00:00
[2023-08-28T14:03:38.714+0000] {processor.py:179} INFO - Processing /home/airflow/.local/lib/python3.8/site-packages/airflow/example_dags/example_task_group_decorator.py took 0.866 seconds
[2023-08-28T14:04:18.661+0000] {processor.py:157} INFO - Started process (PID=749) to work on /home/airflow/.local/lib/python3.8/site-packages/airflow/example_dags/example_task_group_decorator.py
[2023-08-28T14:04:18.669+0000] {processor.py:829} INFO - Processing file /home/airflow/.local/lib/python3.8/site-packages/airflow/example_dags/example_task_group_decorator.py for tasks to queue
[2023-08-28T14:04:18.700+0000] {logging_mixin.py:151} INFO - [2023-08-28T14:04:18.693+0000] {dagbag.py:539} INFO - Filling up the DagBag from /home/airflow/.local/lib/python3.8/site-packages/airflow/example_dags/example_task_group_decorator.py
[2023-08-28T14:04:18.976+0000] {processor.py:839} INFO - DAG(s) dict_keys(['example_task_group_decorator']) retrieved from /home/airflow/.local/lib/python3.8/site-packages/airflow/example_dags/example_task_group_decorator.py
[2023-08-28T14:04:19.264+0000] {logging_mixin.py:151} INFO - [2023-08-28T14:04:19.261+0000] {dag.py:2907} INFO - Sync 1 DAGs
[2023-08-28T14:04:19.694+0000] {logging_mixin.py:151} INFO - [2023-08-28T14:04:19.694+0000] {dag.py:3677} INFO - Setting next_dagrun for example_task_group_decorator to 2023-08-27T14:04:19.693737+00:00, run_after=2023-08-28T14:04:19.693737+00:00
[2023-08-28T14:04:20.057+0000] {processor.py:179} INFO - Processing /home/airflow/.local/lib/python3.8/site-packages/airflow/example_dags/example_task_group_decorator.py took 1.410 seconds
[2023-08-28T14:05:40.017+0000] {processor.py:157} INFO - Started process (PID=796) to work on /home/airflow/.local/lib/python3.8/site-packages/airflow/example_dags/example_task_group_decorator.py
[2023-08-28T14:05:40.031+0000] {processor.py:829} INFO - Processing file /home/airflow/.local/lib/python3.8/site-packages/airflow/example_dags/example_task_group_decorator.py for tasks to queue
[2023-08-28T14:05:40.051+0000] {logging_mixin.py:151} INFO - [2023-08-28T14:05:40.048+0000] {dagbag.py:539} INFO - Filling up the DagBag from /home/airflow/.local/lib/python3.8/site-packages/airflow/example_dags/example_task_group_decorator.py
[2023-08-28T14:05:40.102+0000] {processor.py:839} INFO - DAG(s) dict_keys(['example_task_group_decorator']) retrieved from /home/airflow/.local/lib/python3.8/site-packages/airflow/example_dags/example_task_group_decorator.py
[2023-08-28T14:05:40.212+0000] {logging_mixin.py:151} INFO - [2023-08-28T14:05:40.210+0000] {dag.py:2907} INFO - Sync 1 DAGs
[2023-08-28T14:05:40.552+0000] {logging_mixin.py:151} INFO - [2023-08-28T14:05:40.551+0000] {dag.py:3677} INFO - Setting next_dagrun for example_task_group_decorator to 2023-08-27T14:05:40.550927+00:00, run_after=2023-08-28T14:05:40.550927+00:00
[2023-08-28T14:05:40.774+0000] {processor.py:179} INFO - Processing /home/airflow/.local/lib/python3.8/site-packages/airflow/example_dags/example_task_group_decorator.py took 0.787 seconds
[2023-08-28T14:06:17.230+0000] {processor.py:157} INFO - Started process (PID=851) to work on /home/airflow/.local/lib/python3.8/site-packages/airflow/example_dags/example_task_group_decorator.py
[2023-08-28T14:06:17.237+0000] {processor.py:829} INFO - Processing file /home/airflow/.local/lib/python3.8/site-packages/airflow/example_dags/example_task_group_decorator.py for tasks to queue
[2023-08-28T14:06:17.254+0000] {logging_mixin.py:151} INFO - [2023-08-28T14:06:17.252+0000] {dagbag.py:539} INFO - Filling up the DagBag from /home/airflow/.local/lib/python3.8/site-packages/airflow/example_dags/example_task_group_decorator.py
[2023-08-28T14:06:17.318+0000] {processor.py:839} INFO - DAG(s) dict_keys(['example_task_group_decorator']) retrieved from /home/airflow/.local/lib/python3.8/site-packages/airflow/example_dags/example_task_group_decorator.py
[2023-08-28T14:06:17.595+0000] {logging_mixin.py:151} INFO - [2023-08-28T14:06:17.593+0000] {dag.py:2907} INFO - Sync 1 DAGs
[2023-08-28T14:06:17.766+0000] {logging_mixin.py:151} INFO - [2023-08-28T14:06:17.766+0000] {dag.py:3677} INFO - Setting next_dagrun for example_task_group_decorator to 2023-08-27T14:06:17.765646+00:00, run_after=2023-08-28T14:06:17.765646+00:00
[2023-08-28T14:06:17.851+0000] {processor.py:179} INFO - Processing /home/airflow/.local/lib/python3.8/site-packages/airflow/example_dags/example_task_group_decorator.py took 0.652 seconds
[2023-08-28T14:09:34.161+0000] {processor.py:157} INFO - Started process (PID=928) to work on /home/airflow/.local/lib/python3.8/site-packages/airflow/example_dags/example_task_group_decorator.py
[2023-08-28T14:09:34.358+0000] {processor.py:829} INFO - Processing file /home/airflow/.local/lib/python3.8/site-packages/airflow/example_dags/example_task_group_decorator.py for tasks to queue
[2023-08-28T14:09:35.829+0000] {logging_mixin.py:151} INFO - [2023-08-28T14:09:35.782+0000] {dagbag.py:539} INFO - Filling up the DagBag from /home/airflow/.local/lib/python3.8/site-packages/airflow/example_dags/example_task_group_decorator.py
[2023-08-28T14:09:49.634+0000] {processor.py:839} INFO - DAG(s) dict_keys(['example_task_group_decorator']) retrieved from /home/airflow/.local/lib/python3.8/site-packages/airflow/example_dags/example_task_group_decorator.py
[2023-08-28T14:09:52.488+0000] {logging_mixin.py:151} INFO - [2023-08-28T14:09:52.377+0000] {dag.py:2907} INFO - Sync 1 DAGs
[2023-08-28T14:09:56.180+0000] {logging_mixin.py:151} INFO - [2023-08-28T14:09:56.171+0000] {dag.py:3677} INFO - Setting next_dagrun for example_task_group_decorator to 2023-08-27T14:09:56.099415+00:00, run_after=2023-08-28T14:09:56.099415+00:00
[2023-08-28T14:09:57.250+0000] {processor.py:179} INFO - Processing /home/airflow/.local/lib/python3.8/site-packages/airflow/example_dags/example_task_group_decorator.py took 25.316 seconds
