[2023-08-28T13:52:11.641+0000] {processor.py:157} INFO - Started process (PID=150) to work on /home/airflow/.local/lib/python3.8/site-packages/airflow/example_dags/example_dynamic_task_mapping.py
[2023-08-28T13:52:11.714+0000] {processor.py:829} INFO - Processing file /home/airflow/.local/lib/python3.8/site-packages/airflow/example_dags/example_dynamic_task_mapping.py for tasks to queue
[2023-08-28T13:52:12.021+0000] {logging_mixin.py:151} INFO - [2023-08-28T13:52:12.021+0000] {dagbag.py:539} INFO - Filling up the DagBag from /home/airflow/.local/lib/python3.8/site-packages/airflow/example_dags/example_dynamic_task_mapping.py
[2023-08-28T13:52:12.298+0000] {processor.py:839} INFO - DAG(s) dict_keys(['example_dynamic_task_mapping']) retrieved from /home/airflow/.local/lib/python3.8/site-packages/airflow/example_dags/example_dynamic_task_mapping.py
[2023-08-28T13:52:18.880+0000] {logging_mixin.py:151} INFO - [2023-08-28T13:52:18.770+0000] {manager.py:501} INFO - Created Permission View: can read on DAG:example_dynamic_task_mapping
[2023-08-28T13:52:19.743+0000] {logging_mixin.py:151} INFO - [2023-08-28T13:52:19.743+0000] {manager.py:501} INFO - Created Permission View: can edit on DAG:example_dynamic_task_mapping
[2023-08-28T13:52:20.087+0000] {logging_mixin.py:151} INFO - [2023-08-28T13:52:20.080+0000] {manager.py:501} INFO - Created Permission View: can delete on DAG:example_dynamic_task_mapping
[2023-08-28T13:52:20.310+0000] {logging_mixin.py:151} INFO - [2023-08-28T13:52:20.309+0000] {dag.py:2907} INFO - Sync 1 DAGs
[2023-08-28T13:52:20.661+0000] {logging_mixin.py:151} INFO - [2023-08-28T13:52:20.661+0000] {dag.py:2929} INFO - Creating ORM DAG for example_dynamic_task_mapping
[2023-08-28T13:52:20.896+0000] {logging_mixin.py:151} INFO - [2023-08-28T13:52:20.894+0000] {dag.py:3677} INFO - Setting next_dagrun for example_dynamic_task_mapping to 2022-03-04T00:00:00+00:00, run_after=2022-03-05T00:00:00+00:00
[2023-08-28T13:52:21.305+0000] {processor.py:179} INFO - Processing /home/airflow/.local/lib/python3.8/site-packages/airflow/example_dags/example_dynamic_task_mapping.py took 9.870 seconds
[2023-08-28T13:55:54.679+0000] {processor.py:157} INFO - Started process (PID=246) to work on /home/airflow/.local/lib/python3.8/site-packages/airflow/example_dags/example_dynamic_task_mapping.py
[2023-08-28T13:55:54.692+0000] {processor.py:829} INFO - Processing file /home/airflow/.local/lib/python3.8/site-packages/airflow/example_dags/example_dynamic_task_mapping.py for tasks to queue
[2023-08-28T13:55:54.717+0000] {logging_mixin.py:151} INFO - [2023-08-28T13:55:54.712+0000] {dagbag.py:539} INFO - Filling up the DagBag from /home/airflow/.local/lib/python3.8/site-packages/airflow/example_dags/example_dynamic_task_mapping.py
[2023-08-28T13:55:54.789+0000] {processor.py:839} INFO - DAG(s) dict_keys(['example_dynamic_task_mapping']) retrieved from /home/airflow/.local/lib/python3.8/site-packages/airflow/example_dags/example_dynamic_task_mapping.py
[2023-08-28T13:55:55.118+0000] {logging_mixin.py:151} INFO - [2023-08-28T13:55:55.117+0000] {dag.py:2907} INFO - Sync 1 DAGs
[2023-08-28T13:55:56.421+0000] {logging_mixin.py:151} INFO - [2023-08-28T13:55:56.419+0000] {dag.py:3677} INFO - Setting next_dagrun for example_dynamic_task_mapping to 2022-03-04T00:00:00+00:00, run_after=2022-03-05T00:00:00+00:00
[2023-08-28T13:55:56.775+0000] {processor.py:179} INFO - Processing /home/airflow/.local/lib/python3.8/site-packages/airflow/example_dags/example_dynamic_task_mapping.py took 2.113 seconds
[2023-08-28T13:56:54.136+0000] {processor.py:157} INFO - Started process (PID=307) to work on /home/airflow/.local/lib/python3.8/site-packages/airflow/example_dags/example_dynamic_task_mapping.py
[2023-08-28T13:56:54.152+0000] {processor.py:829} INFO - Processing file /home/airflow/.local/lib/python3.8/site-packages/airflow/example_dags/example_dynamic_task_mapping.py for tasks to queue
[2023-08-28T13:56:54.179+0000] {logging_mixin.py:151} INFO - [2023-08-28T13:56:54.178+0000] {dagbag.py:539} INFO - Filling up the DagBag from /home/airflow/.local/lib/python3.8/site-packages/airflow/example_dags/example_dynamic_task_mapping.py
[2023-08-28T13:56:54.265+0000] {processor.py:839} INFO - DAG(s) dict_keys(['example_dynamic_task_mapping']) retrieved from /home/airflow/.local/lib/python3.8/site-packages/airflow/example_dags/example_dynamic_task_mapping.py
[2023-08-28T13:56:54.474+0000] {logging_mixin.py:151} INFO - [2023-08-28T13:56:54.474+0000] {dag.py:2907} INFO - Sync 1 DAGs
[2023-08-28T13:56:54.889+0000] {logging_mixin.py:151} INFO - [2023-08-28T13:56:54.888+0000] {dag.py:3677} INFO - Setting next_dagrun for example_dynamic_task_mapping to 2022-03-04T00:00:00+00:00, run_after=2022-03-05T00:00:00+00:00
[2023-08-28T13:56:55.174+0000] {processor.py:179} INFO - Processing /home/airflow/.local/lib/python3.8/site-packages/airflow/example_dags/example_dynamic_task_mapping.py took 1.073 seconds
[2023-08-28T13:57:40.128+0000] {processor.py:157} INFO - Started process (PID=357) to work on /home/airflow/.local/lib/python3.8/site-packages/airflow/example_dags/example_dynamic_task_mapping.py
[2023-08-28T13:57:40.141+0000] {processor.py:829} INFO - Processing file /home/airflow/.local/lib/python3.8/site-packages/airflow/example_dags/example_dynamic_task_mapping.py for tasks to queue
[2023-08-28T13:57:40.183+0000] {logging_mixin.py:151} INFO - [2023-08-28T13:57:40.182+0000] {dagbag.py:539} INFO - Filling up the DagBag from /home/airflow/.local/lib/python3.8/site-packages/airflow/example_dags/example_dynamic_task_mapping.py
[2023-08-28T13:57:40.396+0000] {processor.py:839} INFO - DAG(s) dict_keys(['example_dynamic_task_mapping']) retrieved from /home/airflow/.local/lib/python3.8/site-packages/airflow/example_dags/example_dynamic_task_mapping.py
[2023-08-28T13:57:40.604+0000] {logging_mixin.py:151} INFO - [2023-08-28T13:57:40.604+0000] {dag.py:2907} INFO - Sync 1 DAGs
[2023-08-28T13:57:41.041+0000] {logging_mixin.py:151} INFO - [2023-08-28T13:57:41.041+0000] {dag.py:3677} INFO - Setting next_dagrun for example_dynamic_task_mapping to 2022-03-04T00:00:00+00:00, run_after=2022-03-05T00:00:00+00:00
[2023-08-28T13:57:41.467+0000] {processor.py:179} INFO - Processing /home/airflow/.local/lib/python3.8/site-packages/airflow/example_dags/example_dynamic_task_mapping.py took 1.384 seconds
[2023-08-28T13:58:32.262+0000] {processor.py:157} INFO - Started process (PID=422) to work on /home/airflow/.local/lib/python3.8/site-packages/airflow/example_dags/example_dynamic_task_mapping.py
[2023-08-28T13:58:32.278+0000] {processor.py:829} INFO - Processing file /home/airflow/.local/lib/python3.8/site-packages/airflow/example_dags/example_dynamic_task_mapping.py for tasks to queue
[2023-08-28T13:58:32.295+0000] {logging_mixin.py:151} INFO - [2023-08-28T13:58:32.287+0000] {dagbag.py:539} INFO - Filling up the DagBag from /home/airflow/.local/lib/python3.8/site-packages/airflow/example_dags/example_dynamic_task_mapping.py
[2023-08-28T13:58:32.357+0000] {processor.py:839} INFO - DAG(s) dict_keys(['example_dynamic_task_mapping']) retrieved from /home/airflow/.local/lib/python3.8/site-packages/airflow/example_dags/example_dynamic_task_mapping.py
[2023-08-28T13:58:32.538+0000] {logging_mixin.py:151} INFO - [2023-08-28T13:58:32.537+0000] {dag.py:2907} INFO - Sync 1 DAGs
[2023-08-28T13:58:32.808+0000] {logging_mixin.py:151} INFO - [2023-08-28T13:58:32.808+0000] {dag.py:3677} INFO - Setting next_dagrun for example_dynamic_task_mapping to 2022-03-04T00:00:00+00:00, run_after=2022-03-05T00:00:00+00:00
[2023-08-28T13:58:32.986+0000] {processor.py:179} INFO - Processing /home/airflow/.local/lib/python3.8/site-packages/airflow/example_dags/example_dynamic_task_mapping.py took 0.749 seconds
[2023-08-28T13:59:06.292+0000] {processor.py:157} INFO - Started process (PID=477) to work on /home/airflow/.local/lib/python3.8/site-packages/airflow/example_dags/example_dynamic_task_mapping.py
[2023-08-28T13:59:06.342+0000] {processor.py:829} INFO - Processing file /home/airflow/.local/lib/python3.8/site-packages/airflow/example_dags/example_dynamic_task_mapping.py for tasks to queue
[2023-08-28T13:59:06.379+0000] {logging_mixin.py:151} INFO - [2023-08-28T13:59:06.377+0000] {dagbag.py:539} INFO - Filling up the DagBag from /home/airflow/.local/lib/python3.8/site-packages/airflow/example_dags/example_dynamic_task_mapping.py
[2023-08-28T13:59:06.458+0000] {processor.py:839} INFO - DAG(s) dict_keys(['example_dynamic_task_mapping']) retrieved from /home/airflow/.local/lib/python3.8/site-packages/airflow/example_dags/example_dynamic_task_mapping.py
[2023-08-28T13:59:06.683+0000] {logging_mixin.py:151} INFO - [2023-08-28T13:59:06.682+0000] {dag.py:2907} INFO - Sync 1 DAGs
[2023-08-28T13:59:07.112+0000] {logging_mixin.py:151} INFO - [2023-08-28T13:59:07.111+0000] {dag.py:3677} INFO - Setting next_dagrun for example_dynamic_task_mapping to 2022-03-04T00:00:00+00:00, run_after=2022-03-05T00:00:00+00:00
[2023-08-28T13:59:07.666+0000] {processor.py:179} INFO - Processing /home/airflow/.local/lib/python3.8/site-packages/airflow/example_dags/example_dynamic_task_mapping.py took 1.423 seconds
[2023-08-28T14:01:11.618+0000] {processor.py:157} INFO - Started process (PID=540) to work on /home/airflow/.local/lib/python3.8/site-packages/airflow/example_dags/example_dynamic_task_mapping.py
[2023-08-28T14:01:11.638+0000] {processor.py:829} INFO - Processing file /home/airflow/.local/lib/python3.8/site-packages/airflow/example_dags/example_dynamic_task_mapping.py for tasks to queue
[2023-08-28T14:01:11.675+0000] {logging_mixin.py:151} INFO - [2023-08-28T14:01:11.672+0000] {dagbag.py:539} INFO - Filling up the DagBag from /home/airflow/.local/lib/python3.8/site-packages/airflow/example_dags/example_dynamic_task_mapping.py
[2023-08-28T14:01:11.738+0000] {processor.py:839} INFO - DAG(s) dict_keys(['example_dynamic_task_mapping']) retrieved from /home/airflow/.local/lib/python3.8/site-packages/airflow/example_dags/example_dynamic_task_mapping.py
[2023-08-28T14:01:12.081+0000] {logging_mixin.py:151} INFO - [2023-08-28T14:01:12.076+0000] {dag.py:2907} INFO - Sync 1 DAGs
[2023-08-28T14:01:12.275+0000] {logging_mixin.py:151} INFO - [2023-08-28T14:01:12.274+0000] {dag.py:3677} INFO - Setting next_dagrun for example_dynamic_task_mapping to 2022-03-04T00:00:00+00:00, run_after=2022-03-05T00:00:00+00:00
[2023-08-28T14:01:12.462+0000] {processor.py:179} INFO - Processing /home/airflow/.local/lib/python3.8/site-packages/airflow/example_dags/example_dynamic_task_mapping.py took 0.947 seconds
[2023-08-28T14:01:43.157+0000] {processor.py:157} INFO - Started process (PID=594) to work on /home/airflow/.local/lib/python3.8/site-packages/airflow/example_dags/example_dynamic_task_mapping.py
[2023-08-28T14:01:43.162+0000] {processor.py:829} INFO - Processing file /home/airflow/.local/lib/python3.8/site-packages/airflow/example_dags/example_dynamic_task_mapping.py for tasks to queue
[2023-08-28T14:01:43.175+0000] {logging_mixin.py:151} INFO - [2023-08-28T14:01:43.174+0000] {dagbag.py:539} INFO - Filling up the DagBag from /home/airflow/.local/lib/python3.8/site-packages/airflow/example_dags/example_dynamic_task_mapping.py
[2023-08-28T14:01:43.208+0000] {processor.py:839} INFO - DAG(s) dict_keys(['example_dynamic_task_mapping']) retrieved from /home/airflow/.local/lib/python3.8/site-packages/airflow/example_dags/example_dynamic_task_mapping.py
[2023-08-28T14:01:43.273+0000] {logging_mixin.py:151} INFO - [2023-08-28T14:01:43.272+0000] {dag.py:2907} INFO - Sync 1 DAGs
[2023-08-28T14:01:43.337+0000] {logging_mixin.py:151} INFO - [2023-08-28T14:01:43.336+0000] {dag.py:3677} INFO - Setting next_dagrun for example_dynamic_task_mapping to 2022-03-04T00:00:00+00:00, run_after=2022-03-05T00:00:00+00:00
[2023-08-28T14:01:43.396+0000] {processor.py:179} INFO - Processing /home/airflow/.local/lib/python3.8/site-packages/airflow/example_dags/example_dynamic_task_mapping.py took 0.250 seconds
[2023-08-28T14:02:21.689+0000] {processor.py:157} INFO - Started process (PID=657) to work on /home/airflow/.local/lib/python3.8/site-packages/airflow/example_dags/example_dynamic_task_mapping.py
[2023-08-28T14:02:21.708+0000] {processor.py:829} INFO - Processing file /home/airflow/.local/lib/python3.8/site-packages/airflow/example_dags/example_dynamic_task_mapping.py for tasks to queue
[2023-08-28T14:02:21.754+0000] {logging_mixin.py:151} INFO - [2023-08-28T14:02:21.753+0000] {dagbag.py:539} INFO - Filling up the DagBag from /home/airflow/.local/lib/python3.8/site-packages/airflow/example_dags/example_dynamic_task_mapping.py
[2023-08-28T14:02:21.924+0000] {processor.py:839} INFO - DAG(s) dict_keys(['example_dynamic_task_mapping']) retrieved from /home/airflow/.local/lib/python3.8/site-packages/airflow/example_dags/example_dynamic_task_mapping.py
[2023-08-28T14:02:22.174+0000] {logging_mixin.py:151} INFO - [2023-08-28T14:02:22.171+0000] {dag.py:2907} INFO - Sync 1 DAGs
[2023-08-28T14:02:24.171+0000] {logging_mixin.py:151} INFO - [2023-08-28T14:02:24.170+0000] {dag.py:3677} INFO - Setting next_dagrun for example_dynamic_task_mapping to 2022-03-04T00:00:00+00:00, run_after=2022-03-05T00:00:00+00:00
[2023-08-28T14:02:28.834+0000] {processor.py:179} INFO - Processing /home/airflow/.local/lib/python3.8/site-packages/airflow/example_dags/example_dynamic_task_mapping.py took 7.430 seconds
[2023-08-28T14:03:39.858+0000] {processor.py:157} INFO - Started process (PID=699) to work on /home/airflow/.local/lib/python3.8/site-packages/airflow/example_dags/example_dynamic_task_mapping.py
[2023-08-28T14:03:39.865+0000] {processor.py:829} INFO - Processing file /home/airflow/.local/lib/python3.8/site-packages/airflow/example_dags/example_dynamic_task_mapping.py for tasks to queue
[2023-08-28T14:03:39.910+0000] {logging_mixin.py:151} INFO - [2023-08-28T14:03:39.906+0000] {dagbag.py:539} INFO - Filling up the DagBag from /home/airflow/.local/lib/python3.8/site-packages/airflow/example_dags/example_dynamic_task_mapping.py
[2023-08-28T14:03:40.028+0000] {processor.py:839} INFO - DAG(s) dict_keys(['example_dynamic_task_mapping']) retrieved from /home/airflow/.local/lib/python3.8/site-packages/airflow/example_dags/example_dynamic_task_mapping.py
[2023-08-28T14:03:40.178+0000] {logging_mixin.py:151} INFO - [2023-08-28T14:03:40.178+0000] {dag.py:2907} INFO - Sync 1 DAGs
[2023-08-28T14:03:40.345+0000] {logging_mixin.py:151} INFO - [2023-08-28T14:03:40.345+0000] {dag.py:3677} INFO - Setting next_dagrun for example_dynamic_task_mapping to 2022-03-04T00:00:00+00:00, run_after=2022-03-05T00:00:00+00:00
[2023-08-28T14:03:40.510+0000] {processor.py:179} INFO - Processing /home/airflow/.local/lib/python3.8/site-packages/airflow/example_dags/example_dynamic_task_mapping.py took 0.668 seconds
[2023-08-28T14:04:21.897+0000] {processor.py:157} INFO - Started process (PID=754) to work on /home/airflow/.local/lib/python3.8/site-packages/airflow/example_dags/example_dynamic_task_mapping.py
[2023-08-28T14:04:21.919+0000] {processor.py:829} INFO - Processing file /home/airflow/.local/lib/python3.8/site-packages/airflow/example_dags/example_dynamic_task_mapping.py for tasks to queue
[2023-08-28T14:04:22.014+0000] {logging_mixin.py:151} INFO - [2023-08-28T14:04:22.002+0000] {dagbag.py:539} INFO - Filling up the DagBag from /home/airflow/.local/lib/python3.8/site-packages/airflow/example_dags/example_dynamic_task_mapping.py
[2023-08-28T14:04:22.115+0000] {processor.py:839} INFO - DAG(s) dict_keys(['example_dynamic_task_mapping']) retrieved from /home/airflow/.local/lib/python3.8/site-packages/airflow/example_dags/example_dynamic_task_mapping.py
[2023-08-28T14:04:22.301+0000] {logging_mixin.py:151} INFO - [2023-08-28T14:04:22.300+0000] {dag.py:2907} INFO - Sync 1 DAGs
[2023-08-28T14:04:22.744+0000] {logging_mixin.py:151} INFO - [2023-08-28T14:04:22.743+0000] {dag.py:3677} INFO - Setting next_dagrun for example_dynamic_task_mapping to 2022-03-04T00:00:00+00:00, run_after=2022-03-05T00:00:00+00:00
[2023-08-28T14:04:23.045+0000] {processor.py:179} INFO - Processing /home/airflow/.local/lib/python3.8/site-packages/airflow/example_dags/example_dynamic_task_mapping.py took 1.261 seconds
[2023-08-28T14:05:47.365+0000] {processor.py:157} INFO - Started process (PID=809) to work on /home/airflow/.local/lib/python3.8/site-packages/airflow/example_dags/example_dynamic_task_mapping.py
[2023-08-28T14:05:47.373+0000] {processor.py:829} INFO - Processing file /home/airflow/.local/lib/python3.8/site-packages/airflow/example_dags/example_dynamic_task_mapping.py for tasks to queue
[2023-08-28T14:05:47.402+0000] {logging_mixin.py:151} INFO - [2023-08-28T14:05:47.398+0000] {dagbag.py:539} INFO - Filling up the DagBag from /home/airflow/.local/lib/python3.8/site-packages/airflow/example_dags/example_dynamic_task_mapping.py
[2023-08-28T14:05:47.519+0000] {processor.py:839} INFO - DAG(s) dict_keys(['example_dynamic_task_mapping']) retrieved from /home/airflow/.local/lib/python3.8/site-packages/airflow/example_dags/example_dynamic_task_mapping.py
[2023-08-28T14:05:47.989+0000] {logging_mixin.py:151} INFO - [2023-08-28T14:05:47.989+0000] {dag.py:2907} INFO - Sync 1 DAGs
[2023-08-28T14:05:48.910+0000] {logging_mixin.py:151} INFO - [2023-08-28T14:05:48.293+0000] {dag.py:3677} INFO - Setting next_dagrun for example_dynamic_task_mapping to 2022-03-04T00:00:00+00:00, run_after=2022-03-05T00:00:00+00:00
[2023-08-28T14:05:50.434+0000] {processor.py:179} INFO - Processing /home/airflow/.local/lib/python3.8/site-packages/airflow/example_dags/example_dynamic_task_mapping.py took 3.092 seconds
[2023-08-28T14:06:22.483+0000] {processor.py:157} INFO - Started process (PID=863) to work on /home/airflow/.local/lib/python3.8/site-packages/airflow/example_dags/example_dynamic_task_mapping.py
[2023-08-28T14:06:22.490+0000] {processor.py:829} INFO - Processing file /home/airflow/.local/lib/python3.8/site-packages/airflow/example_dags/example_dynamic_task_mapping.py for tasks to queue
[2023-08-28T14:06:22.502+0000] {logging_mixin.py:151} INFO - [2023-08-28T14:06:22.501+0000] {dagbag.py:539} INFO - Filling up the DagBag from /home/airflow/.local/lib/python3.8/site-packages/airflow/example_dags/example_dynamic_task_mapping.py
[2023-08-28T14:06:22.537+0000] {processor.py:839} INFO - DAG(s) dict_keys(['example_dynamic_task_mapping']) retrieved from /home/airflow/.local/lib/python3.8/site-packages/airflow/example_dags/example_dynamic_task_mapping.py
[2023-08-28T14:06:22.685+0000] {logging_mixin.py:151} INFO - [2023-08-28T14:06:22.684+0000] {dag.py:2907} INFO - Sync 1 DAGs
[2023-08-28T14:06:22.821+0000] {logging_mixin.py:151} INFO - [2023-08-28T14:06:22.819+0000] {dag.py:3677} INFO - Setting next_dagrun for example_dynamic_task_mapping to 2022-03-04T00:00:00+00:00, run_after=2022-03-05T00:00:00+00:00
[2023-08-28T14:06:22.978+0000] {processor.py:179} INFO - Processing /home/airflow/.local/lib/python3.8/site-packages/airflow/example_dags/example_dynamic_task_mapping.py took 0.518 seconds
[2023-08-28T14:10:59.383+0000] {processor.py:157} INFO - Started process (PID=948) to work on /home/airflow/.local/lib/python3.8/site-packages/airflow/example_dags/example_dynamic_task_mapping.py
[2023-08-28T14:10:59.398+0000] {processor.py:829} INFO - Processing file /home/airflow/.local/lib/python3.8/site-packages/airflow/example_dags/example_dynamic_task_mapping.py for tasks to queue
[2023-08-28T14:10:59.691+0000] {logging_mixin.py:151} INFO - [2023-08-28T14:10:59.690+0000] {dagbag.py:539} INFO - Filling up the DagBag from /home/airflow/.local/lib/python3.8/site-packages/airflow/example_dags/example_dynamic_task_mapping.py
[2023-08-28T14:11:01.141+0000] {processor.py:839} INFO - DAG(s) dict_keys(['example_dynamic_task_mapping']) retrieved from /home/airflow/.local/lib/python3.8/site-packages/airflow/example_dags/example_dynamic_task_mapping.py
[2023-08-28T14:11:05.731+0000] {logging_mixin.py:151} INFO - [2023-08-28T14:11:05.693+0000] {dag.py:2907} INFO - Sync 1 DAGs
[2023-08-28T14:11:07.409+0000] {logging_mixin.py:151} INFO - [2023-08-28T14:11:07.228+0000] {dag.py:3677} INFO - Setting next_dagrun for example_dynamic_task_mapping to 2022-03-04T00:00:00+00:00, run_after=2022-03-05T00:00:00+00:00
[2023-08-28T14:11:09.416+0000] {processor.py:179} INFO - Processing /home/airflow/.local/lib/python3.8/site-packages/airflow/example_dags/example_dynamic_task_mapping.py took 10.315 seconds
