[2023-08-28T13:54:01.485+0000] {processor.py:157} INFO - Started process (PID=197) to work on /home/airflow/.local/lib/python3.8/site-packages/airflow/example_dags/example_python_operator.py
[2023-08-28T13:54:01.526+0000] {processor.py:829} INFO - Processing file /home/airflow/.local/lib/python3.8/site-packages/airflow/example_dags/example_python_operator.py for tasks to queue
[2023-08-28T13:54:01.578+0000] {logging_mixin.py:151} INFO - [2023-08-28T13:54:01.577+0000] {dagbag.py:539} INFO - Filling up the DagBag from /home/airflow/.local/lib/python3.8/site-packages/airflow/example_dags/example_python_operator.py
[2023-08-28T13:54:02.394+0000] {processor.py:839} INFO - DAG(s) dict_keys(['example_python_operator']) retrieved from /home/airflow/.local/lib/python3.8/site-packages/airflow/example_dags/example_python_operator.py
[2023-08-28T13:54:07.851+0000] {logging_mixin.py:151} INFO - [2023-08-28T13:54:07.851+0000] {manager.py:501} INFO - Created Permission View: can read on DAG:example_python_operator
[2023-08-28T13:54:08.124+0000] {logging_mixin.py:151} INFO - [2023-08-28T13:54:08.122+0000] {manager.py:501} INFO - Created Permission View: can edit on DAG:example_python_operator
[2023-08-28T13:54:08.267+0000] {logging_mixin.py:151} INFO - [2023-08-28T13:54:08.266+0000] {manager.py:501} INFO - Created Permission View: can delete on DAG:example_python_operator
[2023-08-28T13:54:08.413+0000] {logging_mixin.py:151} INFO - [2023-08-28T13:54:08.413+0000] {dag.py:2907} INFO - Sync 1 DAGs
[2023-08-28T13:54:08.598+0000] {logging_mixin.py:151} INFO - [2023-08-28T13:54:08.598+0000] {dag.py:2929} INFO - Creating ORM DAG for example_python_operator
[2023-08-28T13:54:08.647+0000] {logging_mixin.py:151} INFO - [2023-08-28T13:54:08.647+0000] {dag.py:3677} INFO - Setting next_dagrun for example_python_operator to None, run_after=None
[2023-08-28T13:54:08.904+0000] {processor.py:179} INFO - Processing /home/airflow/.local/lib/python3.8/site-packages/airflow/example_dags/example_python_operator.py took 7.583 seconds
[2023-08-28T13:56:14.142+0000] {processor.py:157} INFO - Started process (PID=266) to work on /home/airflow/.local/lib/python3.8/site-packages/airflow/example_dags/example_python_operator.py
[2023-08-28T13:56:14.169+0000] {processor.py:829} INFO - Processing file /home/airflow/.local/lib/python3.8/site-packages/airflow/example_dags/example_python_operator.py for tasks to queue
[2023-08-28T13:56:14.218+0000] {logging_mixin.py:151} INFO - [2023-08-28T13:56:14.207+0000] {dagbag.py:539} INFO - Filling up the DagBag from /home/airflow/.local/lib/python3.8/site-packages/airflow/example_dags/example_python_operator.py
[2023-08-28T13:56:14.400+0000] {processor.py:839} INFO - DAG(s) dict_keys(['example_python_operator']) retrieved from /home/airflow/.local/lib/python3.8/site-packages/airflow/example_dags/example_python_operator.py
[2023-08-28T13:56:14.684+0000] {logging_mixin.py:151} INFO - [2023-08-28T13:56:14.683+0000] {dag.py:2907} INFO - Sync 1 DAGs
[2023-08-28T13:56:14.923+0000] {logging_mixin.py:151} INFO - [2023-08-28T13:56:14.898+0000] {dag.py:3677} INFO - Setting next_dagrun for example_python_operator to None, run_after=None
[2023-08-28T13:56:15.149+0000] {processor.py:179} INFO - Processing /home/airflow/.local/lib/python3.8/site-packages/airflow/example_dags/example_python_operator.py took 1.059 seconds
[2023-08-28T13:57:24.924+0000] {processor.py:157} INFO - Started process (PID=344) to work on /home/airflow/.local/lib/python3.8/site-packages/airflow/example_dags/example_python_operator.py
[2023-08-28T13:57:24.935+0000] {processor.py:829} INFO - Processing file /home/airflow/.local/lib/python3.8/site-packages/airflow/example_dags/example_python_operator.py for tasks to queue
[2023-08-28T13:57:24.954+0000] {logging_mixin.py:151} INFO - [2023-08-28T13:57:24.952+0000] {dagbag.py:539} INFO - Filling up the DagBag from /home/airflow/.local/lib/python3.8/site-packages/airflow/example_dags/example_python_operator.py
[2023-08-28T13:57:25.072+0000] {processor.py:839} INFO - DAG(s) dict_keys(['example_python_operator']) retrieved from /home/airflow/.local/lib/python3.8/site-packages/airflow/example_dags/example_python_operator.py
[2023-08-28T13:57:25.347+0000] {logging_mixin.py:151} INFO - [2023-08-28T13:57:25.346+0000] {dag.py:2907} INFO - Sync 1 DAGs
[2023-08-28T13:57:25.576+0000] {logging_mixin.py:151} INFO - [2023-08-28T13:57:25.576+0000] {dag.py:3677} INFO - Setting next_dagrun for example_python_operator to None, run_after=None
[2023-08-28T13:57:26.140+0000] {processor.py:179} INFO - Processing /home/airflow/.local/lib/python3.8/site-packages/airflow/example_dags/example_python_operator.py took 1.272 seconds
[2023-08-28T13:58:21.957+0000] {processor.py:157} INFO - Started process (PID=404) to work on /home/airflow/.local/lib/python3.8/site-packages/airflow/example_dags/example_python_operator.py
[2023-08-28T13:58:21.976+0000] {processor.py:829} INFO - Processing file /home/airflow/.local/lib/python3.8/site-packages/airflow/example_dags/example_python_operator.py for tasks to queue
[2023-08-28T13:58:22.004+0000] {logging_mixin.py:151} INFO - [2023-08-28T13:58:21.997+0000] {dagbag.py:539} INFO - Filling up the DagBag from /home/airflow/.local/lib/python3.8/site-packages/airflow/example_dags/example_python_operator.py
[2023-08-28T13:58:22.331+0000] {processor.py:839} INFO - DAG(s) dict_keys(['example_python_operator']) retrieved from /home/airflow/.local/lib/python3.8/site-packages/airflow/example_dags/example_python_operator.py
[2023-08-28T13:58:22.659+0000] {logging_mixin.py:151} INFO - [2023-08-28T13:58:22.659+0000] {dag.py:2907} INFO - Sync 1 DAGs
[2023-08-28T13:58:22.793+0000] {logging_mixin.py:151} INFO - [2023-08-28T13:58:22.784+0000] {dag.py:3677} INFO - Setting next_dagrun for example_python_operator to None, run_after=None
[2023-08-28T13:58:22.946+0000] {processor.py:179} INFO - Processing /home/airflow/.local/lib/python3.8/site-packages/airflow/example_dags/example_python_operator.py took 1.034 seconds
[2023-08-28T13:58:56.157+0000] {processor.py:157} INFO - Started process (PID=466) to work on /home/airflow/.local/lib/python3.8/site-packages/airflow/example_dags/example_python_operator.py
[2023-08-28T13:58:56.163+0000] {processor.py:829} INFO - Processing file /home/airflow/.local/lib/python3.8/site-packages/airflow/example_dags/example_python_operator.py for tasks to queue
[2023-08-28T13:58:56.184+0000] {logging_mixin.py:151} INFO - [2023-08-28T13:58:56.181+0000] {dagbag.py:539} INFO - Filling up the DagBag from /home/airflow/.local/lib/python3.8/site-packages/airflow/example_dags/example_python_operator.py
[2023-08-28T13:58:56.289+0000] {processor.py:839} INFO - DAG(s) dict_keys(['example_python_operator']) retrieved from /home/airflow/.local/lib/python3.8/site-packages/airflow/example_dags/example_python_operator.py
[2023-08-28T13:58:56.437+0000] {logging_mixin.py:151} INFO - [2023-08-28T13:58:56.437+0000] {dag.py:2907} INFO - Sync 1 DAGs
[2023-08-28T13:58:56.782+0000] {logging_mixin.py:151} INFO - [2023-08-28T13:58:56.781+0000] {dag.py:3677} INFO - Setting next_dagrun for example_python_operator to None, run_after=None
[2023-08-28T13:58:57.445+0000] {processor.py:179} INFO - Processing /home/airflow/.local/lib/python3.8/site-packages/airflow/example_dags/example_python_operator.py took 1.325 seconds
[2023-08-28T14:01:21.045+0000] {processor.py:157} INFO - Started process (PID=563) to work on /home/airflow/.local/lib/python3.8/site-packages/airflow/example_dags/example_python_operator.py
[2023-08-28T14:01:21.074+0000] {processor.py:829} INFO - Processing file /home/airflow/.local/lib/python3.8/site-packages/airflow/example_dags/example_python_operator.py for tasks to queue
[2023-08-28T14:01:21.097+0000] {logging_mixin.py:151} INFO - [2023-08-28T14:01:21.095+0000] {dagbag.py:539} INFO - Filling up the DagBag from /home/airflow/.local/lib/python3.8/site-packages/airflow/example_dags/example_python_operator.py
[2023-08-28T14:01:21.223+0000] {processor.py:839} INFO - DAG(s) dict_keys(['example_python_operator']) retrieved from /home/airflow/.local/lib/python3.8/site-packages/airflow/example_dags/example_python_operator.py
[2023-08-28T14:01:21.773+0000] {logging_mixin.py:151} INFO - [2023-08-28T14:01:21.773+0000] {dag.py:2907} INFO - Sync 1 DAGs
[2023-08-28T14:01:21.912+0000] {logging_mixin.py:151} INFO - [2023-08-28T14:01:21.910+0000] {dag.py:3677} INFO - Setting next_dagrun for example_python_operator to None, run_after=None
[2023-08-28T14:01:21.992+0000] {processor.py:179} INFO - Processing /home/airflow/.local/lib/python3.8/site-packages/airflow/example_dags/example_python_operator.py took 0.971 seconds
[2023-08-28T14:01:52.368+0000] {processor.py:157} INFO - Started process (PID=618) to work on /home/airflow/.local/lib/python3.8/site-packages/airflow/example_dags/example_python_operator.py
[2023-08-28T14:01:52.374+0000] {processor.py:829} INFO - Processing file /home/airflow/.local/lib/python3.8/site-packages/airflow/example_dags/example_python_operator.py for tasks to queue
[2023-08-28T14:01:52.385+0000] {logging_mixin.py:151} INFO - [2023-08-28T14:01:52.383+0000] {dagbag.py:539} INFO - Filling up the DagBag from /home/airflow/.local/lib/python3.8/site-packages/airflow/example_dags/example_python_operator.py
[2023-08-28T14:01:52.414+0000] {processor.py:839} INFO - DAG(s) dict_keys(['example_python_operator']) retrieved from /home/airflow/.local/lib/python3.8/site-packages/airflow/example_dags/example_python_operator.py
[2023-08-28T14:01:52.485+0000] {logging_mixin.py:151} INFO - [2023-08-28T14:01:52.484+0000] {dag.py:2907} INFO - Sync 1 DAGs
[2023-08-28T14:01:52.515+0000] {logging_mixin.py:151} INFO - [2023-08-28T14:01:52.514+0000] {dag.py:3677} INFO - Setting next_dagrun for example_python_operator to None, run_after=None
[2023-08-28T14:01:52.571+0000] {processor.py:179} INFO - Processing /home/airflow/.local/lib/python3.8/site-packages/airflow/example_dags/example_python_operator.py took 0.213 seconds
[2023-08-28T14:03:43.824+0000] {processor.py:157} INFO - Started process (PID=707) to work on /home/airflow/.local/lib/python3.8/site-packages/airflow/example_dags/example_python_operator.py
[2023-08-28T14:03:43.853+0000] {processor.py:829} INFO - Processing file /home/airflow/.local/lib/python3.8/site-packages/airflow/example_dags/example_python_operator.py for tasks to queue
[2023-08-28T14:03:43.927+0000] {logging_mixin.py:151} INFO - [2023-08-28T14:03:43.926+0000] {dagbag.py:539} INFO - Filling up the DagBag from /home/airflow/.local/lib/python3.8/site-packages/airflow/example_dags/example_python_operator.py
[2023-08-28T14:03:44.204+0000] {processor.py:839} INFO - DAG(s) dict_keys(['example_python_operator']) retrieved from /home/airflow/.local/lib/python3.8/site-packages/airflow/example_dags/example_python_operator.py
[2023-08-28T14:03:44.596+0000] {logging_mixin.py:151} INFO - [2023-08-28T14:03:44.596+0000] {dag.py:2907} INFO - Sync 1 DAGs
[2023-08-28T14:03:44.853+0000] {logging_mixin.py:151} INFO - [2023-08-28T14:03:44.853+0000] {dag.py:3677} INFO - Setting next_dagrun for example_python_operator to None, run_after=None
[2023-08-28T14:03:45.461+0000] {processor.py:179} INFO - Processing /home/airflow/.local/lib/python3.8/site-packages/airflow/example_dags/example_python_operator.py took 1.748 seconds
[2023-08-28T14:04:30.645+0000] {processor.py:157} INFO - Started process (PID=763) to work on /home/airflow/.local/lib/python3.8/site-packages/airflow/example_dags/example_python_operator.py
[2023-08-28T14:04:30.657+0000] {processor.py:829} INFO - Processing file /home/airflow/.local/lib/python3.8/site-packages/airflow/example_dags/example_python_operator.py for tasks to queue
[2023-08-28T14:04:30.748+0000] {logging_mixin.py:151} INFO - [2023-08-28T14:04:30.727+0000] {dagbag.py:539} INFO - Filling up the DagBag from /home/airflow/.local/lib/python3.8/site-packages/airflow/example_dags/example_python_operator.py
[2023-08-28T14:04:32.910+0000] {processor.py:839} INFO - DAG(s) dict_keys(['example_python_operator']) retrieved from /home/airflow/.local/lib/python3.8/site-packages/airflow/example_dags/example_python_operator.py
[2023-08-28T14:04:39.169+0000] {logging_mixin.py:151} INFO - [2023-08-28T14:04:39.162+0000] {dag.py:2907} INFO - Sync 1 DAGs
[2023-08-28T14:04:39.613+0000] {logging_mixin.py:151} INFO - [2023-08-28T14:04:39.613+0000] {dag.py:3677} INFO - Setting next_dagrun for example_python_operator to None, run_after=None
[2023-08-28T14:04:40.662+0000] {processor.py:179} INFO - Processing /home/airflow/.local/lib/python3.8/site-packages/airflow/example_dags/example_python_operator.py took 10.162 seconds
[2023-08-28T14:06:10.388+0000] {processor.py:157} INFO - Started process (PID=829) to work on /home/airflow/.local/lib/python3.8/site-packages/airflow/example_dags/example_python_operator.py
[2023-08-28T14:06:10.396+0000] {processor.py:829} INFO - Processing file /home/airflow/.local/lib/python3.8/site-packages/airflow/example_dags/example_python_operator.py for tasks to queue
[2023-08-28T14:06:10.411+0000] {logging_mixin.py:151} INFO - [2023-08-28T14:06:10.410+0000] {dagbag.py:539} INFO - Filling up the DagBag from /home/airflow/.local/lib/python3.8/site-packages/airflow/example_dags/example_python_operator.py
[2023-08-28T14:06:10.464+0000] {processor.py:839} INFO - DAG(s) dict_keys(['example_python_operator']) retrieved from /home/airflow/.local/lib/python3.8/site-packages/airflow/example_dags/example_python_operator.py
[2023-08-28T14:06:10.620+0000] {logging_mixin.py:151} INFO - [2023-08-28T14:06:10.619+0000] {dag.py:2907} INFO - Sync 1 DAGs
[2023-08-28T14:06:10.718+0000] {logging_mixin.py:151} INFO - [2023-08-28T14:06:10.718+0000] {dag.py:3677} INFO - Setting next_dagrun for example_python_operator to None, run_after=None
[2023-08-28T14:06:10.888+0000] {processor.py:179} INFO - Processing /home/airflow/.local/lib/python3.8/site-packages/airflow/example_dags/example_python_operator.py took 0.522 seconds
[2023-08-28T14:07:46.354+0000] {processor.py:157} INFO - Started process (PID=901) to work on /home/airflow/.local/lib/python3.8/site-packages/airflow/example_dags/example_python_operator.py
[2023-08-28T14:07:46.417+0000] {processor.py:829} INFO - Processing file /home/airflow/.local/lib/python3.8/site-packages/airflow/example_dags/example_python_operator.py for tasks to queue
[2023-08-28T14:07:46.533+0000] {logging_mixin.py:151} INFO - [2023-08-28T14:07:46.521+0000] {dagbag.py:539} INFO - Filling up the DagBag from /home/airflow/.local/lib/python3.8/site-packages/airflow/example_dags/example_python_operator.py
[2023-08-28T14:07:47.772+0000] {processor.py:839} INFO - DAG(s) dict_keys(['example_python_operator']) retrieved from /home/airflow/.local/lib/python3.8/site-packages/airflow/example_dags/example_python_operator.py
[2023-08-28T14:07:52.579+0000] {logging_mixin.py:151} INFO - [2023-08-28T14:07:52.577+0000] {dag.py:2907} INFO - Sync 1 DAGs
[2023-08-28T14:07:53.402+0000] {logging_mixin.py:151} INFO - [2023-08-28T14:07:53.385+0000] {dag.py:3677} INFO - Setting next_dagrun for example_python_operator to None, run_after=None
[2023-08-28T14:07:53.862+0000] {processor.py:179} INFO - Processing /home/airflow/.local/lib/python3.8/site-packages/airflow/example_dags/example_python_operator.py took 7.622 seconds
