[2023-08-28T13:50:02.671+0000] {processor.py:157} INFO - Started process (PID=118) to work on /home/airflow/.local/lib/python3.8/site-packages/airflow/example_dags/example_short_circuit_operator.py
[2023-08-28T13:50:02.729+0000] {processor.py:829} INFO - Processing file /home/airflow/.local/lib/python3.8/site-packages/airflow/example_dags/example_short_circuit_operator.py for tasks to queue
[2023-08-28T13:50:04.699+0000] {logging_mixin.py:151} INFO - [2023-08-28T13:50:04.472+0000] {dagbag.py:539} INFO - Filling up the DagBag from /home/airflow/.local/lib/python3.8/site-packages/airflow/example_dags/example_short_circuit_operator.py
[2023-08-28T13:50:08.526+0000] {processor.py:839} INFO - DAG(s) dict_keys(['example_short_circuit_operator']) retrieved from /home/airflow/.local/lib/python3.8/site-packages/airflow/example_dags/example_short_circuit_operator.py
[2023-08-28T13:50:39.877+0000] {logging_mixin.py:151} INFO - [2023-08-28T13:50:39.868+0000] {manager.py:501} INFO - Created Permission View: can read on DAG:example_short_circuit_operator
[2023-08-28T13:50:40.507+0000] {logging_mixin.py:151} INFO - [2023-08-28T13:50:40.507+0000] {manager.py:501} INFO - Created Permission View: can edit on DAG:example_short_circuit_operator
[2023-08-28T13:50:40.612+0000] {logging_mixin.py:151} INFO - [2023-08-28T13:50:40.611+0000] {manager.py:501} INFO - Created Permission View: can delete on DAG:example_short_circuit_operator
[2023-08-28T13:50:41.298+0000] {logging_mixin.py:151} INFO - [2023-08-28T13:50:41.298+0000] {dag.py:2907} INFO - Sync 1 DAGs
[2023-08-28T13:50:41.984+0000] {logging_mixin.py:151} INFO - [2023-08-28T13:50:41.983+0000] {dag.py:2929} INFO - Creating ORM DAG for example_short_circuit_operator
[2023-08-28T13:50:42.664+0000] {logging_mixin.py:151} INFO - [2023-08-28T13:50:42.658+0000] {dag.py:3677} INFO - Setting next_dagrun for example_short_circuit_operator to 2023-08-27T13:50:42.546392+00:00, run_after=2023-08-28T13:50:42.546392+00:00
[2023-08-28T13:50:42.909+0000] {processor.py:179} INFO - Processing /home/airflow/.local/lib/python3.8/site-packages/airflow/example_dags/example_short_circuit_operator.py took 41.012 seconds
[2023-08-28T13:55:28.771+0000] {processor.py:157} INFO - Started process (PID=228) to work on /home/airflow/.local/lib/python3.8/site-packages/airflow/example_dags/example_short_circuit_operator.py
[2023-08-28T13:55:28.785+0000] {processor.py:829} INFO - Processing file /home/airflow/.local/lib/python3.8/site-packages/airflow/example_dags/example_short_circuit_operator.py for tasks to queue
[2023-08-28T13:55:28.830+0000] {logging_mixin.py:151} INFO - [2023-08-28T13:55:28.825+0000] {dagbag.py:539} INFO - Filling up the DagBag from /home/airflow/.local/lib/python3.8/site-packages/airflow/example_dags/example_short_circuit_operator.py
[2023-08-28T13:55:28.929+0000] {processor.py:839} INFO - DAG(s) dict_keys(['example_short_circuit_operator']) retrieved from /home/airflow/.local/lib/python3.8/site-packages/airflow/example_dags/example_short_circuit_operator.py
[2023-08-28T13:55:29.300+0000] {logging_mixin.py:151} INFO - [2023-08-28T13:55:29.300+0000] {dag.py:2907} INFO - Sync 1 DAGs
[2023-08-28T13:55:29.592+0000] {logging_mixin.py:151} INFO - [2023-08-28T13:55:29.592+0000] {dag.py:3677} INFO - Setting next_dagrun for example_short_circuit_operator to 2023-08-27T13:55:29.591411+00:00, run_after=2023-08-28T13:55:29.591411+00:00
[2023-08-28T13:55:29.795+0000] {processor.py:179} INFO - Processing /home/airflow/.local/lib/python3.8/site-packages/airflow/example_dags/example_short_circuit_operator.py took 1.072 seconds
[2023-08-28T13:56:24.423+0000] {processor.py:157} INFO - Started process (PID=280) to work on /home/airflow/.local/lib/python3.8/site-packages/airflow/example_dags/example_short_circuit_operator.py
[2023-08-28T13:56:24.474+0000] {processor.py:829} INFO - Processing file /home/airflow/.local/lib/python3.8/site-packages/airflow/example_dags/example_short_circuit_operator.py for tasks to queue
[2023-08-28T13:56:24.516+0000] {logging_mixin.py:151} INFO - [2023-08-28T13:56:24.515+0000] {dagbag.py:539} INFO - Filling up the DagBag from /home/airflow/.local/lib/python3.8/site-packages/airflow/example_dags/example_short_circuit_operator.py
[2023-08-28T13:56:24.671+0000] {processor.py:839} INFO - DAG(s) dict_keys(['example_short_circuit_operator']) retrieved from /home/airflow/.local/lib/python3.8/site-packages/airflow/example_dags/example_short_circuit_operator.py
[2023-08-28T13:56:24.930+0000] {logging_mixin.py:151} INFO - [2023-08-28T13:56:24.930+0000] {dag.py:2907} INFO - Sync 1 DAGs
[2023-08-28T13:56:25.154+0000] {logging_mixin.py:151} INFO - [2023-08-28T13:56:25.154+0000] {dag.py:3677} INFO - Setting next_dagrun for example_short_circuit_operator to 2023-08-27T13:56:25.153827+00:00, run_after=2023-08-28T13:56:25.153827+00:00
[2023-08-28T13:56:25.311+0000] {processor.py:179} INFO - Processing /home/airflow/.local/lib/python3.8/site-packages/airflow/example_dags/example_short_circuit_operator.py took 0.990 seconds
[2023-08-28T13:57:14.790+0000] {processor.py:157} INFO - Started process (PID=327) to work on /home/airflow/.local/lib/python3.8/site-packages/airflow/example_dags/example_short_circuit_operator.py
[2023-08-28T13:57:14.817+0000] {processor.py:829} INFO - Processing file /home/airflow/.local/lib/python3.8/site-packages/airflow/example_dags/example_short_circuit_operator.py for tasks to queue
[2023-08-28T13:57:14.851+0000] {logging_mixin.py:151} INFO - [2023-08-28T13:57:14.847+0000] {dagbag.py:539} INFO - Filling up the DagBag from /home/airflow/.local/lib/python3.8/site-packages/airflow/example_dags/example_short_circuit_operator.py
[2023-08-28T13:57:14.965+0000] {processor.py:839} INFO - DAG(s) dict_keys(['example_short_circuit_operator']) retrieved from /home/airflow/.local/lib/python3.8/site-packages/airflow/example_dags/example_short_circuit_operator.py
[2023-08-28T13:57:15.329+0000] {logging_mixin.py:151} INFO - [2023-08-28T13:57:15.329+0000] {dag.py:2907} INFO - Sync 1 DAGs
[2023-08-28T13:57:15.609+0000] {logging_mixin.py:151} INFO - [2023-08-28T13:57:15.598+0000] {dag.py:3677} INFO - Setting next_dagrun for example_short_circuit_operator to 2023-08-27T13:57:15.598066+00:00, run_after=2023-08-28T13:57:15.598066+00:00
[2023-08-28T13:57:15.838+0000] {processor.py:179} INFO - Processing /home/airflow/.local/lib/python3.8/site-packages/airflow/example_dags/example_short_circuit_operator.py took 1.075 seconds
[2023-08-28T13:57:56.666+0000] {processor.py:157} INFO - Started process (PID=378) to work on /home/airflow/.local/lib/python3.8/site-packages/airflow/example_dags/example_short_circuit_operator.py
[2023-08-28T13:57:56.691+0000] {processor.py:829} INFO - Processing file /home/airflow/.local/lib/python3.8/site-packages/airflow/example_dags/example_short_circuit_operator.py for tasks to queue
[2023-08-28T13:57:56.743+0000] {logging_mixin.py:151} INFO - [2023-08-28T13:57:56.733+0000] {dagbag.py:539} INFO - Filling up the DagBag from /home/airflow/.local/lib/python3.8/site-packages/airflow/example_dags/example_short_circuit_operator.py
[2023-08-28T13:57:56.841+0000] {processor.py:839} INFO - DAG(s) dict_keys(['example_short_circuit_operator']) retrieved from /home/airflow/.local/lib/python3.8/site-packages/airflow/example_dags/example_short_circuit_operator.py
[2023-08-28T13:57:57.484+0000] {logging_mixin.py:151} INFO - [2023-08-28T13:57:57.457+0000] {dag.py:2907} INFO - Sync 1 DAGs
[2023-08-28T13:57:58.151+0000] {logging_mixin.py:151} INFO - [2023-08-28T13:57:58.151+0000] {dag.py:3677} INFO - Setting next_dagrun for example_short_circuit_operator to 2023-08-27T13:57:58.150151+00:00, run_after=2023-08-28T13:57:58.150151+00:00
[2023-08-28T13:57:58.345+0000] {processor.py:179} INFO - Processing /home/airflow/.local/lib/python3.8/site-packages/airflow/example_dags/example_short_circuit_operator.py took 1.732 seconds
[2023-08-28T13:58:40.009+0000] {processor.py:157} INFO - Started process (PID=433) to work on /home/airflow/.local/lib/python3.8/site-packages/airflow/example_dags/example_short_circuit_operator.py
[2023-08-28T13:58:40.028+0000] {processor.py:829} INFO - Processing file /home/airflow/.local/lib/python3.8/site-packages/airflow/example_dags/example_short_circuit_operator.py for tasks to queue
[2023-08-28T13:58:40.085+0000] {logging_mixin.py:151} INFO - [2023-08-28T13:58:40.084+0000] {dagbag.py:539} INFO - Filling up the DagBag from /home/airflow/.local/lib/python3.8/site-packages/airflow/example_dags/example_short_circuit_operator.py
[2023-08-28T13:58:40.303+0000] {processor.py:839} INFO - DAG(s) dict_keys(['example_short_circuit_operator']) retrieved from /home/airflow/.local/lib/python3.8/site-packages/airflow/example_dags/example_short_circuit_operator.py
[2023-08-28T13:58:40.705+0000] {logging_mixin.py:151} INFO - [2023-08-28T13:58:40.705+0000] {dag.py:2907} INFO - Sync 1 DAGs
[2023-08-28T13:58:40.905+0000] {logging_mixin.py:151} INFO - [2023-08-28T13:58:40.903+0000] {dag.py:3677} INFO - Setting next_dagrun for example_short_circuit_operator to 2023-08-27T13:58:40.903315+00:00, run_after=2023-08-28T13:58:40.903315+00:00
[2023-08-28T13:58:40.993+0000] {processor.py:179} INFO - Processing /home/airflow/.local/lib/python3.8/site-packages/airflow/example_dags/example_short_circuit_operator.py took 1.001 seconds
[2023-08-28T13:59:44.504+0000] {processor.py:157} INFO - Started process (PID=491) to work on /home/airflow/.local/lib/python3.8/site-packages/airflow/example_dags/example_short_circuit_operator.py
[2023-08-28T13:59:44.513+0000] {processor.py:829} INFO - Processing file /home/airflow/.local/lib/python3.8/site-packages/airflow/example_dags/example_short_circuit_operator.py for tasks to queue
[2023-08-28T13:59:44.550+0000] {logging_mixin.py:151} INFO - [2023-08-28T13:59:44.549+0000] {dagbag.py:539} INFO - Filling up the DagBag from /home/airflow/.local/lib/python3.8/site-packages/airflow/example_dags/example_short_circuit_operator.py
[2023-08-28T13:59:44.652+0000] {processor.py:839} INFO - DAG(s) dict_keys(['example_short_circuit_operator']) retrieved from /home/airflow/.local/lib/python3.8/site-packages/airflow/example_dags/example_short_circuit_operator.py
[2023-08-28T13:59:48.847+0000] {logging_mixin.py:151} INFO - [2023-08-28T13:59:48.835+0000] {dag.py:2907} INFO - Sync 1 DAGs
[2023-08-28T13:59:50.326+0000] {logging_mixin.py:151} INFO - [2023-08-28T13:59:50.315+0000] {dag.py:3677} INFO - Setting next_dagrun for example_short_circuit_operator to 2023-08-27T13:59:50.314078+00:00, run_after=2023-08-28T13:59:50.314078+00:00
[2023-08-28T13:59:50.507+0000] {processor.py:179} INFO - Processing /home/airflow/.local/lib/python3.8/site-packages/airflow/example_dags/example_short_circuit_operator.py took 6.063 seconds
[2023-08-28T14:00:59.284+0000] {processor.py:157} INFO - Started process (PID=529) to work on /home/airflow/.local/lib/python3.8/site-packages/airflow/example_dags/example_short_circuit_operator.py
[2023-08-28T14:00:59.304+0000] {processor.py:829} INFO - Processing file /home/airflow/.local/lib/python3.8/site-packages/airflow/example_dags/example_short_circuit_operator.py for tasks to queue
[2023-08-28T14:00:59.355+0000] {logging_mixin.py:151} INFO - [2023-08-28T14:00:59.355+0000] {dagbag.py:539} INFO - Filling up the DagBag from /home/airflow/.local/lib/python3.8/site-packages/airflow/example_dags/example_short_circuit_operator.py
[2023-08-28T14:00:59.535+0000] {processor.py:839} INFO - DAG(s) dict_keys(['example_short_circuit_operator']) retrieved from /home/airflow/.local/lib/python3.8/site-packages/airflow/example_dags/example_short_circuit_operator.py
[2023-08-28T14:00:59.797+0000] {logging_mixin.py:151} INFO - [2023-08-28T14:00:59.797+0000] {dag.py:2907} INFO - Sync 1 DAGs
[2023-08-28T14:01:00.021+0000] {logging_mixin.py:151} INFO - [2023-08-28T14:01:00.019+0000] {dag.py:3677} INFO - Setting next_dagrun for example_short_circuit_operator to 2023-08-27T14:01:00.018887+00:00, run_after=2023-08-28T14:01:00.018887+00:00
[2023-08-28T14:01:00.232+0000] {processor.py:179} INFO - Processing /home/airflow/.local/lib/python3.8/site-packages/airflow/example_dags/example_short_circuit_operator.py took 1.035 seconds
[2023-08-28T14:01:30.629+0000] {processor.py:157} INFO - Started process (PID=583) to work on /home/airflow/.local/lib/python3.8/site-packages/airflow/example_dags/example_short_circuit_operator.py
[2023-08-28T14:01:30.644+0000] {processor.py:829} INFO - Processing file /home/airflow/.local/lib/python3.8/site-packages/airflow/example_dags/example_short_circuit_operator.py for tasks to queue
[2023-08-28T14:01:30.659+0000] {logging_mixin.py:151} INFO - [2023-08-28T14:01:30.656+0000] {dagbag.py:539} INFO - Filling up the DagBag from /home/airflow/.local/lib/python3.8/site-packages/airflow/example_dags/example_short_circuit_operator.py
[2023-08-28T14:01:30.700+0000] {processor.py:839} INFO - DAG(s) dict_keys(['example_short_circuit_operator']) retrieved from /home/airflow/.local/lib/python3.8/site-packages/airflow/example_dags/example_short_circuit_operator.py
[2023-08-28T14:01:30.787+0000] {logging_mixin.py:151} INFO - [2023-08-28T14:01:30.787+0000] {dag.py:2907} INFO - Sync 1 DAGs
[2023-08-28T14:01:30.836+0000] {logging_mixin.py:151} INFO - [2023-08-28T14:01:30.836+0000] {dag.py:3677} INFO - Setting next_dagrun for example_short_circuit_operator to 2023-08-27T14:01:30.836044+00:00, run_after=2023-08-28T14:01:30.836044+00:00
[2023-08-28T14:01:30.880+0000] {processor.py:179} INFO - Processing /home/airflow/.local/lib/python3.8/site-packages/airflow/example_dags/example_short_circuit_operator.py took 0.263 seconds
[2023-08-28T14:02:00.983+0000] {processor.py:157} INFO - Started process (PID=638) to work on /home/airflow/.local/lib/python3.8/site-packages/airflow/example_dags/example_short_circuit_operator.py
[2023-08-28T14:02:00.988+0000] {processor.py:829} INFO - Processing file /home/airflow/.local/lib/python3.8/site-packages/airflow/example_dags/example_short_circuit_operator.py for tasks to queue
[2023-08-28T14:02:00.995+0000] {logging_mixin.py:151} INFO - [2023-08-28T14:02:00.994+0000] {dagbag.py:539} INFO - Filling up the DagBag from /home/airflow/.local/lib/python3.8/site-packages/airflow/example_dags/example_short_circuit_operator.py
[2023-08-28T14:02:01.015+0000] {processor.py:839} INFO - DAG(s) dict_keys(['example_short_circuit_operator']) retrieved from /home/airflow/.local/lib/python3.8/site-packages/airflow/example_dags/example_short_circuit_operator.py
[2023-08-28T14:02:01.062+0000] {logging_mixin.py:151} INFO - [2023-08-28T14:02:01.062+0000] {dag.py:2907} INFO - Sync 1 DAGs
[2023-08-28T14:02:01.106+0000] {logging_mixin.py:151} INFO - [2023-08-28T14:02:01.105+0000] {dag.py:3677} INFO - Setting next_dagrun for example_short_circuit_operator to 2023-08-27T14:02:01.105477+00:00, run_after=2023-08-28T14:02:01.105477+00:00
[2023-08-28T14:02:01.147+0000] {processor.py:179} INFO - Processing /home/airflow/.local/lib/python3.8/site-packages/airflow/example_dags/example_short_circuit_operator.py took 0.172 seconds
[2023-08-28T14:03:16.744+0000] {processor.py:157} INFO - Started process (PID=682) to work on /home/airflow/.local/lib/python3.8/site-packages/airflow/example_dags/example_short_circuit_operator.py
[2023-08-28T14:03:16.782+0000] {processor.py:829} INFO - Processing file /home/airflow/.local/lib/python3.8/site-packages/airflow/example_dags/example_short_circuit_operator.py for tasks to queue
[2023-08-28T14:03:16.849+0000] {logging_mixin.py:151} INFO - [2023-08-28T14:03:16.848+0000] {dagbag.py:539} INFO - Filling up the DagBag from /home/airflow/.local/lib/python3.8/site-packages/airflow/example_dags/example_short_circuit_operator.py
[2023-08-28T14:03:16.992+0000] {processor.py:839} INFO - DAG(s) dict_keys(['example_short_circuit_operator']) retrieved from /home/airflow/.local/lib/python3.8/site-packages/airflow/example_dags/example_short_circuit_operator.py
[2023-08-28T14:03:17.407+0000] {logging_mixin.py:151} INFO - [2023-08-28T14:03:17.403+0000] {dag.py:2907} INFO - Sync 1 DAGs
[2023-08-28T14:03:17.804+0000] {logging_mixin.py:151} INFO - [2023-08-28T14:03:17.804+0000] {dag.py:3677} INFO - Setting next_dagrun for example_short_circuit_operator to 2023-08-27T14:03:17.803470+00:00, run_after=2023-08-28T14:03:17.803470+00:00
[2023-08-28T14:03:18.122+0000] {processor.py:179} INFO - Processing /home/airflow/.local/lib/python3.8/site-packages/airflow/example_dags/example_short_circuit_operator.py took 1.527 seconds
[2023-08-28T14:04:08.316+0000] {processor.py:157} INFO - Started process (PID=730) to work on /home/airflow/.local/lib/python3.8/site-packages/airflow/example_dags/example_short_circuit_operator.py
[2023-08-28T14:04:08.324+0000] {processor.py:829} INFO - Processing file /home/airflow/.local/lib/python3.8/site-packages/airflow/example_dags/example_short_circuit_operator.py for tasks to queue
[2023-08-28T14:04:08.345+0000] {logging_mixin.py:151} INFO - [2023-08-28T14:04:08.342+0000] {dagbag.py:539} INFO - Filling up the DagBag from /home/airflow/.local/lib/python3.8/site-packages/airflow/example_dags/example_short_circuit_operator.py
[2023-08-28T14:04:08.398+0000] {processor.py:839} INFO - DAG(s) dict_keys(['example_short_circuit_operator']) retrieved from /home/airflow/.local/lib/python3.8/site-packages/airflow/example_dags/example_short_circuit_operator.py
[2023-08-28T14:04:08.506+0000] {logging_mixin.py:151} INFO - [2023-08-28T14:04:08.505+0000] {dag.py:2907} INFO - Sync 1 DAGs
[2023-08-28T14:04:08.666+0000] {logging_mixin.py:151} INFO - [2023-08-28T14:04:08.665+0000] {dag.py:3677} INFO - Setting next_dagrun for example_short_circuit_operator to 2023-08-27T14:04:08.665363+00:00, run_after=2023-08-28T14:04:08.665363+00:00
[2023-08-28T14:04:08.746+0000] {processor.py:179} INFO - Processing /home/airflow/.local/lib/python3.8/site-packages/airflow/example_dags/example_short_circuit_operator.py took 0.446 seconds
[2023-08-28T14:05:25.498+0000] {processor.py:157} INFO - Started process (PID=791) to work on /home/airflow/.local/lib/python3.8/site-packages/airflow/example_dags/example_short_circuit_operator.py
[2023-08-28T14:05:25.538+0000] {processor.py:829} INFO - Processing file /home/airflow/.local/lib/python3.8/site-packages/airflow/example_dags/example_short_circuit_operator.py for tasks to queue
[2023-08-28T14:05:25.690+0000] {logging_mixin.py:151} INFO - [2023-08-28T14:05:25.689+0000] {dagbag.py:539} INFO - Filling up the DagBag from /home/airflow/.local/lib/python3.8/site-packages/airflow/example_dags/example_short_circuit_operator.py
[2023-08-28T14:05:25.815+0000] {processor.py:839} INFO - DAG(s) dict_keys(['example_short_circuit_operator']) retrieved from /home/airflow/.local/lib/python3.8/site-packages/airflow/example_dags/example_short_circuit_operator.py
[2023-08-28T14:05:26.235+0000] {logging_mixin.py:151} INFO - [2023-08-28T14:05:26.234+0000] {dag.py:2907} INFO - Sync 1 DAGs
[2023-08-28T14:05:27.649+0000] {logging_mixin.py:151} INFO - [2023-08-28T14:05:27.648+0000] {dag.py:3677} INFO - Setting next_dagrun for example_short_circuit_operator to 2023-08-27T14:05:27.648205+00:00, run_after=2023-08-28T14:05:27.648205+00:00
[2023-08-28T14:05:28.061+0000] {processor.py:179} INFO - Processing /home/airflow/.local/lib/python3.8/site-packages/airflow/example_dags/example_short_circuit_operator.py took 2.676 seconds
[2023-08-28T14:06:15.655+0000] {processor.py:157} INFO - Started process (PID=846) to work on /home/airflow/.local/lib/python3.8/site-packages/airflow/example_dags/example_short_circuit_operator.py
[2023-08-28T14:06:15.662+0000] {processor.py:829} INFO - Processing file /home/airflow/.local/lib/python3.8/site-packages/airflow/example_dags/example_short_circuit_operator.py for tasks to queue
[2023-08-28T14:06:15.677+0000] {logging_mixin.py:151} INFO - [2023-08-28T14:06:15.674+0000] {dagbag.py:539} INFO - Filling up the DagBag from /home/airflow/.local/lib/python3.8/site-packages/airflow/example_dags/example_short_circuit_operator.py
[2023-08-28T14:06:15.700+0000] {processor.py:839} INFO - DAG(s) dict_keys(['example_short_circuit_operator']) retrieved from /home/airflow/.local/lib/python3.8/site-packages/airflow/example_dags/example_short_circuit_operator.py
[2023-08-28T14:06:15.763+0000] {logging_mixin.py:151} INFO - [2023-08-28T14:06:15.762+0000] {dag.py:2907} INFO - Sync 1 DAGs
[2023-08-28T14:06:15.825+0000] {logging_mixin.py:151} INFO - [2023-08-28T14:06:15.825+0000] {dag.py:3677} INFO - Setting next_dagrun for example_short_circuit_operator to 2023-08-27T14:06:15.824777+00:00, run_after=2023-08-28T14:06:15.824777+00:00
[2023-08-28T14:06:15.887+0000] {processor.py:179} INFO - Processing /home/airflow/.local/lib/python3.8/site-packages/airflow/example_dags/example_short_circuit_operator.py took 0.252 seconds
[2023-08-28T14:08:22.466+0000] {processor.py:157} INFO - Started process (PID=915) to work on /home/airflow/.local/lib/python3.8/site-packages/airflow/example_dags/example_short_circuit_operator.py
[2023-08-28T14:08:22.526+0000] {processor.py:829} INFO - Processing file /home/airflow/.local/lib/python3.8/site-packages/airflow/example_dags/example_short_circuit_operator.py for tasks to queue
[2023-08-28T14:08:22.655+0000] {logging_mixin.py:151} INFO - [2023-08-28T14:08:22.652+0000] {dagbag.py:539} INFO - Filling up the DagBag from /home/airflow/.local/lib/python3.8/site-packages/airflow/example_dags/example_short_circuit_operator.py
[2023-08-28T14:08:22.887+0000] {processor.py:839} INFO - DAG(s) dict_keys(['example_short_circuit_operator']) retrieved from /home/airflow/.local/lib/python3.8/site-packages/airflow/example_dags/example_short_circuit_operator.py
[2023-08-28T14:08:23.558+0000] {logging_mixin.py:151} INFO - [2023-08-28T14:08:23.557+0000] {dag.py:2907} INFO - Sync 1 DAGs
[2023-08-28T14:08:24.068+0000] {logging_mixin.py:151} INFO - [2023-08-28T14:08:24.064+0000] {dag.py:3677} INFO - Setting next_dagrun for example_short_circuit_operator to 2023-08-27T14:08:24.039464+00:00, run_after=2023-08-28T14:08:24.039464+00:00
[2023-08-28T14:08:25.480+0000] {processor.py:179} INFO - Processing /home/airflow/.local/lib/python3.8/site-packages/airflow/example_dags/example_short_circuit_operator.py took 3.435 seconds
[2023-08-28T14:15:19.472+0000] {processor.py:157} INFO - Started process (PID=1004) to work on /home/airflow/.local/lib/python3.8/site-packages/airflow/example_dags/example_short_circuit_operator.py
[2023-08-28T14:15:19.658+0000] {processor.py:829} INFO - Processing file /home/airflow/.local/lib/python3.8/site-packages/airflow/example_dags/example_short_circuit_operator.py for tasks to queue
[2023-08-28T14:15:20.038+0000] {logging_mixin.py:151} INFO - [2023-08-28T14:15:19.786+0000] {dagbag.py:539} INFO - Filling up the DagBag from /home/airflow/.local/lib/python3.8/site-packages/airflow/example_dags/example_short_circuit_operator.py
[2023-08-28T14:15:23.277+0000] {processor.py:839} INFO - DAG(s) dict_keys(['example_short_circuit_operator']) retrieved from /home/airflow/.local/lib/python3.8/site-packages/airflow/example_dags/example_short_circuit_operator.py
[2023-08-28T14:15:32.772+0000] {logging_mixin.py:151} INFO - [2023-08-28T14:15:32.719+0000] {dag.py:2907} INFO - Sync 1 DAGs
[2023-08-28T14:15:35.879+0000] {logging_mixin.py:151} INFO - [2023-08-28T14:15:35.785+0000] {dag.py:3677} INFO - Setting next_dagrun for example_short_circuit_operator to 2023-08-27T14:15:35.556656+00:00, run_after=2023-08-28T14:15:35.556656+00:00
[2023-08-28T14:15:38.306+0000] {processor.py:179} INFO - Processing /home/airflow/.local/lib/python3.8/site-packages/airflow/example_dags/example_short_circuit_operator.py took 19.702 seconds
