[2023-08-28T13:50:13.094+0000] {processor.py:157} INFO - Started process (PID=119) to work on /home/airflow/.local/lib/python3.8/site-packages/airflow/example_dags/example_trigger_controller_dag.py
[2023-08-28T13:50:13.205+0000] {processor.py:829} INFO - Processing file /home/airflow/.local/lib/python3.8/site-packages/airflow/example_dags/example_trigger_controller_dag.py for tasks to queue
[2023-08-28T13:50:14.050+0000] {logging_mixin.py:151} INFO - [2023-08-28T13:50:14.028+0000] {dagbag.py:539} INFO - Filling up the DagBag from /home/airflow/.local/lib/python3.8/site-packages/airflow/example_dags/example_trigger_controller_dag.py
[2023-08-28T13:50:15.536+0000] {processor.py:839} INFO - DAG(s) dict_keys(['example_trigger_controller_dag']) retrieved from /home/airflow/.local/lib/python3.8/site-packages/airflow/example_dags/example_trigger_controller_dag.py
[2023-08-28T13:50:39.420+0000] {logging_mixin.py:151} INFO - [2023-08-28T13:50:39.386+0000] {manager.py:501} INFO - Created Permission View: can read on DAG:example_trigger_controller_dag
[2023-08-28T13:50:39.755+0000] {logging_mixin.py:151} INFO - [2023-08-28T13:50:39.755+0000] {manager.py:501} INFO - Created Permission View: can edit on DAG:example_trigger_controller_dag
[2023-08-28T13:50:40.153+0000] {logging_mixin.py:151} INFO - [2023-08-28T13:50:40.137+0000] {manager.py:501} INFO - Created Permission View: can delete on DAG:example_trigger_controller_dag
[2023-08-28T13:50:40.666+0000] {logging_mixin.py:151} INFO - [2023-08-28T13:50:40.663+0000] {dag.py:2907} INFO - Sync 1 DAGs
[2023-08-28T13:50:41.516+0000] {logging_mixin.py:151} INFO - [2023-08-28T13:50:41.515+0000] {dag.py:2929} INFO - Creating ORM DAG for example_trigger_controller_dag
[2023-08-28T13:50:41.967+0000] {logging_mixin.py:151} INFO - [2023-08-28T13:50:41.965+0000] {dag.py:3677} INFO - Setting next_dagrun for example_trigger_controller_dag to 2021-01-01T00:00:00+00:00, run_after=2021-01-01T00:00:00+00:00
[2023-08-28T13:50:42.653+0000] {processor.py:179} INFO - Processing /home/airflow/.local/lib/python3.8/site-packages/airflow/example_dags/example_trigger_controller_dag.py took 29.671 seconds
[2023-08-28T13:55:30.050+0000] {processor.py:157} INFO - Started process (PID=229) to work on /home/airflow/.local/lib/python3.8/site-packages/airflow/example_dags/example_trigger_controller_dag.py
[2023-08-28T13:55:30.070+0000] {processor.py:829} INFO - Processing file /home/airflow/.local/lib/python3.8/site-packages/airflow/example_dags/example_trigger_controller_dag.py for tasks to queue
[2023-08-28T13:55:30.257+0000] {logging_mixin.py:151} INFO - [2023-08-28T13:55:30.256+0000] {dagbag.py:539} INFO - Filling up the DagBag from /home/airflow/.local/lib/python3.8/site-packages/airflow/example_dags/example_trigger_controller_dag.py
[2023-08-28T13:55:30.308+0000] {processor.py:839} INFO - DAG(s) dict_keys(['example_trigger_controller_dag']) retrieved from /home/airflow/.local/lib/python3.8/site-packages/airflow/example_dags/example_trigger_controller_dag.py
[2023-08-28T13:55:30.838+0000] {logging_mixin.py:151} INFO - [2023-08-28T13:55:30.837+0000] {dag.py:2907} INFO - Sync 1 DAGs
[2023-08-28T13:55:31.203+0000] {logging_mixin.py:151} INFO - [2023-08-28T13:55:31.199+0000] {dag.py:3677} INFO - Setting next_dagrun for example_trigger_controller_dag to 2021-01-01T00:00:00+00:00, run_after=2021-01-01T00:00:00+00:00
[2023-08-28T13:55:31.530+0000] {processor.py:179} INFO - Processing /home/airflow/.local/lib/python3.8/site-packages/airflow/example_dags/example_trigger_controller_dag.py took 1.534 seconds
[2023-08-28T13:56:24.893+0000] {processor.py:157} INFO - Started process (PID=281) to work on /home/airflow/.local/lib/python3.8/site-packages/airflow/example_dags/example_trigger_controller_dag.py
[2023-08-28T13:56:24.903+0000] {processor.py:829} INFO - Processing file /home/airflow/.local/lib/python3.8/site-packages/airflow/example_dags/example_trigger_controller_dag.py for tasks to queue
[2023-08-28T13:56:24.949+0000] {logging_mixin.py:151} INFO - [2023-08-28T13:56:24.942+0000] {dagbag.py:539} INFO - Filling up the DagBag from /home/airflow/.local/lib/python3.8/site-packages/airflow/example_dags/example_trigger_controller_dag.py
[2023-08-28T13:56:25.000+0000] {processor.py:839} INFO - DAG(s) dict_keys(['example_trigger_controller_dag']) retrieved from /home/airflow/.local/lib/python3.8/site-packages/airflow/example_dags/example_trigger_controller_dag.py
[2023-08-28T13:56:25.226+0000] {logging_mixin.py:151} INFO - [2023-08-28T13:56:25.226+0000] {dag.py:2907} INFO - Sync 1 DAGs
[2023-08-28T13:56:25.737+0000] {logging_mixin.py:151} INFO - [2023-08-28T13:56:25.720+0000] {dag.py:3677} INFO - Setting next_dagrun for example_trigger_controller_dag to 2021-01-01T00:00:00+00:00, run_after=2021-01-01T00:00:00+00:00
[2023-08-28T13:56:26.065+0000] {processor.py:179} INFO - Processing /home/airflow/.local/lib/python3.8/site-packages/airflow/example_dags/example_trigger_controller_dag.py took 1.216 seconds
[2023-08-28T13:57:14.961+0000] {processor.py:157} INFO - Started process (PID=328) to work on /home/airflow/.local/lib/python3.8/site-packages/airflow/example_dags/example_trigger_controller_dag.py
[2023-08-28T13:57:14.981+0000] {processor.py:829} INFO - Processing file /home/airflow/.local/lib/python3.8/site-packages/airflow/example_dags/example_trigger_controller_dag.py for tasks to queue
[2023-08-28T13:57:15.015+0000] {logging_mixin.py:151} INFO - [2023-08-28T13:57:15.007+0000] {dagbag.py:539} INFO - Filling up the DagBag from /home/airflow/.local/lib/python3.8/site-packages/airflow/example_dags/example_trigger_controller_dag.py
[2023-08-28T13:57:15.151+0000] {processor.py:839} INFO - DAG(s) dict_keys(['example_trigger_controller_dag']) retrieved from /home/airflow/.local/lib/python3.8/site-packages/airflow/example_dags/example_trigger_controller_dag.py
[2023-08-28T13:57:15.372+0000] {logging_mixin.py:151} INFO - [2023-08-28T13:57:15.372+0000] {dag.py:2907} INFO - Sync 1 DAGs
[2023-08-28T13:57:15.696+0000] {logging_mixin.py:151} INFO - [2023-08-28T13:57:15.696+0000] {dag.py:3677} INFO - Setting next_dagrun for example_trigger_controller_dag to 2021-01-01T00:00:00+00:00, run_after=2021-01-01T00:00:00+00:00
[2023-08-28T13:57:16.106+0000] {processor.py:179} INFO - Processing /home/airflow/.local/lib/python3.8/site-packages/airflow/example_dags/example_trigger_controller_dag.py took 1.179 seconds
[2023-08-28T13:57:57.158+0000] {processor.py:157} INFO - Started process (PID=379) to work on /home/airflow/.local/lib/python3.8/site-packages/airflow/example_dags/example_trigger_controller_dag.py
[2023-08-28T13:57:57.179+0000] {processor.py:829} INFO - Processing file /home/airflow/.local/lib/python3.8/site-packages/airflow/example_dags/example_trigger_controller_dag.py for tasks to queue
[2023-08-28T13:57:57.267+0000] {logging_mixin.py:151} INFO - [2023-08-28T13:57:57.244+0000] {dagbag.py:539} INFO - Filling up the DagBag from /home/airflow/.local/lib/python3.8/site-packages/airflow/example_dags/example_trigger_controller_dag.py
[2023-08-28T13:57:57.584+0000] {processor.py:839} INFO - DAG(s) dict_keys(['example_trigger_controller_dag']) retrieved from /home/airflow/.local/lib/python3.8/site-packages/airflow/example_dags/example_trigger_controller_dag.py
[2023-08-28T13:57:58.042+0000] {logging_mixin.py:151} INFO - [2023-08-28T13:57:58.032+0000] {dag.py:2907} INFO - Sync 1 DAGs
[2023-08-28T13:57:58.648+0000] {logging_mixin.py:151} INFO - [2023-08-28T13:57:58.647+0000] {dag.py:3677} INFO - Setting next_dagrun for example_trigger_controller_dag to 2021-01-01T00:00:00+00:00, run_after=2021-01-01T00:00:00+00:00
[2023-08-28T13:57:58.852+0000] {processor.py:179} INFO - Processing /home/airflow/.local/lib/python3.8/site-packages/airflow/example_dags/example_trigger_controller_dag.py took 1.732 seconds
[2023-08-28T13:58:40.611+0000] {processor.py:157} INFO - Started process (PID=434) to work on /home/airflow/.local/lib/python3.8/site-packages/airflow/example_dags/example_trigger_controller_dag.py
[2023-08-28T13:58:40.636+0000] {processor.py:829} INFO - Processing file /home/airflow/.local/lib/python3.8/site-packages/airflow/example_dags/example_trigger_controller_dag.py for tasks to queue
[2023-08-28T13:58:40.673+0000] {logging_mixin.py:151} INFO - [2023-08-28T13:58:40.672+0000] {dagbag.py:539} INFO - Filling up the DagBag from /home/airflow/.local/lib/python3.8/site-packages/airflow/example_dags/example_trigger_controller_dag.py
[2023-08-28T13:58:40.777+0000] {processor.py:839} INFO - DAG(s) dict_keys(['example_trigger_controller_dag']) retrieved from /home/airflow/.local/lib/python3.8/site-packages/airflow/example_dags/example_trigger_controller_dag.py
[2023-08-28T13:58:40.889+0000] {logging_mixin.py:151} INFO - [2023-08-28T13:58:40.889+0000] {dag.py:2907} INFO - Sync 1 DAGs
[2023-08-28T13:58:41.022+0000] {logging_mixin.py:151} INFO - [2023-08-28T13:58:41.022+0000] {dag.py:3677} INFO - Setting next_dagrun for example_trigger_controller_dag to 2021-01-01T00:00:00+00:00, run_after=2021-01-01T00:00:00+00:00
[2023-08-28T13:58:41.161+0000] {processor.py:179} INFO - Processing /home/airflow/.local/lib/python3.8/site-packages/airflow/example_dags/example_trigger_controller_dag.py took 0.668 seconds
[2023-08-28T13:59:44.622+0000] {processor.py:157} INFO - Started process (PID=492) to work on /home/airflow/.local/lib/python3.8/site-packages/airflow/example_dags/example_trigger_controller_dag.py
[2023-08-28T13:59:44.648+0000] {processor.py:829} INFO - Processing file /home/airflow/.local/lib/python3.8/site-packages/airflow/example_dags/example_trigger_controller_dag.py for tasks to queue
[2023-08-28T13:59:44.683+0000] {logging_mixin.py:151} INFO - [2023-08-28T13:59:44.678+0000] {dagbag.py:539} INFO - Filling up the DagBag from /home/airflow/.local/lib/python3.8/site-packages/airflow/example_dags/example_trigger_controller_dag.py
[2023-08-28T13:59:45.734+0000] {processor.py:839} INFO - DAG(s) dict_keys(['example_trigger_controller_dag']) retrieved from /home/airflow/.local/lib/python3.8/site-packages/airflow/example_dags/example_trigger_controller_dag.py
[2023-08-28T13:59:49.770+0000] {logging_mixin.py:151} INFO - [2023-08-28T13:59:49.729+0000] {dag.py:2907} INFO - Sync 1 DAGs
[2023-08-28T13:59:50.262+0000] {logging_mixin.py:151} INFO - [2023-08-28T13:59:50.257+0000] {dag.py:3677} INFO - Setting next_dagrun for example_trigger_controller_dag to 2021-01-01T00:00:00+00:00, run_after=2021-01-01T00:00:00+00:00
[2023-08-28T13:59:50.459+0000] {processor.py:179} INFO - Processing /home/airflow/.local/lib/python3.8/site-packages/airflow/example_dags/example_trigger_controller_dag.py took 5.855 seconds
[2023-08-28T14:01:00.569+0000] {processor.py:157} INFO - Started process (PID=530) to work on /home/airflow/.local/lib/python3.8/site-packages/airflow/example_dags/example_trigger_controller_dag.py
[2023-08-28T14:01:00.603+0000] {processor.py:829} INFO - Processing file /home/airflow/.local/lib/python3.8/site-packages/airflow/example_dags/example_trigger_controller_dag.py for tasks to queue
[2023-08-28T14:01:00.636+0000] {logging_mixin.py:151} INFO - [2023-08-28T14:01:00.635+0000] {dagbag.py:539} INFO - Filling up the DagBag from /home/airflow/.local/lib/python3.8/site-packages/airflow/example_dags/example_trigger_controller_dag.py
[2023-08-28T14:01:00.851+0000] {processor.py:839} INFO - DAG(s) dict_keys(['example_trigger_controller_dag']) retrieved from /home/airflow/.local/lib/python3.8/site-packages/airflow/example_dags/example_trigger_controller_dag.py
[2023-08-28T14:01:01.377+0000] {logging_mixin.py:151} INFO - [2023-08-28T14:01:01.374+0000] {dag.py:2907} INFO - Sync 1 DAGs
[2023-08-28T14:01:01.580+0000] {logging_mixin.py:151} INFO - [2023-08-28T14:01:01.579+0000] {dag.py:3677} INFO - Setting next_dagrun for example_trigger_controller_dag to 2021-01-01T00:00:00+00:00, run_after=2021-01-01T00:00:00+00:00
[2023-08-28T14:01:01.967+0000] {processor.py:179} INFO - Processing /home/airflow/.local/lib/python3.8/site-packages/airflow/example_dags/example_trigger_controller_dag.py took 1.508 seconds
[2023-08-28T14:01:32.657+0000] {processor.py:157} INFO - Started process (PID=584) to work on /home/airflow/.local/lib/python3.8/site-packages/airflow/example_dags/example_trigger_controller_dag.py
[2023-08-28T14:01:32.661+0000] {processor.py:829} INFO - Processing file /home/airflow/.local/lib/python3.8/site-packages/airflow/example_dags/example_trigger_controller_dag.py for tasks to queue
[2023-08-28T14:01:32.670+0000] {logging_mixin.py:151} INFO - [2023-08-28T14:01:32.669+0000] {dagbag.py:539} INFO - Filling up the DagBag from /home/airflow/.local/lib/python3.8/site-packages/airflow/example_dags/example_trigger_controller_dag.py
[2023-08-28T14:01:32.682+0000] {processor.py:839} INFO - DAG(s) dict_keys(['example_trigger_controller_dag']) retrieved from /home/airflow/.local/lib/python3.8/site-packages/airflow/example_dags/example_trigger_controller_dag.py
[2023-08-28T14:01:32.728+0000] {logging_mixin.py:151} INFO - [2023-08-28T14:01:32.727+0000] {dag.py:2907} INFO - Sync 1 DAGs
[2023-08-28T14:01:32.802+0000] {logging_mixin.py:151} INFO - [2023-08-28T14:01:32.801+0000] {dag.py:3677} INFO - Setting next_dagrun for example_trigger_controller_dag to 2021-01-01T00:00:00+00:00, run_after=2021-01-01T00:00:00+00:00
[2023-08-28T14:01:32.883+0000] {processor.py:179} INFO - Processing /home/airflow/.local/lib/python3.8/site-packages/airflow/example_dags/example_trigger_controller_dag.py took 0.234 seconds
[2023-08-28T14:02:03.029+0000] {processor.py:157} INFO - Started process (PID=639) to work on /home/airflow/.local/lib/python3.8/site-packages/airflow/example_dags/example_trigger_controller_dag.py
[2023-08-28T14:02:03.035+0000] {processor.py:829} INFO - Processing file /home/airflow/.local/lib/python3.8/site-packages/airflow/example_dags/example_trigger_controller_dag.py for tasks to queue
[2023-08-28T14:02:03.043+0000] {logging_mixin.py:151} INFO - [2023-08-28T14:02:03.043+0000] {dagbag.py:539} INFO - Filling up the DagBag from /home/airflow/.local/lib/python3.8/site-packages/airflow/example_dags/example_trigger_controller_dag.py
[2023-08-28T14:02:03.060+0000] {processor.py:839} INFO - DAG(s) dict_keys(['example_trigger_controller_dag']) retrieved from /home/airflow/.local/lib/python3.8/site-packages/airflow/example_dags/example_trigger_controller_dag.py
[2023-08-28T14:02:03.118+0000] {logging_mixin.py:151} INFO - [2023-08-28T14:02:03.118+0000] {dag.py:2907} INFO - Sync 1 DAGs
[2023-08-28T14:02:03.179+0000] {logging_mixin.py:151} INFO - [2023-08-28T14:02:03.179+0000] {dag.py:3677} INFO - Setting next_dagrun for example_trigger_controller_dag to 2021-01-01T00:00:00+00:00, run_after=2021-01-01T00:00:00+00:00
[2023-08-28T14:02:03.233+0000] {processor.py:179} INFO - Processing /home/airflow/.local/lib/python3.8/site-packages/airflow/example_dags/example_trigger_controller_dag.py took 0.219 seconds
[2023-08-28T14:03:21.589+0000] {processor.py:157} INFO - Started process (PID=683) to work on /home/airflow/.local/lib/python3.8/site-packages/airflow/example_dags/example_trigger_controller_dag.py
[2023-08-28T14:03:21.778+0000] {processor.py:829} INFO - Processing file /home/airflow/.local/lib/python3.8/site-packages/airflow/example_dags/example_trigger_controller_dag.py for tasks to queue
[2023-08-28T14:03:22.127+0000] {logging_mixin.py:151} INFO - [2023-08-28T14:03:22.013+0000] {dagbag.py:539} INFO - Filling up the DagBag from /home/airflow/.local/lib/python3.8/site-packages/airflow/example_dags/example_trigger_controller_dag.py
[2023-08-28T14:03:22.560+0000] {processor.py:839} INFO - DAG(s) dict_keys(['example_trigger_controller_dag']) retrieved from /home/airflow/.local/lib/python3.8/site-packages/airflow/example_dags/example_trigger_controller_dag.py
[2023-08-28T14:03:25.715+0000] {logging_mixin.py:151} INFO - [2023-08-28T14:03:25.714+0000] {dag.py:2907} INFO - Sync 1 DAGs
[2023-08-28T14:03:26.788+0000] {logging_mixin.py:151} INFO - [2023-08-28T14:03:26.780+0000] {dag.py:3677} INFO - Setting next_dagrun for example_trigger_controller_dag to 2021-01-01T00:00:00+00:00, run_after=2021-01-01T00:00:00+00:00
[2023-08-28T14:03:27.447+0000] {processor.py:179} INFO - Processing /home/airflow/.local/lib/python3.8/site-packages/airflow/example_dags/example_trigger_controller_dag.py took 6.696 seconds
[2023-08-28T14:04:16.167+0000] {processor.py:157} INFO - Started process (PID=745) to work on /home/airflow/.local/lib/python3.8/site-packages/airflow/example_dags/example_trigger_controller_dag.py
[2023-08-28T14:04:16.175+0000] {processor.py:829} INFO - Processing file /home/airflow/.local/lib/python3.8/site-packages/airflow/example_dags/example_trigger_controller_dag.py for tasks to queue
[2023-08-28T14:04:16.190+0000] {logging_mixin.py:151} INFO - [2023-08-28T14:04:16.189+0000] {dagbag.py:539} INFO - Filling up the DagBag from /home/airflow/.local/lib/python3.8/site-packages/airflow/example_dags/example_trigger_controller_dag.py
[2023-08-28T14:04:16.223+0000] {processor.py:839} INFO - DAG(s) dict_keys(['example_trigger_controller_dag']) retrieved from /home/airflow/.local/lib/python3.8/site-packages/airflow/example_dags/example_trigger_controller_dag.py
[2023-08-28T14:04:16.511+0000] {logging_mixin.py:151} INFO - [2023-08-28T14:04:16.510+0000] {dag.py:2907} INFO - Sync 1 DAGs
[2023-08-28T14:04:16.713+0000] {logging_mixin.py:151} INFO - [2023-08-28T14:04:16.710+0000] {dag.py:3677} INFO - Setting next_dagrun for example_trigger_controller_dag to 2021-01-01T00:00:00+00:00, run_after=2021-01-01T00:00:00+00:00
[2023-08-28T14:04:16.919+0000] {processor.py:179} INFO - Processing /home/airflow/.local/lib/python3.8/site-packages/airflow/example_dags/example_trigger_controller_dag.py took 0.793 seconds
[2023-08-28T14:05:28.356+0000] {processor.py:157} INFO - Started process (PID=792) to work on /home/airflow/.local/lib/python3.8/site-packages/airflow/example_dags/example_trigger_controller_dag.py
[2023-08-28T14:05:28.421+0000] {processor.py:829} INFO - Processing file /home/airflow/.local/lib/python3.8/site-packages/airflow/example_dags/example_trigger_controller_dag.py for tasks to queue
[2023-08-28T14:05:28.570+0000] {logging_mixin.py:151} INFO - [2023-08-28T14:05:28.556+0000] {dagbag.py:539} INFO - Filling up the DagBag from /home/airflow/.local/lib/python3.8/site-packages/airflow/example_dags/example_trigger_controller_dag.py
[2023-08-28T14:05:28.687+0000] {processor.py:839} INFO - DAG(s) dict_keys(['example_trigger_controller_dag']) retrieved from /home/airflow/.local/lib/python3.8/site-packages/airflow/example_dags/example_trigger_controller_dag.py
[2023-08-28T14:05:29.477+0000] {logging_mixin.py:151} INFO - [2023-08-28T14:05:29.473+0000] {dag.py:2907} INFO - Sync 1 DAGs
[2023-08-28T14:05:30.040+0000] {logging_mixin.py:151} INFO - [2023-08-28T14:05:30.039+0000] {dag.py:3677} INFO - Setting next_dagrun for example_trigger_controller_dag to 2021-01-01T00:00:00+00:00, run_after=2021-01-01T00:00:00+00:00
[2023-08-28T14:05:30.459+0000] {processor.py:179} INFO - Processing /home/airflow/.local/lib/python3.8/site-packages/airflow/example_dags/example_trigger_controller_dag.py took 2.144 seconds
[2023-08-28T14:06:15.991+0000] {processor.py:157} INFO - Started process (PID=847) to work on /home/airflow/.local/lib/python3.8/site-packages/airflow/example_dags/example_trigger_controller_dag.py
[2023-08-28T14:06:15.996+0000] {processor.py:829} INFO - Processing file /home/airflow/.local/lib/python3.8/site-packages/airflow/example_dags/example_trigger_controller_dag.py for tasks to queue
[2023-08-28T14:06:16.015+0000] {logging_mixin.py:151} INFO - [2023-08-28T14:06:16.012+0000] {dagbag.py:539} INFO - Filling up the DagBag from /home/airflow/.local/lib/python3.8/site-packages/airflow/example_dags/example_trigger_controller_dag.py
[2023-08-28T14:06:16.047+0000] {processor.py:839} INFO - DAG(s) dict_keys(['example_trigger_controller_dag']) retrieved from /home/airflow/.local/lib/python3.8/site-packages/airflow/example_dags/example_trigger_controller_dag.py
[2023-08-28T14:06:16.125+0000] {logging_mixin.py:151} INFO - [2023-08-28T14:06:16.122+0000] {dag.py:2907} INFO - Sync 1 DAGs
[2023-08-28T14:06:16.193+0000] {logging_mixin.py:151} INFO - [2023-08-28T14:06:16.193+0000] {dag.py:3677} INFO - Setting next_dagrun for example_trigger_controller_dag to 2021-01-01T00:00:00+00:00, run_after=2021-01-01T00:00:00+00:00
[2023-08-28T14:06:16.257+0000] {processor.py:179} INFO - Processing /home/airflow/.local/lib/python3.8/site-packages/airflow/example_dags/example_trigger_controller_dag.py took 0.280 seconds
[2023-08-28T14:08:28.462+0000] {processor.py:157} INFO - Started process (PID=916) to work on /home/airflow/.local/lib/python3.8/site-packages/airflow/example_dags/example_trigger_controller_dag.py
[2023-08-28T14:08:28.491+0000] {processor.py:829} INFO - Processing file /home/airflow/.local/lib/python3.8/site-packages/airflow/example_dags/example_trigger_controller_dag.py for tasks to queue
[2023-08-28T14:08:28.587+0000] {logging_mixin.py:151} INFO - [2023-08-28T14:08:28.562+0000] {dagbag.py:539} INFO - Filling up the DagBag from /home/airflow/.local/lib/python3.8/site-packages/airflow/example_dags/example_trigger_controller_dag.py
[2023-08-28T14:08:28.903+0000] {processor.py:839} INFO - DAG(s) dict_keys(['example_trigger_controller_dag']) retrieved from /home/airflow/.local/lib/python3.8/site-packages/airflow/example_dags/example_trigger_controller_dag.py
[2023-08-28T14:08:44.145+0000] {logging_mixin.py:151} INFO - [2023-08-28T14:08:44.007+0000] {dag.py:2907} INFO - Sync 1 DAGs
[2023-08-28T14:08:49.887+0000] {logging_mixin.py:151} INFO - [2023-08-28T14:08:49.886+0000] {dag.py:3677} INFO - Setting next_dagrun for example_trigger_controller_dag to 2021-01-01T00:00:00+00:00, run_after=2021-01-01T00:00:00+00:00
[2023-08-28T14:08:54.312+0000] {processor.py:179} INFO - Processing /home/airflow/.local/lib/python3.8/site-packages/airflow/example_dags/example_trigger_controller_dag.py took 26.318 seconds
[2023-08-28T14:15:41.743+0000] {processor.py:157} INFO - Started process (PID=1005) to work on /home/airflow/.local/lib/python3.8/site-packages/airflow/example_dags/example_trigger_controller_dag.py
[2023-08-28T14:15:41.897+0000] {processor.py:829} INFO - Processing file /home/airflow/.local/lib/python3.8/site-packages/airflow/example_dags/example_trigger_controller_dag.py for tasks to queue
[2023-08-28T14:15:42.027+0000] {logging_mixin.py:151} INFO - [2023-08-28T14:15:41.959+0000] {dagbag.py:539} INFO - Filling up the DagBag from /home/airflow/.local/lib/python3.8/site-packages/airflow/example_dags/example_trigger_controller_dag.py
[2023-08-28T14:15:43.603+0000] {processor.py:839} INFO - DAG(s) dict_keys(['example_trigger_controller_dag']) retrieved from /home/airflow/.local/lib/python3.8/site-packages/airflow/example_dags/example_trigger_controller_dag.py
[2023-08-28T14:15:49.896+0000] {logging_mixin.py:151} INFO - [2023-08-28T14:15:49.817+0000] {dag.py:2907} INFO - Sync 1 DAGs
[2023-08-28T14:15:58.352+0000] {logging_mixin.py:151} INFO - [2023-08-28T14:15:58.323+0000] {dag.py:3677} INFO - Setting next_dagrun for example_trigger_controller_dag to 2021-01-01T00:00:00+00:00, run_after=2021-01-01T00:00:00+00:00
[2023-08-28T14:16:27.945+0000] {processor.py:179} INFO - Processing /home/airflow/.local/lib/python3.8/site-packages/airflow/example_dags/example_trigger_controller_dag.py took 46.454 seconds
