[2023-08-28T13:51:00.345+0000] {processor.py:157} INFO - Started process (PID=130) to work on /home/airflow/.local/lib/python3.8/site-packages/airflow/example_dags/tutorial_dag.py
[2023-08-28T13:51:00.362+0000] {processor.py:829} INFO - Processing file /home/airflow/.local/lib/python3.8/site-packages/airflow/example_dags/tutorial_dag.py for tasks to queue
[2023-08-28T13:51:00.424+0000] {logging_mixin.py:151} INFO - [2023-08-28T13:51:00.403+0000] {dagbag.py:539} INFO - Filling up the DagBag from /home/airflow/.local/lib/python3.8/site-packages/airflow/example_dags/tutorial_dag.py
[2023-08-28T13:51:00.767+0000] {processor.py:839} INFO - DAG(s) dict_keys(['tutorial_dag']) retrieved from /home/airflow/.local/lib/python3.8/site-packages/airflow/example_dags/tutorial_dag.py
[2023-08-28T13:51:13.903+0000] {logging_mixin.py:151} INFO - [2023-08-28T13:51:13.804+0000] {manager.py:501} INFO - Created Permission View: can read on DAG:tutorial_dag
[2023-08-28T13:51:14.638+0000] {logging_mixin.py:151} INFO - [2023-08-28T13:51:14.638+0000] {manager.py:501} INFO - Created Permission View: can edit on DAG:tutorial_dag
[2023-08-28T13:51:15.181+0000] {logging_mixin.py:151} INFO - [2023-08-28T13:51:15.180+0000] {manager.py:501} INFO - Created Permission View: can delete on DAG:tutorial_dag
[2023-08-28T13:51:18.166+0000] {logging_mixin.py:151} INFO - [2023-08-28T13:51:18.165+0000] {dag.py:2907} INFO - Sync 1 DAGs
[2023-08-28T13:51:18.393+0000] {logging_mixin.py:151} INFO - [2023-08-28T13:51:18.390+0000] {dag.py:2929} INFO - Creating ORM DAG for tutorial_dag
[2023-08-28T13:51:18.411+0000] {logging_mixin.py:151} INFO - [2023-08-28T13:51:18.411+0000] {dag.py:3677} INFO - Setting next_dagrun for tutorial_dag to None, run_after=None
[2023-08-28T13:51:18.615+0000] {processor.py:179} INFO - Processing /home/airflow/.local/lib/python3.8/site-packages/airflow/example_dags/tutorial_dag.py took 18.304 seconds
[2023-08-28T13:55:35.226+0000] {processor.py:157} INFO - Started process (PID=232) to work on /home/airflow/.local/lib/python3.8/site-packages/airflow/example_dags/tutorial_dag.py
[2023-08-28T13:55:35.242+0000] {processor.py:829} INFO - Processing file /home/airflow/.local/lib/python3.8/site-packages/airflow/example_dags/tutorial_dag.py for tasks to queue
[2023-08-28T13:55:35.293+0000] {logging_mixin.py:151} INFO - [2023-08-28T13:55:35.292+0000] {dagbag.py:539} INFO - Filling up the DagBag from /home/airflow/.local/lib/python3.8/site-packages/airflow/example_dags/tutorial_dag.py
[2023-08-28T13:55:35.616+0000] {processor.py:839} INFO - DAG(s) dict_keys(['tutorial_dag']) retrieved from /home/airflow/.local/lib/python3.8/site-packages/airflow/example_dags/tutorial_dag.py
[2023-08-28T13:55:36.327+0000] {logging_mixin.py:151} INFO - [2023-08-28T13:55:36.326+0000] {dag.py:2907} INFO - Sync 1 DAGs
[2023-08-28T13:55:38.074+0000] {logging_mixin.py:151} INFO - [2023-08-28T13:55:38.073+0000] {dag.py:3677} INFO - Setting next_dagrun for tutorial_dag to None, run_after=None
[2023-08-28T13:55:41.912+0000] {processor.py:179} INFO - Processing /home/airflow/.local/lib/python3.8/site-packages/airflow/example_dags/tutorial_dag.py took 6.754 seconds
[2023-08-28T13:56:28.043+0000] {processor.py:157} INFO - Started process (PID=284) to work on /home/airflow/.local/lib/python3.8/site-packages/airflow/example_dags/tutorial_dag.py
[2023-08-28T13:56:28.075+0000] {processor.py:829} INFO - Processing file /home/airflow/.local/lib/python3.8/site-packages/airflow/example_dags/tutorial_dag.py for tasks to queue
[2023-08-28T13:56:28.137+0000] {logging_mixin.py:151} INFO - [2023-08-28T13:56:28.136+0000] {dagbag.py:539} INFO - Filling up the DagBag from /home/airflow/.local/lib/python3.8/site-packages/airflow/example_dags/tutorial_dag.py
[2023-08-28T13:56:28.216+0000] {processor.py:839} INFO - DAG(s) dict_keys(['tutorial_dag']) retrieved from /home/airflow/.local/lib/python3.8/site-packages/airflow/example_dags/tutorial_dag.py
[2023-08-28T13:56:28.727+0000] {logging_mixin.py:151} INFO - [2023-08-28T13:56:28.718+0000] {dag.py:2907} INFO - Sync 1 DAGs
[2023-08-28T13:56:29.060+0000] {logging_mixin.py:151} INFO - [2023-08-28T13:56:29.058+0000] {dag.py:3677} INFO - Setting next_dagrun for tutorial_dag to None, run_after=None
[2023-08-28T13:56:29.275+0000] {processor.py:179} INFO - Processing /home/airflow/.local/lib/python3.8/site-packages/airflow/example_dags/tutorial_dag.py took 1.337 seconds
[2023-08-28T13:57:18.156+0000] {processor.py:157} INFO - Started process (PID=331) to work on /home/airflow/.local/lib/python3.8/site-packages/airflow/example_dags/tutorial_dag.py
[2023-08-28T13:57:18.171+0000] {processor.py:829} INFO - Processing file /home/airflow/.local/lib/python3.8/site-packages/airflow/example_dags/tutorial_dag.py for tasks to queue
[2023-08-28T13:57:18.236+0000] {logging_mixin.py:151} INFO - [2023-08-28T13:57:18.235+0000] {dagbag.py:539} INFO - Filling up the DagBag from /home/airflow/.local/lib/python3.8/site-packages/airflow/example_dags/tutorial_dag.py
[2023-08-28T13:57:18.353+0000] {processor.py:839} INFO - DAG(s) dict_keys(['tutorial_dag']) retrieved from /home/airflow/.local/lib/python3.8/site-packages/airflow/example_dags/tutorial_dag.py
[2023-08-28T13:57:18.941+0000] {logging_mixin.py:151} INFO - [2023-08-28T13:57:18.940+0000] {dag.py:2907} INFO - Sync 1 DAGs
[2023-08-28T13:57:19.106+0000] {logging_mixin.py:151} INFO - [2023-08-28T13:57:19.106+0000] {dag.py:3677} INFO - Setting next_dagrun for tutorial_dag to None, run_after=None
[2023-08-28T13:57:19.351+0000] {processor.py:179} INFO - Processing /home/airflow/.local/lib/python3.8/site-packages/airflow/example_dags/tutorial_dag.py took 1.232 seconds
[2023-08-28T13:58:00.289+0000] {processor.py:157} INFO - Started process (PID=382) to work on /home/airflow/.local/lib/python3.8/site-packages/airflow/example_dags/tutorial_dag.py
[2023-08-28T13:58:00.313+0000] {processor.py:829} INFO - Processing file /home/airflow/.local/lib/python3.8/site-packages/airflow/example_dags/tutorial_dag.py for tasks to queue
[2023-08-28T13:58:00.362+0000] {logging_mixin.py:151} INFO - [2023-08-28T13:58:00.361+0000] {dagbag.py:539} INFO - Filling up the DagBag from /home/airflow/.local/lib/python3.8/site-packages/airflow/example_dags/tutorial_dag.py
[2023-08-28T13:58:00.477+0000] {processor.py:839} INFO - DAG(s) dict_keys(['tutorial_dag']) retrieved from /home/airflow/.local/lib/python3.8/site-packages/airflow/example_dags/tutorial_dag.py
[2023-08-28T13:58:00.744+0000] {logging_mixin.py:151} INFO - [2023-08-28T13:58:00.743+0000] {dag.py:2907} INFO - Sync 1 DAGs
[2023-08-28T13:58:00.906+0000] {logging_mixin.py:151} INFO - [2023-08-28T13:58:00.906+0000] {dag.py:3677} INFO - Setting next_dagrun for tutorial_dag to None, run_after=None
[2023-08-28T13:58:01.275+0000] {processor.py:179} INFO - Processing /home/airflow/.local/lib/python3.8/site-packages/airflow/example_dags/tutorial_dag.py took 1.053 seconds
[2023-08-28T13:58:41.848+0000] {processor.py:157} INFO - Started process (PID=437) to work on /home/airflow/.local/lib/python3.8/site-packages/airflow/example_dags/tutorial_dag.py
[2023-08-28T13:58:41.871+0000] {processor.py:829} INFO - Processing file /home/airflow/.local/lib/python3.8/site-packages/airflow/example_dags/tutorial_dag.py for tasks to queue
[2023-08-28T13:58:41.895+0000] {logging_mixin.py:151} INFO - [2023-08-28T13:58:41.890+0000] {dagbag.py:539} INFO - Filling up the DagBag from /home/airflow/.local/lib/python3.8/site-packages/airflow/example_dags/tutorial_dag.py
[2023-08-28T13:58:41.952+0000] {processor.py:839} INFO - DAG(s) dict_keys(['tutorial_dag']) retrieved from /home/airflow/.local/lib/python3.8/site-packages/airflow/example_dags/tutorial_dag.py
[2023-08-28T13:58:42.084+0000] {logging_mixin.py:151} INFO - [2023-08-28T13:58:42.083+0000] {dag.py:2907} INFO - Sync 1 DAGs
[2023-08-28T13:58:42.254+0000] {logging_mixin.py:151} INFO - [2023-08-28T13:58:42.253+0000] {dag.py:3677} INFO - Setting next_dagrun for tutorial_dag to None, run_after=None
[2023-08-28T13:58:42.362+0000] {processor.py:179} INFO - Processing /home/airflow/.local/lib/python3.8/site-packages/airflow/example_dags/tutorial_dag.py took 0.550 seconds
[2023-08-28T13:59:54.793+0000] {processor.py:157} INFO - Started process (PID=495) to work on /home/airflow/.local/lib/python3.8/site-packages/airflow/example_dags/tutorial_dag.py
[2023-08-28T13:59:54.878+0000] {processor.py:829} INFO - Processing file /home/airflow/.local/lib/python3.8/site-packages/airflow/example_dags/tutorial_dag.py for tasks to queue
[2023-08-28T13:59:55.093+0000] {logging_mixin.py:151} INFO - [2023-08-28T13:59:55.080+0000] {dagbag.py:539} INFO - Filling up the DagBag from /home/airflow/.local/lib/python3.8/site-packages/airflow/example_dags/tutorial_dag.py
[2023-08-28T13:59:55.551+0000] {processor.py:839} INFO - DAG(s) dict_keys(['tutorial_dag']) retrieved from /home/airflow/.local/lib/python3.8/site-packages/airflow/example_dags/tutorial_dag.py
[2023-08-28T13:59:56.831+0000] {logging_mixin.py:151} INFO - [2023-08-28T13:59:56.829+0000] {dag.py:2907} INFO - Sync 1 DAGs
[2023-08-28T13:59:57.675+0000] {logging_mixin.py:151} INFO - [2023-08-28T13:59:57.663+0000] {dag.py:3677} INFO - Setting next_dagrun for tutorial_dag to None, run_after=None
[2023-08-28T13:59:58.450+0000] {processor.py:179} INFO - Processing /home/airflow/.local/lib/python3.8/site-packages/airflow/example_dags/tutorial_dag.py took 4.311 seconds
[2023-08-28T14:01:04.442+0000] {processor.py:157} INFO - Started process (PID=533) to work on /home/airflow/.local/lib/python3.8/site-packages/airflow/example_dags/tutorial_dag.py
[2023-08-28T14:01:04.452+0000] {processor.py:829} INFO - Processing file /home/airflow/.local/lib/python3.8/site-packages/airflow/example_dags/tutorial_dag.py for tasks to queue
[2023-08-28T14:01:04.481+0000] {logging_mixin.py:151} INFO - [2023-08-28T14:01:04.480+0000] {dagbag.py:539} INFO - Filling up the DagBag from /home/airflow/.local/lib/python3.8/site-packages/airflow/example_dags/tutorial_dag.py
[2023-08-28T14:01:04.576+0000] {processor.py:839} INFO - DAG(s) dict_keys(['tutorial_dag']) retrieved from /home/airflow/.local/lib/python3.8/site-packages/airflow/example_dags/tutorial_dag.py
[2023-08-28T14:01:04.744+0000] {logging_mixin.py:151} INFO - [2023-08-28T14:01:04.744+0000] {dag.py:2907} INFO - Sync 1 DAGs
[2023-08-28T14:01:04.832+0000] {logging_mixin.py:151} INFO - [2023-08-28T14:01:04.832+0000] {dag.py:3677} INFO - Setting next_dagrun for tutorial_dag to None, run_after=None
[2023-08-28T14:01:04.980+0000] {processor.py:179} INFO - Processing /home/airflow/.local/lib/python3.8/site-packages/airflow/example_dags/tutorial_dag.py took 0.570 seconds
[2023-08-28T14:01:35.363+0000] {processor.py:157} INFO - Started process (PID=587) to work on /home/airflow/.local/lib/python3.8/site-packages/airflow/example_dags/tutorial_dag.py
[2023-08-28T14:01:35.376+0000] {processor.py:829} INFO - Processing file /home/airflow/.local/lib/python3.8/site-packages/airflow/example_dags/tutorial_dag.py for tasks to queue
[2023-08-28T14:01:35.395+0000] {logging_mixin.py:151} INFO - [2023-08-28T14:01:35.394+0000] {dagbag.py:539} INFO - Filling up the DagBag from /home/airflow/.local/lib/python3.8/site-packages/airflow/example_dags/tutorial_dag.py
[2023-08-28T14:01:35.461+0000] {processor.py:839} INFO - DAG(s) dict_keys(['tutorial_dag']) retrieved from /home/airflow/.local/lib/python3.8/site-packages/airflow/example_dags/tutorial_dag.py
[2023-08-28T14:01:35.872+0000] {logging_mixin.py:151} INFO - [2023-08-28T14:01:35.872+0000] {dag.py:2907} INFO - Sync 1 DAGs
[2023-08-28T14:01:36.143+0000] {logging_mixin.py:151} INFO - [2023-08-28T14:01:36.142+0000] {dag.py:3677} INFO - Setting next_dagrun for tutorial_dag to None, run_after=None
[2023-08-28T14:01:36.350+0000] {processor.py:179} INFO - Processing /home/airflow/.local/lib/python3.8/site-packages/airflow/example_dags/tutorial_dag.py took 1.040 seconds
[2023-08-28T14:02:06.534+0000] {processor.py:157} INFO - Started process (PID=641) to work on /home/airflow/.local/lib/python3.8/site-packages/airflow/example_dags/tutorial_dag.py
[2023-08-28T14:02:06.538+0000] {processor.py:829} INFO - Processing file /home/airflow/.local/lib/python3.8/site-packages/airflow/example_dags/tutorial_dag.py for tasks to queue
[2023-08-28T14:02:06.545+0000] {logging_mixin.py:151} INFO - [2023-08-28T14:02:06.544+0000] {dagbag.py:539} INFO - Filling up the DagBag from /home/airflow/.local/lib/python3.8/site-packages/airflow/example_dags/tutorial_dag.py
[2023-08-28T14:02:06.559+0000] {processor.py:839} INFO - DAG(s) dict_keys(['tutorial_dag']) retrieved from /home/airflow/.local/lib/python3.8/site-packages/airflow/example_dags/tutorial_dag.py
[2023-08-28T14:02:06.610+0000] {logging_mixin.py:151} INFO - [2023-08-28T14:02:06.609+0000] {dag.py:2907} INFO - Sync 1 DAGs
[2023-08-28T14:02:06.642+0000] {logging_mixin.py:151} INFO - [2023-08-28T14:02:06.642+0000] {dag.py:3677} INFO - Setting next_dagrun for tutorial_dag to None, run_after=None
[2023-08-28T14:02:06.685+0000] {processor.py:179} INFO - Processing /home/airflow/.local/lib/python3.8/site-packages/airflow/example_dags/tutorial_dag.py took 0.159 seconds
[2023-08-28T14:03:35.383+0000] {processor.py:157} INFO - Started process (PID=693) to work on /home/airflow/.local/lib/python3.8/site-packages/airflow/example_dags/tutorial_dag.py
[2023-08-28T14:03:35.803+0000] {processor.py:829} INFO - Processing file /home/airflow/.local/lib/python3.8/site-packages/airflow/example_dags/tutorial_dag.py for tasks to queue
[2023-08-28T14:03:35.913+0000] {logging_mixin.py:151} INFO - [2023-08-28T14:03:35.908+0000] {dagbag.py:539} INFO - Filling up the DagBag from /home/airflow/.local/lib/python3.8/site-packages/airflow/example_dags/tutorial_dag.py
[2023-08-28T14:03:36.087+0000] {processor.py:839} INFO - DAG(s) dict_keys(['tutorial_dag']) retrieved from /home/airflow/.local/lib/python3.8/site-packages/airflow/example_dags/tutorial_dag.py
[2023-08-28T14:03:36.543+0000] {logging_mixin.py:151} INFO - [2023-08-28T14:03:36.542+0000] {dag.py:2907} INFO - Sync 1 DAGs
[2023-08-28T14:03:36.828+0000] {logging_mixin.py:151} INFO - [2023-08-28T14:03:36.821+0000] {dag.py:3677} INFO - Setting next_dagrun for tutorial_dag to None, run_after=None
[2023-08-28T14:03:37.286+0000] {processor.py:179} INFO - Processing /home/airflow/.local/lib/python3.8/site-packages/airflow/example_dags/tutorial_dag.py took 2.109 seconds
[2023-08-28T14:04:18.454+0000] {processor.py:157} INFO - Started process (PID=748) to work on /home/airflow/.local/lib/python3.8/site-packages/airflow/example_dags/tutorial_dag.py
[2023-08-28T14:04:18.460+0000] {processor.py:829} INFO - Processing file /home/airflow/.local/lib/python3.8/site-packages/airflow/example_dags/tutorial_dag.py for tasks to queue
[2023-08-28T14:04:18.476+0000] {logging_mixin.py:151} INFO - [2023-08-28T14:04:18.474+0000] {dagbag.py:539} INFO - Filling up the DagBag from /home/airflow/.local/lib/python3.8/site-packages/airflow/example_dags/tutorial_dag.py
[2023-08-28T14:04:18.505+0000] {processor.py:839} INFO - DAG(s) dict_keys(['tutorial_dag']) retrieved from /home/airflow/.local/lib/python3.8/site-packages/airflow/example_dags/tutorial_dag.py
[2023-08-28T14:04:18.691+0000] {logging_mixin.py:151} INFO - [2023-08-28T14:04:18.689+0000] {dag.py:2907} INFO - Sync 1 DAGs
[2023-08-28T14:04:18.897+0000] {logging_mixin.py:151} INFO - [2023-08-28T14:04:18.897+0000] {dag.py:3677} INFO - Setting next_dagrun for tutorial_dag to None, run_after=None
[2023-08-28T14:04:19.119+0000] {processor.py:179} INFO - Processing /home/airflow/.local/lib/python3.8/site-packages/airflow/example_dags/tutorial_dag.py took 0.680 seconds
[2023-08-28T14:05:37.882+0000] {processor.py:157} INFO - Started process (PID=795) to work on /home/airflow/.local/lib/python3.8/site-packages/airflow/example_dags/tutorial_dag.py
[2023-08-28T14:05:37.947+0000] {processor.py:829} INFO - Processing file /home/airflow/.local/lib/python3.8/site-packages/airflow/example_dags/tutorial_dag.py for tasks to queue
[2023-08-28T14:05:38.021+0000] {logging_mixin.py:151} INFO - [2023-08-28T14:05:38.008+0000] {dagbag.py:539} INFO - Filling up the DagBag from /home/airflow/.local/lib/python3.8/site-packages/airflow/example_dags/tutorial_dag.py
[2023-08-28T14:05:38.267+0000] {processor.py:839} INFO - DAG(s) dict_keys(['tutorial_dag']) retrieved from /home/airflow/.local/lib/python3.8/site-packages/airflow/example_dags/tutorial_dag.py
[2023-08-28T14:05:38.591+0000] {logging_mixin.py:151} INFO - [2023-08-28T14:05:38.590+0000] {dag.py:2907} INFO - Sync 1 DAGs
[2023-08-28T14:05:38.730+0000] {logging_mixin.py:151} INFO - [2023-08-28T14:05:38.729+0000] {dag.py:3677} INFO - Setting next_dagrun for tutorial_dag to None, run_after=None
[2023-08-28T14:05:39.158+0000] {processor.py:179} INFO - Processing /home/airflow/.local/lib/python3.8/site-packages/airflow/example_dags/tutorial_dag.py took 1.350 seconds
[2023-08-28T14:06:17.083+0000] {processor.py:157} INFO - Started process (PID=850) to work on /home/airflow/.local/lib/python3.8/site-packages/airflow/example_dags/tutorial_dag.py
[2023-08-28T14:06:17.089+0000] {processor.py:829} INFO - Processing file /home/airflow/.local/lib/python3.8/site-packages/airflow/example_dags/tutorial_dag.py for tasks to queue
[2023-08-28T14:06:17.101+0000] {logging_mixin.py:151} INFO - [2023-08-28T14:06:17.100+0000] {dagbag.py:539} INFO - Filling up the DagBag from /home/airflow/.local/lib/python3.8/site-packages/airflow/example_dags/tutorial_dag.py
[2023-08-28T14:06:17.120+0000] {processor.py:839} INFO - DAG(s) dict_keys(['tutorial_dag']) retrieved from /home/airflow/.local/lib/python3.8/site-packages/airflow/example_dags/tutorial_dag.py
[2023-08-28T14:06:17.241+0000] {logging_mixin.py:151} INFO - [2023-08-28T14:06:17.240+0000] {dag.py:2907} INFO - Sync 1 DAGs
[2023-08-28T14:06:17.312+0000] {logging_mixin.py:151} INFO - [2023-08-28T14:06:17.311+0000] {dag.py:3677} INFO - Setting next_dagrun for tutorial_dag to None, run_after=None
[2023-08-28T14:06:17.407+0000] {processor.py:179} INFO - Processing /home/airflow/.local/lib/python3.8/site-packages/airflow/example_dags/tutorial_dag.py took 0.340 seconds
[2023-08-28T14:09:07.094+0000] {processor.py:157} INFO - Started process (PID=927) to work on /home/airflow/.local/lib/python3.8/site-packages/airflow/example_dags/tutorial_dag.py
[2023-08-28T14:09:08.936+0000] {processor.py:829} INFO - Processing file /home/airflow/.local/lib/python3.8/site-packages/airflow/example_dags/tutorial_dag.py for tasks to queue
[2023-08-28T14:09:10.356+0000] {logging_mixin.py:151} INFO - [2023-08-28T14:09:10.355+0000] {dagbag.py:539} INFO - Filling up the DagBag from /home/airflow/.local/lib/python3.8/site-packages/airflow/example_dags/tutorial_dag.py
[2023-08-28T14:09:15.968+0000] {processor.py:839} INFO - DAG(s) dict_keys(['tutorial_dag']) retrieved from /home/airflow/.local/lib/python3.8/site-packages/airflow/example_dags/tutorial_dag.py
[2023-08-28T14:09:29.910+0000] {logging_mixin.py:151} INFO - [2023-08-28T14:09:29.785+0000] {dag.py:2907} INFO - Sync 1 DAGs
[2023-08-28T14:09:46.153+0000] {logging_mixin.py:151} INFO - [2023-08-28T14:09:46.151+0000] {dag.py:3677} INFO - Setting next_dagrun for tutorial_dag to None, run_after=None
[2023-08-28T14:09:50.889+0000] {processor.py:179} INFO - Processing /home/airflow/.local/lib/python3.8/site-packages/airflow/example_dags/tutorial_dag.py took 44.388 seconds
[2023-08-28T14:16:35.353+0000] {processor.py:157} INFO - Started process (PID=1008) to work on /home/airflow/.local/lib/python3.8/site-packages/airflow/example_dags/tutorial_dag.py
[2023-08-28T14:16:35.480+0000] {processor.py:829} INFO - Processing file /home/airflow/.local/lib/python3.8/site-packages/airflow/example_dags/tutorial_dag.py for tasks to queue
[2023-08-28T14:16:35.632+0000] {logging_mixin.py:151} INFO - [2023-08-28T14:16:35.517+0000] {dagbag.py:539} INFO - Filling up the DagBag from /home/airflow/.local/lib/python3.8/site-packages/airflow/example_dags/tutorial_dag.py
[2023-08-28T14:16:37.182+0000] {processor.py:839} INFO - DAG(s) dict_keys(['tutorial_dag']) retrieved from /home/airflow/.local/lib/python3.8/site-packages/airflow/example_dags/tutorial_dag.py
[2023-08-28T14:18:32.980+0000] {logging_mixin.py:151} INFO - [2023-08-28T14:18:31.821+0000] {dag.py:2907} INFO - Sync 1 DAGs
[2023-08-28T15:03:29.710+0000] {logging_mixin.py:151} INFO - [2023-08-28T15:03:28.644+0000] {dag.py:3677} INFO - Setting next_dagrun for tutorial_dag to None, run_after=None
